Added Pin To Net: NetName=VCC Pin=U1-1
Added Pin To Net: NetName=XTAL_LF_P Pin=U1-2
Added Pin To Net: NetName=XTAL_LF_N Pin=U1-3
Added Pin To Net: NetName=XRES Pin=U1-4
Added Pin To Net: NetName=GND Pin=U1-9
Added Pin To Net: NetName=VCC Pin=U1-10
Added Pin To Net: NetName=GND Pin=U1-11
Added Pin To Net: NetName=ANTENNA Pin=U1-12
Added Pin To Net: NetName=GND Pin=U1-13
Added Pin To Net: NetName=VCC Pin=U1-14
Added Pin To Net: NetName=GND Pin=U1-15
Added Pin To Net: NetName=XTAL_HF_P Pin=U1-16
Added Pin To Net: NetName=XTAL_HF_N Pin=U1-17
Added Pin To Net: NetName=GND Pin=U1-18
Added Pin To Net: NetName=SDA Pin=U1-19
Added Pin To Net: NetName=SCL Pin=U1-20
Added Pin To Net: NetName=GND Pin=U1-23
Added Pin To Net: NetName=SWD_DATA Pin=U1-26
Added Pin To Net: NetName=SWD_CLK Pin=U1-27
Added Pin To Net: NetName=LED_RED Pin=U1-35
Added Pin To Net: NetName=VCC Pin=U1-36
Added Pin To Net: NetName=ALERT Pin=U1-40
Added Pin To Net: NetName=VREF Pin=U1-45
Added Pin To Net: NetName=VCC Pin=U1-46
Added Pin To Net: NetName=BATTERY_LEVEL Pin=U1-54
Added Pin To Net: NetName=GND Pin=U1-55
Added Pin To Net: NetName=VCC Pin=U1-56
Added Pin To Net: NetName=GND Pin=U1-57
