Removed Pin From Net: NetName=V_BATT Pin=U5-A1
Removed Pin From Net: NetName=NetC11_1 Pin=U5-A2
Removed Pin From Net: NetName=V_BATT Pin=U5-B1
Removed Pin From Net: NetName=GND Pin=U5-B2
Removed Member From Class: ClassName=Rigid-QFN-2 Member=U5
Added Component: Designator=U2(ADP160)
Add component. Clean all parameters for all variants
Add component (AddParameter): Name = "Accuracy"; Value = "2%"; VariantName = "[No Variations]"
Add component (AddParameter): Name = "ComponentLink1Description"; Value = "https://datasheet.ciiva.com/8242/adp160-161-162-163-8242023.pdf"; VariantName = "[No Variations]"
Add component (AddParameter): Name = "ComponentLink1URL"; Value = "https://datasheet.ciiva.com/8242/adp160-161-162-163-8242023.pdf"; VariantName = "[No Variations]"
Add component (AddParameter): Name = "ComponentLink2Description"; Value = "https://datasheet.ciiva.com/3224/adp160-161-162-163-3224664.pdf"; VariantName = "[No Variations]"
Add component (AddParameter): Name = "ComponentLink2URL"; Value = "https://datasheet.ciiva.com/3224/adp160-161-162-163-3224664.pdf"; VariantName = "[No Variations]"
Add component (AddParameter): Name = "ComponentLink3Description"; Value = "https://datasheet.ciiva.com/17365/adp160-161-162-163-17365674.pdf"; VariantName = "[No Variations]"
Add component (AddParameter): Name = "ComponentLink3URL"; Value = "https://datasheet.ciiva.com/17365/adp160-161-162-163-17365674.pdf"; VariantName = "[No Variations]"
Add component (AddParameter): Name = "Contact Plating"; Value = "Copper,Tin,Silver"; VariantName = "[No Variations]"
Add component (AddParameter): Name = "Description 2"; Value = "LDO Regulator Pos 3V 0.15A 4-Pin WLCSP T/R"; VariantName = "[No Variations]"
Add component (AddParameter): Name = "Dropout Voltage"; Value = "105mV"; VariantName = "[No Variations]"
Add component (AddParameter): Name = "Lead Free"; Value = "Contains Lead"; VariantName = "[No Variations]"
Add component (AddParameter): Name = "Manufacturer"; Value = "Analog Devices"; VariantName = "[No Variations]"
Add component (AddParameter): Name = "Manufacturer Part Number"; Value = "ADP160ACBZ-3.0-R7"; VariantName = "[No Variations]"
Add component (AddParameter): Name = "Max Input Voltage"; Value = "5.5V"; VariantName = "[No Variations]"
Add component (AddParameter): Name = "Max Operating Temperature"; Value = "125°C"; VariantName = "[No Variations]"
Add component (AddParameter): Name = "Max Output Current"; Value = "150mA"; VariantName = "[No Variations]"
Add component (AddParameter): Name = "Max Output Voltage"; Value = "4.2V"; VariantName = "[No Variations]"
Add component (AddParameter): Name = "Max Supply Current"; Value = "42uA"; VariantName = "[No Variations]"
Add component (AddParameter): Name = "Min Current Limit"; Value = "220mA"; VariantName = "[No Variations]"
Add component (AddParameter): Name = "Min Input Voltage"; Value = "2.2V"; VariantName = "[No Variations]"
Add component (AddParameter): Name = "Min Operating Temperature"; Value = "-40°C"; VariantName = "[No Variations]"
Add component (AddParameter): Name = "Min Output Voltage"; Value = "1.2V"; VariantName = "[No Variations]"
Add component (AddParameter): Name = "Mount"; Value = "Surface Mount"; VariantName = "[No Variations]"
Add component (AddParameter): Name = "Nominal Supply Current"; Value = "42uA"; VariantName = "[No Variations]"
Add component (AddParameter): Name = "Number of Outputs"; Value = "1"; VariantName = "[No Variations]"
Add component (AddParameter): Name = "Number of Pins"; Value = "4"; VariantName = "[No Variations]"
Add component (AddParameter): Name = "Number of Regulators"; Value = "1"; VariantName = "[No Variations]"
Add component (AddParameter): Name = "Operating Supply Current"; Value = "42uA"; VariantName = "[No Variations]"
Add component (AddParameter): Name = "Output Current"; Value = "150mA"; VariantName = "[No Variations]"
Add component (AddParameter): Name = "Output Voltage"; Value = "3V"; VariantName = "[No Variations]"
Add component (AddParameter): Name = "Package Quantity"; Value = "3000"; VariantName = "[No Variations]"
Add component (AddParameter): Name = "Packaging"; Value = "Tape and Reel"; VariantName = "[No Variations]"
Add component (AddParameter): Name = "Polarity"; Value = "Positive"; VariantName = "[No Variations]"
Add component (AddParameter): Name = "Power Supply Rejection Ratio (PSRR)"; Value = "60dB"; VariantName = "[No Variations]"
Add component (AddParameter): Name = "Pricing 2"; Value = "1=1.16, 10=1.033, 100=0.8055, 500=0.6654, 1000=0.5253 (USD)"; VariantName = "[No Variations]"
Add component (AddParameter): Name = "Quiescent Current"; Value = "0pA"; VariantName = "[No Variations]"
Add component (AddParameter): Name = "Radiation Hardening"; Value = "No"; VariantName = "[No Variations]"
Add component (AddParameter): Name = "Stock 2"; Value = "5241"; VariantName = "[No Variations]"
Add component (AddParameter): Name = "Supplier 2"; Value = "Digi-Key"; VariantName = "[No Variations]"
Add component (AddParameter): Name = "Supplier Part Number 1"; Value = "ADP172ACBZ-3.0-R7CT-ND"; VariantName = "[No Variations]"
Add component (AddParameter): Name = "Supplier Part Number 2"; Value = "ADP160ACBZ-3.0-R7CT-ND"; VariantName = "[No Variations]"
Added Pin To Net: NetName=V_BATT Pin=U2-A1
Added Pin To Net: NetName=NetC11_1 Pin=U2-A2
Added Pin To Net: NetName=V_BATT Pin=U2-B1
Added Pin To Net: NetName=GND Pin=U2-B2
Added Member To Class: ClassName=Rigid-QFN-2 Member=Component U2 ADP160
