ARM GAS  C:\Users\Intern\AppData\Local\Temp\cclL3xBj.s 			page 1


   1              		.syntax unified
   2              		.cpu cortex-m0
   3              		.fpu softvfp
   4              		.eabi_attribute 20, 1
   5              		.eabi_attribute 21, 1
   6              		.eabi_attribute 23, 3
   7              		.eabi_attribute 24, 1
   8              		.eabi_attribute 25, 1
   9              		.eabi_attribute 26, 1
  10              		.eabi_attribute 30, 1
  11              		.eabi_attribute 34, 0
  12              		.eabi_attribute 18, 4
  13              		.thumb
  14              		.syntax unified
  15              		.file	"adafruit_guva.c"
  16              		.text
  17              	.Ltext0:
  18              		.cfi_sections	.debug_frame
  19              		.global	__aeabi_ui2f
  20              		.global	__aeabi_fmul
  21              		.section	.text.adafruit_guva_measure,"ax",%progbits
  22              		.align	2
  23              		.global	adafruit_guva_measure
  24              		.code	16
  25              		.thumb_func
  26              		.type	adafruit_guva_measure, %function
  27              	adafruit_guva_measure:
  28              	.LFB63:
  29              		.file 1 "adafruit_guva.c"
   1:adafruit_guva.c **** #include "adafruit_guva.h"
   2:adafruit_guva.c **** 
   3:adafruit_guva.c **** float adafruit_guva_measure()
   4:adafruit_guva.c **** {
  30              		.loc 1 4 0
  31              		.cfi_startproc
  32              		@ args = 0, pretend = 0, frame = 0
  33              		@ frame_needed = 0, uses_anonymous_args = 0
  34 0000 10B5     		push	{r4, lr}
  35              		.cfi_def_cfa_offset 8
  36              		.cfi_offset 4, -8
  37              		.cfi_offset 14, -4
  38              	.LVL0:
   5:adafruit_guva.c ****     uint32 pd_channel = 3;
   6:adafruit_guva.c **** 
   7:adafruit_guva.c ****     float adc_counts_float = (float) adc_acquire_channel(pd_channel);
  39              		.loc 1 7 0
  40 0002 0320     		movs	r0, #3
  41 0004 FFF7FEFF 		bl	adc_acquire_channel
  42              	.LVL1:
  43 0008 FFF7FEFF 		bl	__aeabi_ui2f
  44              	.LVL2:
   8:adafruit_guva.c ****     float milli_volts = (adc_counts_float*vdd_calibration)/2048; 
  45              		.loc 1 8 0
  46 000c 044B     		ldr	r3, .L2
  47 000e 1968     		ldr	r1, [r3]
  48 0010 FFF7FEFF 		bl	__aeabi_fmul
  49              	.LVL3:
ARM GAS  C:\Users\Intern\AppData\Local\Temp\cclL3xBj.s 			page 2


  50 0014 E821     		movs	r1, #232
  51 0016 8905     		lsls	r1, r1, #22
  52 0018 FFF7FEFF 		bl	__aeabi_fmul
  53              	.LVL4:
   9:adafruit_guva.c ****     return milli_volts;
  10:adafruit_guva.c **** }
  54              		.loc 1 10 0
  55              		@ sp needed
  56 001c 10BD     		pop	{r4, pc}
  57              	.L3:
  58 001e C046     		.align	2
  59              	.L2:
  60 0020 00000000 		.word	vdd_calibration
  61              		.cfi_endproc
  62              	.LFE63:
  63              		.size	adafruit_guva_measure, .-adafruit_guva_measure
  64              		.global	__aeabi_f2d
  65              		.global	__aeabi_ddiv
  66              		.global	__aeabi_d2f
  67              		.global	__aeabi_fdiv
  68              		.section	.text.adafruit_guva_get_pd,"ax",%progbits
  69              		.align	2
  70              		.global	adafruit_guva_get_pd
  71              		.code	16
  72              		.thumb_func
  73              		.type	adafruit_guva_get_pd, %function
  74              	adafruit_guva_get_pd:
  75              	.LFB64:
  11:adafruit_guva.c **** 
  12:adafruit_guva.c **** float adafruit_guva_get_pd()
  13:adafruit_guva.c **** {
  76              		.loc 1 13 0
  77              		.cfi_startproc
  78              		@ args = 0, pretend = 0, frame = 0
  79              		@ frame_needed = 0, uses_anonymous_args = 0
  80 0000 10B5     		push	{r4, lr}
  81              		.cfi_def_cfa_offset 8
  82              		.cfi_offset 4, -8
  83              		.cfi_offset 14, -4
  14:adafruit_guva.c ****     float adafruit_guva_mv = adafruit_guva_measure(); //Measure Raw ADC value from Port
  84              		.loc 1 14 0
  85 0002 FFF7FEFF 		bl	adafruit_guva_measure
  86              	.LVL5:
  15:adafruit_guva.c ****     float adafruit_guva_current = adafruit_guva_mv/4.30; //Getting PhotoDiode Current from PhotoDio
  87              		.loc 1 15 0
  88 0006 FFF7FEFF 		bl	__aeabi_f2d
  89              	.LVL6:
  90 000a 054A     		ldr	r2, .L5
  91 000c 054B     		ldr	r3, .L5+4
  92 000e FFF7FEFF 		bl	__aeabi_ddiv
  93              	.LVL7:
  94 0012 FFF7FEFF 		bl	__aeabi_d2f
  95              	.LVL8:
  16:adafruit_guva.c ****     float uv_pd = adafruit_guva_current/113; //Getting Power Density from PhotoDiode
  96              		.loc 1 16 0
  97 0016 0449     		ldr	r1, .L5+8
  98 0018 FFF7FEFF 		bl	__aeabi_fdiv
ARM GAS  C:\Users\Intern\AppData\Local\Temp\cclL3xBj.s 			page 3


  99              	.LVL9:
  17:adafruit_guva.c ****     return uv_pd; //Returning UV Photodiode Power Density in mW/cm^2
  18:adafruit_guva.c **** }
 100              		.loc 1 18 0
 101              		@ sp needed
 102 001c 10BD     		pop	{r4, pc}
 103              	.L6:
 104 001e C046     		.align	2
 105              	.L5:
 106 0020 33333333 		.word	858993459
 107 0024 33331140 		.word	1074869043
 108 0028 0000E242 		.word	1122107392
 109              		.cfi_endproc
 110              	.LFE64:
 111              		.size	adafruit_guva_get_pd, .-adafruit_guva_get_pd
 112              		.section	.text.adafruit_guva_get_pd_string,"ax",%progbits
 113              		.align	2
 114              		.global	adafruit_guva_get_pd_string
 115              		.code	16
 116              		.thumb_func
 117              		.type	adafruit_guva_get_pd_string, %function
 118              	adafruit_guva_get_pd_string:
 119              	.LFB65:
  19:adafruit_guva.c **** 
  20:adafruit_guva.c **** void adafruit_guva_get_pd_string(char *adafruit_guva_pd_string)
  21:adafruit_guva.c **** {
 120              		.loc 1 21 0
 121              		.cfi_startproc
 122              		@ args = 0, pretend = 0, frame = 0
 123              		@ frame_needed = 0, uses_anonymous_args = 0
 124              	.LVL10:
 125 0000 10B5     		push	{r4, lr}
 126              		.cfi_def_cfa_offset 8
 127              		.cfi_offset 4, -8
 128              		.cfi_offset 14, -4
 129 0002 0400     		movs	r4, r0
  22:adafruit_guva.c ****     float adafruit_guva_pd = adafruit_guva_get_pd(); //Returns the Power Density of that Adafruit G
 130              		.loc 1 22 0
 131 0004 FFF7FEFF 		bl	adafruit_guva_get_pd
 132              	.LVL11:
  23:adafruit_guva.c ****     sprintf(adafruit_guva_pd_string, "%.4f", adafruit_guva_pd); //Places the Float Value of Power D
 133              		.loc 1 23 0
 134 0008 FFF7FEFF 		bl	__aeabi_f2d
 135              	.LVL12:
 136 000c 0200     		movs	r2, r0
 137 000e 0B00     		movs	r3, r1
 138 0010 0249     		ldr	r1, .L8
 139 0012 2000     		movs	r0, r4
 140 0014 FFF7FEFF 		bl	sprintf
 141              	.LVL13:
  24:adafruit_guva.c **** }
 142              		.loc 1 24 0
 143              		@ sp needed
 144              	.LVL14:
 145 0018 10BD     		pop	{r4, pc}
 146              	.L9:
 147 001a C046     		.align	2
ARM GAS  C:\Users\Intern\AppData\Local\Temp\cclL3xBj.s 			page 4


 148              	.L8:
 149 001c 00000000 		.word	.LC1
 150              		.cfi_endproc
 151              	.LFE65:
 152              		.size	adafruit_guva_get_pd_string, .-adafruit_guva_get_pd_string
 153              		.section	.text.adafruit_guva_uart,"ax",%progbits
 154              		.align	2
 155              		.global	adafruit_guva_uart
 156              		.code	16
 157              		.thumb_func
 158              		.type	adafruit_guva_uart, %function
 159              	adafruit_guva_uart:
 160              	.LFB66:
  25:adafruit_guva.c **** 
  26:adafruit_guva.c **** void adafruit_guva_uart()
  27:adafruit_guva.c **** {
 161              		.loc 1 27 0
 162              		.cfi_startproc
 163              		@ args = 0, pretend = 0, frame = 16
 164              		@ frame_needed = 0, uses_anonymous_args = 0
 165 0000 10B5     		push	{r4, lr}
 166              		.cfi_def_cfa_offset 8
 167              		.cfi_offset 4, -8
 168              		.cfi_offset 14, -4
 169 0002 84B0     		sub	sp, sp, #16
 170              		.cfi_def_cfa_offset 24
  28:adafruit_guva.c ****     char a_guva_pd_string[5]; //Initializes the Character Array for where the value will be stored
  29:adafruit_guva.c ****     adafruit_guva_get_pd_string(a_guva_pd_string); //Places the power density of diode in Character
 171              		.loc 1 29 0
 172 0004 02A8     		add	r0, sp, #8
 173 0006 FFF7FEFF 		bl	adafruit_guva_get_pd_string
 174              	.LVL15:
  30:adafruit_guva.c **** 
  31:adafruit_guva.c ****     char a_guva_uart_string[7];
  32:adafruit_guva.c ****     a_guva_uart_string[0] = 'a'; //Places an a as the first element in the arrray
 175              		.loc 1 32 0
 176 000a 6123     		movs	r3, #97
 177 000c 6A46     		mov	r2, sp
 178 000e 1370     		strb	r3, [r2]
  33:adafruit_guva.c ****     a_guva_uart_string[6] = '\n'; //Places a new line character in the last spot in the array
 179              		.loc 1 33 0
 180 0010 573B     		subs	r3, r3, #87
 181 0012 9371     		strb	r3, [r2, #6]
 182              	.LVL16:
 183              	.LBB2:
  34:adafruit_guva.c ****     
  35:adafruit_guva.c ****     //Placing Value in Packet between new message carrier and last message carrier
  36:adafruit_guva.c ****     for(unsigned int j = 1; j<strlen(a_guva_pd_string); j++)
 184              		.loc 1 36 0
 185 0014 0124     		movs	r4, #1
 186 0016 05E0     		b	.L11
 187              	.LVL17:
 188              	.L12:
  37:adafruit_guva.c ****     {
  38:adafruit_guva.c ****         a_guva_uart_string[j] = a_guva_pd_string[j-1];    
 189              		.loc 1 38 0 discriminator 3
 190 0018 631E     		subs	r3, r4, #1
ARM GAS  C:\Users\Intern\AppData\Local\Temp\cclL3xBj.s 			page 5


 191 001a 02AA     		add	r2, sp, #8
 192 001c D35C     		ldrb	r3, [r2, r3]
 193 001e 6A46     		mov	r2, sp
 194 0020 1355     		strb	r3, [r2, r4]
  36:adafruit_guva.c ****     {
 195              		.loc 1 36 0 discriminator 3
 196 0022 0134     		adds	r4, r4, #1
 197              	.LVL18:
 198              	.L11:
  36:adafruit_guva.c ****     {
 199              		.loc 1 36 0 is_stmt 0 discriminator 1
 200 0024 02A8     		add	r0, sp, #8
 201 0026 FFF7FEFF 		bl	strlen
 202              	.LVL19:
 203 002a 8442     		cmp	r4, r0
 204 002c F4D3     		bcc	.L12
 205 002e 0024     		movs	r4, #0
 206              	.LVL20:
 207 0030 04E0     		b	.L13
 208              	.LVL21:
 209              	.L14:
 210              	.LBE2:
 211              	.LBB3:
 212              	.LBB4:
  39:adafruit_guva.c ****     }
  40:adafruit_guva.c ****     
  41:adafruit_guva.c ****     //Sends the Value over UART
  42:adafruit_guva.c ****     for(unsigned int i = 0; i<strlen(a_guva_uart_string); i++)
  43:adafruit_guva.c ****     {
  44:adafruit_guva.c ****         UART_UartPutChar(a_guva_uart_string[i]);           
 213              		.loc 1 44 0 is_stmt 1 discriminator 3
 214 0032 6B46     		mov	r3, sp
 215 0034 185D     		ldrb	r0, [r3, r4]
 216 0036 FFF7FEFF 		bl	UART_UartPutChar
 217              	.LVL22:
 218              	.LBE4:
  42:adafruit_guva.c ****     {
 219              		.loc 1 42 0 discriminator 3
 220 003a 0134     		adds	r4, r4, #1
 221              	.LVL23:
 222              	.L13:
  42:adafruit_guva.c ****     {
 223              		.loc 1 42 0 is_stmt 0 discriminator 1
 224 003c 6846     		mov	r0, sp
 225 003e FFF7FEFF 		bl	strlen
 226              	.LVL24:
 227 0042 8442     		cmp	r4, r0
 228 0044 F5D3     		bcc	.L14
 229              	.LBE3:
  45:adafruit_guva.c ****     } 
  46:adafruit_guva.c **** }
 230              		.loc 1 46 0 is_stmt 1
 231 0046 04B0     		add	sp, sp, #16
 232              		@ sp needed
 233              	.LVL25:
 234 0048 10BD     		pop	{r4, pc}
 235              		.cfi_endproc
ARM GAS  C:\Users\Intern\AppData\Local\Temp\cclL3xBj.s 			page 6


 236              	.LFE66:
 237              		.size	adafruit_guva_uart, .-adafruit_guva_uart
 238 004a C046     		.section	.text.updateCapsense,"ax",%progbits
 239              		.align	2
 240              		.global	updateCapsense
 241              		.code	16
 242              		.thumb_func
 243              		.type	updateCapsense, %function
 244              	updateCapsense:
 245              	.LFB67:
  47:adafruit_guva.c **** 
  48:adafruit_guva.c **** //Reads the state of the LED and writes that value into the GATT Database
  49:adafruit_guva.c **** void updateCapsense()
  50:adafruit_guva.c **** {
 246              		.loc 1 50 0
 247              		.cfi_startproc
 248              		@ args = 0, pretend = 0, frame = 16
 249              		@ frame_needed = 0, uses_anonymous_args = 0
 250 0000 30B5     		push	{r4, r5, lr}
 251              		.cfi_def_cfa_offset 12
 252              		.cfi_offset 4, -12
 253              		.cfi_offset 5, -8
 254              		.cfi_offset 14, -4
 255 0002 85B0     		sub	sp, sp, #20
 256              		.cfi_def_cfa_offset 32
  51:adafruit_guva.c ****     CYBLE_GATTS_HANDLE_VALUE_NTF_T tempHandle; //Temporary BLE Handle
  52:adafruit_guva.c ****     
  53:adafruit_guva.c ****     //If not connected, no need to update GATT Database/Server
  54:adafruit_guva.c ****     if(CyBle_GetState() != CYBLE_STATE_CONNECTED)
 257              		.loc 1 54 0
 258 0004 0E4B     		ldr	r3, .L18
 259 0006 1B78     		ldrb	r3, [r3]
 260 0008 022B     		cmp	r3, #2
 261 000a 17D1     		bne	.L15
  55:adafruit_guva.c ****     {
  56:adafruit_guva.c ****         return; //Leaves the function updateCapsense()
  57:adafruit_guva.c ****     }
  58:adafruit_guva.c ****     uint16 fingerPos = 5;
 262              		.loc 1 58 0
 263 000c 6B46     		mov	r3, sp
 264 000e 0522     		movs	r2, #5
 265 0010 5A80     		strh	r2, [r3, #2]
 266 0012 0233     		adds	r3, r3, #2
  59:adafruit_guva.c ****     tempHandle.attrHandle = CYBLE_UV_MEASUREMENT_POWER_DENSITY_CHAR_HANDLE;
 267              		.loc 1 59 0
 268 0014 01AC     		add	r4, sp, #4
 269 0016 0D32     		adds	r2, r2, #13
 270 0018 2281     		strh	r2, [r4, #8]
  60:adafruit_guva.c ****     //Cast it into a 8 bit integer pointer
  61:adafruit_guva.c ****     tempHandle.value.val = (uint8 *)&fingerPos; //Storing the finger's Position
 271              		.loc 1 61 0
 272 001a 0193     		str	r3, [sp, #4]
  62:adafruit_guva.c ****     tempHandle.value.len = 2; //uint16 value is stored as 2 8 bit integer
 273              		.loc 1 62 0
 274 001c 0223     		movs	r3, #2
 275 001e A380     		strh	r3, [r4, #4]
  63:adafruit_guva.c ****     CyBle_GattsWriteAttributeValue(&tempHandle, 0, &cyBle_connHandle, 0); //Writing new value to Ga
ARM GAS  C:\Users\Intern\AppData\Local\Temp\cclL3xBj.s 			page 7


 276              		.loc 1 63 0
 277 0020 084D     		ldr	r5, .L18+4
 278 0022 0023     		movs	r3, #0
 279 0024 2A00     		movs	r2, r5
 280 0026 0021     		movs	r1, #0
 281 0028 2000     		movs	r0, r4
 282 002a FFF7FEFF 		bl	CyBle_GattsWriteAttributeValue
 283              	.LVL26:
  64:adafruit_guva.c ****     CyBle_GattsNotification(cyBle_connHandle, &tempHandle); //Sends out Notification to Gatt Centra
 284              		.loc 1 64 0
 285 002e 2B78     		ldrb	r3, [r5]
 286 0030 6878     		ldrb	r0, [r5, #1]
 287 0032 0002     		lsls	r0, r0, #8
 288 0034 1843     		orrs	r0, r3
 289 0036 2100     		movs	r1, r4
 290 0038 FFF7FEFF 		bl	CyBle_GattsNotification
 291              	.LVL27:
 292              	.L15:
  65:adafruit_guva.c **** }
 293              		.loc 1 65 0
 294 003c 05B0     		add	sp, sp, #20
 295              		@ sp needed
 296 003e 30BD     		pop	{r4, r5, pc}
 297              	.L19:
 298              		.align	2
 299              	.L18:
 300 0040 00000000 		.word	cyBle_state
 301 0044 00000000 		.word	cyBle_connHandle
 302              		.cfi_endproc
 303              	.LFE67:
 304              		.size	updateCapsense, .-updateCapsense
 305              		.section	.rodata.str1.4,"aMS",%progbits,1
 306              		.align	2
 307              	.LC1:
 308 0000 252E3466 		.ascii	"%.4f\000"
 308      00
 309              		.text
 310              	.Letext0:
 311              		.file 2 "Generated_Source\\PSoC4/cytypes.h"
 312              		.file 3 "Generated_Source\\PSoC4/BLE_StackGatt.h"
 313              		.file 4 "Generated_Source\\PSoC4/BLE_StackGattServer.h"
 314              		.file 5 "Generated_Source\\PSoC4/BLE_eventHandler.h"
 315              		.file 6 "Generated_Source\\PSoC4/RTC.h"
 316              		.file 7 "system.h"
 317              		.file 8 "c:\\program files (x86)\\cypress\\psoc creator\\4.2\\psoc creator\\import\\gnu\\arm\\5.4.
 318              		.file 9 "c:\\program files (x86)\\cypress\\psoc creator\\4.2\\psoc creator\\import\\gnu\\arm\\5.4.
 319              		.file 10 "Generated_Source\\PSoC4/BLE_StackGattDb.h"
 320              		.section	.debug_info,"",%progbits
 321              	.Ldebug_info0:
 322 0000 73040000 		.4byte	0x473
 323 0004 0400     		.2byte	0x4
 324 0006 00000000 		.4byte	.Ldebug_abbrev0
 325 000a 04       		.byte	0x4
 326 000b 01       		.uleb128 0x1
 327 000c 15010000 		.4byte	.LASF58
 328 0010 0C       		.byte	0xc
 329 0011 05020000 		.4byte	.LASF59
ARM GAS  C:\Users\Intern\AppData\Local\Temp\cclL3xBj.s 			page 8


 330 0015 D2020000 		.4byte	.LASF60
 331 0019 00000000 		.4byte	.Ldebug_ranges0+0
 332 001d 00000000 		.4byte	0
 333 0021 00000000 		.4byte	.Ldebug_line0
 334 0025 02       		.uleb128 0x2
 335 0026 04       		.byte	0x4
 336 0027 05       		.byte	0x5
 337 0028 696E7400 		.ascii	"int\000"
 338 002c 03       		.uleb128 0x3
 339 002d 04       		.byte	0x4
 340 002e 07       		.byte	0x7
 341 002f C5020000 		.4byte	.LASF0
 342 0033 03       		.uleb128 0x3
 343 0034 08       		.byte	0x8
 344 0035 05       		.byte	0x5
 345 0036 A9000000 		.4byte	.LASF1
 346 003a 03       		.uleb128 0x3
 347 003b 08       		.byte	0x8
 348 003c 04       		.byte	0x4
 349 003d 00000000 		.4byte	.LASF2
 350 0041 03       		.uleb128 0x3
 351 0042 01       		.byte	0x1
 352 0043 06       		.byte	0x6
 353 0044 A2020000 		.4byte	.LASF3
 354 0048 03       		.uleb128 0x3
 355 0049 01       		.byte	0x1
 356 004a 08       		.byte	0x8
 357 004b 78020000 		.4byte	.LASF4
 358 004f 03       		.uleb128 0x3
 359 0050 02       		.byte	0x2
 360 0051 05       		.byte	0x5
 361 0052 39000000 		.4byte	.LASF5
 362 0056 03       		.uleb128 0x3
 363 0057 02       		.byte	0x2
 364 0058 07       		.byte	0x7
 365 0059 46030000 		.4byte	.LASF6
 366 005d 03       		.uleb128 0x3
 367 005e 04       		.byte	0x4
 368 005f 05       		.byte	0x5
 369 0060 45020000 		.4byte	.LASF7
 370 0064 03       		.uleb128 0x3
 371 0065 04       		.byte	0x4
 372 0066 07       		.byte	0x7
 373 0067 E3030000 		.4byte	.LASF8
 374 006b 03       		.uleb128 0x3
 375 006c 08       		.byte	0x8
 376 006d 07       		.byte	0x7
 377 006e AE020000 		.4byte	.LASF9
 378 0072 03       		.uleb128 0x3
 379 0073 04       		.byte	0x4
 380 0074 07       		.byte	0x7
 381 0075 59000000 		.4byte	.LASF10
 382 0079 04       		.uleb128 0x4
 383 007a 04       		.byte	0x4
 384 007b 7F000000 		.4byte	0x7f
 385 007f 03       		.uleb128 0x3
 386 0080 01       		.byte	0x1
ARM GAS  C:\Users\Intern\AppData\Local\Temp\cclL3xBj.s 			page 9


 387 0081 08       		.byte	0x8
 388 0082 59030000 		.4byte	.LASF11
 389 0086 05       		.uleb128 0x5
 390 0087 B4010000 		.4byte	.LASF12
 391 008b 02       		.byte	0x2
 392 008c E401     		.2byte	0x1e4
 393 008e 48000000 		.4byte	0x48
 394 0092 05       		.uleb128 0x5
 395 0093 0E010000 		.4byte	.LASF13
 396 0097 02       		.byte	0x2
 397 0098 E501     		.2byte	0x1e5
 398 009a 56000000 		.4byte	0x56
 399 009e 05       		.uleb128 0x5
 400 009f C4030000 		.4byte	.LASF14
 401 00a3 02       		.byte	0x2
 402 00a4 E601     		.2byte	0x1e6
 403 00a6 64000000 		.4byte	0x64
 404 00aa 03       		.uleb128 0x3
 405 00ab 04       		.byte	0x4
 406 00ac 04       		.byte	0x4
 407 00ad FF010000 		.4byte	.LASF15
 408 00b1 03       		.uleb128 0x3
 409 00b2 08       		.byte	0x8
 410 00b3 04       		.byte	0x4
 411 00b4 00040000 		.4byte	.LASF16
 412 00b8 04       		.uleb128 0x4
 413 00b9 04       		.byte	0x4
 414 00ba 86000000 		.4byte	0x86
 415 00be 05       		.uleb128 0x5
 416 00bf 4E020000 		.4byte	.LASF17
 417 00c3 03       		.byte	0x3
 418 00c4 8901     		.2byte	0x189
 419 00c6 92000000 		.4byte	0x92
 420 00ca 06       		.uleb128 0x6
 421 00cb 02       		.byte	0x2
 422 00cc 03       		.byte	0x3
 423 00cd 9301     		.2byte	0x193
 424 00cf EE000000 		.4byte	0xee
 425 00d3 07       		.uleb128 0x7
 426 00d4 E3010000 		.4byte	.LASF18
 427 00d8 03       		.byte	0x3
 428 00d9 9A01     		.2byte	0x19a
 429 00db 86000000 		.4byte	0x86
 430 00df 00       		.byte	0
 431 00e0 07       		.uleb128 0x7
 432 00e1 A0040000 		.4byte	.LASF19
 433 00e5 03       		.byte	0x3
 434 00e6 A001     		.2byte	0x1a0
 435 00e8 86000000 		.4byte	0x86
 436 00ec 01       		.byte	0x1
 437 00ed 00       		.byte	0
 438 00ee 05       		.uleb128 0x5
 439 00ef 07040000 		.4byte	.LASF20
 440 00f3 03       		.byte	0x3
 441 00f4 A201     		.2byte	0x1a2
 442 00f6 CA000000 		.4byte	0xca
 443 00fa 06       		.uleb128 0x6
ARM GAS  C:\Users\Intern\AppData\Local\Temp\cclL3xBj.s 			page 10


 444 00fb 08       		.byte	0x8
 445 00fc 03       		.byte	0x3
 446 00fd BE01     		.2byte	0x1be
 447 00ff 2B010000 		.4byte	0x12b
 448 0103 08       		.uleb128 0x8
 449 0104 76616C00 		.ascii	"val\000"
 450 0108 03       		.byte	0x3
 451 0109 C101     		.2byte	0x1c1
 452 010b B8000000 		.4byte	0xb8
 453 010f 00       		.byte	0
 454 0110 08       		.uleb128 0x8
 455 0111 6C656E00 		.ascii	"len\000"
 456 0115 03       		.byte	0x3
 457 0116 C401     		.2byte	0x1c4
 458 0118 92000000 		.4byte	0x92
 459 011c 04       		.byte	0x4
 460 011d 07       		.uleb128 0x7
 461 011e 3A040000 		.4byte	.LASF21
 462 0122 03       		.byte	0x3
 463 0123 CB01     		.2byte	0x1cb
 464 0125 92000000 		.4byte	0x92
 465 0129 06       		.byte	0x6
 466 012a 00       		.byte	0
 467 012b 05       		.uleb128 0x5
 468 012c 69030000 		.4byte	.LASF22
 469 0130 03       		.byte	0x3
 470 0131 CD01     		.2byte	0x1cd
 471 0133 FA000000 		.4byte	0xfa
 472 0137 06       		.uleb128 0x6
 473 0138 0C       		.byte	0xc
 474 0139 03       		.byte	0x3
 475 013a D001     		.2byte	0x1d0
 476 013c 5B010000 		.4byte	0x15b
 477 0140 07       		.uleb128 0x7
 478 0141 08010000 		.4byte	.LASF23
 479 0145 03       		.byte	0x3
 480 0146 D301     		.2byte	0x1d3
 481 0148 2B010000 		.4byte	0x12b
 482 014c 00       		.byte	0
 483 014d 07       		.uleb128 0x7
 484 014e F5030000 		.4byte	.LASF24
 485 0152 03       		.byte	0x3
 486 0153 D601     		.2byte	0x1d6
 487 0155 BE000000 		.4byte	0xbe
 488 0159 08       		.byte	0x8
 489 015a 00       		.byte	0
 490 015b 05       		.uleb128 0x5
 491 015c 1B040000 		.4byte	.LASF25
 492 0160 03       		.byte	0x3
 493 0161 D801     		.2byte	0x1d8
 494 0163 37010000 		.4byte	0x137
 495 0167 09       		.uleb128 0x9
 496 0168 15020000 		.4byte	.LASF26
 497 016c 04       		.byte	0x4
 498 016d 34       		.byte	0x34
 499 016e 5B010000 		.4byte	0x15b
 500 0172 0A       		.uleb128 0xa
ARM GAS  C:\Users\Intern\AppData\Local\Temp\cclL3xBj.s 			page 11


 501 0173 01       		.byte	0x1
 502 0174 48000000 		.4byte	0x48
 503 0178 05       		.byte	0x5
 504 0179 5A08     		.2byte	0x85a
 505 017b 9E010000 		.4byte	0x19e
 506 017f 0B       		.uleb128 0xb
 507 0180 DE000000 		.4byte	.LASF27
 508 0184 00       		.byte	0
 509 0185 0B       		.uleb128 0xb
 510 0186 7C030000 		.4byte	.LASF28
 511 018a 01       		.byte	0x1
 512 018b 0B       		.uleb128 0xb
 513 018c F2000000 		.4byte	.LASF29
 514 0190 02       		.byte	0x2
 515 0191 0B       		.uleb128 0xb
 516 0192 AC030000 		.4byte	.LASF30
 517 0196 03       		.byte	0x3
 518 0197 0B       		.uleb128 0xb
 519 0198 1F030000 		.4byte	.LASF31
 520 019c 04       		.byte	0x4
 521 019d 00       		.byte	0
 522 019e 05       		.uleb128 0x5
 523 019f 38030000 		.4byte	.LASF32
 524 01a3 05       		.byte	0x5
 525 01a4 6808     		.2byte	0x868
 526 01a6 72010000 		.4byte	0x172
 527 01aa 0C       		.uleb128 0xc
 528 01ab 43000000 		.4byte	.LASF36
 529 01af 01       		.byte	0x1
 530 01b0 03       		.byte	0x3
 531 01b1 AA000000 		.4byte	0xaa
 532 01b5 00000000 		.4byte	.LFB63
 533 01b9 24000000 		.4byte	.LFE63-.LFB63
 534 01bd 01       		.uleb128 0x1
 535 01be 9C       		.byte	0x9c
 536 01bf FB010000 		.4byte	0x1fb
 537 01c3 0D       		.uleb128 0xd
 538 01c4 5E030000 		.4byte	.LASF33
 539 01c8 01       		.byte	0x1
 540 01c9 05       		.byte	0x5
 541 01ca 9E000000 		.4byte	0x9e
 542 01ce 03       		.byte	0x3
 543 01cf 0E       		.uleb128 0xe
 544 01d0 34020000 		.4byte	.LASF34
 545 01d4 01       		.byte	0x1
 546 01d5 07       		.byte	0x7
 547 01d6 AA000000 		.4byte	0xaa
 548 01da 00000000 		.4byte	.LLST0
 549 01de 0F       		.uleb128 0xf
 550 01df 95030000 		.4byte	.LASF35
 551 01e3 01       		.byte	0x1
 552 01e4 08       		.byte	0x8
 553 01e5 AA000000 		.4byte	0xaa
 554 01e9 01       		.uleb128 0x1
 555 01ea 50       		.byte	0x50
 556 01eb 10       		.uleb128 0x10
 557 01ec 08000000 		.4byte	.LVL1
ARM GAS  C:\Users\Intern\AppData\Local\Temp\cclL3xBj.s 			page 12


 558 01f0 33040000 		.4byte	0x433
 559 01f4 11       		.uleb128 0x11
 560 01f5 01       		.uleb128 0x1
 561 01f6 50       		.byte	0x50
 562 01f7 01       		.uleb128 0x1
 563 01f8 33       		.byte	0x33
 564 01f9 00       		.byte	0
 565 01fa 00       		.byte	0
 566 01fb 0C       		.uleb128 0xc
 567 01fc 68040000 		.4byte	.LASF37
 568 0200 01       		.byte	0x1
 569 0201 0C       		.byte	0xc
 570 0202 AA000000 		.4byte	0xaa
 571 0206 00000000 		.4byte	.LFB64
 572 020a 2C000000 		.4byte	.LFE64-.LFB64
 573 020e 01       		.uleb128 0x1
 574 020f 9C       		.byte	0x9c
 575 0210 49020000 		.4byte	0x249
 576 0214 0E       		.uleb128 0xe
 577 0215 B7000000 		.4byte	.LASF38
 578 0219 01       		.byte	0x1
 579 021a 0E       		.byte	0xe
 580 021b AA000000 		.4byte	0xaa
 581 021f 13000000 		.4byte	.LLST1
 582 0223 0E       		.uleb128 0xe
 583 0224 C8000000 		.4byte	.LASF39
 584 0228 01       		.byte	0x1
 585 0229 0F       		.byte	0xf
 586 022a AA000000 		.4byte	0xaa
 587 022e 26000000 		.4byte	.LLST2
 588 0232 0F       		.uleb128 0xf
 589 0233 6A020000 		.4byte	.LASF40
 590 0237 01       		.byte	0x1
 591 0238 10       		.byte	0x10
 592 0239 AA000000 		.4byte	0xaa
 593 023d 01       		.uleb128 0x1
 594 023e 50       		.byte	0x50
 595 023f 12       		.uleb128 0x12
 596 0240 06000000 		.4byte	.LVL5
 597 0244 AA010000 		.4byte	0x1aa
 598 0248 00       		.byte	0
 599 0249 13       		.uleb128 0x13
 600 024a 1D000000 		.4byte	.LASF42
 601 024e 01       		.byte	0x1
 602 024f 14       		.byte	0x14
 603 0250 00000000 		.4byte	.LFB65
 604 0254 20000000 		.4byte	.LFE65-.LFB65
 605 0258 01       		.uleb128 0x1
 606 0259 9C       		.byte	0x9c
 607 025a 9F020000 		.4byte	0x29f
 608 025e 14       		.uleb128 0x14
 609 025f CB010000 		.4byte	.LASF61
 610 0263 01       		.byte	0x1
 611 0264 14       		.byte	0x14
 612 0265 79000000 		.4byte	0x79
 613 0269 39000000 		.4byte	.LLST3
 614 026d 0E       		.uleb128 0xe
ARM GAS  C:\Users\Intern\AppData\Local\Temp\cclL3xBj.s 			page 13


 615 026e 44040000 		.4byte	.LASF41
 616 0272 01       		.byte	0x1
 617 0273 16       		.byte	0x16
 618 0274 AA000000 		.4byte	0xaa
 619 0278 65000000 		.4byte	.LLST4
 620 027c 12       		.uleb128 0x12
 621 027d 08000000 		.4byte	.LVL11
 622 0281 FB010000 		.4byte	0x1fb
 623 0285 10       		.uleb128 0x10
 624 0286 18000000 		.4byte	.LVL13
 625 028a 3E040000 		.4byte	0x43e
 626 028e 11       		.uleb128 0x11
 627 028f 01       		.uleb128 0x1
 628 0290 50       		.byte	0x50
 629 0291 02       		.uleb128 0x2
 630 0292 74       		.byte	0x74
 631 0293 00       		.sleb128 0
 632 0294 11       		.uleb128 0x11
 633 0295 01       		.uleb128 0x1
 634 0296 51       		.byte	0x51
 635 0297 05       		.uleb128 0x5
 636 0298 03       		.byte	0x3
 637 0299 00000000 		.4byte	.LC1
 638 029d 00       		.byte	0
 639 029e 00       		.byte	0
 640 029f 15       		.uleb128 0x15
 641 02a0 EC010000 		.4byte	.LASF43
 642 02a4 01       		.byte	0x1
 643 02a5 1A       		.byte	0x1a
 644 02a6 00000000 		.4byte	.LFB66
 645 02aa 4A000000 		.4byte	.LFE66-.LFB66
 646 02ae 01       		.uleb128 0x1
 647 02af 9C       		.byte	0x9c
 648 02b0 5F030000 		.4byte	0x35f
 649 02b4 0F       		.uleb128 0xf
 650 02b5 0C000000 		.4byte	.LASF44
 651 02b9 01       		.byte	0x1
 652 02ba 1C       		.byte	0x1c
 653 02bb 5F030000 		.4byte	0x35f
 654 02bf 02       		.uleb128 0x2
 655 02c0 91       		.byte	0x91
 656 02c1 70       		.sleb128 -16
 657 02c2 0F       		.uleb128 0xf
 658 02c3 55040000 		.4byte	.LASF45
 659 02c7 01       		.byte	0x1
 660 02c8 1F       		.byte	0x1f
 661 02c9 6F030000 		.4byte	0x36f
 662 02cd 02       		.uleb128 0x2
 663 02ce 91       		.byte	0x91
 664 02cf 68       		.sleb128 -24
 665 02d0 16       		.uleb128 0x16
 666 02d1 14000000 		.4byte	.LBB2
 667 02d5 1E000000 		.4byte	.LBE2-.LBB2
 668 02d9 FB020000 		.4byte	0x2fb
 669 02dd 17       		.uleb128 0x17
 670 02de 6A00     		.ascii	"j\000"
 671 02e0 01       		.byte	0x1
ARM GAS  C:\Users\Intern\AppData\Local\Temp\cclL3xBj.s 			page 14


 672 02e1 24       		.byte	0x24
 673 02e2 2C000000 		.4byte	0x2c
 674 02e6 78000000 		.4byte	.LLST5
 675 02ea 10       		.uleb128 0x10
 676 02eb 2A000000 		.4byte	.LVL19
 677 02ef 49040000 		.4byte	0x449
 678 02f3 11       		.uleb128 0x11
 679 02f4 01       		.uleb128 0x1
 680 02f5 50       		.byte	0x50
 681 02f6 02       		.uleb128 0x2
 682 02f7 91       		.byte	0x91
 683 02f8 70       		.sleb128 -16
 684 02f9 00       		.byte	0
 685 02fa 00       		.byte	0
 686 02fb 16       		.uleb128 0x16
 687 02fc 32000000 		.4byte	.LBB3
 688 0300 14000000 		.4byte	.LBE3-.LBB3
 689 0304 4E030000 		.4byte	0x34e
 690 0308 17       		.uleb128 0x17
 691 0309 6900     		.ascii	"i\000"
 692 030b 01       		.byte	0x1
 693 030c 2A       		.byte	0x2a
 694 030d 2C000000 		.4byte	0x2c
 695 0311 97000000 		.4byte	.LLST6
 696 0315 16       		.uleb128 0x16
 697 0316 32000000 		.4byte	.LBB4
 698 031a 08000000 		.4byte	.LBE4-.LBB4
 699 031e 3D030000 		.4byte	0x33d
 700 0322 18       		.uleb128 0x18
 701 0323 A3010000 		.4byte	.LASF55
 702 0327 01       		.byte	0x1
 703 0328 2C       		.byte	0x2c
 704 0329 25000000 		.4byte	0x25
 705 032d 33030000 		.4byte	0x333
 706 0331 19       		.uleb128 0x19
 707 0332 00       		.byte	0
 708 0333 12       		.uleb128 0x12
 709 0334 3A000000 		.4byte	.LVL22
 710 0338 54040000 		.4byte	0x454
 711 033c 00       		.byte	0
 712 033d 10       		.uleb128 0x10
 713 033e 42000000 		.4byte	.LVL24
 714 0342 49040000 		.4byte	0x449
 715 0346 11       		.uleb128 0x11
 716 0347 01       		.uleb128 0x1
 717 0348 50       		.byte	0x50
 718 0349 02       		.uleb128 0x2
 719 034a 7D       		.byte	0x7d
 720 034b 00       		.sleb128 0
 721 034c 00       		.byte	0
 722 034d 00       		.byte	0
 723 034e 10       		.uleb128 0x10
 724 034f 0A000000 		.4byte	.LVL15
 725 0353 49020000 		.4byte	0x249
 726 0357 11       		.uleb128 0x11
 727 0358 01       		.uleb128 0x1
 728 0359 50       		.byte	0x50
ARM GAS  C:\Users\Intern\AppData\Local\Temp\cclL3xBj.s 			page 15


 729 035a 02       		.uleb128 0x2
 730 035b 91       		.byte	0x91
 731 035c 70       		.sleb128 -16
 732 035d 00       		.byte	0
 733 035e 00       		.byte	0
 734 035f 1A       		.uleb128 0x1a
 735 0360 7F000000 		.4byte	0x7f
 736 0364 6F030000 		.4byte	0x36f
 737 0368 1B       		.uleb128 0x1b
 738 0369 72000000 		.4byte	0x72
 739 036d 04       		.byte	0x4
 740 036e 00       		.byte	0
 741 036f 1A       		.uleb128 0x1a
 742 0370 7F000000 		.4byte	0x7f
 743 0374 7F030000 		.4byte	0x37f
 744 0378 1B       		.uleb128 0x1b
 745 0379 72000000 		.4byte	0x72
 746 037d 06       		.byte	0x6
 747 037e 00       		.byte	0
 748 037f 1C       		.uleb128 0x1c
 749 0380 7D040000 		.4byte	.LASF62
 750 0384 01       		.byte	0x1
 751 0385 31       		.byte	0x31
 752 0386 00000000 		.4byte	.LFB67
 753 038a 48000000 		.4byte	.LFE67-.LFB67
 754 038e 01       		.uleb128 0x1
 755 038f 9C       		.byte	0x9c
 756 0390 E5030000 		.4byte	0x3e5
 757 0394 0F       		.uleb128 0xf
 758 0395 A1030000 		.4byte	.LASF46
 759 0399 01       		.byte	0x1
 760 039a 33       		.byte	0x33
 761 039b 67010000 		.4byte	0x167
 762 039f 02       		.uleb128 0x2
 763 03a0 91       		.byte	0x91
 764 03a1 64       		.sleb128 -28
 765 03a2 0F       		.uleb128 0xf
 766 03a3 88000000 		.4byte	.LASF47
 767 03a7 01       		.byte	0x1
 768 03a8 3A       		.byte	0x3a
 769 03a9 92000000 		.4byte	0x92
 770 03ad 02       		.uleb128 0x2
 771 03ae 91       		.byte	0x91
 772 03af 62       		.sleb128 -30
 773 03b0 1D       		.uleb128 0x1d
 774 03b1 2E000000 		.4byte	.LVL26
 775 03b5 5F040000 		.4byte	0x45f
 776 03b9 D4030000 		.4byte	0x3d4
 777 03bd 11       		.uleb128 0x11
 778 03be 01       		.uleb128 0x1
 779 03bf 50       		.byte	0x50
 780 03c0 02       		.uleb128 0x2
 781 03c1 74       		.byte	0x74
 782 03c2 00       		.sleb128 0
 783 03c3 11       		.uleb128 0x11
 784 03c4 01       		.uleb128 0x1
 785 03c5 51       		.byte	0x51
ARM GAS  C:\Users\Intern\AppData\Local\Temp\cclL3xBj.s 			page 16


 786 03c6 01       		.uleb128 0x1
 787 03c7 30       		.byte	0x30
 788 03c8 11       		.uleb128 0x11
 789 03c9 01       		.uleb128 0x1
 790 03ca 52       		.byte	0x52
 791 03cb 02       		.uleb128 0x2
 792 03cc 75       		.byte	0x75
 793 03cd 00       		.sleb128 0
 794 03ce 11       		.uleb128 0x11
 795 03cf 01       		.uleb128 0x1
 796 03d0 53       		.byte	0x53
 797 03d1 01       		.uleb128 0x1
 798 03d2 30       		.byte	0x30
 799 03d3 00       		.byte	0
 800 03d4 10       		.uleb128 0x10
 801 03d5 3C000000 		.4byte	.LVL27
 802 03d9 6B040000 		.4byte	0x46b
 803 03dd 11       		.uleb128 0x11
 804 03de 01       		.uleb128 0x1
 805 03df 51       		.byte	0x51
 806 03e0 02       		.uleb128 0x2
 807 03e1 74       		.byte	0x74
 808 03e2 00       		.sleb128 0
 809 03e3 00       		.byte	0
 810 03e4 00       		.byte	0
 811 03e5 1E       		.uleb128 0x1e
 812 03e6 96020000 		.4byte	.LASF48
 813 03ea 05       		.byte	0x5
 814 03eb B30A     		.2byte	0xab3
 815 03ed 9E010000 		.4byte	0x19e
 816 03f1 1E       		.uleb128 0x1e
 817 03f2 BA010000 		.4byte	.LASF49
 818 03f6 05       		.byte	0x5
 819 03f7 B40A     		.2byte	0xab4
 820 03f9 EE000000 		.4byte	0xee
 821 03fd 1A       		.uleb128 0x1a
 822 03fe 0D040000 		.4byte	0x40d
 823 0402 0D040000 		.4byte	0x40d
 824 0406 1B       		.uleb128 0x1b
 825 0407 72000000 		.4byte	0x72
 826 040b 0B       		.byte	0xb
 827 040c 00       		.byte	0
 828 040d 1F       		.uleb128 0x1f
 829 040e 92000000 		.4byte	0x92
 830 0412 1E       		.uleb128 0x1e
 831 0413 92000000 		.4byte	.LASF50
 832 0417 06       		.byte	0x6
 833 0418 E001     		.2byte	0x1e0
 834 041a 1E040000 		.4byte	0x41e
 835 041e 1F       		.uleb128 0x1f
 836 041f FD030000 		.4byte	0x3fd
 837 0423 20       		.uleb128 0x20
 838 0424 86020000 		.4byte	.LASF51
 839 0428 07       		.byte	0x7
 840 0429 0A       		.byte	0xa
 841 042a 2E040000 		.4byte	0x42e
 842 042e 1F       		.uleb128 0x1f
ARM GAS  C:\Users\Intern\AppData\Local\Temp\cclL3xBj.s 			page 17


 843 042f AA000000 		.4byte	0xaa
 844 0433 21       		.uleb128 0x21
 845 0434 8C040000 		.4byte	.LASF52
 846 0438 8C040000 		.4byte	.LASF52
 847 043c 07       		.byte	0x7
 848 043d 2B       		.byte	0x2b
 849 043e 21       		.uleb128 0x21
 850 043f 70020000 		.4byte	.LASF53
 851 0443 70020000 		.4byte	.LASF53
 852 0447 08       		.byte	0x8
 853 0448 E7       		.byte	0xe7
 854 0449 21       		.uleb128 0x21
 855 044a 62000000 		.4byte	.LASF54
 856 044e 62000000 		.4byte	.LASF54
 857 0452 09       		.byte	0x9
 858 0453 21       		.byte	0x21
 859 0454 21       		.uleb128 0x21
 860 0455 A3010000 		.4byte	.LASF55
 861 0459 A3010000 		.4byte	.LASF55
 862 045d 01       		.byte	0x1
 863 045e 2C       		.byte	0x2c
 864 045f 22       		.uleb128 0x22
 865 0460 69000000 		.4byte	.LASF56
 866 0464 69000000 		.4byte	.LASF56
 867 0468 0A       		.byte	0xa
 868 0469 8401     		.2byte	0x184
 869 046b 21       		.uleb128 0x21
 870 046c CB030000 		.4byte	.LASF57
 871 0470 CB030000 		.4byte	.LASF57
 872 0474 04       		.byte	0x4
 873 0475 F2       		.byte	0xf2
 874 0476 00       		.byte	0
 875              		.section	.debug_abbrev,"",%progbits
 876              	.Ldebug_abbrev0:
 877 0000 01       		.uleb128 0x1
 878 0001 11       		.uleb128 0x11
 879 0002 01       		.byte	0x1
 880 0003 25       		.uleb128 0x25
 881 0004 0E       		.uleb128 0xe
 882 0005 13       		.uleb128 0x13
 883 0006 0B       		.uleb128 0xb
 884 0007 03       		.uleb128 0x3
 885 0008 0E       		.uleb128 0xe
 886 0009 1B       		.uleb128 0x1b
 887 000a 0E       		.uleb128 0xe
 888 000b 55       		.uleb128 0x55
 889 000c 17       		.uleb128 0x17
 890 000d 11       		.uleb128 0x11
 891 000e 01       		.uleb128 0x1
 892 000f 10       		.uleb128 0x10
 893 0010 17       		.uleb128 0x17
 894 0011 00       		.byte	0
 895 0012 00       		.byte	0
 896 0013 02       		.uleb128 0x2
 897 0014 24       		.uleb128 0x24
 898 0015 00       		.byte	0
 899 0016 0B       		.uleb128 0xb
ARM GAS  C:\Users\Intern\AppData\Local\Temp\cclL3xBj.s 			page 18


 900 0017 0B       		.uleb128 0xb
 901 0018 3E       		.uleb128 0x3e
 902 0019 0B       		.uleb128 0xb
 903 001a 03       		.uleb128 0x3
 904 001b 08       		.uleb128 0x8
 905 001c 00       		.byte	0
 906 001d 00       		.byte	0
 907 001e 03       		.uleb128 0x3
 908 001f 24       		.uleb128 0x24
 909 0020 00       		.byte	0
 910 0021 0B       		.uleb128 0xb
 911 0022 0B       		.uleb128 0xb
 912 0023 3E       		.uleb128 0x3e
 913 0024 0B       		.uleb128 0xb
 914 0025 03       		.uleb128 0x3
 915 0026 0E       		.uleb128 0xe
 916 0027 00       		.byte	0
 917 0028 00       		.byte	0
 918 0029 04       		.uleb128 0x4
 919 002a 0F       		.uleb128 0xf
 920 002b 00       		.byte	0
 921 002c 0B       		.uleb128 0xb
 922 002d 0B       		.uleb128 0xb
 923 002e 49       		.uleb128 0x49
 924 002f 13       		.uleb128 0x13
 925 0030 00       		.byte	0
 926 0031 00       		.byte	0
 927 0032 05       		.uleb128 0x5
 928 0033 16       		.uleb128 0x16
 929 0034 00       		.byte	0
 930 0035 03       		.uleb128 0x3
 931 0036 0E       		.uleb128 0xe
 932 0037 3A       		.uleb128 0x3a
 933 0038 0B       		.uleb128 0xb
 934 0039 3B       		.uleb128 0x3b
 935 003a 05       		.uleb128 0x5
 936 003b 49       		.uleb128 0x49
 937 003c 13       		.uleb128 0x13
 938 003d 00       		.byte	0
 939 003e 00       		.byte	0
 940 003f 06       		.uleb128 0x6
 941 0040 13       		.uleb128 0x13
 942 0041 01       		.byte	0x1
 943 0042 0B       		.uleb128 0xb
 944 0043 0B       		.uleb128 0xb
 945 0044 3A       		.uleb128 0x3a
 946 0045 0B       		.uleb128 0xb
 947 0046 3B       		.uleb128 0x3b
 948 0047 05       		.uleb128 0x5
 949 0048 01       		.uleb128 0x1
 950 0049 13       		.uleb128 0x13
 951 004a 00       		.byte	0
 952 004b 00       		.byte	0
 953 004c 07       		.uleb128 0x7
 954 004d 0D       		.uleb128 0xd
 955 004e 00       		.byte	0
 956 004f 03       		.uleb128 0x3
ARM GAS  C:\Users\Intern\AppData\Local\Temp\cclL3xBj.s 			page 19


 957 0050 0E       		.uleb128 0xe
 958 0051 3A       		.uleb128 0x3a
 959 0052 0B       		.uleb128 0xb
 960 0053 3B       		.uleb128 0x3b
 961 0054 05       		.uleb128 0x5
 962 0055 49       		.uleb128 0x49
 963 0056 13       		.uleb128 0x13
 964 0057 38       		.uleb128 0x38
 965 0058 0B       		.uleb128 0xb
 966 0059 00       		.byte	0
 967 005a 00       		.byte	0
 968 005b 08       		.uleb128 0x8
 969 005c 0D       		.uleb128 0xd
 970 005d 00       		.byte	0
 971 005e 03       		.uleb128 0x3
 972 005f 08       		.uleb128 0x8
 973 0060 3A       		.uleb128 0x3a
 974 0061 0B       		.uleb128 0xb
 975 0062 3B       		.uleb128 0x3b
 976 0063 05       		.uleb128 0x5
 977 0064 49       		.uleb128 0x49
 978 0065 13       		.uleb128 0x13
 979 0066 38       		.uleb128 0x38
 980 0067 0B       		.uleb128 0xb
 981 0068 00       		.byte	0
 982 0069 00       		.byte	0
 983 006a 09       		.uleb128 0x9
 984 006b 16       		.uleb128 0x16
 985 006c 00       		.byte	0
 986 006d 03       		.uleb128 0x3
 987 006e 0E       		.uleb128 0xe
 988 006f 3A       		.uleb128 0x3a
 989 0070 0B       		.uleb128 0xb
 990 0071 3B       		.uleb128 0x3b
 991 0072 0B       		.uleb128 0xb
 992 0073 49       		.uleb128 0x49
 993 0074 13       		.uleb128 0x13
 994 0075 00       		.byte	0
 995 0076 00       		.byte	0
 996 0077 0A       		.uleb128 0xa
 997 0078 04       		.uleb128 0x4
 998 0079 01       		.byte	0x1
 999 007a 0B       		.uleb128 0xb
 1000 007b 0B       		.uleb128 0xb
 1001 007c 49       		.uleb128 0x49
 1002 007d 13       		.uleb128 0x13
 1003 007e 3A       		.uleb128 0x3a
 1004 007f 0B       		.uleb128 0xb
 1005 0080 3B       		.uleb128 0x3b
 1006 0081 05       		.uleb128 0x5
 1007 0082 01       		.uleb128 0x1
 1008 0083 13       		.uleb128 0x13
 1009 0084 00       		.byte	0
 1010 0085 00       		.byte	0
 1011 0086 0B       		.uleb128 0xb
 1012 0087 28       		.uleb128 0x28
 1013 0088 00       		.byte	0
ARM GAS  C:\Users\Intern\AppData\Local\Temp\cclL3xBj.s 			page 20


 1014 0089 03       		.uleb128 0x3
 1015 008a 0E       		.uleb128 0xe
 1016 008b 1C       		.uleb128 0x1c
 1017 008c 0B       		.uleb128 0xb
 1018 008d 00       		.byte	0
 1019 008e 00       		.byte	0
 1020 008f 0C       		.uleb128 0xc
 1021 0090 2E       		.uleb128 0x2e
 1022 0091 01       		.byte	0x1
 1023 0092 3F       		.uleb128 0x3f
 1024 0093 19       		.uleb128 0x19
 1025 0094 03       		.uleb128 0x3
 1026 0095 0E       		.uleb128 0xe
 1027 0096 3A       		.uleb128 0x3a
 1028 0097 0B       		.uleb128 0xb
 1029 0098 3B       		.uleb128 0x3b
 1030 0099 0B       		.uleb128 0xb
 1031 009a 27       		.uleb128 0x27
 1032 009b 19       		.uleb128 0x19
 1033 009c 49       		.uleb128 0x49
 1034 009d 13       		.uleb128 0x13
 1035 009e 11       		.uleb128 0x11
 1036 009f 01       		.uleb128 0x1
 1037 00a0 12       		.uleb128 0x12
 1038 00a1 06       		.uleb128 0x6
 1039 00a2 40       		.uleb128 0x40
 1040 00a3 18       		.uleb128 0x18
 1041 00a4 9642     		.uleb128 0x2116
 1042 00a6 19       		.uleb128 0x19
 1043 00a7 01       		.uleb128 0x1
 1044 00a8 13       		.uleb128 0x13
 1045 00a9 00       		.byte	0
 1046 00aa 00       		.byte	0
 1047 00ab 0D       		.uleb128 0xd
 1048 00ac 34       		.uleb128 0x34
 1049 00ad 00       		.byte	0
 1050 00ae 03       		.uleb128 0x3
 1051 00af 0E       		.uleb128 0xe
 1052 00b0 3A       		.uleb128 0x3a
 1053 00b1 0B       		.uleb128 0xb
 1054 00b2 3B       		.uleb128 0x3b
 1055 00b3 0B       		.uleb128 0xb
 1056 00b4 49       		.uleb128 0x49
 1057 00b5 13       		.uleb128 0x13
 1058 00b6 1C       		.uleb128 0x1c
 1059 00b7 0B       		.uleb128 0xb
 1060 00b8 00       		.byte	0
 1061 00b9 00       		.byte	0
 1062 00ba 0E       		.uleb128 0xe
 1063 00bb 34       		.uleb128 0x34
 1064 00bc 00       		.byte	0
 1065 00bd 03       		.uleb128 0x3
 1066 00be 0E       		.uleb128 0xe
 1067 00bf 3A       		.uleb128 0x3a
 1068 00c0 0B       		.uleb128 0xb
 1069 00c1 3B       		.uleb128 0x3b
 1070 00c2 0B       		.uleb128 0xb
ARM GAS  C:\Users\Intern\AppData\Local\Temp\cclL3xBj.s 			page 21


 1071 00c3 49       		.uleb128 0x49
 1072 00c4 13       		.uleb128 0x13
 1073 00c5 02       		.uleb128 0x2
 1074 00c6 17       		.uleb128 0x17
 1075 00c7 00       		.byte	0
 1076 00c8 00       		.byte	0
 1077 00c9 0F       		.uleb128 0xf
 1078 00ca 34       		.uleb128 0x34
 1079 00cb 00       		.byte	0
 1080 00cc 03       		.uleb128 0x3
 1081 00cd 0E       		.uleb128 0xe
 1082 00ce 3A       		.uleb128 0x3a
 1083 00cf 0B       		.uleb128 0xb
 1084 00d0 3B       		.uleb128 0x3b
 1085 00d1 0B       		.uleb128 0xb
 1086 00d2 49       		.uleb128 0x49
 1087 00d3 13       		.uleb128 0x13
 1088 00d4 02       		.uleb128 0x2
 1089 00d5 18       		.uleb128 0x18
 1090 00d6 00       		.byte	0
 1091 00d7 00       		.byte	0
 1092 00d8 10       		.uleb128 0x10
 1093 00d9 898201   		.uleb128 0x4109
 1094 00dc 01       		.byte	0x1
 1095 00dd 11       		.uleb128 0x11
 1096 00de 01       		.uleb128 0x1
 1097 00df 31       		.uleb128 0x31
 1098 00e0 13       		.uleb128 0x13
 1099 00e1 00       		.byte	0
 1100 00e2 00       		.byte	0
 1101 00e3 11       		.uleb128 0x11
 1102 00e4 8A8201   		.uleb128 0x410a
 1103 00e7 00       		.byte	0
 1104 00e8 02       		.uleb128 0x2
 1105 00e9 18       		.uleb128 0x18
 1106 00ea 9142     		.uleb128 0x2111
 1107 00ec 18       		.uleb128 0x18
 1108 00ed 00       		.byte	0
 1109 00ee 00       		.byte	0
 1110 00ef 12       		.uleb128 0x12
 1111 00f0 898201   		.uleb128 0x4109
 1112 00f3 00       		.byte	0
 1113 00f4 11       		.uleb128 0x11
 1114 00f5 01       		.uleb128 0x1
 1115 00f6 31       		.uleb128 0x31
 1116 00f7 13       		.uleb128 0x13
 1117 00f8 00       		.byte	0
 1118 00f9 00       		.byte	0
 1119 00fa 13       		.uleb128 0x13
 1120 00fb 2E       		.uleb128 0x2e
 1121 00fc 01       		.byte	0x1
 1122 00fd 3F       		.uleb128 0x3f
 1123 00fe 19       		.uleb128 0x19
 1124 00ff 03       		.uleb128 0x3
 1125 0100 0E       		.uleb128 0xe
 1126 0101 3A       		.uleb128 0x3a
 1127 0102 0B       		.uleb128 0xb
ARM GAS  C:\Users\Intern\AppData\Local\Temp\cclL3xBj.s 			page 22


 1128 0103 3B       		.uleb128 0x3b
 1129 0104 0B       		.uleb128 0xb
 1130 0105 27       		.uleb128 0x27
 1131 0106 19       		.uleb128 0x19
 1132 0107 11       		.uleb128 0x11
 1133 0108 01       		.uleb128 0x1
 1134 0109 12       		.uleb128 0x12
 1135 010a 06       		.uleb128 0x6
 1136 010b 40       		.uleb128 0x40
 1137 010c 18       		.uleb128 0x18
 1138 010d 9642     		.uleb128 0x2116
 1139 010f 19       		.uleb128 0x19
 1140 0110 01       		.uleb128 0x1
 1141 0111 13       		.uleb128 0x13
 1142 0112 00       		.byte	0
 1143 0113 00       		.byte	0
 1144 0114 14       		.uleb128 0x14
 1145 0115 05       		.uleb128 0x5
 1146 0116 00       		.byte	0
 1147 0117 03       		.uleb128 0x3
 1148 0118 0E       		.uleb128 0xe
 1149 0119 3A       		.uleb128 0x3a
 1150 011a 0B       		.uleb128 0xb
 1151 011b 3B       		.uleb128 0x3b
 1152 011c 0B       		.uleb128 0xb
 1153 011d 49       		.uleb128 0x49
 1154 011e 13       		.uleb128 0x13
 1155 011f 02       		.uleb128 0x2
 1156 0120 17       		.uleb128 0x17
 1157 0121 00       		.byte	0
 1158 0122 00       		.byte	0
 1159 0123 15       		.uleb128 0x15
 1160 0124 2E       		.uleb128 0x2e
 1161 0125 01       		.byte	0x1
 1162 0126 3F       		.uleb128 0x3f
 1163 0127 19       		.uleb128 0x19
 1164 0128 03       		.uleb128 0x3
 1165 0129 0E       		.uleb128 0xe
 1166 012a 3A       		.uleb128 0x3a
 1167 012b 0B       		.uleb128 0xb
 1168 012c 3B       		.uleb128 0x3b
 1169 012d 0B       		.uleb128 0xb
 1170 012e 27       		.uleb128 0x27
 1171 012f 19       		.uleb128 0x19
 1172 0130 11       		.uleb128 0x11
 1173 0131 01       		.uleb128 0x1
 1174 0132 12       		.uleb128 0x12
 1175 0133 06       		.uleb128 0x6
 1176 0134 40       		.uleb128 0x40
 1177 0135 18       		.uleb128 0x18
 1178 0136 9742     		.uleb128 0x2117
 1179 0138 19       		.uleb128 0x19
 1180 0139 01       		.uleb128 0x1
 1181 013a 13       		.uleb128 0x13
 1182 013b 00       		.byte	0
 1183 013c 00       		.byte	0
 1184 013d 16       		.uleb128 0x16
ARM GAS  C:\Users\Intern\AppData\Local\Temp\cclL3xBj.s 			page 23


 1185 013e 0B       		.uleb128 0xb
 1186 013f 01       		.byte	0x1
 1187 0140 11       		.uleb128 0x11
 1188 0141 01       		.uleb128 0x1
 1189 0142 12       		.uleb128 0x12
 1190 0143 06       		.uleb128 0x6
 1191 0144 01       		.uleb128 0x1
 1192 0145 13       		.uleb128 0x13
 1193 0146 00       		.byte	0
 1194 0147 00       		.byte	0
 1195 0148 17       		.uleb128 0x17
 1196 0149 34       		.uleb128 0x34
 1197 014a 00       		.byte	0
 1198 014b 03       		.uleb128 0x3
 1199 014c 08       		.uleb128 0x8
 1200 014d 3A       		.uleb128 0x3a
 1201 014e 0B       		.uleb128 0xb
 1202 014f 3B       		.uleb128 0x3b
 1203 0150 0B       		.uleb128 0xb
 1204 0151 49       		.uleb128 0x49
 1205 0152 13       		.uleb128 0x13
 1206 0153 02       		.uleb128 0x2
 1207 0154 17       		.uleb128 0x17
 1208 0155 00       		.byte	0
 1209 0156 00       		.byte	0
 1210 0157 18       		.uleb128 0x18
 1211 0158 2E       		.uleb128 0x2e
 1212 0159 01       		.byte	0x1
 1213 015a 3F       		.uleb128 0x3f
 1214 015b 19       		.uleb128 0x19
 1215 015c 03       		.uleb128 0x3
 1216 015d 0E       		.uleb128 0xe
 1217 015e 3A       		.uleb128 0x3a
 1218 015f 0B       		.uleb128 0xb
 1219 0160 3B       		.uleb128 0x3b
 1220 0161 0B       		.uleb128 0xb
 1221 0162 49       		.uleb128 0x49
 1222 0163 13       		.uleb128 0x13
 1223 0164 3C       		.uleb128 0x3c
 1224 0165 19       		.uleb128 0x19
 1225 0166 01       		.uleb128 0x1
 1226 0167 13       		.uleb128 0x13
 1227 0168 00       		.byte	0
 1228 0169 00       		.byte	0
 1229 016a 19       		.uleb128 0x19
 1230 016b 18       		.uleb128 0x18
 1231 016c 00       		.byte	0
 1232 016d 00       		.byte	0
 1233 016e 00       		.byte	0
 1234 016f 1A       		.uleb128 0x1a
 1235 0170 01       		.uleb128 0x1
 1236 0171 01       		.byte	0x1
 1237 0172 49       		.uleb128 0x49
 1238 0173 13       		.uleb128 0x13
 1239 0174 01       		.uleb128 0x1
 1240 0175 13       		.uleb128 0x13
 1241 0176 00       		.byte	0
ARM GAS  C:\Users\Intern\AppData\Local\Temp\cclL3xBj.s 			page 24


 1242 0177 00       		.byte	0
 1243 0178 1B       		.uleb128 0x1b
 1244 0179 21       		.uleb128 0x21
 1245 017a 00       		.byte	0
 1246 017b 49       		.uleb128 0x49
 1247 017c 13       		.uleb128 0x13
 1248 017d 2F       		.uleb128 0x2f
 1249 017e 0B       		.uleb128 0xb
 1250 017f 00       		.byte	0
 1251 0180 00       		.byte	0
 1252 0181 1C       		.uleb128 0x1c
 1253 0182 2E       		.uleb128 0x2e
 1254 0183 01       		.byte	0x1
 1255 0184 3F       		.uleb128 0x3f
 1256 0185 19       		.uleb128 0x19
 1257 0186 03       		.uleb128 0x3
 1258 0187 0E       		.uleb128 0xe
 1259 0188 3A       		.uleb128 0x3a
 1260 0189 0B       		.uleb128 0xb
 1261 018a 3B       		.uleb128 0x3b
 1262 018b 0B       		.uleb128 0xb
 1263 018c 11       		.uleb128 0x11
 1264 018d 01       		.uleb128 0x1
 1265 018e 12       		.uleb128 0x12
 1266 018f 06       		.uleb128 0x6
 1267 0190 40       		.uleb128 0x40
 1268 0191 18       		.uleb128 0x18
 1269 0192 9742     		.uleb128 0x2117
 1270 0194 19       		.uleb128 0x19
 1271 0195 01       		.uleb128 0x1
 1272 0196 13       		.uleb128 0x13
 1273 0197 00       		.byte	0
 1274 0198 00       		.byte	0
 1275 0199 1D       		.uleb128 0x1d
 1276 019a 898201   		.uleb128 0x4109
 1277 019d 01       		.byte	0x1
 1278 019e 11       		.uleb128 0x11
 1279 019f 01       		.uleb128 0x1
 1280 01a0 31       		.uleb128 0x31
 1281 01a1 13       		.uleb128 0x13
 1282 01a2 01       		.uleb128 0x1
 1283 01a3 13       		.uleb128 0x13
 1284 01a4 00       		.byte	0
 1285 01a5 00       		.byte	0
 1286 01a6 1E       		.uleb128 0x1e
 1287 01a7 34       		.uleb128 0x34
 1288 01a8 00       		.byte	0
 1289 01a9 03       		.uleb128 0x3
 1290 01aa 0E       		.uleb128 0xe
 1291 01ab 3A       		.uleb128 0x3a
 1292 01ac 0B       		.uleb128 0xb
 1293 01ad 3B       		.uleb128 0x3b
 1294 01ae 05       		.uleb128 0x5
 1295 01af 49       		.uleb128 0x49
 1296 01b0 13       		.uleb128 0x13
 1297 01b1 3F       		.uleb128 0x3f
 1298 01b2 19       		.uleb128 0x19
ARM GAS  C:\Users\Intern\AppData\Local\Temp\cclL3xBj.s 			page 25


 1299 01b3 3C       		.uleb128 0x3c
 1300 01b4 19       		.uleb128 0x19
 1301 01b5 00       		.byte	0
 1302 01b6 00       		.byte	0
 1303 01b7 1F       		.uleb128 0x1f
 1304 01b8 26       		.uleb128 0x26
 1305 01b9 00       		.byte	0
 1306 01ba 49       		.uleb128 0x49
 1307 01bb 13       		.uleb128 0x13
 1308 01bc 00       		.byte	0
 1309 01bd 00       		.byte	0
 1310 01be 20       		.uleb128 0x20
 1311 01bf 34       		.uleb128 0x34
 1312 01c0 00       		.byte	0
 1313 01c1 03       		.uleb128 0x3
 1314 01c2 0E       		.uleb128 0xe
 1315 01c3 3A       		.uleb128 0x3a
 1316 01c4 0B       		.uleb128 0xb
 1317 01c5 3B       		.uleb128 0x3b
 1318 01c6 0B       		.uleb128 0xb
 1319 01c7 49       		.uleb128 0x49
 1320 01c8 13       		.uleb128 0x13
 1321 01c9 3F       		.uleb128 0x3f
 1322 01ca 19       		.uleb128 0x19
 1323 01cb 3C       		.uleb128 0x3c
 1324 01cc 19       		.uleb128 0x19
 1325 01cd 00       		.byte	0
 1326 01ce 00       		.byte	0
 1327 01cf 21       		.uleb128 0x21
 1328 01d0 2E       		.uleb128 0x2e
 1329 01d1 00       		.byte	0
 1330 01d2 3F       		.uleb128 0x3f
 1331 01d3 19       		.uleb128 0x19
 1332 01d4 3C       		.uleb128 0x3c
 1333 01d5 19       		.uleb128 0x19
 1334 01d6 6E       		.uleb128 0x6e
 1335 01d7 0E       		.uleb128 0xe
 1336 01d8 03       		.uleb128 0x3
 1337 01d9 0E       		.uleb128 0xe
 1338 01da 3A       		.uleb128 0x3a
 1339 01db 0B       		.uleb128 0xb
 1340 01dc 3B       		.uleb128 0x3b
 1341 01dd 0B       		.uleb128 0xb
 1342 01de 00       		.byte	0
 1343 01df 00       		.byte	0
 1344 01e0 22       		.uleb128 0x22
 1345 01e1 2E       		.uleb128 0x2e
 1346 01e2 00       		.byte	0
 1347 01e3 3F       		.uleb128 0x3f
 1348 01e4 19       		.uleb128 0x19
 1349 01e5 3C       		.uleb128 0x3c
 1350 01e6 19       		.uleb128 0x19
 1351 01e7 6E       		.uleb128 0x6e
 1352 01e8 0E       		.uleb128 0xe
 1353 01e9 03       		.uleb128 0x3
 1354 01ea 0E       		.uleb128 0xe
 1355 01eb 3A       		.uleb128 0x3a
ARM GAS  C:\Users\Intern\AppData\Local\Temp\cclL3xBj.s 			page 26


 1356 01ec 0B       		.uleb128 0xb
 1357 01ed 3B       		.uleb128 0x3b
 1358 01ee 05       		.uleb128 0x5
 1359 01ef 00       		.byte	0
 1360 01f0 00       		.byte	0
 1361 01f1 00       		.byte	0
 1362              		.section	.debug_loc,"",%progbits
 1363              	.Ldebug_loc0:
 1364              	.LLST0:
 1365 0000 0C000000 		.4byte	.LVL2
 1366 0004 13000000 		.4byte	.LVL3-1
 1367 0008 0100     		.2byte	0x1
 1368 000a 50       		.byte	0x50
 1369 000b 00000000 		.4byte	0
 1370 000f 00000000 		.4byte	0
 1371              	.LLST1:
 1372 0013 06000000 		.4byte	.LVL5
 1373 0017 09000000 		.4byte	.LVL6-1
 1374 001b 0100     		.2byte	0x1
 1375 001d 50       		.byte	0x50
 1376 001e 00000000 		.4byte	0
 1377 0022 00000000 		.4byte	0
 1378              	.LLST2:
 1379 0026 16000000 		.4byte	.LVL8
 1380 002a 1B000000 		.4byte	.LVL9-1
 1381 002e 0100     		.2byte	0x1
 1382 0030 50       		.byte	0x50
 1383 0031 00000000 		.4byte	0
 1384 0035 00000000 		.4byte	0
 1385              	.LLST3:
 1386 0039 00000000 		.4byte	.LVL10
 1387 003d 07000000 		.4byte	.LVL11-1
 1388 0041 0100     		.2byte	0x1
 1389 0043 50       		.byte	0x50
 1390 0044 07000000 		.4byte	.LVL11-1
 1391 0048 18000000 		.4byte	.LVL14
 1392 004c 0100     		.2byte	0x1
 1393 004e 54       		.byte	0x54
 1394 004f 18000000 		.4byte	.LVL14
 1395 0053 20000000 		.4byte	.LFE65
 1396 0057 0400     		.2byte	0x4
 1397 0059 F3       		.byte	0xf3
 1398 005a 01       		.uleb128 0x1
 1399 005b 50       		.byte	0x50
 1400 005c 9F       		.byte	0x9f
 1401 005d 00000000 		.4byte	0
 1402 0061 00000000 		.4byte	0
 1403              	.LLST4:
 1404 0065 08000000 		.4byte	.LVL11
 1405 0069 0B000000 		.4byte	.LVL12-1
 1406 006d 0100     		.2byte	0x1
 1407 006f 50       		.byte	0x50
 1408 0070 00000000 		.4byte	0
 1409 0074 00000000 		.4byte	0
 1410              	.LLST5:
 1411 0078 14000000 		.4byte	.LVL16
 1412 007c 18000000 		.4byte	.LVL17
ARM GAS  C:\Users\Intern\AppData\Local\Temp\cclL3xBj.s 			page 27


 1413 0080 0200     		.2byte	0x2
 1414 0082 31       		.byte	0x31
 1415 0083 9F       		.byte	0x9f
 1416 0084 18000000 		.4byte	.LVL17
 1417 0088 30000000 		.4byte	.LVL20
 1418 008c 0100     		.2byte	0x1
 1419 008e 54       		.byte	0x54
 1420 008f 00000000 		.4byte	0
 1421 0093 00000000 		.4byte	0
 1422              	.LLST6:
 1423 0097 32000000 		.4byte	.LVL21
 1424 009b 48000000 		.4byte	.LVL25
 1425 009f 0100     		.2byte	0x1
 1426 00a1 54       		.byte	0x54
 1427 00a2 00000000 		.4byte	0
 1428 00a6 00000000 		.4byte	0
 1429              		.section	.debug_aranges,"",%progbits
 1430 0000 3C000000 		.4byte	0x3c
 1431 0004 0200     		.2byte	0x2
 1432 0006 00000000 		.4byte	.Ldebug_info0
 1433 000a 04       		.byte	0x4
 1434 000b 00       		.byte	0
 1435 000c 0000     		.2byte	0
 1436 000e 0000     		.2byte	0
 1437 0010 00000000 		.4byte	.LFB63
 1438 0014 24000000 		.4byte	.LFE63-.LFB63
 1439 0018 00000000 		.4byte	.LFB64
 1440 001c 2C000000 		.4byte	.LFE64-.LFB64
 1441 0020 00000000 		.4byte	.LFB65
 1442 0024 20000000 		.4byte	.LFE65-.LFB65
 1443 0028 00000000 		.4byte	.LFB66
 1444 002c 4A000000 		.4byte	.LFE66-.LFB66
 1445 0030 00000000 		.4byte	.LFB67
 1446 0034 48000000 		.4byte	.LFE67-.LFB67
 1447 0038 00000000 		.4byte	0
 1448 003c 00000000 		.4byte	0
 1449              		.section	.debug_ranges,"",%progbits
 1450              	.Ldebug_ranges0:
 1451 0000 00000000 		.4byte	.LFB63
 1452 0004 24000000 		.4byte	.LFE63
 1453 0008 00000000 		.4byte	.LFB64
 1454 000c 2C000000 		.4byte	.LFE64
 1455 0010 00000000 		.4byte	.LFB65
 1456 0014 20000000 		.4byte	.LFE65
 1457 0018 00000000 		.4byte	.LFB66
 1458 001c 4A000000 		.4byte	.LFE66
 1459 0020 00000000 		.4byte	.LFB67
 1460 0024 48000000 		.4byte	.LFE67
 1461 0028 00000000 		.4byte	0
 1462 002c 00000000 		.4byte	0
 1463              		.section	.debug_line,"",%progbits
 1464              	.Ldebug_line0:
 1465 0000 BD010000 		.section	.debug_str,"MS",%progbits,1
 1465      02003501 
 1465      00000201 
 1465      FB0E0D00 
 1465      01010101 
ARM GAS  C:\Users\Intern\AppData\Local\Temp\cclL3xBj.s 			page 28


 1466              	.LASF2:
 1467 0000 6C6F6E67 		.ascii	"long double\000"
 1467      20646F75 
 1467      626C6500 
 1468              	.LASF44:
 1469 000c 615F6775 		.ascii	"a_guva_pd_string\000"
 1469      76615F70 
 1469      645F7374 
 1469      72696E67 
 1469      00
 1470              	.LASF42:
 1471 001d 61646166 		.ascii	"adafruit_guva_get_pd_string\000"
 1471      72756974 
 1471      5F677576 
 1471      615F6765 
 1471      745F7064 
 1472              	.LASF5:
 1473 0039 73686F72 		.ascii	"short int\000"
 1473      7420696E 
 1473      7400
 1474              	.LASF36:
 1475 0043 61646166 		.ascii	"adafruit_guva_measure\000"
 1475      72756974 
 1475      5F677576 
 1475      615F6D65 
 1475      61737572 
 1476              	.LASF10:
 1477 0059 73697A65 		.ascii	"sizetype\000"
 1477      74797065 
 1477      00
 1478              	.LASF54:
 1479 0062 7374726C 		.ascii	"strlen\000"
 1479      656E00
 1480              	.LASF56:
 1481 0069 4379426C 		.ascii	"CyBle_GattsWriteAttributeValue\000"
 1481      655F4761 
 1481      74747357 
 1481      72697465 
 1481      41747472 
 1482              	.LASF47:
 1483 0088 66696E67 		.ascii	"fingerPos\000"
 1483      6572506F 
 1483      7300
 1484              	.LASF50:
 1485 0092 5254435F 		.ascii	"RTC_daysBeforeMonthTbl\000"
 1485      64617973 
 1485      4265666F 
 1485      72654D6F 
 1485      6E746854 
 1486              	.LASF1:
 1487 00a9 6C6F6E67 		.ascii	"long long int\000"
 1487      206C6F6E 
 1487      6720696E 
 1487      7400
 1488              	.LASF38:
 1489 00b7 61646166 		.ascii	"adafruit_guva_mv\000"
 1489      72756974 
ARM GAS  C:\Users\Intern\AppData\Local\Temp\cclL3xBj.s 			page 29


 1489      5F677576 
 1489      615F6D76 
 1489      00
 1490              	.LASF39:
 1491 00c8 61646166 		.ascii	"adafruit_guva_current\000"
 1491      72756974 
 1491      5F677576 
 1491      615F6375 
 1491      7272656E 
 1492              	.LASF27:
 1493 00de 4359424C 		.ascii	"CYBLE_STATE_STOPPED\000"
 1493      455F5354 
 1493      4154455F 
 1493      53544F50 
 1493      50454400 
 1494              	.LASF29:
 1495 00f2 4359424C 		.ascii	"CYBLE_STATE_CONNECTED\000"
 1495      455F5354 
 1495      4154455F 
 1495      434F4E4E 
 1495      45435445 
 1496              	.LASF23:
 1497 0108 76616C75 		.ascii	"value\000"
 1497      6500
 1498              	.LASF13:
 1499 010e 75696E74 		.ascii	"uint16\000"
 1499      313600
 1500              	.LASF58:
 1501 0115 474E5520 		.ascii	"GNU C11 5.4.1 20160609 (release) [ARM/embedded-5-br"
 1501      43313120 
 1501      352E342E 
 1501      31203230 
 1501      31363036 
 1502 0148 616E6368 		.ascii	"anch revision 237715] -mcpu=cortex-m0 -mthumb -g -O"
 1502      20726576 
 1502      6973696F 
 1502      6E203233 
 1502      37373135 
 1503 017b 67202D66 		.ascii	"g -ffunction-sections -ffat-lto-objects\000"
 1503      66756E63 
 1503      74696F6E 
 1503      2D736563 
 1503      74696F6E 
 1504              	.LASF55:
 1505 01a3 55415254 		.ascii	"UART_UartPutChar\000"
 1505      5F556172 
 1505      74507574 
 1505      43686172 
 1505      00
 1506              	.LASF12:
 1507 01b4 75696E74 		.ascii	"uint8\000"
 1507      3800
 1508              	.LASF49:
 1509 01ba 6379426C 		.ascii	"cyBle_connHandle\000"
 1509      655F636F 
 1509      6E6E4861 
 1509      6E646C65 
ARM GAS  C:\Users\Intern\AppData\Local\Temp\cclL3xBj.s 			page 30


 1509      00
 1510              	.LASF61:
 1511 01cb 61646166 		.ascii	"adafruit_guva_pd_string\000"
 1511      72756974 
 1511      5F677576 
 1511      615F7064 
 1511      5F737472 
 1512              	.LASF18:
 1513 01e3 62644861 		.ascii	"bdHandle\000"
 1513      6E646C65 
 1513      00
 1514              	.LASF43:
 1515 01ec 61646166 		.ascii	"adafruit_guva_uart\000"
 1515      72756974 
 1515      5F677576 
 1515      615F7561 
 1515      727400
 1516              	.LASF15:
 1517 01ff 666C6F61 		.ascii	"float\000"
 1517      7400
 1518              	.LASF59:
 1519 0205 61646166 		.ascii	"adafruit_guva.c\000"
 1519      72756974 
 1519      5F677576 
 1519      612E6300 
 1520              	.LASF26:
 1521 0215 4359424C 		.ascii	"CYBLE_GATTS_HANDLE_VALUE_NTF_T\000"
 1521      455F4741 
 1521      5454535F 
 1521      48414E44 
 1521      4C455F56 
 1522              	.LASF34:
 1523 0234 6164635F 		.ascii	"adc_counts_float\000"
 1523      636F756E 
 1523      74735F66 
 1523      6C6F6174 
 1523      00
 1524              	.LASF7:
 1525 0245 6C6F6E67 		.ascii	"long int\000"
 1525      20696E74 
 1525      00
 1526              	.LASF17:
 1527 024e 4359424C 		.ascii	"CYBLE_GATT_DB_ATTR_HANDLE_T\000"
 1527      455F4741 
 1527      54545F44 
 1527      425F4154 
 1527      54525F48 
 1528              	.LASF40:
 1529 026a 75765F70 		.ascii	"uv_pd\000"
 1529      6400
 1530              	.LASF53:
 1531 0270 73707269 		.ascii	"sprintf\000"
 1531      6E746600 
 1532              	.LASF4:
 1533 0278 756E7369 		.ascii	"unsigned char\000"
 1533      676E6564 
 1533      20636861 
ARM GAS  C:\Users\Intern\AppData\Local\Temp\cclL3xBj.s 			page 31


 1533      7200
 1534              	.LASF51:
 1535 0286 7664645F 		.ascii	"vdd_calibration\000"
 1535      63616C69 
 1535      62726174 
 1535      696F6E00 
 1536              	.LASF48:
 1537 0296 6379426C 		.ascii	"cyBle_state\000"
 1537      655F7374 
 1537      61746500 
 1538              	.LASF3:
 1539 02a2 7369676E 		.ascii	"signed char\000"
 1539      65642063 
 1539      68617200 
 1540              	.LASF9:
 1541 02ae 6C6F6E67 		.ascii	"long long unsigned int\000"
 1541      206C6F6E 
 1541      6720756E 
 1541      7369676E 
 1541      65642069 
 1542              	.LASF0:
 1543 02c5 756E7369 		.ascii	"unsigned int\000"
 1543      676E6564 
 1543      20696E74 
 1543      00
 1544              	.LASF60:
 1545 02d2 433A5C55 		.ascii	"C:\\Users\\Intern\\Documents\\GitHub\\UV-Sticker\\P"
 1545      73657273 
 1545      5C496E74 
 1545      65726E5C 
 1545      446F6375 
 1546 02ff 736F635C 		.ascii	"soc\\UV-Project\\UV-SG-TEMP.cydsn\000"
 1546      55562D50 
 1546      726F6A65 
 1546      63745C55 
 1546      562D5347 
 1547              	.LASF31:
 1548 031f 4359424C 		.ascii	"CYBLE_STATE_DISCONNECTED\000"
 1548      455F5354 
 1548      4154455F 
 1548      44495343 
 1548      4F4E4E45 
 1549              	.LASF32:
 1550 0338 4359424C 		.ascii	"CYBLE_STATE_T\000"
 1550      455F5354 
 1550      4154455F 
 1550      5400
 1551              	.LASF6:
 1552 0346 73686F72 		.ascii	"short unsigned int\000"
 1552      7420756E 
 1552      7369676E 
 1552      65642069 
 1552      6E7400
 1553              	.LASF11:
 1554 0359 63686172 		.ascii	"char\000"
 1554      00
 1555              	.LASF33:
ARM GAS  C:\Users\Intern\AppData\Local\Temp\cclL3xBj.s 			page 32


 1556 035e 70645F63 		.ascii	"pd_channel\000"
 1556      68616E6E 
 1556      656C00
 1557              	.LASF22:
 1558 0369 4359424C 		.ascii	"CYBLE_GATT_VALUE_T\000"
 1558      455F4741 
 1558      54545F56 
 1558      414C5545 
 1558      5F5400
 1559              	.LASF28:
 1560 037c 4359424C 		.ascii	"CYBLE_STATE_INITIALIZING\000"
 1560      455F5354 
 1560      4154455F 
 1560      494E4954 
 1560      49414C49 
 1561              	.LASF35:
 1562 0395 6D696C6C 		.ascii	"milli_volts\000"
 1562      695F766F 
 1562      6C747300 
 1563              	.LASF46:
 1564 03a1 74656D70 		.ascii	"tempHandle\000"
 1564      48616E64 
 1564      6C6500
 1565              	.LASF30:
 1566 03ac 4359424C 		.ascii	"CYBLE_STATE_ADVERTISING\000"
 1566      455F5354 
 1566      4154455F 
 1566      41445645 
 1566      52544953 
 1567              	.LASF14:
 1568 03c4 75696E74 		.ascii	"uint32\000"
 1568      333200
 1569              	.LASF57:
 1570 03cb 4379426C 		.ascii	"CyBle_GattsNotification\000"
 1570      655F4761 
 1570      7474734E 
 1570      6F746966 
 1570      69636174 
 1571              	.LASF8:
 1572 03e3 6C6F6E67 		.ascii	"long unsigned int\000"
 1572      20756E73 
 1572      69676E65 
 1572      6420696E 
 1572      7400
 1573              	.LASF24:
 1574 03f5 61747472 		.ascii	"attrHandle\000"
 1574      48616E64 
 1574      6C6500
 1575              	.LASF16:
 1576 0400 646F7562 		.ascii	"double\000"
 1576      6C6500
 1577              	.LASF20:
 1578 0407 4359424C 		.ascii	"CYBLE_CONN_HANDLE_T\000"
 1578      455F434F 
 1578      4E4E5F48 
 1578      414E444C 
 1578      455F5400 
ARM GAS  C:\Users\Intern\AppData\Local\Temp\cclL3xBj.s 			page 33


 1579              	.LASF25:
 1580 041b 4359424C 		.ascii	"CYBLE_GATT_HANDLE_VALUE_PAIR_T\000"
 1580      455F4741 
 1580      54545F48 
 1580      414E444C 
 1580      455F5641 
 1581              	.LASF21:
 1582 043a 61637475 		.ascii	"actualLen\000"
 1582      616C4C65 
 1582      6E00
 1583              	.LASF41:
 1584 0444 61646166 		.ascii	"adafruit_guva_pd\000"
 1584      72756974 
 1584      5F677576 
 1584      615F7064 
 1584      00
 1585              	.LASF45:
 1586 0455 615F6775 		.ascii	"a_guva_uart_string\000"
 1586      76615F75 
 1586      6172745F 
 1586      73747269 
 1586      6E6700
 1587              	.LASF37:
 1588 0468 61646166 		.ascii	"adafruit_guva_get_pd\000"
 1588      72756974 
 1588      5F677576 
 1588      615F6765 
 1588      745F7064 
 1589              	.LASF62:
 1590 047d 75706461 		.ascii	"updateCapsense\000"
 1590      74654361 
 1590      7073656E 
 1590      736500
 1591              	.LASF52:
 1592 048c 6164635F 		.ascii	"adc_acquire_channel\000"
 1592      61637175 
 1592      6972655F 
 1592      6368616E 
 1592      6E656C00 
 1593              	.LASF19:
 1594 04a0 61747449 		.ascii	"attId\000"
 1594      6400
 1595              		.ident	"GCC: (GNU Tools for ARM Embedded Processors) 5.4.1 20160609 (release) [ARM/embedded-5-bran
