ARM GAS  C:\Users\Intern\AppData\Local\Temp\ccO2TIpE.s 			page 1


   1              		.syntax unified
   2              		.cpu cortex-m0
   3              		.fpu softvfp
   4              		.eabi_attribute 20, 1
   5              		.eabi_attribute 21, 1
   6              		.eabi_attribute 23, 3
   7              		.eabi_attribute 24, 1
   8              		.eabi_attribute 25, 1
   9              		.eabi_attribute 26, 1
  10              		.eabi_attribute 30, 1
  11              		.eabi_attribute 34, 0
  12              		.eabi_attribute 18, 4
  13              		.thumb
  14              		.syntax unified
  15              		.file	"battery.c"
  16              		.text
  17              	.Ltext0:
  18              		.cfi_sections	.debug_frame
  19              		.global	__aeabi_idiv
  20              		.global	__aeabi_uidiv
  21              		.section	.text.measure_battery,"ax",%progbits
  22              		.align	2
  23              		.global	measure_battery
  24              		.code	16
  25              		.thumb_func
  26              		.type	measure_battery, %function
  27              	measure_battery:
  28              	.LFB62:
  29              		.file 1 "battery.c"
   1:battery.c     **** #include "battery.h"
   2:battery.c     **** 
   3:battery.c     **** uint16 batterySimulationNotify = 0u;
   4:battery.c     **** uint16 batteryMeasureNotify = 0u;
   5:battery.c     **** 
   6:battery.c     **** /*******************************************************************************
   7:battery.c     **** * Function Name: MeasureBattery()
   8:battery.c     **** ********************************************************************************
   9:battery.c     **** *
  10:battery.c     **** * Summary:
  11:battery.c     **** *   This function measures the battery voltage and sends it to the client.
  12:battery.c     **** *
  13:battery.c     **** *******************************************************************************/
  14:battery.c     **** uint8 measure_battery(void)
  15:battery.c     **** {       
  30              		.loc 1 15 0
  31              		.cfi_startproc
  32              		@ args = 0, pretend = 0, frame = 0
  33              		@ frame_needed = 0, uses_anonymous_args = 0
  34 0000 70B5     		push	{r4, r5, r6, lr}
  35              		.cfi_def_cfa_offset 16
  36              		.cfi_offset 4, -16
  37              		.cfi_offset 5, -12
  38              		.cfi_offset 6, -8
  39              		.cfi_offset 14, -4
  16:battery.c     **** 	/* Set the reference to 1.024V and enable reference bypass */
  17:battery.c     **** 	uint32 sarControlReg = ADC_SAR_CTRL_REG & ~ADC_VREF_MASK;
  40              		.loc 1 17 0
ARM GAS  C:\Users\Intern\AppData\Local\Temp\ccO2TIpE.s 			page 2


  41 0002 214C     		ldr	r4, .L6
  42 0004 2368     		ldr	r3, [r4]
  43 0006 F025     		movs	r5, #240
  44 0008 AB43     		bics	r3, r5
  45              	.LVL0:
  18:battery.c     **** 	ADC_SAR_CTRL_REG = sarControlReg | ADC_VREF_INTERNAL1024BYPASSED;
  46              		.loc 1 18 0
  47 000a C022     		movs	r2, #192
  48 000c 1343     		orrs	r3, r2
  49              	.LVL1:
  50 000e 2360     		str	r3, [r4]
  19:battery.c     **** 	            
  20:battery.c     **** 	/* 25 ms delay for reference capacitor to charge */
  21:battery.c     **** 	/* Perform a measurement. Store this value in Vref. */
  22:battery.c     **** 	CyDelay(25u);
  51              		.loc 1 22 0
  52 0010 1920     		movs	r0, #25
  53 0012 FFF7FEFF 		bl	CyDelay
  54              	.LVL2:
  23:battery.c     **** 	ADC_StartConvert();
  55              		.loc 1 23 0
  56 0016 FFF7FEFF 		bl	ADC_StartConvert
  57              	.LVL3:
  24:battery.c     **** 	ADC_IsEndConversion(ADC_WAIT_FOR_RESULT);
  58              		.loc 1 24 0
  59 001a 0220     		movs	r0, #2
  60 001c FFF7FEFF 		bl	ADC_IsEndConversion
  61              	.LVL4:
  25:battery.c     **** 
  26:battery.c     ****     uint16 adcResult = ADC_GetResult16(BATTERY_CHANNEL);
  62              		.loc 1 26 0
  63 0020 0220     		movs	r0, #2
  64 0022 FFF7FEFF 		bl	ADC_GetResult16
  65              	.LVL5:
  66 0026 81B2     		uxth	r1, r0
  67              	.LVL6:
  27:battery.c     **** 	/* Calculate input voltage by using ratio of ADC counts from reference
  28:battery.c     **** 	*  and ADC Full Scale counts. */
  29:battery.c     ****             
  30:battery.c     ****     /* Set the reference to VDD and disable reference bypass */
  31:battery.c     **** 	sarControlReg = ADC_SAR_CTRL_REG & ~ADC_VREF_MASK;
  68              		.loc 1 31 0
  69 0028 2368     		ldr	r3, [r4]
  70 002a AB43     		bics	r3, r5
  71              	.LVL7:
  32:battery.c     **** 	ADC_SAR_CTRL_REG = sarControlReg | ADC_VREF_VDDA;
  72              		.loc 1 32 0
  73 002c 7022     		movs	r2, #112
  74 002e 1343     		orrs	r3, r2
  75              	.LVL8:
  76 0030 2360     		str	r3, [r4]
  33:battery.c     ****     
  34:battery.c     **** 	uint32 mvolts = (1024 * 2048) / adcResult;
  77              		.loc 1 34 0
  78 0032 8020     		movs	r0, #128
  79 0034 8003     		lsls	r0, r0, #14
  80 0036 FFF7FEFF 		bl	__aeabi_idiv
ARM GAS  C:\Users\Intern\AppData\Local\Temp\ccO2TIpE.s 			page 3


  81              	.LVL9:
  35:battery.c     ****     
  36:battery.c     ****     /* Convert battery level voltage to percentage using linear approximation
  37:battery.c     ****     *  divided to two sections according to typical performance of 
  38:battery.c     ****     *  CR2033 battery specification:
  39:battery.c     ****     *  3V - 100%
  40:battery.c     ****     *  2.8V - 29%
  41:battery.c     ****     *  2.0V - 0%
  42:battery.c     ****     */
  43:battery.c     ****     uint8 batteryLevel;
  44:battery.c     ****     if(mvolts < MEASURE_BATTERY_MIN)
  82              		.loc 1 44 0
  83 003a 144A     		ldr	r2, .L6+4
  84 003c 9042     		cmp	r0, r2
  85 003e 1FD9     		bls	.L4
  45:battery.c     ****     {
  46:battery.c     ****         batteryLevel = 0;
  47:battery.c     ****     }
  48:battery.c     ****     else if(mvolts < MEASURE_BATTERY_MID)
  86              		.loc 1 48 0
  87 0040 134A     		ldr	r2, .L6+8
  88 0042 9042     		cmp	r0, r2
  89 0044 0CD8     		bhi	.L3
  49:battery.c     ****     {
  50:battery.c     ****         batteryLevel = (mvolts - MEASURE_BATTERY_MIN) * MEASURE_BATTERY_MID_PERCENT / 
  90              		.loc 1 50 0
  91 0046 C300     		lsls	r3, r0, #3
  92 0048 1B1A     		subs	r3, r3, r0
  93 004a 9B00     		lsls	r3, r3, #2
  94 004c 1818     		adds	r0, r3, r0
  95              	.LVL10:
  96 004e 114B     		ldr	r3, .L6+12
  97 0050 9C46     		mov	ip, r3
  98 0052 6044     		add	r0, r0, ip
  99 0054 C821     		movs	r1, #200
 100 0056 8900     		lsls	r1, r1, #2
 101 0058 FFF7FEFF 		bl	__aeabi_uidiv
 102              	.LVL11:
 103 005c C0B2     		uxtb	r0, r0
 104              	.LVL12:
 105 005e 12E0     		b	.L2
 106              	.LVL13:
 107              	.L3:
  51:battery.c     ****                        (MEASURE_BATTERY_MID - MEASURE_BATTERY_MIN); 
  52:battery.c     ****     }
  53:battery.c     ****     else if(mvolts < MEASURE_BATTERY_MAX)
 108              		.loc 1 53 0
 109 0060 0D4A     		ldr	r2, .L6+16
 110 0062 9042     		cmp	r0, r2
 111 0064 0ED8     		bhi	.L5
  54:battery.c     ****     {
  55:battery.c     ****         batteryLevel = MEASURE_BATTERY_MID_PERCENT +
  56:battery.c     ****                        (mvolts - MEASURE_BATTERY_MID) * (100 - MEASURE_BATTERY_MID_PERCENT) / 
 112              		.loc 1 56 0
 113 0066 C300     		lsls	r3, r0, #3
 114 0068 1B18     		adds	r3, r3, r0
 115 006a DB00     		lsls	r3, r3, #3
ARM GAS  C:\Users\Intern\AppData\Local\Temp\ccO2TIpE.s 			page 4


 116 006c 181A     		subs	r0, r3, r0
 117              	.LVL14:
 118 006e 0B4B     		ldr	r3, .L6+20
 119 0070 9C46     		mov	ip, r3
 120 0072 6044     		add	r0, r0, ip
 121 0074 C821     		movs	r1, #200
 122 0076 FFF7FEFF 		bl	__aeabi_uidiv
 123              	.LVL15:
  55:battery.c     ****                        (mvolts - MEASURE_BATTERY_MID) * (100 - MEASURE_BATTERY_MID_PERCENT) / 
 124              		.loc 1 55 0
 125 007a 1D30     		adds	r0, r0, #29
 126 007c C0B2     		uxtb	r0, r0
 127              	.LVL16:
 128 007e 02E0     		b	.L2
 129              	.LVL17:
 130              	.L4:
  46:battery.c     ****     }
 131              		.loc 1 46 0
 132 0080 0020     		movs	r0, #0
 133              	.LVL18:
 134 0082 00E0     		b	.L2
 135              	.LVL19:
 136              	.L5:
  57:battery.c     ****                        (MEASURE_BATTERY_MAX - MEASURE_BATTERY_MID); 
  58:battery.c     ****     }
  59:battery.c     ****     else
  60:battery.c     ****     {
  61:battery.c     ****         batteryLevel = 100;
 137              		.loc 1 61 0
 138 0084 6420     		movs	r0, #100
 139              	.LVL20:
 140              	.L2:
  62:battery.c     ****     }
  63:battery.c     ****     return batteryLevel;    
  64:battery.c     **** }
 141              		.loc 1 64 0
 142              		@ sp needed
 143 0086 70BD     		pop	{r4, r5, r6, pc}
 144              	.L7:
 145              		.align	2
 146              	.L6:
 147 0088 00003A40 		.word	1077542912
 148 008c CF070000 		.word	1999
 149 0090 EF0A0000 		.word	2799
 150 0094 701DFFFF 		.word	-58000
 151 0098 B70B0000 		.word	2999
 152 009c 70F7FCFF 		.word	-198800
 153              		.cfi_endproc
 154              	.LFE62:
 155              		.size	measure_battery, .-measure_battery
 156              		.section	.text.update_battery,"ax",%progbits
 157              		.align	2
 158              		.global	update_battery
 159              		.code	16
 160              		.thumb_func
 161              		.type	update_battery, %function
 162              	update_battery:
ARM GAS  C:\Users\Intern\AppData\Local\Temp\ccO2TIpE.s 			page 5


 163              	.LFB63:
  65:battery.c     **** 
  66:battery.c     **** //Reads the state of the LED and writes that value into the GATT Database
  67:battery.c     **** void update_battery()
  68:battery.c     **** {
 164              		.loc 1 68 0
 165              		.cfi_startproc
 166              		@ args = 0, pretend = 0, frame = 16
 167              		@ frame_needed = 0, uses_anonymous_args = 0
 168 0000 30B5     		push	{r4, r5, lr}
 169              		.cfi_def_cfa_offset 12
 170              		.cfi_offset 4, -12
 171              		.cfi_offset 5, -8
 172              		.cfi_offset 14, -4
 173 0002 85B0     		sub	sp, sp, #20
 174              		.cfi_def_cfa_offset 32
  69:battery.c     ****     CYBLE_GATTS_HANDLE_VALUE_NTF_T tempHandle; //Temporary BLE Handle
  70:battery.c     ****     
  71:battery.c     ****     //If not connected, no need to update GATT Database/Server
  72:battery.c     ****     if(CyBle_GetState() != CYBLE_STATE_CONNECTED)
 175              		.loc 1 72 0
 176 0004 0F4B     		ldr	r3, .L11
 177 0006 1B78     		ldrb	r3, [r3]
 178 0008 022B     		cmp	r3, #2
 179 000a 18D1     		bne	.L8
  73:battery.c     ****     {
  74:battery.c     ****         return; //Leaves the function update_battery()
  75:battery.c     ****     }
  76:battery.c     ****     uint8 battery_level = measure_battery();
 180              		.loc 1 76 0
 181 000c FFF7FEFF 		bl	measure_battery
 182              	.LVL21:
 183 0010 6B46     		mov	r3, sp
 184 0012 D870     		strb	r0, [r3, #3]
 185 0014 0333     		adds	r3, r3, #3
  77:battery.c     ****     
  78:battery.c     ****     tempHandle.attrHandle = CYBLE_BATTERY_BATTERY_LEVEL_CHAR_HANDLE;
 186              		.loc 1 78 0
 187 0016 01AC     		add	r4, sp, #4
 188 0018 1922     		movs	r2, #25
 189 001a 2281     		strh	r2, [r4, #8]
  79:battery.c     ****     tempHandle.value.val = (uint8 *)&battery_level; //Casting the pointer as an 8 bit pointer
 190              		.loc 1 79 0
 191 001c 0193     		str	r3, [sp, #4]
  80:battery.c     ****     tempHandle.value.len = 1; //Uint8 value is stored as 1 8 bit unsigned integer
 192              		.loc 1 80 0
 193 001e 0123     		movs	r3, #1
 194 0020 A380     		strh	r3, [r4, #4]
  81:battery.c     ****     CyBle_GattsWriteAttributeValue(&tempHandle, 0, &cyBle_connHandle, 0); //Writing new value to Ga
 195              		.loc 1 81 0
 196 0022 094D     		ldr	r5, .L11+4
 197 0024 0023     		movs	r3, #0
 198 0026 2A00     		movs	r2, r5
 199 0028 0021     		movs	r1, #0
 200 002a 2000     		movs	r0, r4
 201 002c FFF7FEFF 		bl	CyBle_GattsWriteAttributeValue
 202              	.LVL22:
ARM GAS  C:\Users\Intern\AppData\Local\Temp\ccO2TIpE.s 			page 6


  82:battery.c     ****     CyBle_GattsNotification(cyBle_connHandle, &tempHandle); //Sends out Notification to Gatt Centra
 203              		.loc 1 82 0
 204 0030 2B78     		ldrb	r3, [r5]
 205 0032 6878     		ldrb	r0, [r5, #1]
 206 0034 0002     		lsls	r0, r0, #8
 207 0036 1843     		orrs	r0, r3
 208 0038 2100     		movs	r1, r4
 209 003a FFF7FEFF 		bl	CyBle_GattsNotification
 210              	.LVL23:
 211              	.L8:
  83:battery.c     **** }
 212              		.loc 1 83 0
 213 003e 05B0     		add	sp, sp, #20
 214              		@ sp needed
 215 0040 30BD     		pop	{r4, r5, pc}
 216              	.L12:
 217 0042 C046     		.align	2
 218              	.L11:
 219 0044 00000000 		.word	cyBle_state
 220 0048 00000000 		.word	cyBle_connHandle
 221              		.cfi_endproc
 222              	.LFE63:
 223              		.size	update_battery, .-update_battery
 224              		.global	batteryMeasureNotify
 225              		.global	batterySimulationNotify
 226              		.bss
 227              		.align	1
 228              		.type	batteryMeasureNotify, %object
 229              		.size	batteryMeasureNotify, 2
 230              	batteryMeasureNotify:
 231 0000 0000     		.space	2
 232              		.type	batterySimulationNotify, %object
 233              		.size	batterySimulationNotify, 2
 234              	batterySimulationNotify:
 235 0002 0000     		.space	2
 236              		.text
 237              	.Letext0:
 238              		.file 2 "Generated_Source\\PSoC4/cytypes.h"
 239              		.file 3 "Generated_Source\\PSoC4/BLE_StackGatt.h"
 240              		.file 4 "Generated_Source\\PSoC4/BLE_StackGattServer.h"
 241              		.file 5 "Generated_Source\\PSoC4/BLE_Stack.h"
 242              		.file 6 "Generated_Source\\PSoC4/BLE_eventHandler.h"
 243              		.file 7 "Generated_Source\\PSoC4/CyLib.h"
 244              		.file 8 "Generated_Source\\PSoC4/ADC.h"
 245              		.file 9 "Generated_Source\\PSoC4/BLE_StackGattDb.h"
 246              		.section	.debug_info,"",%progbits
 247              	.Ldebug_info0:
 248 0000 F0040000 		.4byte	0x4f0
 249 0004 0400     		.2byte	0x4
 250 0006 00000000 		.4byte	.Ldebug_abbrev0
 251 000a 04       		.byte	0x4
 252 000b 01       		.uleb128 0x1
 253 000c 70010000 		.4byte	.LASF122
 254 0010 0C       		.byte	0xc
 255 0011 3D040000 		.4byte	.LASF123
 256 0015 CE0A0000 		.4byte	.LASF124
 257 0019 00000000 		.4byte	.Ldebug_ranges0+0
ARM GAS  C:\Users\Intern\AppData\Local\Temp\ccO2TIpE.s 			page 7


 258 001d 00000000 		.4byte	0
 259 0021 00000000 		.4byte	.Ldebug_line0
 260 0025 02       		.uleb128 0x2
 261 0026 04       		.byte	0x4
 262 0027 05       		.byte	0x5
 263 0028 696E7400 		.ascii	"int\000"
 264 002c 03       		.uleb128 0x3
 265 002d 04       		.byte	0x4
 266 002e 07       		.byte	0x7
 267 002f D2040000 		.4byte	.LASF0
 268 0033 03       		.uleb128 0x3
 269 0034 08       		.byte	0x8
 270 0035 05       		.byte	0x5
 271 0036 F0020000 		.4byte	.LASF1
 272 003a 03       		.uleb128 0x3
 273 003b 08       		.byte	0x8
 274 003c 04       		.byte	0x4
 275 003d 450A0000 		.4byte	.LASF2
 276 0041 03       		.uleb128 0x3
 277 0042 01       		.byte	0x1
 278 0043 06       		.byte	0x6
 279 0044 FE020000 		.4byte	.LASF3
 280 0048 03       		.uleb128 0x3
 281 0049 01       		.byte	0x1
 282 004a 08       		.byte	0x8
 283 004b 4E090000 		.4byte	.LASF4
 284 004f 03       		.uleb128 0x3
 285 0050 02       		.byte	0x2
 286 0051 05       		.byte	0x5
 287 0052 87090000 		.4byte	.LASF5
 288 0056 03       		.uleb128 0x3
 289 0057 02       		.byte	0x2
 290 0058 07       		.byte	0x7
 291 0059 B7050000 		.4byte	.LASF6
 292 005d 03       		.uleb128 0x3
 293 005e 04       		.byte	0x4
 294 005f 05       		.byte	0x5
 295 0060 67010000 		.4byte	.LASF7
 296 0064 03       		.uleb128 0x3
 297 0065 04       		.byte	0x4
 298 0066 07       		.byte	0x7
 299 0067 0E050000 		.4byte	.LASF8
 300 006b 03       		.uleb128 0x3
 301 006c 08       		.byte	0x8
 302 006d 07       		.byte	0x7
 303 006e FE010000 		.4byte	.LASF9
 304 0072 03       		.uleb128 0x3
 305 0073 04       		.byte	0x4
 306 0074 07       		.byte	0x7
 307 0075 9C070000 		.4byte	.LASF10
 308 0079 03       		.uleb128 0x3
 309 007a 01       		.byte	0x1
 310 007b 08       		.byte	0x8
 311 007c 690A0000 		.4byte	.LASF11
 312 0080 04       		.uleb128 0x4
 313 0081 E3030000 		.4byte	.LASF12
 314 0085 02       		.byte	0x2
ARM GAS  C:\Users\Intern\AppData\Local\Temp\ccO2TIpE.s 			page 8


 315 0086 D201     		.2byte	0x1d2
 316 0088 48000000 		.4byte	0x48
 317 008c 04       		.uleb128 0x4
 318 008d 5C090000 		.4byte	.LASF13
 319 0091 02       		.byte	0x2
 320 0092 D301     		.2byte	0x1d3
 321 0094 56000000 		.4byte	0x56
 322 0098 04       		.uleb128 0x4
 323 0099 47040000 		.4byte	.LASF14
 324 009d 02       		.byte	0x2
 325 009e D401     		.2byte	0x1d4
 326 00a0 64000000 		.4byte	0x64
 327 00a4 03       		.uleb128 0x3
 328 00a5 04       		.byte	0x4
 329 00a6 04       		.byte	0x4
 330 00a7 3D090000 		.4byte	.LASF15
 331 00ab 03       		.uleb128 0x3
 332 00ac 08       		.byte	0x8
 333 00ad 04       		.byte	0x4
 334 00ae 08040000 		.4byte	.LASF16
 335 00b2 04       		.uleb128 0x4
 336 00b3 0C070000 		.4byte	.LASF17
 337 00b7 02       		.byte	0x2
 338 00b8 7E02     		.2byte	0x27e
 339 00ba BE000000 		.4byte	0xbe
 340 00be 05       		.uleb128 0x5
 341 00bf 98000000 		.4byte	0x98
 342 00c3 06       		.uleb128 0x6
 343 00c4 01       		.byte	0x1
 344 00c5 48000000 		.4byte	0x48
 345 00c9 05       		.byte	0x5
 346 00ca 3501     		.2byte	0x135
 347 00cc 81020000 		.4byte	0x281
 348 00d0 07       		.uleb128 0x7
 349 00d1 CA050000 		.4byte	.LASF18
 350 00d5 00       		.byte	0
 351 00d6 07       		.uleb128 0x7
 352 00d7 0A030000 		.4byte	.LASF19
 353 00db 01       		.byte	0x1
 354 00dc 07       		.uleb128 0x7
 355 00dd 55010000 		.4byte	.LASF20
 356 00e1 02       		.byte	0x2
 357 00e2 07       		.uleb128 0x7
 358 00e3 3E0B0000 		.4byte	.LASF21
 359 00e7 03       		.byte	0x3
 360 00e8 07       		.uleb128 0x7
 361 00e9 28020000 		.4byte	.LASF22
 362 00ed 04       		.byte	0x4
 363 00ee 07       		.uleb128 0x7
 364 00ef 23000000 		.4byte	.LASF23
 365 00f3 05       		.byte	0x5
 366 00f4 07       		.uleb128 0x7
 367 00f5 FF050000 		.4byte	.LASF24
 368 00f9 06       		.byte	0x6
 369 00fa 07       		.uleb128 0x7
 370 00fb 12070000 		.4byte	.LASF25
 371 00ff 20       		.byte	0x20
ARM GAS  C:\Users\Intern\AppData\Local\Temp\ccO2TIpE.s 			page 9


 372 0100 07       		.uleb128 0x7
 373 0101 46030000 		.4byte	.LASF26
 374 0105 21       		.byte	0x21
 375 0106 07       		.uleb128 0x7
 376 0107 18060000 		.4byte	.LASF27
 377 010b 22       		.byte	0x22
 378 010c 07       		.uleb128 0x7
 379 010d 88060000 		.4byte	.LASF28
 380 0111 23       		.byte	0x23
 381 0112 07       		.uleb128 0x7
 382 0113 95080000 		.4byte	.LASF29
 383 0117 24       		.byte	0x24
 384 0118 07       		.uleb128 0x7
 385 0119 DD070000 		.4byte	.LASF30
 386 011d 25       		.byte	0x25
 387 011e 07       		.uleb128 0x7
 388 011f BB030000 		.4byte	.LASF31
 389 0123 26       		.byte	0x26
 390 0124 07       		.uleb128 0x7
 391 0125 3C060000 		.4byte	.LASF32
 392 0129 27       		.byte	0x27
 393 012a 07       		.uleb128 0x7
 394 012b 6E0A0000 		.4byte	.LASF33
 395 012f 28       		.byte	0x28
 396 0130 07       		.uleb128 0x7
 397 0131 92020000 		.4byte	.LASF34
 398 0135 29       		.byte	0x29
 399 0136 07       		.uleb128 0x7
 400 0137 86000000 		.4byte	.LASF35
 401 013b 2A       		.byte	0x2a
 402 013c 07       		.uleb128 0x7
 403 013d 1D030000 		.4byte	.LASF36
 404 0141 2B       		.byte	0x2b
 405 0142 07       		.uleb128 0x7
 406 0143 F40B0000 		.4byte	.LASF37
 407 0147 2C       		.byte	0x2c
 408 0148 07       		.uleb128 0x7
 409 0149 AF020000 		.4byte	.LASF38
 410 014d 2D       		.byte	0x2d
 411 014e 07       		.uleb128 0x7
 412 014f 63090000 		.4byte	.LASF39
 413 0153 2E       		.byte	0x2e
 414 0154 07       		.uleb128 0x7
 415 0155 D0000000 		.4byte	.LASF40
 416 0159 2F       		.byte	0x2f
 417 015a 07       		.uleb128 0x7
 418 015b 43080000 		.4byte	.LASF41
 419 015f 30       		.byte	0x30
 420 0160 07       		.uleb128 0x7
 421 0161 5F0C0000 		.4byte	.LASF42
 422 0165 31       		.byte	0x31
 423 0166 07       		.uleb128 0x7
 424 0167 22080000 		.4byte	.LASF43
 425 016b 32       		.byte	0x32
 426 016c 07       		.uleb128 0x7
 427 016d 1E0A0000 		.4byte	.LASF44
 428 0171 33       		.byte	0x33
ARM GAS  C:\Users\Intern\AppData\Local\Temp\ccO2TIpE.s 			page 10


 429 0172 07       		.uleb128 0x7
 430 0173 20050000 		.4byte	.LASF45
 431 0177 34       		.byte	0x34
 432 0178 07       		.uleb128 0x7
 433 0179 64080000 		.4byte	.LASF46
 434 017d 35       		.byte	0x35
 435 017e 07       		.uleb128 0x7
 436 017f 5B060000 		.4byte	.LASF47
 437 0183 36       		.byte	0x36
 438 0184 07       		.uleb128 0x7
 439 0185 3C070000 		.4byte	.LASF48
 440 0189 37       		.byte	0x37
 441 018a 07       		.uleb128 0x7
 442 018b 040A0000 		.4byte	.LASF49
 443 018f 40       		.byte	0x40
 444 0190 07       		.uleb128 0x7
 445 0191 C6060000 		.4byte	.LASF50
 446 0195 41       		.byte	0x41
 447 0196 07       		.uleb128 0x7
 448 0197 9F0C0000 		.4byte	.LASF51
 449 019b 42       		.byte	0x42
 450 019c 07       		.uleb128 0x7
 451 019d 5F0B0000 		.4byte	.LASF52
 452 01a1 43       		.byte	0x43
 453 01a2 07       		.uleb128 0x7
 454 01a3 52050000 		.4byte	.LASF53
 455 01a7 44       		.byte	0x44
 456 01a8 07       		.uleb128 0x7
 457 01a9 16090000 		.4byte	.LASF54
 458 01ad 45       		.byte	0x45
 459 01ae 07       		.uleb128 0x7
 460 01af 7B070000 		.4byte	.LASF55
 461 01b3 46       		.byte	0x46
 462 01b4 07       		.uleb128 0x7
 463 01b5 E1050000 		.4byte	.LASF56
 464 01b9 47       		.byte	0x47
 465 01ba 07       		.uleb128 0x7
 466 01bb CD0B0000 		.4byte	.LASF57
 467 01bf 48       		.byte	0x48
 468 01c0 07       		.uleb128 0x7
 469 01c1 5D030000 		.4byte	.LASF58
 470 01c5 49       		.byte	0x49
 471 01c6 07       		.uleb128 0x7
 472 01c7 8B0B0000 		.4byte	.LASF59
 473 01cb 4A       		.byte	0x4a
 474 01cc 07       		.uleb128 0x7
 475 01cd F9000000 		.4byte	.LASF60
 476 01d1 4B       		.byte	0x4b
 477 01d2 07       		.uleb128 0x7
 478 01d3 38050000 		.4byte	.LASF61
 479 01d7 4C       		.byte	0x4c
 480 01d8 07       		.uleb128 0x7
 481 01d9 08080000 		.4byte	.LASF62
 482 01dd 4D       		.byte	0x4d
 483 01de 07       		.uleb128 0x7
 484 01df 84030000 		.4byte	.LASF63
 485 01e3 4E       		.byte	0x4e
ARM GAS  C:\Users\Intern\AppData\Local\Temp\ccO2TIpE.s 			page 11


 486 01e4 07       		.uleb128 0x7
 487 01e5 C4090000 		.4byte	.LASF64
 488 01e9 4F       		.byte	0x4f
 489 01ea 07       		.uleb128 0x7
 490 01eb 18010000 		.4byte	.LASF65
 491 01ef 50       		.byte	0x50
 492 01f0 07       		.uleb128 0x7
 493 01f1 E9030000 		.4byte	.LASF66
 494 01f5 51       		.byte	0x51
 495 01f6 07       		.uleb128 0x7
 496 01f7 B1080000 		.4byte	.LASF67
 497 01fb 52       		.byte	0x52
 498 01fc 07       		.uleb128 0x7
 499 01fd 91090000 		.4byte	.LASF68
 500 0201 53       		.byte	0x53
 501 0202 07       		.uleb128 0x7
 502 0203 E3090000 		.4byte	.LASF69
 503 0207 54       		.byte	0x54
 504 0208 07       		.uleb128 0x7
 505 0209 70050000 		.4byte	.LASF70
 506 020d 55       		.byte	0x55
 507 020e 07       		.uleb128 0x7
 508 020f B0040000 		.4byte	.LASF71
 509 0213 56       		.byte	0x56
 510 0214 07       		.uleb128 0x7
 511 0215 900A0000 		.4byte	.LASF72
 512 0219 57       		.byte	0x57
 513 021a 07       		.uleb128 0x7
 514 021b 94050000 		.4byte	.LASF73
 515 021f 58       		.byte	0x58
 516 0220 07       		.uleb128 0x7
 517 0221 6C020000 		.4byte	.LASF74
 518 0225 70       		.byte	0x70
 519 0226 07       		.uleb128 0x7
 520 0227 390C0000 		.4byte	.LASF75
 521 022b 71       		.byte	0x71
 522 022c 07       		.uleb128 0x7
 523 022d F0060000 		.4byte	.LASF76
 524 0231 72       		.byte	0x72
 525 0232 07       		.uleb128 0x7
 526 0233 37010000 		.4byte	.LASF77
 527 0237 73       		.byte	0x73
 528 0238 07       		.uleb128 0x7
 529 0239 F8080000 		.4byte	.LASF78
 530 023d 74       		.byte	0x74
 531 023e 07       		.uleb128 0x7
 532 023f 0F040000 		.4byte	.LASF79
 533 0243 75       		.byte	0x75
 534 0244 07       		.uleb128 0x7
 535 0245 AF000000 		.4byte	.LASF80
 536 0249 76       		.byte	0x76
 537 024a 07       		.uleb128 0x7
 538 024b 53000000 		.4byte	.LASF81
 539 024f 77       		.byte	0x77
 540 0250 07       		.uleb128 0x7
 541 0251 00000000 		.4byte	.LASF82
 542 0255 78       		.byte	0x78
ARM GAS  C:\Users\Intern\AppData\Local\Temp\ccO2TIpE.s 			page 12


 543 0256 07       		.uleb128 0x7
 544 0257 1B0B0000 		.4byte	.LASF83
 545 025b 79       		.byte	0x79
 546 025c 07       		.uleb128 0x7
 547 025d 5C040000 		.4byte	.LASF84
 548 0261 7A       		.byte	0x7a
 549 0262 07       		.uleb128 0x7
 550 0263 3D020000 		.4byte	.LASF85
 551 0267 FA       		.byte	0xfa
 552 0268 07       		.uleb128 0x7
 553 0269 DF040000 		.4byte	.LASF86
 554 026d FB       		.byte	0xfb
 555 026e 07       		.uleb128 0x7
 556 026f B2090000 		.4byte	.LASF87
 557 0273 FC       		.byte	0xfc
 558 0274 07       		.uleb128 0x7
 559 0275 510A0000 		.4byte	.LASF88
 560 0279 FD       		.byte	0xfd
 561 027a 07       		.uleb128 0x7
 562 027b 4E040000 		.4byte	.LASF89
 563 027f FF       		.byte	0xff
 564 0280 00       		.byte	0
 565 0281 08       		.uleb128 0x8
 566 0282 04       		.byte	0x4
 567 0283 80000000 		.4byte	0x80
 568 0287 04       		.uleb128 0x4
 569 0288 830C0000 		.4byte	.LASF90
 570 028c 03       		.byte	0x3
 571 028d 8901     		.2byte	0x189
 572 028f 8C000000 		.4byte	0x8c
 573 0293 09       		.uleb128 0x9
 574 0294 02       		.byte	0x2
 575 0295 03       		.byte	0x3
 576 0296 9301     		.2byte	0x193
 577 0298 B7020000 		.4byte	0x2b7
 578 029c 0A       		.uleb128 0xa
 579 029d 300C0000 		.4byte	.LASF91
 580 02a1 03       		.byte	0x3
 581 02a2 9A01     		.2byte	0x19a
 582 02a4 80000000 		.4byte	0x80
 583 02a8 00       		.byte	0
 584 02a9 0A       		.uleb128 0xa
 585 02aa 36070000 		.4byte	.LASF92
 586 02ae 03       		.byte	0x3
 587 02af A001     		.2byte	0x1a0
 588 02b1 80000000 		.4byte	0x80
 589 02b5 01       		.byte	0x1
 590 02b6 00       		.byte	0
 591 02b7 04       		.uleb128 0x4
 592 02b8 72000000 		.4byte	.LASF93
 593 02bc 03       		.byte	0x3
 594 02bd A201     		.2byte	0x1a2
 595 02bf 93020000 		.4byte	0x293
 596 02c3 09       		.uleb128 0x9
 597 02c4 08       		.byte	0x8
 598 02c5 03       		.byte	0x3
 599 02c6 BE01     		.2byte	0x1be
ARM GAS  C:\Users\Intern\AppData\Local\Temp\ccO2TIpE.s 			page 13


 600 02c8 F4020000 		.4byte	0x2f4
 601 02cc 0B       		.uleb128 0xb
 602 02cd 76616C00 		.ascii	"val\000"
 603 02d1 03       		.byte	0x3
 604 02d2 C101     		.2byte	0x1c1
 605 02d4 81020000 		.4byte	0x281
 606 02d8 00       		.byte	0
 607 02d9 0B       		.uleb128 0xb
 608 02da 6C656E00 		.ascii	"len\000"
 609 02de 03       		.byte	0x3
 610 02df C401     		.2byte	0x1c4
 611 02e1 8C000000 		.4byte	0x8c
 612 02e5 04       		.byte	0x4
 613 02e6 0A       		.uleb128 0xa
 614 02e7 3C030000 		.4byte	.LASF94
 615 02eb 03       		.byte	0x3
 616 02ec CB01     		.2byte	0x1cb
 617 02ee 8C000000 		.4byte	0x8c
 618 02f2 06       		.byte	0x6
 619 02f3 00       		.byte	0
 620 02f4 04       		.uleb128 0x4
 621 02f5 15020000 		.4byte	.LASF95
 622 02f9 03       		.byte	0x3
 623 02fa CD01     		.2byte	0x1cd
 624 02fc C3020000 		.4byte	0x2c3
 625 0300 09       		.uleb128 0x9
 626 0301 0C       		.byte	0xc
 627 0302 03       		.byte	0x3
 628 0303 D001     		.2byte	0x1d0
 629 0305 24030000 		.4byte	0x324
 630 0309 0A       		.uleb128 0xa
 631 030a 8B040000 		.4byte	.LASF96
 632 030e 03       		.byte	0x3
 633 030f D301     		.2byte	0x1d3
 634 0311 F4020000 		.4byte	0x2f4
 635 0315 00       		.byte	0
 636 0316 0A       		.uleb128 0xa
 637 0317 80040000 		.4byte	.LASF97
 638 031b 03       		.byte	0x3
 639 031c D601     		.2byte	0x1d6
 640 031e 87020000 		.4byte	0x287
 641 0322 08       		.byte	0x8
 642 0323 00       		.byte	0
 643 0324 04       		.uleb128 0x4
 644 0325 D2080000 		.4byte	.LASF98
 645 0329 03       		.byte	0x3
 646 032a D801     		.2byte	0x1d8
 647 032c 00030000 		.4byte	0x300
 648 0330 0C       		.uleb128 0xc
 649 0331 A5070000 		.4byte	.LASF99
 650 0335 04       		.byte	0x4
 651 0336 34       		.byte	0x34
 652 0337 24030000 		.4byte	0x324
 653 033b 06       		.uleb128 0x6
 654 033c 01       		.byte	0x1
 655 033d 48000000 		.4byte	0x48
 656 0341 06       		.byte	0x6
ARM GAS  C:\Users\Intern\AppData\Local\Temp\ccO2TIpE.s 			page 14


 657 0342 5A08     		.2byte	0x85a
 658 0344 67030000 		.4byte	0x367
 659 0348 07       		.uleb128 0x7
 660 0349 3F000000 		.4byte	.LASF100
 661 034d 00       		.byte	0
 662 034e 07       		.uleb128 0x7
 663 034f C4070000 		.4byte	.LASF101
 664 0353 01       		.byte	0x1
 665 0354 07       		.uleb128 0x7
 666 0355 B70B0000 		.4byte	.LASF102
 667 0359 02       		.byte	0x2
 668 035a 07       		.uleb128 0x7
 669 035b D8020000 		.4byte	.LASF103
 670 035f 03       		.byte	0x3
 671 0360 07       		.uleb128 0x7
 672 0361 A2030000 		.4byte	.LASF104
 673 0365 04       		.byte	0x4
 674 0366 00       		.byte	0
 675 0367 04       		.uleb128 0x4
 676 0368 7D0B0000 		.4byte	.LASF105
 677 036c 06       		.byte	0x6
 678 036d 6808     		.2byte	0x868
 679 036f 3B030000 		.4byte	0x33b
 680 0373 0D       		.uleb128 0xd
 681 0374 FE040000 		.4byte	.LASF125
 682 0378 01       		.byte	0x1
 683 0379 0E       		.byte	0xe
 684 037a 80000000 		.4byte	0x80
 685 037e 00000000 		.4byte	.LFB62
 686 0382 A0000000 		.4byte	.LFE62-.LFB62
 687 0386 01       		.uleb128 0x1
 688 0387 9C       		.byte	0x9c
 689 0388 07040000 		.4byte	0x407
 690 038c 0E       		.uleb128 0xe
 691 038d A90B0000 		.4byte	.LASF106
 692 0391 01       		.byte	0x1
 693 0392 11       		.byte	0x11
 694 0393 98000000 		.4byte	0x98
 695 0397 00000000 		.4byte	.LLST0
 696 039b 0E       		.uleb128 0xe
 697 039c 71070000 		.4byte	.LASF107
 698 03a0 01       		.byte	0x1
 699 03a1 1A       		.byte	0x1a
 700 03a2 8C000000 		.4byte	0x8c
 701 03a6 1E000000 		.4byte	.LLST1
 702 03aa 0E       		.uleb128 0xe
 703 03ab F1080000 		.4byte	.LASF108
 704 03af 01       		.byte	0x1
 705 03b0 22       		.byte	0x22
 706 03b1 98000000 		.4byte	0x98
 707 03b5 31000000 		.4byte	.LLST2
 708 03b9 0E       		.uleb128 0xe
 709 03ba 30040000 		.4byte	.LASF109
 710 03be 01       		.byte	0x1
 711 03bf 2B       		.byte	0x2b
 712 03c0 80000000 		.4byte	0x80
 713 03c4 65000000 		.4byte	.LLST3
ARM GAS  C:\Users\Intern\AppData\Local\Temp\ccO2TIpE.s 			page 15


 714 03c8 0F       		.uleb128 0xf
 715 03c9 16000000 		.4byte	.LVL2
 716 03cd B0040000 		.4byte	0x4b0
 717 03d1 DB030000 		.4byte	0x3db
 718 03d5 10       		.uleb128 0x10
 719 03d6 01       		.uleb128 0x1
 720 03d7 50       		.byte	0x50
 721 03d8 01       		.uleb128 0x1
 722 03d9 49       		.byte	0x49
 723 03da 00       		.byte	0
 724 03db 11       		.uleb128 0x11
 725 03dc 1A000000 		.4byte	.LVL3
 726 03e0 BB040000 		.4byte	0x4bb
 727 03e4 0F       		.uleb128 0xf
 728 03e5 20000000 		.4byte	.LVL4
 729 03e9 C6040000 		.4byte	0x4c6
 730 03ed F7030000 		.4byte	0x3f7
 731 03f1 10       		.uleb128 0x10
 732 03f2 01       		.uleb128 0x1
 733 03f3 50       		.byte	0x50
 734 03f4 01       		.uleb128 0x1
 735 03f5 32       		.byte	0x32
 736 03f6 00       		.byte	0
 737 03f7 12       		.uleb128 0x12
 738 03f8 26000000 		.4byte	.LVL5
 739 03fc D1040000 		.4byte	0x4d1
 740 0400 10       		.uleb128 0x10
 741 0401 01       		.uleb128 0x1
 742 0402 50       		.byte	0x50
 743 0403 01       		.uleb128 0x1
 744 0404 32       		.byte	0x32
 745 0405 00       		.byte	0
 746 0406 00       		.byte	0
 747 0407 13       		.uleb128 0x13
 748 0408 E1060000 		.4byte	.LASF126
 749 040c 01       		.byte	0x1
 750 040d 43       		.byte	0x43
 751 040e 00000000 		.4byte	.LFB63
 752 0412 4C000000 		.4byte	.LFE63-.LFB63
 753 0416 01       		.uleb128 0x1
 754 0417 9C       		.byte	0x9c
 755 0418 76040000 		.4byte	0x476
 756 041c 14       		.uleb128 0x14
 757 041d 43090000 		.4byte	.LASF110
 758 0421 01       		.byte	0x1
 759 0422 45       		.byte	0x45
 760 0423 30030000 		.4byte	0x330
 761 0427 02       		.uleb128 0x2
 762 0428 91       		.byte	0x91
 763 0429 64       		.sleb128 -28
 764 042a 14       		.uleb128 0x14
 765 042b 76030000 		.4byte	.LASF111
 766 042f 01       		.byte	0x1
 767 0430 4C       		.byte	0x4c
 768 0431 80000000 		.4byte	0x80
 769 0435 02       		.uleb128 0x2
 770 0436 91       		.byte	0x91
ARM GAS  C:\Users\Intern\AppData\Local\Temp\ccO2TIpE.s 			page 16


 771 0437 63       		.sleb128 -29
 772 0438 11       		.uleb128 0x11
 773 0439 10000000 		.4byte	.LVL21
 774 043d 73030000 		.4byte	0x373
 775 0441 0F       		.uleb128 0xf
 776 0442 30000000 		.4byte	.LVL22
 777 0446 DC040000 		.4byte	0x4dc
 778 044a 65040000 		.4byte	0x465
 779 044e 10       		.uleb128 0x10
 780 044f 01       		.uleb128 0x1
 781 0450 50       		.byte	0x50
 782 0451 02       		.uleb128 0x2
 783 0452 74       		.byte	0x74
 784 0453 00       		.sleb128 0
 785 0454 10       		.uleb128 0x10
 786 0455 01       		.uleb128 0x1
 787 0456 51       		.byte	0x51
 788 0457 01       		.uleb128 0x1
 789 0458 30       		.byte	0x30
 790 0459 10       		.uleb128 0x10
 791 045a 01       		.uleb128 0x1
 792 045b 52       		.byte	0x52
 793 045c 02       		.uleb128 0x2
 794 045d 75       		.byte	0x75
 795 045e 00       		.sleb128 0
 796 045f 10       		.uleb128 0x10
 797 0460 01       		.uleb128 0x1
 798 0461 53       		.byte	0x53
 799 0462 01       		.uleb128 0x1
 800 0463 30       		.byte	0x30
 801 0464 00       		.byte	0
 802 0465 12       		.uleb128 0x12
 803 0466 3E000000 		.4byte	.LVL23
 804 046a E8040000 		.4byte	0x4e8
 805 046e 10       		.uleb128 0x10
 806 046f 01       		.uleb128 0x1
 807 0470 51       		.byte	0x51
 808 0471 02       		.uleb128 0x2
 809 0472 74       		.byte	0x74
 810 0473 00       		.sleb128 0
 811 0474 00       		.byte	0
 812 0475 00       		.byte	0
 813 0476 15       		.uleb128 0x15
 814 0477 7C060000 		.4byte	.LASF112
 815 047b 06       		.byte	0x6
 816 047c B30A     		.2byte	0xab3
 817 047e 67030000 		.4byte	0x367
 818 0482 15       		.uleb128 0x15
 819 0483 F7070000 		.4byte	.LASF113
 820 0487 06       		.byte	0x6
 821 0488 B40A     		.2byte	0xab4
 822 048a B7020000 		.4byte	0x2b7
 823 048e 16       		.uleb128 0x16
 824 048f AE060000 		.4byte	.LASF114
 825 0493 01       		.byte	0x1
 826 0494 03       		.byte	0x3
 827 0495 8C000000 		.4byte	0x8c
ARM GAS  C:\Users\Intern\AppData\Local\Temp\ccO2TIpE.s 			page 17


 828 0499 05       		.uleb128 0x5
 829 049a 03       		.byte	0x3
 830 049b 00000000 		.4byte	batterySimulationNotify
 831 049f 16       		.uleb128 0x16
 832 04a0 B90A0000 		.4byte	.LASF115
 833 04a4 01       		.byte	0x1
 834 04a5 04       		.byte	0x4
 835 04a6 8C000000 		.4byte	0x8c
 836 04aa 05       		.uleb128 0x5
 837 04ab 03       		.byte	0x3
 838 04ac 00000000 		.4byte	batteryMeasureNotify
 839 04b0 17       		.uleb128 0x17
 840 04b1 570B0000 		.4byte	.LASF116
 841 04b5 570B0000 		.4byte	.LASF116
 842 04b9 07       		.byte	0x7
 843 04ba D9       		.byte	0xd9
 844 04bb 17       		.uleb128 0x17
 845 04bc 5B020000 		.4byte	.LASF117
 846 04c0 5B020000 		.4byte	.LASF117
 847 04c4 08       		.byte	0x8
 848 04c5 9D       		.byte	0x9d
 849 04c6 17       		.uleb128 0x17
 850 04c7 81080000 		.4byte	.LASF118
 851 04cb 81080000 		.4byte	.LASF118
 852 04cf 08       		.byte	0x8
 853 04d0 9F       		.byte	0x9f
 854 04d1 17       		.uleb128 0x17
 855 04d2 BD0C0000 		.4byte	.LASF119
 856 04d6 BD0C0000 		.4byte	.LASF119
 857 04da 08       		.byte	0x8
 858 04db A0       		.byte	0xa0
 859 04dc 18       		.uleb128 0x18
 860 04dd 91040000 		.4byte	.LASF120
 861 04e1 91040000 		.4byte	.LASF120
 862 04e5 09       		.byte	0x9
 863 04e6 8401     		.2byte	0x184
 864 04e8 17       		.uleb128 0x17
 865 04e9 180C0000 		.4byte	.LASF121
 866 04ed 180C0000 		.4byte	.LASF121
 867 04f1 04       		.byte	0x4
 868 04f2 F2       		.byte	0xf2
 869 04f3 00       		.byte	0
 870              		.section	.debug_abbrev,"",%progbits
 871              	.Ldebug_abbrev0:
 872 0000 01       		.uleb128 0x1
 873 0001 11       		.uleb128 0x11
 874 0002 01       		.byte	0x1
 875 0003 25       		.uleb128 0x25
 876 0004 0E       		.uleb128 0xe
 877 0005 13       		.uleb128 0x13
 878 0006 0B       		.uleb128 0xb
 879 0007 03       		.uleb128 0x3
 880 0008 0E       		.uleb128 0xe
 881 0009 1B       		.uleb128 0x1b
 882 000a 0E       		.uleb128 0xe
 883 000b 55       		.uleb128 0x55
 884 000c 17       		.uleb128 0x17
ARM GAS  C:\Users\Intern\AppData\Local\Temp\ccO2TIpE.s 			page 18


 885 000d 11       		.uleb128 0x11
 886 000e 01       		.uleb128 0x1
 887 000f 10       		.uleb128 0x10
 888 0010 17       		.uleb128 0x17
 889 0011 00       		.byte	0
 890 0012 00       		.byte	0
 891 0013 02       		.uleb128 0x2
 892 0014 24       		.uleb128 0x24
 893 0015 00       		.byte	0
 894 0016 0B       		.uleb128 0xb
 895 0017 0B       		.uleb128 0xb
 896 0018 3E       		.uleb128 0x3e
 897 0019 0B       		.uleb128 0xb
 898 001a 03       		.uleb128 0x3
 899 001b 08       		.uleb128 0x8
 900 001c 00       		.byte	0
 901 001d 00       		.byte	0
 902 001e 03       		.uleb128 0x3
 903 001f 24       		.uleb128 0x24
 904 0020 00       		.byte	0
 905 0021 0B       		.uleb128 0xb
 906 0022 0B       		.uleb128 0xb
 907 0023 3E       		.uleb128 0x3e
 908 0024 0B       		.uleb128 0xb
 909 0025 03       		.uleb128 0x3
 910 0026 0E       		.uleb128 0xe
 911 0027 00       		.byte	0
 912 0028 00       		.byte	0
 913 0029 04       		.uleb128 0x4
 914 002a 16       		.uleb128 0x16
 915 002b 00       		.byte	0
 916 002c 03       		.uleb128 0x3
 917 002d 0E       		.uleb128 0xe
 918 002e 3A       		.uleb128 0x3a
 919 002f 0B       		.uleb128 0xb
 920 0030 3B       		.uleb128 0x3b
 921 0031 05       		.uleb128 0x5
 922 0032 49       		.uleb128 0x49
 923 0033 13       		.uleb128 0x13
 924 0034 00       		.byte	0
 925 0035 00       		.byte	0
 926 0036 05       		.uleb128 0x5
 927 0037 35       		.uleb128 0x35
 928 0038 00       		.byte	0
 929 0039 49       		.uleb128 0x49
 930 003a 13       		.uleb128 0x13
 931 003b 00       		.byte	0
 932 003c 00       		.byte	0
 933 003d 06       		.uleb128 0x6
 934 003e 04       		.uleb128 0x4
 935 003f 01       		.byte	0x1
 936 0040 0B       		.uleb128 0xb
 937 0041 0B       		.uleb128 0xb
 938 0042 49       		.uleb128 0x49
 939 0043 13       		.uleb128 0x13
 940 0044 3A       		.uleb128 0x3a
 941 0045 0B       		.uleb128 0xb
ARM GAS  C:\Users\Intern\AppData\Local\Temp\ccO2TIpE.s 			page 19


 942 0046 3B       		.uleb128 0x3b
 943 0047 05       		.uleb128 0x5
 944 0048 01       		.uleb128 0x1
 945 0049 13       		.uleb128 0x13
 946 004a 00       		.byte	0
 947 004b 00       		.byte	0
 948 004c 07       		.uleb128 0x7
 949 004d 28       		.uleb128 0x28
 950 004e 00       		.byte	0
 951 004f 03       		.uleb128 0x3
 952 0050 0E       		.uleb128 0xe
 953 0051 1C       		.uleb128 0x1c
 954 0052 0B       		.uleb128 0xb
 955 0053 00       		.byte	0
 956 0054 00       		.byte	0
 957 0055 08       		.uleb128 0x8
 958 0056 0F       		.uleb128 0xf
 959 0057 00       		.byte	0
 960 0058 0B       		.uleb128 0xb
 961 0059 0B       		.uleb128 0xb
 962 005a 49       		.uleb128 0x49
 963 005b 13       		.uleb128 0x13
 964 005c 00       		.byte	0
 965 005d 00       		.byte	0
 966 005e 09       		.uleb128 0x9
 967 005f 13       		.uleb128 0x13
 968 0060 01       		.byte	0x1
 969 0061 0B       		.uleb128 0xb
 970 0062 0B       		.uleb128 0xb
 971 0063 3A       		.uleb128 0x3a
 972 0064 0B       		.uleb128 0xb
 973 0065 3B       		.uleb128 0x3b
 974 0066 05       		.uleb128 0x5
 975 0067 01       		.uleb128 0x1
 976 0068 13       		.uleb128 0x13
 977 0069 00       		.byte	0
 978 006a 00       		.byte	0
 979 006b 0A       		.uleb128 0xa
 980 006c 0D       		.uleb128 0xd
 981 006d 00       		.byte	0
 982 006e 03       		.uleb128 0x3
 983 006f 0E       		.uleb128 0xe
 984 0070 3A       		.uleb128 0x3a
 985 0071 0B       		.uleb128 0xb
 986 0072 3B       		.uleb128 0x3b
 987 0073 05       		.uleb128 0x5
 988 0074 49       		.uleb128 0x49
 989 0075 13       		.uleb128 0x13
 990 0076 38       		.uleb128 0x38
 991 0077 0B       		.uleb128 0xb
 992 0078 00       		.byte	0
 993 0079 00       		.byte	0
 994 007a 0B       		.uleb128 0xb
 995 007b 0D       		.uleb128 0xd
 996 007c 00       		.byte	0
 997 007d 03       		.uleb128 0x3
 998 007e 08       		.uleb128 0x8
ARM GAS  C:\Users\Intern\AppData\Local\Temp\ccO2TIpE.s 			page 20


 999 007f 3A       		.uleb128 0x3a
 1000 0080 0B       		.uleb128 0xb
 1001 0081 3B       		.uleb128 0x3b
 1002 0082 05       		.uleb128 0x5
 1003 0083 49       		.uleb128 0x49
 1004 0084 13       		.uleb128 0x13
 1005 0085 38       		.uleb128 0x38
 1006 0086 0B       		.uleb128 0xb
 1007 0087 00       		.byte	0
 1008 0088 00       		.byte	0
 1009 0089 0C       		.uleb128 0xc
 1010 008a 16       		.uleb128 0x16
 1011 008b 00       		.byte	0
 1012 008c 03       		.uleb128 0x3
 1013 008d 0E       		.uleb128 0xe
 1014 008e 3A       		.uleb128 0x3a
 1015 008f 0B       		.uleb128 0xb
 1016 0090 3B       		.uleb128 0x3b
 1017 0091 0B       		.uleb128 0xb
 1018 0092 49       		.uleb128 0x49
 1019 0093 13       		.uleb128 0x13
 1020 0094 00       		.byte	0
 1021 0095 00       		.byte	0
 1022 0096 0D       		.uleb128 0xd
 1023 0097 2E       		.uleb128 0x2e
 1024 0098 01       		.byte	0x1
 1025 0099 3F       		.uleb128 0x3f
 1026 009a 19       		.uleb128 0x19
 1027 009b 03       		.uleb128 0x3
 1028 009c 0E       		.uleb128 0xe
 1029 009d 3A       		.uleb128 0x3a
 1030 009e 0B       		.uleb128 0xb
 1031 009f 3B       		.uleb128 0x3b
 1032 00a0 0B       		.uleb128 0xb
 1033 00a1 27       		.uleb128 0x27
 1034 00a2 19       		.uleb128 0x19
 1035 00a3 49       		.uleb128 0x49
 1036 00a4 13       		.uleb128 0x13
 1037 00a5 11       		.uleb128 0x11
 1038 00a6 01       		.uleb128 0x1
 1039 00a7 12       		.uleb128 0x12
 1040 00a8 06       		.uleb128 0x6
 1041 00a9 40       		.uleb128 0x40
 1042 00aa 18       		.uleb128 0x18
 1043 00ab 9642     		.uleb128 0x2116
 1044 00ad 19       		.uleb128 0x19
 1045 00ae 01       		.uleb128 0x1
 1046 00af 13       		.uleb128 0x13
 1047 00b0 00       		.byte	0
 1048 00b1 00       		.byte	0
 1049 00b2 0E       		.uleb128 0xe
 1050 00b3 34       		.uleb128 0x34
 1051 00b4 00       		.byte	0
 1052 00b5 03       		.uleb128 0x3
 1053 00b6 0E       		.uleb128 0xe
 1054 00b7 3A       		.uleb128 0x3a
 1055 00b8 0B       		.uleb128 0xb
ARM GAS  C:\Users\Intern\AppData\Local\Temp\ccO2TIpE.s 			page 21


 1056 00b9 3B       		.uleb128 0x3b
 1057 00ba 0B       		.uleb128 0xb
 1058 00bb 49       		.uleb128 0x49
 1059 00bc 13       		.uleb128 0x13
 1060 00bd 02       		.uleb128 0x2
 1061 00be 17       		.uleb128 0x17
 1062 00bf 00       		.byte	0
 1063 00c0 00       		.byte	0
 1064 00c1 0F       		.uleb128 0xf
 1065 00c2 898201   		.uleb128 0x4109
 1066 00c5 01       		.byte	0x1
 1067 00c6 11       		.uleb128 0x11
 1068 00c7 01       		.uleb128 0x1
 1069 00c8 31       		.uleb128 0x31
 1070 00c9 13       		.uleb128 0x13
 1071 00ca 01       		.uleb128 0x1
 1072 00cb 13       		.uleb128 0x13
 1073 00cc 00       		.byte	0
 1074 00cd 00       		.byte	0
 1075 00ce 10       		.uleb128 0x10
 1076 00cf 8A8201   		.uleb128 0x410a
 1077 00d2 00       		.byte	0
 1078 00d3 02       		.uleb128 0x2
 1079 00d4 18       		.uleb128 0x18
 1080 00d5 9142     		.uleb128 0x2111
 1081 00d7 18       		.uleb128 0x18
 1082 00d8 00       		.byte	0
 1083 00d9 00       		.byte	0
 1084 00da 11       		.uleb128 0x11
 1085 00db 898201   		.uleb128 0x4109
 1086 00de 00       		.byte	0
 1087 00df 11       		.uleb128 0x11
 1088 00e0 01       		.uleb128 0x1
 1089 00e1 31       		.uleb128 0x31
 1090 00e2 13       		.uleb128 0x13
 1091 00e3 00       		.byte	0
 1092 00e4 00       		.byte	0
 1093 00e5 12       		.uleb128 0x12
 1094 00e6 898201   		.uleb128 0x4109
 1095 00e9 01       		.byte	0x1
 1096 00ea 11       		.uleb128 0x11
 1097 00eb 01       		.uleb128 0x1
 1098 00ec 31       		.uleb128 0x31
 1099 00ed 13       		.uleb128 0x13
 1100 00ee 00       		.byte	0
 1101 00ef 00       		.byte	0
 1102 00f0 13       		.uleb128 0x13
 1103 00f1 2E       		.uleb128 0x2e
 1104 00f2 01       		.byte	0x1
 1105 00f3 3F       		.uleb128 0x3f
 1106 00f4 19       		.uleb128 0x19
 1107 00f5 03       		.uleb128 0x3
 1108 00f6 0E       		.uleb128 0xe
 1109 00f7 3A       		.uleb128 0x3a
 1110 00f8 0B       		.uleb128 0xb
 1111 00f9 3B       		.uleb128 0x3b
 1112 00fa 0B       		.uleb128 0xb
ARM GAS  C:\Users\Intern\AppData\Local\Temp\ccO2TIpE.s 			page 22


 1113 00fb 27       		.uleb128 0x27
 1114 00fc 19       		.uleb128 0x19
 1115 00fd 11       		.uleb128 0x11
 1116 00fe 01       		.uleb128 0x1
 1117 00ff 12       		.uleb128 0x12
 1118 0100 06       		.uleb128 0x6
 1119 0101 40       		.uleb128 0x40
 1120 0102 18       		.uleb128 0x18
 1121 0103 9742     		.uleb128 0x2117
 1122 0105 19       		.uleb128 0x19
 1123 0106 01       		.uleb128 0x1
 1124 0107 13       		.uleb128 0x13
 1125 0108 00       		.byte	0
 1126 0109 00       		.byte	0
 1127 010a 14       		.uleb128 0x14
 1128 010b 34       		.uleb128 0x34
 1129 010c 00       		.byte	0
 1130 010d 03       		.uleb128 0x3
 1131 010e 0E       		.uleb128 0xe
 1132 010f 3A       		.uleb128 0x3a
 1133 0110 0B       		.uleb128 0xb
 1134 0111 3B       		.uleb128 0x3b
 1135 0112 0B       		.uleb128 0xb
 1136 0113 49       		.uleb128 0x49
 1137 0114 13       		.uleb128 0x13
 1138 0115 02       		.uleb128 0x2
 1139 0116 18       		.uleb128 0x18
 1140 0117 00       		.byte	0
 1141 0118 00       		.byte	0
 1142 0119 15       		.uleb128 0x15
 1143 011a 34       		.uleb128 0x34
 1144 011b 00       		.byte	0
 1145 011c 03       		.uleb128 0x3
 1146 011d 0E       		.uleb128 0xe
 1147 011e 3A       		.uleb128 0x3a
 1148 011f 0B       		.uleb128 0xb
 1149 0120 3B       		.uleb128 0x3b
 1150 0121 05       		.uleb128 0x5
 1151 0122 49       		.uleb128 0x49
 1152 0123 13       		.uleb128 0x13
 1153 0124 3F       		.uleb128 0x3f
 1154 0125 19       		.uleb128 0x19
 1155 0126 3C       		.uleb128 0x3c
 1156 0127 19       		.uleb128 0x19
 1157 0128 00       		.byte	0
 1158 0129 00       		.byte	0
 1159 012a 16       		.uleb128 0x16
 1160 012b 34       		.uleb128 0x34
 1161 012c 00       		.byte	0
 1162 012d 03       		.uleb128 0x3
 1163 012e 0E       		.uleb128 0xe
 1164 012f 3A       		.uleb128 0x3a
 1165 0130 0B       		.uleb128 0xb
 1166 0131 3B       		.uleb128 0x3b
 1167 0132 0B       		.uleb128 0xb
 1168 0133 49       		.uleb128 0x49
 1169 0134 13       		.uleb128 0x13
ARM GAS  C:\Users\Intern\AppData\Local\Temp\ccO2TIpE.s 			page 23


 1170 0135 3F       		.uleb128 0x3f
 1171 0136 19       		.uleb128 0x19
 1172 0137 02       		.uleb128 0x2
 1173 0138 18       		.uleb128 0x18
 1174 0139 00       		.byte	0
 1175 013a 00       		.byte	0
 1176 013b 17       		.uleb128 0x17
 1177 013c 2E       		.uleb128 0x2e
 1178 013d 00       		.byte	0
 1179 013e 3F       		.uleb128 0x3f
 1180 013f 19       		.uleb128 0x19
 1181 0140 3C       		.uleb128 0x3c
 1182 0141 19       		.uleb128 0x19
 1183 0142 6E       		.uleb128 0x6e
 1184 0143 0E       		.uleb128 0xe
 1185 0144 03       		.uleb128 0x3
 1186 0145 0E       		.uleb128 0xe
 1187 0146 3A       		.uleb128 0x3a
 1188 0147 0B       		.uleb128 0xb
 1189 0148 3B       		.uleb128 0x3b
 1190 0149 0B       		.uleb128 0xb
 1191 014a 00       		.byte	0
 1192 014b 00       		.byte	0
 1193 014c 18       		.uleb128 0x18
 1194 014d 2E       		.uleb128 0x2e
 1195 014e 00       		.byte	0
 1196 014f 3F       		.uleb128 0x3f
 1197 0150 19       		.uleb128 0x19
 1198 0151 3C       		.uleb128 0x3c
 1199 0152 19       		.uleb128 0x19
 1200 0153 6E       		.uleb128 0x6e
 1201 0154 0E       		.uleb128 0xe
 1202 0155 03       		.uleb128 0x3
 1203 0156 0E       		.uleb128 0xe
 1204 0157 3A       		.uleb128 0x3a
 1205 0158 0B       		.uleb128 0xb
 1206 0159 3B       		.uleb128 0x3b
 1207 015a 05       		.uleb128 0x5
 1208 015b 00       		.byte	0
 1209 015c 00       		.byte	0
 1210 015d 00       		.byte	0
 1211              		.section	.debug_loc,"",%progbits
 1212              	.Ldebug_loc0:
 1213              	.LLST0:
 1214 0000 0A000000 		.4byte	.LVL0
 1215 0004 0E000000 		.4byte	.LVL1
 1216 0008 0100     		.2byte	0x1
 1217 000a 53       		.byte	0x53
 1218 000b 2C000000 		.4byte	.LVL7
 1219 000f 30000000 		.4byte	.LVL8
 1220 0013 0100     		.2byte	0x1
 1221 0015 53       		.byte	0x53
 1222 0016 00000000 		.4byte	0
 1223 001a 00000000 		.4byte	0
 1224              	.LLST1:
 1225 001e 28000000 		.4byte	.LVL6
 1226 0022 39000000 		.4byte	.LVL9-1
ARM GAS  C:\Users\Intern\AppData\Local\Temp\ccO2TIpE.s 			page 24


 1227 0026 0100     		.2byte	0x1
 1228 0028 51       		.byte	0x51
 1229 0029 00000000 		.4byte	0
 1230 002d 00000000 		.4byte	0
 1231              	.LLST2:
 1232 0031 3A000000 		.4byte	.LVL9
 1233 0035 4E000000 		.4byte	.LVL10
 1234 0039 0100     		.2byte	0x1
 1235 003b 50       		.byte	0x50
 1236 003c 60000000 		.4byte	.LVL13
 1237 0040 6E000000 		.4byte	.LVL14
 1238 0044 0100     		.2byte	0x1
 1239 0046 50       		.byte	0x50
 1240 0047 80000000 		.4byte	.LVL17
 1241 004b 82000000 		.4byte	.LVL18
 1242 004f 0100     		.2byte	0x1
 1243 0051 50       		.byte	0x50
 1244 0052 84000000 		.4byte	.LVL19
 1245 0056 86000000 		.4byte	.LVL20
 1246 005a 0100     		.2byte	0x1
 1247 005c 50       		.byte	0x50
 1248 005d 00000000 		.4byte	0
 1249 0061 00000000 		.4byte	0
 1250              	.LLST3:
 1251 0065 5E000000 		.4byte	.LVL12
 1252 0069 60000000 		.4byte	.LVL13
 1253 006d 0100     		.2byte	0x1
 1254 006f 50       		.byte	0x50
 1255 0070 7E000000 		.4byte	.LVL16
 1256 0074 80000000 		.4byte	.LVL17
 1257 0078 0100     		.2byte	0x1
 1258 007a 50       		.byte	0x50
 1259 007b 86000000 		.4byte	.LVL20
 1260 007f A0000000 		.4byte	.LFE62
 1261 0083 0100     		.2byte	0x1
 1262 0085 50       		.byte	0x50
 1263 0086 00000000 		.4byte	0
 1264 008a 00000000 		.4byte	0
 1265              		.section	.debug_aranges,"",%progbits
 1266 0000 24000000 		.4byte	0x24
 1267 0004 0200     		.2byte	0x2
 1268 0006 00000000 		.4byte	.Ldebug_info0
 1269 000a 04       		.byte	0x4
 1270 000b 00       		.byte	0
 1271 000c 0000     		.2byte	0
 1272 000e 0000     		.2byte	0
 1273 0010 00000000 		.4byte	.LFB62
 1274 0014 A0000000 		.4byte	.LFE62-.LFB62
 1275 0018 00000000 		.4byte	.LFB63
 1276 001c 4C000000 		.4byte	.LFE63-.LFB63
 1277 0020 00000000 		.4byte	0
 1278 0024 00000000 		.4byte	0
 1279              		.section	.debug_ranges,"",%progbits
 1280              	.Ldebug_ranges0:
 1281 0000 00000000 		.4byte	.LFB62
 1282 0004 A0000000 		.4byte	.LFE62
 1283 0008 00000000 		.4byte	.LFB63
ARM GAS  C:\Users\Intern\AppData\Local\Temp\ccO2TIpE.s 			page 25


 1284 000c 4C000000 		.4byte	.LFE63
 1285 0010 00000000 		.4byte	0
 1286 0014 00000000 		.4byte	0
 1287              		.section	.debug_line,"",%progbits
 1288              	.Ldebug_line0:
 1289 0000 03010000 		.section	.debug_str,"MS",%progbits,1
 1289      0200BE00 
 1289      00000201 
 1289      FB0E0D00 
 1289      01010101 
 1290              	.LASF82:
 1291 0000 4359424C 		.ascii	"CYBLE_EVT_L2CAP_CBFC_RX_CREDIT_IND\000"
 1291      455F4556 
 1291      545F4C32 
 1291      4341505F 
 1291      43424643 
 1292              	.LASF23:
 1293 0023 4359424C 		.ascii	"CYBLE_EVT_STACK_BUSY_STATUS\000"
 1293      455F4556 
 1293      545F5354 
 1293      41434B5F 
 1293      42555359 
 1294              	.LASF100:
 1295 003f 4359424C 		.ascii	"CYBLE_STATE_STOPPED\000"
 1295      455F5354 
 1295      4154455F 
 1295      53544F50 
 1295      50454400 
 1296              	.LASF81:
 1297 0053 4359424C 		.ascii	"CYBLE_EVT_L2CAP_CBFC_DATA_READ\000"
 1297      455F4556 
 1297      545F4C32 
 1297      4341505F 
 1297      43424643 
 1298              	.LASF93:
 1299 0072 4359424C 		.ascii	"CYBLE_CONN_HANDLE_T\000"
 1299      455F434F 
 1299      4E4E5F48 
 1299      414E444C 
 1299      455F5400 
 1300              	.LASF35:
 1301 0086 4359424C 		.ascii	"CYBLE_EVT_GAP_CONNECTION_UPDATE_COMPLETE\000"
 1301      455F4556 
 1301      545F4741 
 1301      505F434F 
 1301      4E4E4543 
 1302              	.LASF80:
 1303 00af 4359424C 		.ascii	"CYBLE_EVT_L2CAP_CBFC_DISCONN_CNF\000"
 1303      455F4556 
 1303      545F4C32 
 1303      4341505F 
 1303      43424643 
 1304              	.LASF40:
 1305 00d0 4359424C 		.ascii	"CYBLE_EVT_GAP_OOB_GENERATED_NOTIFICATION\000"
 1305      455F4556 
 1305      545F4741 
 1305      505F4F4F 
ARM GAS  C:\Users\Intern\AppData\Local\Temp\ccO2TIpE.s 			page 26


 1305      425F4745 
 1306              	.LASF60:
 1307 00f9 4359424C 		.ascii	"CYBLE_EVT_GATTC_READ_MULTI_RSP\000"
 1307      455F4556 
 1307      545F4741 
 1307      5454435F 
 1307      52454144 
 1308              	.LASF65:
 1309 0118 4359424C 		.ascii	"CYBLE_EVT_GATTS_EXEC_WRITE_REQ\000"
 1309      455F4556 
 1309      545F4741 
 1309      5454535F 
 1309      45584543 
 1310              	.LASF77:
 1311 0137 4359424C 		.ascii	"CYBLE_EVT_L2CAP_CBFC_CONN_IND\000"
 1311      455F4556 
 1311      545F4C32 
 1311      4341505F 
 1311      43424643 
 1312              	.LASF20:
 1313 0155 4359424C 		.ascii	"CYBLE_EVT_TIMEOUT\000"
 1313      455F4556 
 1313      545F5449 
 1313      4D454F55 
 1313      5400
 1314              	.LASF7:
 1315 0167 6C6F6E67 		.ascii	"long int\000"
 1315      20696E74 
 1315      00
 1316              	.LASF122:
 1317 0170 474E5520 		.ascii	"GNU C11 5.4.1 20160609 (release) [ARM/embedded-5-br"
 1317      43313120 
 1317      352E342E 
 1317      31203230 
 1317      31363036 
 1318 01a3 616E6368 		.ascii	"anch revision 237715] -mcpu=cortex-m0 -mthumb -g -O"
 1318      20726576 
 1318      6973696F 
 1318      6E203233 
 1318      37373135 
 1319 01d6 67202D66 		.ascii	"g -ffunction-sections -ffat-lto-objects\000"
 1319      66756E63 
 1319      74696F6E 
 1319      2D736563 
 1319      74696F6E 
 1320              	.LASF9:
 1321 01fe 6C6F6E67 		.ascii	"long long unsigned int\000"
 1321      206C6F6E 
 1321      6720756E 
 1321      7369676E 
 1321      65642069 
 1322              	.LASF95:
 1323 0215 4359424C 		.ascii	"CYBLE_GATT_VALUE_T\000"
 1323      455F4741 
 1323      54545F56 
 1323      414C5545 
 1323      5F5400
ARM GAS  C:\Users\Intern\AppData\Local\Temp\ccO2TIpE.s 			page 27


 1324              	.LASF22:
 1325 0228 4359424C 		.ascii	"CYBLE_EVT_HCI_STATUS\000"
 1325      455F4556 
 1325      545F4843 
 1325      495F5354 
 1325      41545553 
 1326              	.LASF85:
 1327 023d 4359424C 		.ascii	"CYBLE_EVT_PENDING_FLASH_WRITE\000"
 1327      455F4556 
 1327      545F5045 
 1327      4E44494E 
 1327      475F464C 
 1328              	.LASF117:
 1329 025b 4144435F 		.ascii	"ADC_StartConvert\000"
 1329      53746172 
 1329      74436F6E 
 1329      76657274 
 1329      00
 1330              	.LASF74:
 1331 026c 4359424C 		.ascii	"CYBLE_EVT_L2CAP_CONN_PARAM_UPDATE_REQ\000"
 1331      455F4556 
 1331      545F4C32 
 1331      4341505F 
 1331      434F4E4E 
 1332              	.LASF34:
 1333 0292 4359424C 		.ascii	"CYBLE_EVT_GAP_ENCRYPT_CHANGE\000"
 1333      455F4556 
 1333      545F4741 
 1333      505F454E 
 1333      43525950 
 1334              	.LASF38:
 1335 02af 4359424C 		.ascii	"CYBLE_EVT_GAP_NUMERIC_COMPARISON_REQUEST\000"
 1335      455F4556 
 1335      545F4741 
 1335      505F4E55 
 1335      4D455249 
 1336              	.LASF103:
 1337 02d8 4359424C 		.ascii	"CYBLE_STATE_ADVERTISING\000"
 1337      455F5354 
 1337      4154455F 
 1337      41445645 
 1337      52544953 
 1338              	.LASF1:
 1339 02f0 6C6F6E67 		.ascii	"long long int\000"
 1339      206C6F6E 
 1339      6720696E 
 1339      7400
 1340              	.LASF3:
 1341 02fe 7369676E 		.ascii	"signed char\000"
 1341      65642063 
 1341      68617200 
 1342              	.LASF19:
 1343 030a 4359424C 		.ascii	"CYBLE_EVT_STACK_ON\000"
 1343      455F4556 
 1343      545F5354 
 1343      41434B5F 
 1343      4F4E00
ARM GAS  C:\Users\Intern\AppData\Local\Temp\ccO2TIpE.s 			page 28


 1344              	.LASF36:
 1345 031d 4359424C 		.ascii	"CYBLE_EVT_GAPC_SCAN_START_STOP\000"
 1345      455F4556 
 1345      545F4741 
 1345      50435F53 
 1345      43414E5F 
 1346              	.LASF94:
 1347 033c 61637475 		.ascii	"actualLen\000"
 1347      616C4C65 
 1347      6E00
 1348              	.LASF26:
 1349 0346 4359424C 		.ascii	"CYBLE_EVT_GAP_AUTH_REQ\000"
 1349      455F4556 
 1349      545F4741 
 1349      505F4155 
 1349      54485F52 
 1350              	.LASF58:
 1351 035d 4359424C 		.ascii	"CYBLE_EVT_GATTC_READ_RSP\000"
 1351      455F4556 
 1351      545F4741 
 1351      5454435F 
 1351      52454144 
 1352              	.LASF111:
 1353 0376 62617474 		.ascii	"battery_level\000"
 1353      6572795F 
 1353      6C657665 
 1353      6C00
 1354              	.LASF63:
 1355 0384 4359424C 		.ascii	"CYBLE_EVT_GATTS_WRITE_CMD_REQ\000"
 1355      455F4556 
 1355      545F4741 
 1355      5454535F 
 1355      57524954 
 1356              	.LASF104:
 1357 03a2 4359424C 		.ascii	"CYBLE_STATE_DISCONNECTED\000"
 1357      455F5354 
 1357      4154455F 
 1357      44495343 
 1357      4F4E4E45 
 1358              	.LASF31:
 1359 03bb 4359424C 		.ascii	"CYBLE_EVT_GAPP_ADVERTISEMENT_START_STOP\000"
 1359      455F4556 
 1359      545F4741 
 1359      50505F41 
 1359      44564552 
 1360              	.LASF12:
 1361 03e3 75696E74 		.ascii	"uint8\000"
 1361      3800
 1362              	.LASF66:
 1363 03e9 4359424C 		.ascii	"CYBLE_EVT_GATTC_EXEC_WRITE_RSP\000"
 1363      455F4556 
 1363      545F4741 
 1363      5454435F 
 1363      45584543 
 1364              	.LASF16:
 1365 0408 646F7562 		.ascii	"double\000"
 1365      6C6500
ARM GAS  C:\Users\Intern\AppData\Local\Temp\ccO2TIpE.s 			page 29


 1366              	.LASF79:
 1367 040f 4359424C 		.ascii	"CYBLE_EVT_L2CAP_CBFC_DISCONN_IND\000"
 1367      455F4556 
 1367      545F4C32 
 1367      4341505F 
 1367      43424643 
 1368              	.LASF109:
 1369 0430 62617474 		.ascii	"batteryLevel\000"
 1369      6572794C 
 1369      6576656C 
 1369      00
 1370              	.LASF123:
 1371 043d 62617474 		.ascii	"battery.c\000"
 1371      6572792E 
 1371      6300
 1372              	.LASF14:
 1373 0447 75696E74 		.ascii	"uint32\000"
 1373      333200
 1374              	.LASF89:
 1375 044e 4359424C 		.ascii	"CYBLE_EVT_MAX\000"
 1375      455F4556 
 1375      545F4D41 
 1375      5800
 1376              	.LASF84:
 1377 045c 4359424C 		.ascii	"CYBLE_EVT_L2CAP_CBFC_DATA_WRITE_IND\000"
 1377      455F4556 
 1377      545F4C32 
 1377      4341505F 
 1377      43424643 
 1378              	.LASF97:
 1379 0480 61747472 		.ascii	"attrHandle\000"
 1379      48616E64 
 1379      6C6500
 1380              	.LASF96:
 1381 048b 76616C75 		.ascii	"value\000"
 1381      6500
 1382              	.LASF120:
 1383 0491 4379426C 		.ascii	"CyBle_GattsWriteAttributeValue\000"
 1383      655F4761 
 1383      74747357 
 1383      72697465 
 1383      41747472 
 1384              	.LASF71:
 1385 04b0 4359424C 		.ascii	"CYBLE_EVT_GATTC_STOP_CMD_COMPLETE\000"
 1385      455F4556 
 1385      545F4741 
 1385      5454435F 
 1385      53544F50 
 1386              	.LASF0:
 1387 04d2 756E7369 		.ascii	"unsigned int\000"
 1387      676E6564 
 1387      20696E74 
 1387      00
 1388              	.LASF86:
 1389 04df 4359424C 		.ascii	"CYBLE_EVT_LE_PING_AUTH_TIMEOUT\000"
 1389      455F4556 
 1389      545F4C45 
ARM GAS  C:\Users\Intern\AppData\Local\Temp\ccO2TIpE.s 			page 30


 1389      5F50494E 
 1389      475F4155 
 1390              	.LASF125:
 1391 04fe 6D656173 		.ascii	"measure_battery\000"
 1391      7572655F 
 1391      62617474 
 1391      65727900 
 1392              	.LASF8:
 1393 050e 6C6F6E67 		.ascii	"long unsigned int\000"
 1393      20756E73 
 1393      69676E65 
 1393      6420696E 
 1393      7400
 1394              	.LASF45:
 1395 0520 4359424C 		.ascii	"CYBLE_EVT_GAP_CONN_ESTB\000"
 1395      455F4556 
 1395      545F4741 
 1395      505F434F 
 1395      4E4E5F45 
 1396              	.LASF61:
 1397 0538 4359424C 		.ascii	"CYBLE_EVT_GATTS_WRITE_REQ\000"
 1397      455F4556 
 1397      545F4741 
 1397      5454535F 
 1397      57524954 
 1398              	.LASF53:
 1399 0552 4359424C 		.ascii	"CYBLE_EVT_GATTC_XCHNG_MTU_RSP\000"
 1399      455F4556 
 1399      545F4741 
 1399      5454435F 
 1399      5843484E 
 1400              	.LASF70:
 1401 0570 4359424C 		.ascii	"CYBLE_EVT_GATTS_DATA_SIGNED_CMD_REQ\000"
 1401      455F4556 
 1401      545F4741 
 1401      5454535F 
 1401      44415441 
 1402              	.LASF73:
 1403 0594 4359424C 		.ascii	"CYBLE_EVT_GATTC_LONG_PROCEDURE_END\000"
 1403      455F4556 
 1403      545F4741 
 1403      5454435F 
 1403      4C4F4E47 
 1404              	.LASF6:
 1405 05b7 73686F72 		.ascii	"short unsigned int\000"
 1405      7420756E 
 1405      7369676E 
 1405      65642069 
 1405      6E7400
 1406              	.LASF18:
 1407 05ca 4359424C 		.ascii	"CYBLE_EVT_HOST_INVALID\000"
 1407      455F4556 
 1407      545F484F 
 1407      53545F49 
 1407      4E56414C 
 1408              	.LASF56:
 1409 05e1 4359424C 		.ascii	"CYBLE_EVT_GATTC_FIND_INFO_RSP\000"
ARM GAS  C:\Users\Intern\AppData\Local\Temp\ccO2TIpE.s 			page 31


 1409      455F4556 
 1409      545F4741 
 1409      5454435F 
 1409      46494E44 
 1410              	.LASF24:
 1411 05ff 4359424C 		.ascii	"CYBLE_EVT_MEMORY_REQUEST\000"
 1411      455F4556 
 1411      545F4D45 
 1411      4D4F5259 
 1411      5F524551 
 1412              	.LASF27:
 1413 0618 4359424C 		.ascii	"CYBLE_EVT_GAP_PASSKEY_ENTRY_REQUEST\000"
 1413      455F4556 
 1413      545F4741 
 1413      505F5041 
 1413      53534B45 
 1414              	.LASF32:
 1415 063c 4359424C 		.ascii	"CYBLE_EVT_GAP_DEVICE_CONNECTED\000"
 1415      455F4556 
 1415      545F4741 
 1415      505F4445 
 1415      56494345 
 1416              	.LASF47:
 1417 065b 4359424C 		.ascii	"CYBLE_EVT_GAP_AUTH_REQ_REPLY_ERR\000"
 1417      455F4556 
 1417      545F4741 
 1417      505F4155 
 1417      54485F52 
 1418              	.LASF112:
 1419 067c 6379426C 		.ascii	"cyBle_state\000"
 1419      655F7374 
 1419      61746500 
 1420              	.LASF28:
 1421 0688 4359424C 		.ascii	"CYBLE_EVT_GAP_PASSKEY_DISPLAY_REQUEST\000"
 1421      455F4556 
 1421      545F4741 
 1421      505F5041 
 1421      53534B45 
 1422              	.LASF114:
 1423 06ae 62617474 		.ascii	"batterySimulationNotify\000"
 1423      65727953 
 1423      696D756C 
 1423      6174696F 
 1423      6E4E6F74 
 1424              	.LASF50:
 1425 06c6 4359424C 		.ascii	"CYBLE_EVT_GATT_CONNECT_IND\000"
 1425      455F4556 
 1425      545F4741 
 1425      54545F43 
 1425      4F4E4E45 
 1426              	.LASF126:
 1427 06e1 75706461 		.ascii	"update_battery\000"
 1427      74655F62 
 1427      61747465 
 1427      727900
 1428              	.LASF76:
 1429 06f0 4359424C 		.ascii	"CYBLE_EVT_L2CAP_COMMAND_REJ\000"
ARM GAS  C:\Users\Intern\AppData\Local\Temp\ccO2TIpE.s 			page 32


 1429      455F4556 
 1429      545F4C32 
 1429      4341505F 
 1429      434F4D4D 
 1430              	.LASF17:
 1431 070c 72656733 		.ascii	"reg32\000"
 1431      3200
 1432              	.LASF25:
 1433 0712 4359424C 		.ascii	"CYBLE_EVT_GAPC_SCAN_PROGRESS_RESULT\000"
 1433      455F4556 
 1433      545F4741 
 1433      50435F53 
 1433      43414E5F 
 1434              	.LASF92:
 1435 0736 61747449 		.ascii	"attId\000"
 1435      6400
 1436              	.LASF48:
 1437 073c 4359424C 		.ascii	"CYBLE_EVT_GAP_SMP_LOC_P256_KEYS_GEN_AND_SET_COMPLET"
 1437      455F4556 
 1437      545F4741 
 1437      505F534D 
 1437      505F4C4F 
 1438 076f 4500     		.ascii	"E\000"
 1439              	.LASF107:
 1440 0771 61646352 		.ascii	"adcResult\000"
 1440      6573756C 
 1440      7400
 1441              	.LASF55:
 1442 077b 4359424C 		.ascii	"CYBLE_EVT_GATTC_READ_BY_TYPE_RSP\000"
 1442      455F4556 
 1442      545F4741 
 1442      5454435F 
 1442      52454144 
 1443              	.LASF10:
 1444 079c 73697A65 		.ascii	"sizetype\000"
 1444      74797065 
 1444      00
 1445              	.LASF99:
 1446 07a5 4359424C 		.ascii	"CYBLE_GATTS_HANDLE_VALUE_NTF_T\000"
 1446      455F4741 
 1446      5454535F 
 1446      48414E44 
 1446      4C455F56 
 1447              	.LASF101:
 1448 07c4 4359424C 		.ascii	"CYBLE_STATE_INITIALIZING\000"
 1448      455F5354 
 1448      4154455F 
 1448      494E4954 
 1448      49414C49 
 1449              	.LASF30:
 1450 07dd 4359424C 		.ascii	"CYBLE_EVT_GAP_AUTH_FAILED\000"
 1450      455F4556 
 1450      545F4741 
 1450      505F4155 
 1450      54485F46 
 1451              	.LASF113:
 1452 07f7 6379426C 		.ascii	"cyBle_connHandle\000"
ARM GAS  C:\Users\Intern\AppData\Local\Temp\ccO2TIpE.s 			page 33


 1452      655F636F 
 1452      6E6E4861 
 1452      6E646C65 
 1452      00
 1453              	.LASF62:
 1454 0808 4359424C 		.ascii	"CYBLE_EVT_GATTC_WRITE_RSP\000"
 1454      455F4556 
 1454      545F4741 
 1454      5454435F 
 1454      57524954 
 1455              	.LASF43:
 1456 0822 4359424C 		.ascii	"CYBLE_EVT_GAPC_DIRECT_ADV_REPORT\000"
 1456      455F4556 
 1456      545F4741 
 1456      50435F44 
 1456      49524543 
 1457              	.LASF41:
 1458 0843 4359424C 		.ascii	"CYBLE_EVT_GAP_DATA_LENGTH_CHANGE\000"
 1458      455F4556 
 1458      545F4741 
 1458      505F4441 
 1458      54415F4C 
 1459              	.LASF46:
 1460 0864 4359424C 		.ascii	"CYBLE_EVT_GAP_SCAN_REQ_RECVD\000"
 1460      455F4556 
 1460      545F4741 
 1460      505F5343 
 1460      414E5F52 
 1461              	.LASF118:
 1462 0881 4144435F 		.ascii	"ADC_IsEndConversion\000"
 1462      4973456E 
 1462      64436F6E 
 1462      76657273 
 1462      696F6E00 
 1463              	.LASF29:
 1464 0895 4359424C 		.ascii	"CYBLE_EVT_GAP_AUTH_COMPLETE\000"
 1464      455F4556 
 1464      545F4741 
 1464      505F4155 
 1464      54485F43 
 1465              	.LASF67:
 1466 08b1 4359424C 		.ascii	"CYBLE_EVT_GATTC_HANDLE_VALUE_NTF\000"
 1466      455F4556 
 1466      545F4741 
 1466      5454435F 
 1466      48414E44 
 1467              	.LASF98:
 1468 08d2 4359424C 		.ascii	"CYBLE_GATT_HANDLE_VALUE_PAIR_T\000"
 1468      455F4741 
 1468      54545F48 
 1468      414E444C 
 1468      455F5641 
 1469              	.LASF108:
 1470 08f1 6D766F6C 		.ascii	"mvolts\000"
 1470      747300
 1471              	.LASF78:
 1472 08f8 4359424C 		.ascii	"CYBLE_EVT_L2CAP_CBFC_CONN_CNF\000"
ARM GAS  C:\Users\Intern\AppData\Local\Temp\ccO2TIpE.s 			page 34


 1472      455F4556 
 1472      545F4C32 
 1472      4341505F 
 1472      43424643 
 1473              	.LASF54:
 1474 0916 4359424C 		.ascii	"CYBLE_EVT_GATTC_READ_BY_GROUP_TYPE_RSP\000"
 1474      455F4556 
 1474      545F4741 
 1474      5454435F 
 1474      52454144 
 1475              	.LASF15:
 1476 093d 666C6F61 		.ascii	"float\000"
 1476      7400
 1477              	.LASF110:
 1478 0943 74656D70 		.ascii	"tempHandle\000"
 1478      48616E64 
 1478      6C6500
 1479              	.LASF4:
 1480 094e 756E7369 		.ascii	"unsigned char\000"
 1480      676E6564 
 1480      20636861 
 1480      7200
 1481              	.LASF13:
 1482 095c 75696E74 		.ascii	"uint16\000"
 1482      313600
 1483              	.LASF39:
 1484 0963 4359424C 		.ascii	"CYBLE_EVT_GAP_KEYPRESS_NOTIFICATION\000"
 1484      455F4556 
 1484      545F4741 
 1484      505F4B45 
 1484      59505245 
 1485              	.LASF5:
 1486 0987 73686F72 		.ascii	"short int\000"
 1486      7420696E 
 1486      7400
 1487              	.LASF68:
 1488 0991 4359424C 		.ascii	"CYBLE_EVT_GATTC_HANDLE_VALUE_IND\000"
 1488      455F4556 
 1488      545F4741 
 1488      5454435F 
 1488      48414E44 
 1489              	.LASF87:
 1490 09b2 4359424C 		.ascii	"CYBLE_EVT_HCI_PKT\000"
 1490      455F4556 
 1490      545F4843 
 1490      495F504B 
 1490      5400
 1491              	.LASF64:
 1492 09c4 4359424C 		.ascii	"CYBLE_EVT_GATTS_PREP_WRITE_REQ\000"
 1492      455F4556 
 1492      545F4741 
 1492      5454535F 
 1492      50524550 
 1493              	.LASF69:
 1494 09e3 4359424C 		.ascii	"CYBLE_EVT_GATTS_HANDLE_VALUE_CNF\000"
 1494      455F4556 
 1494      545F4741 
ARM GAS  C:\Users\Intern\AppData\Local\Temp\ccO2TIpE.s 			page 35


 1494      5454535F 
 1494      48414E44 
 1495              	.LASF49:
 1496 0a04 4359424C 		.ascii	"CYBLE_EVT_GATTC_ERROR_RSP\000"
 1496      455F4556 
 1496      545F4741 
 1496      5454435F 
 1496      4552524F 
 1497              	.LASF44:
 1498 0a1e 4359424C 		.ascii	"CYBLE_EVT_GAP_SMP_NEGOTIATED_AUTH_INFO\000"
 1498      455F4556 
 1498      545F4741 
 1498      505F534D 
 1498      505F4E45 
 1499              	.LASF2:
 1500 0a45 6C6F6E67 		.ascii	"long double\000"
 1500      20646F75 
 1500      626C6500 
 1501              	.LASF88:
 1502 0a51 4359424C 		.ascii	"CYBLE_EVT_FLASH_CORRUPT\000"
 1502      455F4556 
 1502      545F464C 
 1502      4153485F 
 1502      434F5252 
 1503              	.LASF11:
 1504 0a69 63686172 		.ascii	"char\000"
 1504      00
 1505              	.LASF33:
 1506 0a6e 4359424C 		.ascii	"CYBLE_EVT_GAP_DEVICE_DISCONNECTED\000"
 1506      455F4556 
 1506      545F4741 
 1506      505F4445 
 1506      56494345 
 1507              	.LASF72:
 1508 0a90 4359424C 		.ascii	"CYBLE_EVT_GATTS_READ_CHAR_VAL_ACCESS_REQ\000"
 1508      455F4556 
 1508      545F4741 
 1508      5454535F 
 1508      52454144 
 1509              	.LASF115:
 1510 0ab9 62617474 		.ascii	"batteryMeasureNotify\000"
 1510      6572794D 
 1510      65617375 
 1510      72654E6F 
 1510      74696679 
 1511              	.LASF124:
 1512 0ace 433A5C55 		.ascii	"C:\\Users\\Intern\\Documents\\GitHub\\UV-Sticker\\P"
 1512      73657273 
 1512      5C496E74 
 1512      65726E5C 
 1512      446F6375 
 1513 0afb 736F635C 		.ascii	"soc\\UV-Project\\UV-SG-TEMP.cydsn\000"
 1513      55562D50 
 1513      726F6A65 
 1513      63745C55 
 1513      562D5347 
 1514              	.LASF83:
ARM GAS  C:\Users\Intern\AppData\Local\Temp\ccO2TIpE.s 			page 36


 1515 0b1b 4359424C 		.ascii	"CYBLE_EVT_L2CAP_CBFC_TX_CREDIT_IND\000"
 1515      455F4556 
 1515      545F4C32 
 1515      4341505F 
 1515      43424643 
 1516              	.LASF21:
 1517 0b3e 4359424C 		.ascii	"CYBLE_EVT_HARDWARE_ERROR\000"
 1517      455F4556 
 1517      545F4841 
 1517      52445741 
 1517      52455F45 
 1518              	.LASF116:
 1519 0b57 43794465 		.ascii	"CyDelay\000"
 1519      6C617900 
 1520              	.LASF52:
 1521 0b5f 4359424C 		.ascii	"CYBLE_EVT_GATTS_XCNHG_MTU_REQ\000"
 1521      455F4556 
 1521      545F4741 
 1521      5454535F 
 1521      58434E48 
 1522              	.LASF105:
 1523 0b7d 4359424C 		.ascii	"CYBLE_STATE_T\000"
 1523      455F5354 
 1523      4154455F 
 1523      5400
 1524              	.LASF59:
 1525 0b8b 4359424C 		.ascii	"CYBLE_EVT_GATTC_READ_BLOB_RSP\000"
 1525      455F4556 
 1525      545F4741 
 1525      5454435F 
 1525      52454144 
 1526              	.LASF106:
 1527 0ba9 73617243 		.ascii	"sarControlReg\000"
 1527      6F6E7472 
 1527      6F6C5265 
 1527      6700
 1528              	.LASF102:
 1529 0bb7 4359424C 		.ascii	"CYBLE_STATE_CONNECTED\000"
 1529      455F5354 
 1529      4154455F 
 1529      434F4E4E 
 1529      45435445 
 1530              	.LASF57:
 1531 0bcd 4359424C 		.ascii	"CYBLE_EVT_GATTC_FIND_BY_TYPE_VALUE_RSP\000"
 1531      455F4556 
 1531      545F4741 
 1531      5454435F 
 1531      46494E44 
 1532              	.LASF37:
 1533 0bf4 4359424C 		.ascii	"CYBLE_EVT_GAP_KEYINFO_EXCHNGE_CMPLT\000"
 1533      455F4556 
 1533      545F4741 
 1533      505F4B45 
 1533      59494E46 
 1534              	.LASF121:
 1535 0c18 4379426C 		.ascii	"CyBle_GattsNotification\000"
 1535      655F4761 
ARM GAS  C:\Users\Intern\AppData\Local\Temp\ccO2TIpE.s 			page 37


 1535      7474734E 
 1535      6F746966 
 1535      69636174 
 1536              	.LASF91:
 1537 0c30 62644861 		.ascii	"bdHandle\000"
 1537      6E646C65 
 1537      00
 1538              	.LASF75:
 1539 0c39 4359424C 		.ascii	"CYBLE_EVT_L2CAP_CONN_PARAM_UPDATE_RSP\000"
 1539      455F4556 
 1539      545F4C32 
 1539      4341505F 
 1539      434F4E4E 
 1540              	.LASF42:
 1541 0c5f 4359424C 		.ascii	"CYBLE_EVT_GAP_ENHANCE_CONN_COMPLETE\000"
 1541      455F4556 
 1541      545F4741 
 1541      505F454E 
 1541      48414E43 
 1542              	.LASF90:
 1543 0c83 4359424C 		.ascii	"CYBLE_GATT_DB_ATTR_HANDLE_T\000"
 1543      455F4741 
 1543      54545F44 
 1543      425F4154 
 1543      54525F48 
 1544              	.LASF51:
 1545 0c9f 4359424C 		.ascii	"CYBLE_EVT_GATT_DISCONNECT_IND\000"
 1545      455F4556 
 1545      545F4741 
 1545      54545F44 
 1545      4953434F 
 1546              	.LASF119:
 1547 0cbd 4144435F 		.ascii	"ADC_GetResult16\000"
 1547      47657452 
 1547      6573756C 
 1547      74313600 
 1548              		.ident	"GCC: (GNU Tools for ARM Embedded Processors) 5.4.1 20160609 (release) [ARM/embedded-5-bran
