ARM GAS  C:\Users\Intern\AppData\Local\Temp\ccuA7SYE.s 			page 1


   1              		.syntax unified
   2              		.cpu cortex-m0
   3              		.fpu softvfp
   4              		.eabi_attribute 20, 1
   5              		.eabi_attribute 21, 1
   6              		.eabi_attribute 23, 3
   7              		.eabi_attribute 24, 1
   8              		.eabi_attribute 25, 1
   9              		.eabi_attribute 26, 1
  10              		.eabi_attribute 30, 1
  11              		.eabi_attribute 34, 0
  12              		.eabi_attribute 18, 4
  13              		.thumb
  14              		.syntax unified
  15              		.file	"BLE_custom.c"
  16              		.text
  17              	.Ltext0:
  18              		.cfi_sections	.debug_frame
  19              		.section	.text.CyBle_CustomInit,"ax",%progbits
  20              		.align	2
  21              		.global	CyBle_CustomInit
  22              		.code	16
  23              		.thumb_func
  24              		.type	CyBle_CustomInit, %function
  25              	CyBle_CustomInit:
  26              	.LFB2:
  27              		.file 1 "Generated_Source\\PSoC4\\BLE_custom.c"
   1:Generated_Source\PSoC4/BLE_custom.c **** /***************************************************************************//**
   2:Generated_Source\PSoC4/BLE_custom.c **** * \file CYBLE_custom.c
   3:Generated_Source\PSoC4/BLE_custom.c **** * \version 3.50
   4:Generated_Source\PSoC4/BLE_custom.c **** * 
   5:Generated_Source\PSoC4/BLE_custom.c **** * \brief
   6:Generated_Source\PSoC4/BLE_custom.c **** *  Contains the source code for the Custom Service.
   7:Generated_Source\PSoC4/BLE_custom.c **** * 
   8:Generated_Source\PSoC4/BLE_custom.c **** ********************************************************************************
   9:Generated_Source\PSoC4/BLE_custom.c **** * \copyright
  10:Generated_Source\PSoC4/BLE_custom.c **** * Copyright 2014-2018, Cypress Semiconductor Corporation.  All rights reserved.
  11:Generated_Source\PSoC4/BLE_custom.c **** * You may use this file only in accordance with the license, terms, conditions,
  12:Generated_Source\PSoC4/BLE_custom.c **** * disclaimers, and limitations in the end user license agreement accompanying
  13:Generated_Source\PSoC4/BLE_custom.c **** * the software package with which this file was provided.
  14:Generated_Source\PSoC4/BLE_custom.c **** *******************************************************************************/
  15:Generated_Source\PSoC4/BLE_custom.c **** 
  16:Generated_Source\PSoC4/BLE_custom.c **** 
  17:Generated_Source\PSoC4/BLE_custom.c **** #include "BLE_eventHandler.h"
  18:Generated_Source\PSoC4/BLE_custom.c **** 
  19:Generated_Source\PSoC4/BLE_custom.c **** #ifdef CYBLE_CUSTOM_SERVER
  20:Generated_Source\PSoC4/BLE_custom.c **** 
  21:Generated_Source\PSoC4/BLE_custom.c **** /* If any custom service with custom characteristics is defined in the
  22:Generated_Source\PSoC4/BLE_custom.c **** * customizer's GUI their handles will be present in this array.
  23:Generated_Source\PSoC4/BLE_custom.c **** */
  24:Generated_Source\PSoC4/BLE_custom.c **** /* This array contains attribute handles for the defined Custom Services and their characteristics 
  25:Generated_Source\PSoC4/BLE_custom.c ****    The array index definitions are located in the CYBLE_custom.h file. */
  26:Generated_Source\PSoC4/BLE_custom.c **** const CYBLE_CUSTOMS_T cyBle_customs[0x03u] = {
  27:Generated_Source\PSoC4/BLE_custom.c **** 
  28:Generated_Source\PSoC4/BLE_custom.c ****     /* UV Measurement service */
  29:Generated_Source\PSoC4/BLE_custom.c ****     {
  30:Generated_Source\PSoC4/BLE_custom.c ****         0x0010u, /* Handle of the UV Measurement service */ 
ARM GAS  C:\Users\Intern\AppData\Local\Temp\ccuA7SYE.s 			page 2


  31:Generated_Source\PSoC4/BLE_custom.c ****         {
  32:Generated_Source\PSoC4/BLE_custom.c **** 
  33:Generated_Source\PSoC4/BLE_custom.c ****             /* Power Density characteristic */
  34:Generated_Source\PSoC4/BLE_custom.c ****             {
  35:Generated_Source\PSoC4/BLE_custom.c ****                 0x0012u, /* Handle of the Power Density characteristic */ 
  36:Generated_Source\PSoC4/BLE_custom.c ****                 
  37:Generated_Source\PSoC4/BLE_custom.c ****                 /* Array of Descriptors handles */
  38:Generated_Source\PSoC4/BLE_custom.c ****                 {
  39:Generated_Source\PSoC4/BLE_custom.c ****                     0x0013u, /* Handle of the Client Characteristic Configuration descriptor */ 
  40:Generated_Source\PSoC4/BLE_custom.c ****                     0x0014u, /* Handle of the Characteristic User Description descriptor */ 
  41:Generated_Source\PSoC4/BLE_custom.c ****                 }, 
  42:Generated_Source\PSoC4/BLE_custom.c ****             },
  43:Generated_Source\PSoC4/BLE_custom.c **** 
  44:Generated_Source\PSoC4/BLE_custom.c ****             /* UV Index characteristic */
  45:Generated_Source\PSoC4/BLE_custom.c ****             {
  46:Generated_Source\PSoC4/BLE_custom.c ****                 0x0016u, /* Handle of the UV Index characteristic */ 
  47:Generated_Source\PSoC4/BLE_custom.c ****                 
  48:Generated_Source\PSoC4/BLE_custom.c ****                 /* Array of Descriptors handles */
  49:Generated_Source\PSoC4/BLE_custom.c ****                 {
  50:Generated_Source\PSoC4/BLE_custom.c ****                     0x0017u, /* Handle of the Client Characteristic Configuration descriptor */ 
  51:Generated_Source\PSoC4/BLE_custom.c ****                     0x0018u, /* Handle of the Characteristic User Description descriptor */ 
  52:Generated_Source\PSoC4/BLE_custom.c ****                 }, 
  53:Generated_Source\PSoC4/BLE_custom.c ****             },
  54:Generated_Source\PSoC4/BLE_custom.c ****         }, 
  55:Generated_Source\PSoC4/BLE_custom.c ****     },
  56:Generated_Source\PSoC4/BLE_custom.c **** 
  57:Generated_Source\PSoC4/BLE_custom.c ****     /* Battery service */
  58:Generated_Source\PSoC4/BLE_custom.c ****     {
  59:Generated_Source\PSoC4/BLE_custom.c ****         0x0019u, /* Handle of the Battery service */ 
  60:Generated_Source\PSoC4/BLE_custom.c ****         {
  61:Generated_Source\PSoC4/BLE_custom.c **** 
  62:Generated_Source\PSoC4/BLE_custom.c ****             /* Battery Level characteristic */
  63:Generated_Source\PSoC4/BLE_custom.c ****             {
  64:Generated_Source\PSoC4/BLE_custom.c ****                 0x001Bu, /* Handle of the Battery Level characteristic */ 
  65:Generated_Source\PSoC4/BLE_custom.c ****                 
  66:Generated_Source\PSoC4/BLE_custom.c ****                 /* Array of Descriptors handles */
  67:Generated_Source\PSoC4/BLE_custom.c ****                 {
  68:Generated_Source\PSoC4/BLE_custom.c ****                     0x001Cu, /* Handle of the Client Characteristic Configuration descriptor */ 
  69:Generated_Source\PSoC4/BLE_custom.c ****                     0x001Du, /* Handle of the Characteristic User Description descriptor */ 
  70:Generated_Source\PSoC4/BLE_custom.c ****                 }, 
  71:Generated_Source\PSoC4/BLE_custom.c ****             },
  72:Generated_Source\PSoC4/BLE_custom.c ****             {
  73:Generated_Source\PSoC4/BLE_custom.c ****                 CYBLE_GATT_INVALID_ATTR_HANDLE_VALUE, 
  74:Generated_Source\PSoC4/BLE_custom.c ****                 
  75:Generated_Source\PSoC4/BLE_custom.c ****                 /* Array of Descriptors handles */
  76:Generated_Source\PSoC4/BLE_custom.c ****                 {
  77:Generated_Source\PSoC4/BLE_custom.c ****                     CYBLE_GATT_INVALID_ATTR_HANDLE_VALUE, 
  78:Generated_Source\PSoC4/BLE_custom.c ****                     CYBLE_GATT_INVALID_ATTR_HANDLE_VALUE, 
  79:Generated_Source\PSoC4/BLE_custom.c ****                 }, 
  80:Generated_Source\PSoC4/BLE_custom.c ****             },
  81:Generated_Source\PSoC4/BLE_custom.c ****         }, 
  82:Generated_Source\PSoC4/BLE_custom.c ****     },
  83:Generated_Source\PSoC4/BLE_custom.c **** 
  84:Generated_Source\PSoC4/BLE_custom.c ****     /* Body Temperature service */
  85:Generated_Source\PSoC4/BLE_custom.c ****     {
  86:Generated_Source\PSoC4/BLE_custom.c ****         0x001Eu, /* Handle of the Body Temperature service */ 
  87:Generated_Source\PSoC4/BLE_custom.c ****         {
ARM GAS  C:\Users\Intern\AppData\Local\Temp\ccuA7SYE.s 			page 3


  88:Generated_Source\PSoC4/BLE_custom.c **** 
  89:Generated_Source\PSoC4/BLE_custom.c ****             /* Temperature characteristic */
  90:Generated_Source\PSoC4/BLE_custom.c ****             {
  91:Generated_Source\PSoC4/BLE_custom.c ****                 0x0020u, /* Handle of the Temperature characteristic */ 
  92:Generated_Source\PSoC4/BLE_custom.c ****                 
  93:Generated_Source\PSoC4/BLE_custom.c ****                 /* Array of Descriptors handles */
  94:Generated_Source\PSoC4/BLE_custom.c ****                 {
  95:Generated_Source\PSoC4/BLE_custom.c ****                     0x0021u, /* Handle of the Client Characteristic Configuration descriptor */ 
  96:Generated_Source\PSoC4/BLE_custom.c ****                     0x0022u, /* Handle of the Characteristic User Description descriptor */ 
  97:Generated_Source\PSoC4/BLE_custom.c ****                 }, 
  98:Generated_Source\PSoC4/BLE_custom.c ****             },
  99:Generated_Source\PSoC4/BLE_custom.c ****             {
 100:Generated_Source\PSoC4/BLE_custom.c ****                 CYBLE_GATT_INVALID_ATTR_HANDLE_VALUE, 
 101:Generated_Source\PSoC4/BLE_custom.c ****                 
 102:Generated_Source\PSoC4/BLE_custom.c ****                 /* Array of Descriptors handles */
 103:Generated_Source\PSoC4/BLE_custom.c ****                 {
 104:Generated_Source\PSoC4/BLE_custom.c ****                     CYBLE_GATT_INVALID_ATTR_HANDLE_VALUE, 
 105:Generated_Source\PSoC4/BLE_custom.c ****                     CYBLE_GATT_INVALID_ATTR_HANDLE_VALUE, 
 106:Generated_Source\PSoC4/BLE_custom.c ****                 }, 
 107:Generated_Source\PSoC4/BLE_custom.c ****             },
 108:Generated_Source\PSoC4/BLE_custom.c ****         }, 
 109:Generated_Source\PSoC4/BLE_custom.c ****     },
 110:Generated_Source\PSoC4/BLE_custom.c **** };
 111:Generated_Source\PSoC4/BLE_custom.c **** 
 112:Generated_Source\PSoC4/BLE_custom.c **** 
 113:Generated_Source\PSoC4/BLE_custom.c **** #endif /* (CYBLE_CUSTOM_SERVER) */
 114:Generated_Source\PSoC4/BLE_custom.c **** 
 115:Generated_Source\PSoC4/BLE_custom.c **** #ifdef CYBLE_CUSTOM_CLIENT
 116:Generated_Source\PSoC4/BLE_custom.c ****     
 117:Generated_Source\PSoC4/BLE_custom.c **** 
 118:Generated_Source\PSoC4/BLE_custom.c **** static uint16 cyBle_customDisServIndex;
 119:Generated_Source\PSoC4/BLE_custom.c **** static uint16 cyBle_customDisCharIndex;
 120:Generated_Source\PSoC4/BLE_custom.c **** 
 121:Generated_Source\PSoC4/BLE_custom.c **** #endif /* (CYBLE_CUSTOM_CLIENT) */
 122:Generated_Source\PSoC4/BLE_custom.c **** 
 123:Generated_Source\PSoC4/BLE_custom.c **** 
 124:Generated_Source\PSoC4/BLE_custom.c **** /****************************************************************************** 
 125:Generated_Source\PSoC4/BLE_custom.c **** * Function Name: CyBle_CustomInit
 126:Generated_Source\PSoC4/BLE_custom.c **** ***************************************************************************//**
 127:Generated_Source\PSoC4/BLE_custom.c **** * 
 128:Generated_Source\PSoC4/BLE_custom.c **** *  This function initializes Custom Service.
 129:Generated_Source\PSoC4/BLE_custom.c **** * 
 130:Generated_Source\PSoC4/BLE_custom.c **** * \return
 131:Generated_Source\PSoC4/BLE_custom.c **** *  None
 132:Generated_Source\PSoC4/BLE_custom.c **** * 
 133:Generated_Source\PSoC4/BLE_custom.c **** ******************************************************************************/
 134:Generated_Source\PSoC4/BLE_custom.c **** void CyBle_CustomInit(void)
 135:Generated_Source\PSoC4/BLE_custom.c **** {
  28              		.loc 1 135 0
  29              		.cfi_startproc
  30              		@ args = 0, pretend = 0, frame = 0
  31              		@ frame_needed = 0, uses_anonymous_args = 0
  32              		@ link register save eliminated.
 136:Generated_Source\PSoC4/BLE_custom.c ****     
 137:Generated_Source\PSoC4/BLE_custom.c **** #ifdef CYBLE_CUSTOM_CLIENT
 138:Generated_Source\PSoC4/BLE_custom.c **** 
 139:Generated_Source\PSoC4/BLE_custom.c ****     uint16 locServIndex;
ARM GAS  C:\Users\Intern\AppData\Local\Temp\ccuA7SYE.s 			page 4


 140:Generated_Source\PSoC4/BLE_custom.c ****     uint16 locCharIndex;
 141:Generated_Source\PSoC4/BLE_custom.c ****     uint16 locDescIndex;
 142:Generated_Source\PSoC4/BLE_custom.c ****     
 143:Generated_Source\PSoC4/BLE_custom.c ****     for(locServIndex = 0u; locServIndex < CYBLE_CUSTOMC_SERVICE_COUNT; locServIndex++)
 144:Generated_Source\PSoC4/BLE_custom.c ****     {
 145:Generated_Source\PSoC4/BLE_custom.c ****         if(cyBle_serverInfo[CYBLE_SRVI_CUSTOMS + locServIndex].range.startHandle == CYBLE_GATT_INVA
 146:Generated_Source\PSoC4/BLE_custom.c ****         {
 147:Generated_Source\PSoC4/BLE_custom.c ****             for(locCharIndex = 0u; locCharIndex < cyBle_customCServ[locServIndex].charCount; locCha
 148:Generated_Source\PSoC4/BLE_custom.c ****             {
 149:Generated_Source\PSoC4/BLE_custom.c ****                 cyBle_customCServ[locServIndex].customServChar[locCharIndex].
 150:Generated_Source\PSoC4/BLE_custom.c ****                     customServCharHandle = 0u;
 151:Generated_Source\PSoC4/BLE_custom.c ****                 
 152:Generated_Source\PSoC4/BLE_custom.c ****                 for(locDescIndex = 0u; locDescIndex < 
 153:Generated_Source\PSoC4/BLE_custom.c ****                     cyBle_customCServ[locServIndex].customServChar[locCharIndex].descCount; 
 154:Generated_Source\PSoC4/BLE_custom.c ****                         locDescIndex++)
 155:Generated_Source\PSoC4/BLE_custom.c ****                 {
 156:Generated_Source\PSoC4/BLE_custom.c ****                     cyBle_customCServ[locServIndex].customServChar[locCharIndex].
 157:Generated_Source\PSoC4/BLE_custom.c ****                         customServCharDesc[locDescIndex].descHandle = 0u;
 158:Generated_Source\PSoC4/BLE_custom.c ****                 }
 159:Generated_Source\PSoC4/BLE_custom.c ****             }
 160:Generated_Source\PSoC4/BLE_custom.c ****         }
 161:Generated_Source\PSoC4/BLE_custom.c ****     }
 162:Generated_Source\PSoC4/BLE_custom.c **** 
 163:Generated_Source\PSoC4/BLE_custom.c **** #endif /* (CYBLE_CUSTOM_CLIENT) */
 164:Generated_Source\PSoC4/BLE_custom.c **** }
  33              		.loc 1 164 0
  34              		@ sp needed
  35 0000 7047     		bx	lr
  36              		.cfi_endproc
  37              	.LFE2:
  38              		.size	CyBle_CustomInit, .-CyBle_CustomInit
  39              		.global	cyBle_customs
  40 0002 C046     		.section	.rodata
  41              		.align	2
  42              		.type	cyBle_customs, %object
  43              		.size	cyBle_customs, 42
  44              	cyBle_customs:
  45 0000 1000     		.short	16
  46 0002 1200     		.short	18
  47 0004 1300     		.short	19
  48 0006 1400     		.short	20
  49 0008 1600     		.short	22
  50 000a 1700     		.short	23
  51 000c 1800     		.short	24
  52 000e 1900     		.short	25
  53 0010 1B00     		.short	27
  54 0012 1C00     		.short	28
  55 0014 1D00     		.short	29
  56 0016 0000     		.short	0
  57 0018 0000     		.short	0
  58 001a 0000     		.short	0
  59 001c 1E00     		.short	30
  60 001e 2000     		.short	32
  61 0020 2100     		.short	33
  62 0022 2200     		.short	34
  63 0024 0000     		.short	0
  64 0026 0000     		.short	0
ARM GAS  C:\Users\Intern\AppData\Local\Temp\ccuA7SYE.s 			page 5


  65 0028 0000     		.short	0
  66              		.text
  67              	.Letext0:
  68              		.file 2 "Generated_Source\\PSoC4\\cytypes.h"
  69              		.file 3 "Generated_Source\\PSoC4\\BLE_StackGatt.h"
  70              		.file 4 "Generated_Source\\PSoC4\\BLE_custom.h"
  71              		.file 5 "Generated_Source\\PSoC4\\BLE_Stack.h"
  72              		.section	.debug_info,"",%progbits
  73              	.Ldebug_info0:
  74 0000 15030000 		.4byte	0x315
  75 0004 0400     		.2byte	0x4
  76 0006 00000000 		.4byte	.Ldebug_abbrev0
  77 000a 04       		.byte	0x4
  78 000b 01       		.uleb128 0x1
  79 000c CE010000 		.4byte	.LASF94
  80 0010 0C       		.byte	0xc
  81 0011 4D030000 		.4byte	.LASF95
  82 0015 32060000 		.4byte	.LASF96
  83 0019 00000000 		.4byte	.Ldebug_ranges0+0
  84 001d 00000000 		.4byte	0
  85 0021 00000000 		.4byte	.Ldebug_line0
  86 0025 02       		.uleb128 0x2
  87 0026 01       		.byte	0x1
  88 0027 06       		.byte	0x6
  89 0028 8F050000 		.4byte	.LASF0
  90 002c 02       		.uleb128 0x2
  91 002d 01       		.byte	0x1
  92 002e 08       		.byte	0x8
  93 002f 16050000 		.4byte	.LASF1
  94 0033 02       		.uleb128 0x2
  95 0034 02       		.byte	0x2
  96 0035 05       		.byte	0x5
  97 0036 B7000000 		.4byte	.LASF2
  98 003a 02       		.uleb128 0x2
  99 003b 02       		.byte	0x2
 100 003c 07       		.byte	0x7
 101 003d BC070000 		.4byte	.LASF3
 102 0041 02       		.uleb128 0x2
 103 0042 04       		.byte	0x4
 104 0043 05       		.byte	0x5
 105 0044 BE030000 		.4byte	.LASF4
 106 0048 02       		.uleb128 0x2
 107 0049 04       		.byte	0x4
 108 004a 07       		.byte	0x7
 109 004b 20060000 		.4byte	.LASF5
 110 004f 02       		.uleb128 0x2
 111 0050 08       		.byte	0x8
 112 0051 05       		.byte	0x5
 113 0052 23010000 		.4byte	.LASF6
 114 0056 02       		.uleb128 0x2
 115 0057 08       		.byte	0x8
 116 0058 07       		.byte	0x7
 117 0059 71030000 		.4byte	.LASF7
 118 005d 03       		.uleb128 0x3
 119 005e 04       		.byte	0x4
 120 005f 05       		.byte	0x5
 121 0060 696E7400 		.ascii	"int\000"
ARM GAS  C:\Users\Intern\AppData\Local\Temp\ccuA7SYE.s 			page 6


 122 0064 02       		.uleb128 0x2
 123 0065 04       		.byte	0x4
 124 0066 07       		.byte	0x7
 125 0067 F8050000 		.4byte	.LASF8
 126 006b 04       		.uleb128 0x4
 127 006c F0070000 		.4byte	.LASF86
 128 0070 02       		.byte	0x2
 129 0071 E501     		.2byte	0x1e5
 130 0073 3A000000 		.4byte	0x3a
 131 0077 02       		.uleb128 0x2
 132 0078 04       		.byte	0x4
 133 0079 04       		.byte	0x4
 134 007a 05030000 		.4byte	.LASF9
 135 007e 02       		.uleb128 0x2
 136 007f 08       		.byte	0x8
 137 0080 04       		.byte	0x4
 138 0081 94080000 		.4byte	.LASF10
 139 0085 02       		.uleb128 0x2
 140 0086 01       		.byte	0x1
 141 0087 08       		.byte	0x8
 142 0088 9B070000 		.4byte	.LASF11
 143 008c 02       		.uleb128 0x2
 144 008d 08       		.byte	0x8
 145 008e 04       		.byte	0x4
 146 008f E4040000 		.4byte	.LASF12
 147 0093 02       		.uleb128 0x2
 148 0094 04       		.byte	0x4
 149 0095 07       		.byte	0x7
 150 0096 F9000000 		.4byte	.LASF13
 151 009a 05       		.uleb128 0x5
 152 009b 01       		.byte	0x1
 153 009c 2C000000 		.4byte	0x2c
 154 00a0 05       		.byte	0x5
 155 00a1 3201     		.2byte	0x132
 156 00a3 58020000 		.4byte	0x258
 157 00a7 06       		.uleb128 0x6
 158 00a8 AF020000 		.4byte	.LASF14
 159 00ac 00       		.byte	0
 160 00ad 06       		.uleb128 0x6
 161 00ae 68010000 		.4byte	.LASF15
 162 00b2 01       		.byte	0x1
 163 00b3 06       		.uleb128 0x6
 164 00b4 1A0A0000 		.4byte	.LASF16
 165 00b8 02       		.byte	0x2
 166 00b9 06       		.uleb128 0x6
 167 00ba F0080000 		.4byte	.LASF17
 168 00be 03       		.byte	0x3
 169 00bf 06       		.uleb128 0x6
 170 00c0 42010000 		.4byte	.LASF18
 171 00c4 04       		.byte	0x4
 172 00c5 06       		.uleb128 0x6
 173 00c6 50040000 		.4byte	.LASF19
 174 00ca 05       		.byte	0x5
 175 00cb 06       		.uleb128 0x6
 176 00cc 3E000000 		.4byte	.LASF20
 177 00d0 06       		.byte	0x6
 178 00d1 06       		.uleb128 0x6
ARM GAS  C:\Users\Intern\AppData\Local\Temp\ccuA7SYE.s 			page 7


 179 00d2 4E090000 		.4byte	.LASF21
 180 00d6 20       		.byte	0x20
 181 00d7 06       		.uleb128 0x6
 182 00d8 7F060000 		.4byte	.LASF22
 183 00dc 21       		.byte	0x21
 184 00dd 06       		.uleb128 0x6
 185 00de 00000000 		.4byte	.LASF23
 186 00e2 22       		.byte	0x22
 187 00e3 06       		.uleb128 0x6
 188 00e4 6C040000 		.4byte	.LASF24
 189 00e8 23       		.byte	0x23
 190 00e9 06       		.uleb128 0x6
 191 00ea DC050000 		.4byte	.LASF25
 192 00ee 24       		.byte	0x24
 193 00ef 06       		.uleb128 0x6
 194 00f0 C1000000 		.4byte	.LASF26
 195 00f4 25       		.byte	0x25
 196 00f5 06       		.uleb128 0x6
 197 00f6 07040000 		.4byte	.LASF27
 198 00fa 26       		.byte	0x26
 199 00fb 06       		.uleb128 0x6
 200 00fc E8030000 		.4byte	.LASF28
 201 0100 27       		.byte	0x27
 202 0101 06       		.uleb128 0x6
 203 0102 71000000 		.4byte	.LASF29
 204 0106 28       		.byte	0x28
 205 0107 06       		.uleb128 0x6
 206 0108 B7060000 		.4byte	.LASF30
 207 010c 29       		.byte	0x29
 208 010d 06       		.uleb128 0x6
 209 010e 4B070000 		.4byte	.LASF31
 210 0112 2A       		.byte	0x2a
 211 0113 06       		.uleb128 0x6
 212 0114 34080000 		.4byte	.LASF32
 213 0118 2B       		.byte	0x2b
 214 0119 06       		.uleb128 0x6
 215 011a 0F070000 		.4byte	.LASF33
 216 011e 2C       		.byte	0x2c
 217 011f 06       		.uleb128 0x6
 218 0120 24030000 		.4byte	.LASF34
 219 0124 2D       		.byte	0x2d
 220 0125 06       		.uleb128 0x6
 221 0126 93000000 		.4byte	.LASF35
 222 012a 2E       		.byte	0x2e
 223 012b 06       		.uleb128 0x6
 224 012c 040B0000 		.4byte	.LASF36
 225 0130 2F       		.byte	0x2f
 226 0131 06       		.uleb128 0x6
 227 0132 02010000 		.4byte	.LASF37
 228 0136 30       		.byte	0x30
 229 0137 06       		.uleb128 0x6
 230 0138 C0040000 		.4byte	.LASF38
 231 013c 31       		.byte	0x31
 232 013d 06       		.uleb128 0x6
 233 013e CF070000 		.4byte	.LASF39
 234 0142 32       		.byte	0x32
 235 0143 06       		.uleb128 0x6
ARM GAS  C:\Users\Intern\AppData\Local\Temp\ccuA7SYE.s 			page 8


 236 0144 74070000 		.4byte	.LASF40
 237 0148 33       		.byte	0x33
 238 0149 06       		.uleb128 0x6
 239 014a D4060000 		.4byte	.LASF41
 240 014e 34       		.byte	0x34
 241 014f 06       		.uleb128 0x6
 242 0150 D3080000 		.4byte	.LASF42
 243 0154 35       		.byte	0x35
 244 0155 06       		.uleb128 0x6
 245 0156 9D030000 		.4byte	.LASF43
 246 015a 36       		.byte	0x36
 247 015b 06       		.uleb128 0x6
 248 015c 7B010000 		.4byte	.LASF44
 249 0160 37       		.byte	0x37
 250 0161 06       		.uleb128 0x6
 251 0162 57000000 		.4byte	.LASF45
 252 0166 40       		.byte	0x40
 253 0167 06       		.uleb128 0x6
 254 0168 05060000 		.4byte	.LASF46
 255 016c 41       		.byte	0x41
 256 016d 06       		.uleb128 0x6
 257 016e DB000000 		.4byte	.LASF47
 258 0172 42       		.byte	0x42
 259 0173 06       		.uleb128 0x6
 260 0174 B0010000 		.4byte	.LASF48
 261 0178 43       		.byte	0x43
 262 0179 06       		.uleb128 0x6
 263 017a D8090000 		.4byte	.LASF49
 264 017e 44       		.byte	0x44
 265 017f 06       		.uleb128 0x6
 266 0180 72090000 		.4byte	.LASF50
 267 0184 45       		.byte	0x45
 268 0185 06       		.uleb128 0x6
 269 0186 B7090000 		.4byte	.LASF51
 270 018a 46       		.byte	0x46
 271 018b 06       		.uleb128 0x6
 272 018c 71050000 		.4byte	.LASF52
 273 0190 47       		.byte	0x47
 274 0191 06       		.uleb128 0x6
 275 0192 B5050000 		.4byte	.LASF53
 276 0196 48       		.byte	0x48
 277 0197 06       		.uleb128 0x6
 278 0198 0B030000 		.4byte	.LASF54
 279 019c 49       		.byte	0x49
 280 019d 06       		.uleb128 0x6
 281 019e F7070000 		.4byte	.LASF55
 282 01a2 4A       		.byte	0x4a
 283 01a3 06       		.uleb128 0x6
 284 01a4 6F020000 		.4byte	.LASF56
 285 01a8 4B       		.byte	0x4b
 286 01a9 06       		.uleb128 0x6
 287 01aa 9B050000 		.4byte	.LASF57
 288 01ae 4C       		.byte	0x4c
 289 01af 06       		.uleb128 0x6
 290 01b0 24000000 		.4byte	.LASF58
 291 01b4 4D       		.byte	0x4d
 292 01b5 06       		.uleb128 0x6
ARM GAS  C:\Users\Intern\AppData\Local\Temp\ccuA7SYE.s 			page 9


 293 01b6 99090000 		.4byte	.LASF59
 294 01ba 4E       		.byte	0x4e
 295 01bb 06       		.uleb128 0x6
 296 01bc 33050000 		.4byte	.LASF60
 297 01c0 4F       		.byte	0x4f
 298 01c1 06       		.uleb128 0x6
 299 01c2 850A0000 		.4byte	.LASF61
 300 01c6 50       		.byte	0x50
 301 01c7 06       		.uleb128 0x6
 302 01c8 15080000 		.4byte	.LASF62
 303 01cc 51       		.byte	0x51
 304 01cd 06       		.uleb128 0x6
 305 01ce 2F040000 		.4byte	.LASF63
 306 01d2 52       		.byte	0x52
 307 01d3 06       		.uleb128 0x6
 308 01d4 C7030000 		.4byte	.LASF64
 309 01d8 53       		.byte	0x53
 310 01d9 06       		.uleb128 0x6
 311 01da 8E020000 		.4byte	.LASF65
 312 01de 54       		.byte	0x54
 313 01df 06       		.uleb128 0x6
 314 01e0 CE0A0000 		.4byte	.LASF66
 315 01e4 55       		.byte	0x55
 316 01e5 06       		.uleb128 0x6
 317 01e6 630A0000 		.4byte	.LASF67
 318 01ea 56       		.byte	0x56
 319 01eb 06       		.uleb128 0x6
 320 01ec 3A0A0000 		.4byte	.LASF68
 321 01f0 57       		.byte	0x57
 322 01f1 06       		.uleb128 0x6
 323 01f2 EC060000 		.4byte	.LASF69
 324 01f6 58       		.byte	0x58
 325 01f7 06       		.uleb128 0x6
 326 01f8 F0040000 		.4byte	.LASF70
 327 01fc 70       		.byte	0x70
 328 01fd 06       		.uleb128 0x6
 329 01fe 28090000 		.4byte	.LASF71
 330 0202 71       		.byte	0x71
 331 0203 06       		.uleb128 0x6
 332 0204 A0070000 		.4byte	.LASF72
 333 0208 72       		.byte	0x72
 334 0209 06       		.uleb128 0x6
 335 020a C6020000 		.4byte	.LASF73
 336 020e 73       		.byte	0x73
 337 020f 06       		.uleb128 0x6
 338 0210 A2040000 		.4byte	.LASF74
 339 0214 74       		.byte	0x74
 340 0215 06       		.uleb128 0x6
 341 0216 96060000 		.4byte	.LASF75
 342 021a 75       		.byte	0x75
 343 021b 06       		.uleb128 0x6
 344 021c E4020000 		.4byte	.LASF76
 345 0220 76       		.byte	0x76
 346 0221 06       		.uleb128 0x6
 347 0222 09090000 		.4byte	.LASF77
 348 0226 77       		.byte	0x77
 349 0227 06       		.uleb128 0x6
ARM GAS  C:\Users\Intern\AppData\Local\Temp\ccuA7SYE.s 			page 10


 350 0228 71080000 		.4byte	.LASF78
 351 022c 78       		.byte	0x78
 352 022d 06       		.uleb128 0x6
 353 022e 9B080000 		.4byte	.LASF79
 354 0232 79       		.byte	0x79
 355 0233 06       		.uleb128 0x6
 356 0234 F6090000 		.4byte	.LASF80
 357 0238 7A       		.byte	0x7a
 358 0239 06       		.uleb128 0x6
 359 023a 53080000 		.4byte	.LASF81
 360 023e FA       		.byte	0xfa
 361 023f 06       		.uleb128 0x6
 362 0240 52050000 		.4byte	.LASF82
 363 0244 FB       		.byte	0xfb
 364 0245 06       		.uleb128 0x6
 365 0246 F20A0000 		.4byte	.LASF83
 366 024a FC       		.byte	0xfc
 367 024b 06       		.uleb128 0x6
 368 024c 33070000 		.4byte	.LASF84
 369 0250 FD       		.byte	0xfd
 370 0251 06       		.uleb128 0x6
 371 0252 2C0A0000 		.4byte	.LASF85
 372 0256 FF       		.byte	0xff
 373 0257 00       		.byte	0
 374 0258 04       		.uleb128 0x4
 375 0259 A40A0000 		.4byte	.LASF87
 376 025d 03       		.byte	0x3
 377 025e 8901     		.2byte	0x189
 378 0260 6B000000 		.4byte	0x6b
 379 0264 07       		.uleb128 0x7
 380 0265 06       		.byte	0x6
 381 0266 04       		.byte	0x4
 382 0267 60       		.byte	0x60
 383 0268 85020000 		.4byte	0x285
 384 026c 08       		.uleb128 0x8
 385 026d BE080000 		.4byte	.LASF88
 386 0271 04       		.byte	0x4
 387 0272 63       		.byte	0x63
 388 0273 58020000 		.4byte	0x258
 389 0277 00       		.byte	0
 390 0278 08       		.uleb128 0x8
 391 0279 5C020000 		.4byte	.LASF89
 392 027d 04       		.byte	0x4
 393 027e 65       		.byte	0x65
 394 027f 85020000 		.4byte	0x285
 395 0283 02       		.byte	0x2
 396 0284 00       		.byte	0
 397 0285 09       		.uleb128 0x9
 398 0286 58020000 		.4byte	0x258
 399 028a 95020000 		.4byte	0x295
 400 028e 0A       		.uleb128 0xa
 401 028f 93000000 		.4byte	0x93
 402 0293 01       		.byte	0x1
 403 0294 00       		.byte	0
 404 0295 0B       		.uleb128 0xb
 405 0296 88030000 		.4byte	.LASF90
 406 029a 04       		.byte	0x4
ARM GAS  C:\Users\Intern\AppData\Local\Temp\ccuA7SYE.s 			page 11


 407 029b 67       		.byte	0x67
 408 029c 64020000 		.4byte	0x264
 409 02a0 07       		.uleb128 0x7
 410 02a1 0E       		.byte	0xe
 411 02a2 04       		.byte	0x4
 412 02a3 6A       		.byte	0x6a
 413 02a4 C1020000 		.4byte	0x2c1
 414 02a8 08       		.uleb128 0x8
 415 02a9 31010000 		.4byte	.LASF91
 416 02ad 04       		.byte	0x4
 417 02ae 6D       		.byte	0x6d
 418 02af 58020000 		.4byte	0x258
 419 02b3 00       		.byte	0
 420 02b4 08       		.uleb128 0x8
 421 02b5 24050000 		.4byte	.LASF92
 422 02b9 04       		.byte	0x4
 423 02ba 70       		.byte	0x70
 424 02bb C1020000 		.4byte	0x2c1
 425 02bf 02       		.byte	0x2
 426 02c0 00       		.byte	0
 427 02c1 09       		.uleb128 0x9
 428 02c2 95020000 		.4byte	0x295
 429 02c6 D1020000 		.4byte	0x2d1
 430 02ca 0A       		.uleb128 0xa
 431 02cb 93000000 		.4byte	0x93
 432 02cf 01       		.byte	0x1
 433 02d0 00       		.byte	0
 434 02d1 0B       		.uleb128 0xb
 435 02d2 92040000 		.4byte	.LASF93
 436 02d6 04       		.byte	0x4
 437 02d7 72       		.byte	0x72
 438 02d8 A0020000 		.4byte	0x2a0
 439 02dc 0C       		.uleb128 0xc
 440 02dd 57010000 		.4byte	.LASF97
 441 02e1 01       		.byte	0x1
 442 02e2 86       		.byte	0x86
 443 02e3 00000000 		.4byte	.LFB2
 444 02e7 02000000 		.4byte	.LFE2-.LFB2
 445 02eb 01       		.uleb128 0x1
 446 02ec 9C       		.byte	0x9c
 447 02ed 09       		.uleb128 0x9
 448 02ee FD020000 		.4byte	0x2fd
 449 02f2 FD020000 		.4byte	0x2fd
 450 02f6 0A       		.uleb128 0xa
 451 02f7 93000000 		.4byte	0x93
 452 02fb 02       		.byte	0x2
 453 02fc 00       		.byte	0
 454 02fd 0D       		.uleb128 0xd
 455 02fe D1020000 		.4byte	0x2d1
 456 0302 0E       		.uleb128 0xe
 457 0303 C00A0000 		.4byte	.LASF98
 458 0307 01       		.byte	0x1
 459 0308 1A       		.byte	0x1a
 460 0309 13030000 		.4byte	0x313
 461 030d 05       		.uleb128 0x5
 462 030e 03       		.byte	0x3
 463 030f 00000000 		.4byte	cyBle_customs
ARM GAS  C:\Users\Intern\AppData\Local\Temp\ccuA7SYE.s 			page 12


 464 0313 0D       		.uleb128 0xd
 465 0314 ED020000 		.4byte	0x2ed
 466 0318 00       		.byte	0
 467              		.section	.debug_abbrev,"",%progbits
 468              	.Ldebug_abbrev0:
 469 0000 01       		.uleb128 0x1
 470 0001 11       		.uleb128 0x11
 471 0002 01       		.byte	0x1
 472 0003 25       		.uleb128 0x25
 473 0004 0E       		.uleb128 0xe
 474 0005 13       		.uleb128 0x13
 475 0006 0B       		.uleb128 0xb
 476 0007 03       		.uleb128 0x3
 477 0008 0E       		.uleb128 0xe
 478 0009 1B       		.uleb128 0x1b
 479 000a 0E       		.uleb128 0xe
 480 000b 55       		.uleb128 0x55
 481 000c 17       		.uleb128 0x17
 482 000d 11       		.uleb128 0x11
 483 000e 01       		.uleb128 0x1
 484 000f 10       		.uleb128 0x10
 485 0010 17       		.uleb128 0x17
 486 0011 00       		.byte	0
 487 0012 00       		.byte	0
 488 0013 02       		.uleb128 0x2
 489 0014 24       		.uleb128 0x24
 490 0015 00       		.byte	0
 491 0016 0B       		.uleb128 0xb
 492 0017 0B       		.uleb128 0xb
 493 0018 3E       		.uleb128 0x3e
 494 0019 0B       		.uleb128 0xb
 495 001a 03       		.uleb128 0x3
 496 001b 0E       		.uleb128 0xe
 497 001c 00       		.byte	0
 498 001d 00       		.byte	0
 499 001e 03       		.uleb128 0x3
 500 001f 24       		.uleb128 0x24
 501 0020 00       		.byte	0
 502 0021 0B       		.uleb128 0xb
 503 0022 0B       		.uleb128 0xb
 504 0023 3E       		.uleb128 0x3e
 505 0024 0B       		.uleb128 0xb
 506 0025 03       		.uleb128 0x3
 507 0026 08       		.uleb128 0x8
 508 0027 00       		.byte	0
 509 0028 00       		.byte	0
 510 0029 04       		.uleb128 0x4
 511 002a 16       		.uleb128 0x16
 512 002b 00       		.byte	0
 513 002c 03       		.uleb128 0x3
 514 002d 0E       		.uleb128 0xe
 515 002e 3A       		.uleb128 0x3a
 516 002f 0B       		.uleb128 0xb
 517 0030 3B       		.uleb128 0x3b
 518 0031 05       		.uleb128 0x5
 519 0032 49       		.uleb128 0x49
 520 0033 13       		.uleb128 0x13
ARM GAS  C:\Users\Intern\AppData\Local\Temp\ccuA7SYE.s 			page 13


 521 0034 00       		.byte	0
 522 0035 00       		.byte	0
 523 0036 05       		.uleb128 0x5
 524 0037 04       		.uleb128 0x4
 525 0038 01       		.byte	0x1
 526 0039 0B       		.uleb128 0xb
 527 003a 0B       		.uleb128 0xb
 528 003b 49       		.uleb128 0x49
 529 003c 13       		.uleb128 0x13
 530 003d 3A       		.uleb128 0x3a
 531 003e 0B       		.uleb128 0xb
 532 003f 3B       		.uleb128 0x3b
 533 0040 05       		.uleb128 0x5
 534 0041 01       		.uleb128 0x1
 535 0042 13       		.uleb128 0x13
 536 0043 00       		.byte	0
 537 0044 00       		.byte	0
 538 0045 06       		.uleb128 0x6
 539 0046 28       		.uleb128 0x28
 540 0047 00       		.byte	0
 541 0048 03       		.uleb128 0x3
 542 0049 0E       		.uleb128 0xe
 543 004a 1C       		.uleb128 0x1c
 544 004b 0B       		.uleb128 0xb
 545 004c 00       		.byte	0
 546 004d 00       		.byte	0
 547 004e 07       		.uleb128 0x7
 548 004f 13       		.uleb128 0x13
 549 0050 01       		.byte	0x1
 550 0051 0B       		.uleb128 0xb
 551 0052 0B       		.uleb128 0xb
 552 0053 3A       		.uleb128 0x3a
 553 0054 0B       		.uleb128 0xb
 554 0055 3B       		.uleb128 0x3b
 555 0056 0B       		.uleb128 0xb
 556 0057 01       		.uleb128 0x1
 557 0058 13       		.uleb128 0x13
 558 0059 00       		.byte	0
 559 005a 00       		.byte	0
 560 005b 08       		.uleb128 0x8
 561 005c 0D       		.uleb128 0xd
 562 005d 00       		.byte	0
 563 005e 03       		.uleb128 0x3
 564 005f 0E       		.uleb128 0xe
 565 0060 3A       		.uleb128 0x3a
 566 0061 0B       		.uleb128 0xb
 567 0062 3B       		.uleb128 0x3b
 568 0063 0B       		.uleb128 0xb
 569 0064 49       		.uleb128 0x49
 570 0065 13       		.uleb128 0x13
 571 0066 38       		.uleb128 0x38
 572 0067 0B       		.uleb128 0xb
 573 0068 00       		.byte	0
 574 0069 00       		.byte	0
 575 006a 09       		.uleb128 0x9
 576 006b 01       		.uleb128 0x1
 577 006c 01       		.byte	0x1
ARM GAS  C:\Users\Intern\AppData\Local\Temp\ccuA7SYE.s 			page 14


 578 006d 49       		.uleb128 0x49
 579 006e 13       		.uleb128 0x13
 580 006f 01       		.uleb128 0x1
 581 0070 13       		.uleb128 0x13
 582 0071 00       		.byte	0
 583 0072 00       		.byte	0
 584 0073 0A       		.uleb128 0xa
 585 0074 21       		.uleb128 0x21
 586 0075 00       		.byte	0
 587 0076 49       		.uleb128 0x49
 588 0077 13       		.uleb128 0x13
 589 0078 2F       		.uleb128 0x2f
 590 0079 0B       		.uleb128 0xb
 591 007a 00       		.byte	0
 592 007b 00       		.byte	0
 593 007c 0B       		.uleb128 0xb
 594 007d 16       		.uleb128 0x16
 595 007e 00       		.byte	0
 596 007f 03       		.uleb128 0x3
 597 0080 0E       		.uleb128 0xe
 598 0081 3A       		.uleb128 0x3a
 599 0082 0B       		.uleb128 0xb
 600 0083 3B       		.uleb128 0x3b
 601 0084 0B       		.uleb128 0xb
 602 0085 49       		.uleb128 0x49
 603 0086 13       		.uleb128 0x13
 604 0087 00       		.byte	0
 605 0088 00       		.byte	0
 606 0089 0C       		.uleb128 0xc
 607 008a 2E       		.uleb128 0x2e
 608 008b 00       		.byte	0
 609 008c 3F       		.uleb128 0x3f
 610 008d 19       		.uleb128 0x19
 611 008e 03       		.uleb128 0x3
 612 008f 0E       		.uleb128 0xe
 613 0090 3A       		.uleb128 0x3a
 614 0091 0B       		.uleb128 0xb
 615 0092 3B       		.uleb128 0x3b
 616 0093 0B       		.uleb128 0xb
 617 0094 27       		.uleb128 0x27
 618 0095 19       		.uleb128 0x19
 619 0096 11       		.uleb128 0x11
 620 0097 01       		.uleb128 0x1
 621 0098 12       		.uleb128 0x12
 622 0099 06       		.uleb128 0x6
 623 009a 40       		.uleb128 0x40
 624 009b 18       		.uleb128 0x18
 625 009c 9742     		.uleb128 0x2117
 626 009e 19       		.uleb128 0x19
 627 009f 00       		.byte	0
 628 00a0 00       		.byte	0
 629 00a1 0D       		.uleb128 0xd
 630 00a2 26       		.uleb128 0x26
 631 00a3 00       		.byte	0
 632 00a4 49       		.uleb128 0x49
 633 00a5 13       		.uleb128 0x13
 634 00a6 00       		.byte	0
ARM GAS  C:\Users\Intern\AppData\Local\Temp\ccuA7SYE.s 			page 15


 635 00a7 00       		.byte	0
 636 00a8 0E       		.uleb128 0xe
 637 00a9 34       		.uleb128 0x34
 638 00aa 00       		.byte	0
 639 00ab 03       		.uleb128 0x3
 640 00ac 0E       		.uleb128 0xe
 641 00ad 3A       		.uleb128 0x3a
 642 00ae 0B       		.uleb128 0xb
 643 00af 3B       		.uleb128 0x3b
 644 00b0 0B       		.uleb128 0xb
 645 00b1 49       		.uleb128 0x49
 646 00b2 13       		.uleb128 0x13
 647 00b3 3F       		.uleb128 0x3f
 648 00b4 19       		.uleb128 0x19
 649 00b5 02       		.uleb128 0x2
 650 00b6 18       		.uleb128 0x18
 651 00b7 00       		.byte	0
 652 00b8 00       		.byte	0
 653 00b9 00       		.byte	0
 654              		.section	.debug_aranges,"",%progbits
 655 0000 1C000000 		.4byte	0x1c
 656 0004 0200     		.2byte	0x2
 657 0006 00000000 		.4byte	.Ldebug_info0
 658 000a 04       		.byte	0x4
 659 000b 00       		.byte	0
 660 000c 0000     		.2byte	0
 661 000e 0000     		.2byte	0
 662 0010 00000000 		.4byte	.LFB2
 663 0014 02000000 		.4byte	.LFE2-.LFB2
 664 0018 00000000 		.4byte	0
 665 001c 00000000 		.4byte	0
 666              		.section	.debug_ranges,"",%progbits
 667              	.Ldebug_ranges0:
 668 0000 00000000 		.4byte	.LFB2
 669 0004 02000000 		.4byte	.LFE2
 670 0008 00000000 		.4byte	0
 671 000c 00000000 		.4byte	0
 672              		.section	.debug_line,"",%progbits
 673              	.Ldebug_line0:
 674 0000 92000000 		.section	.debug_str,"MS",%progbits,1
 674      02007900 
 674      00000201 
 674      FB0E0D00 
 674      01010101 
 675              	.LASF23:
 676 0000 4359424C 		.ascii	"CYBLE_EVT_GAP_PASSKEY_ENTRY_REQUEST\000"
 676      455F4556 
 676      545F4741 
 676      505F5041 
 676      53534B45 
 677              	.LASF58:
 678 0024 4359424C 		.ascii	"CYBLE_EVT_GATTC_WRITE_RSP\000"
 678      455F4556 
 678      545F4741 
 678      5454435F 
 678      57524954 
 679              	.LASF20:
ARM GAS  C:\Users\Intern\AppData\Local\Temp\ccuA7SYE.s 			page 16


 680 003e 4359424C 		.ascii	"CYBLE_EVT_MEMORY_REQUEST\000"
 680      455F4556 
 680      545F4D45 
 680      4D4F5259 
 680      5F524551 
 681              	.LASF45:
 682 0057 4359424C 		.ascii	"CYBLE_EVT_GATTC_ERROR_RSP\000"
 682      455F4556 
 682      545F4741 
 682      5454435F 
 682      4552524F 
 683              	.LASF29:
 684 0071 4359424C 		.ascii	"CYBLE_EVT_GAP_DEVICE_DISCONNECTED\000"
 684      455F4556 
 684      545F4741 
 684      505F4445 
 684      56494345 
 685              	.LASF35:
 686 0093 4359424C 		.ascii	"CYBLE_EVT_GAP_KEYPRESS_NOTIFICATION\000"
 686      455F4556 
 686      545F4741 
 686      505F4B45 
 686      59505245 
 687              	.LASF2:
 688 00b7 73686F72 		.ascii	"short int\000"
 688      7420696E 
 688      7400
 689              	.LASF26:
 690 00c1 4359424C 		.ascii	"CYBLE_EVT_GAP_AUTH_FAILED\000"
 690      455F4556 
 690      545F4741 
 690      505F4155 
 690      54485F46 
 691              	.LASF47:
 692 00db 4359424C 		.ascii	"CYBLE_EVT_GATT_DISCONNECT_IND\000"
 692      455F4556 
 692      545F4741 
 692      54545F44 
 692      4953434F 
 693              	.LASF13:
 694 00f9 73697A65 		.ascii	"sizetype\000"
 694      74797065 
 694      00
 695              	.LASF37:
 696 0102 4359424C 		.ascii	"CYBLE_EVT_GAP_DATA_LENGTH_CHANGE\000"
 696      455F4556 
 696      545F4741 
 696      505F4441 
 696      54415F4C 
 697              	.LASF6:
 698 0123 6C6F6E67 		.ascii	"long long int\000"
 698      206C6F6E 
 698      6720696E 
 698      7400
 699              	.LASF91:
 700 0131 63757374 		.ascii	"customServHandle\000"
 700      6F6D5365 
ARM GAS  C:\Users\Intern\AppData\Local\Temp\ccuA7SYE.s 			page 17


 700      72764861 
 700      6E646C65 
 700      00
 701              	.LASF18:
 702 0142 4359424C 		.ascii	"CYBLE_EVT_HCI_STATUS\000"
 702      455F4556 
 702      545F4843 
 702      495F5354 
 702      41545553 
 703              	.LASF97:
 704 0157 4379426C 		.ascii	"CyBle_CustomInit\000"
 704      655F4375 
 704      73746F6D 
 704      496E6974 
 704      00
 705              	.LASF15:
 706 0168 4359424C 		.ascii	"CYBLE_EVT_STACK_ON\000"
 706      455F4556 
 706      545F5354 
 706      41434B5F 
 706      4F4E00
 707              	.LASF44:
 708 017b 4359424C 		.ascii	"CYBLE_EVT_GAP_SMP_LOC_P256_KEYS_GEN_AND_SET_COMPLET"
 708      455F4556 
 708      545F4741 
 708      505F534D 
 708      505F4C4F 
 709 01ae 4500     		.ascii	"E\000"
 710              	.LASF48:
 711 01b0 4359424C 		.ascii	"CYBLE_EVT_GATTS_XCNHG_MTU_REQ\000"
 711      455F4556 
 711      545F4741 
 711      5454535F 
 711      58434E48 
 712              	.LASF94:
 713 01ce 474E5520 		.ascii	"GNU C11 5.4.1 20160609 (release) [ARM/embedded-5-br"
 713      43313120 
 713      352E342E 
 713      31203230 
 713      31363036 
 714 0201 616E6368 		.ascii	"anch revision 237715] -mcpu=cortex-m0 -mthumb -g -O"
 714      20726576 
 714      6973696F 
 714      6E203233 
 714      37373135 
 715 0234 67202D66 		.ascii	"g -ffunction-sections -ffat-lto-objects\000"
 715      66756E63 
 715      74696F6E 
 715      2D736563 
 715      74696F6E 
 716              	.LASF89:
 717 025c 63757374 		.ascii	"customServCharDesc\000"
 717      6F6D5365 
 717      72764368 
 717      61724465 
 717      736300
 718              	.LASF56:
ARM GAS  C:\Users\Intern\AppData\Local\Temp\ccuA7SYE.s 			page 18


 719 026f 4359424C 		.ascii	"CYBLE_EVT_GATTC_READ_MULTI_RSP\000"
 719      455F4556 
 719      545F4741 
 719      5454435F 
 719      52454144 
 720              	.LASF65:
 721 028e 4359424C 		.ascii	"CYBLE_EVT_GATTS_HANDLE_VALUE_CNF\000"
 721      455F4556 
 721      545F4741 
 721      5454535F 
 721      48414E44 
 722              	.LASF14:
 723 02af 4359424C 		.ascii	"CYBLE_EVT_HOST_INVALID\000"
 723      455F4556 
 723      545F484F 
 723      53545F49 
 723      4E56414C 
 724              	.LASF73:
 725 02c6 4359424C 		.ascii	"CYBLE_EVT_L2CAP_CBFC_CONN_IND\000"
 725      455F4556 
 725      545F4C32 
 725      4341505F 
 725      43424643 
 726              	.LASF76:
 727 02e4 4359424C 		.ascii	"CYBLE_EVT_L2CAP_CBFC_DISCONN_CNF\000"
 727      455F4556 
 727      545F4C32 
 727      4341505F 
 727      43424643 
 728              	.LASF9:
 729 0305 666C6F61 		.ascii	"float\000"
 729      7400
 730              	.LASF54:
 731 030b 4359424C 		.ascii	"CYBLE_EVT_GATTC_READ_RSP\000"
 731      455F4556 
 731      545F4741 
 731      5454435F 
 731      52454144 
 732              	.LASF34:
 733 0324 4359424C 		.ascii	"CYBLE_EVT_GAP_NUMERIC_COMPARISON_REQUEST\000"
 733      455F4556 
 733      545F4741 
 733      505F4E55 
 733      4D455249 
 734              	.LASF95:
 735 034d 47656E65 		.ascii	"Generated_Source\\PSoC4\\BLE_custom.c\000"
 735      72617465 
 735      645F536F 
 735      75726365 
 735      5C50536F 
 736              	.LASF7:
 737 0371 6C6F6E67 		.ascii	"long long unsigned int\000"
 737      206C6F6E 
 737      6720756E 
 737      7369676E 
 737      65642069 
 738              	.LASF90:
ARM GAS  C:\Users\Intern\AppData\Local\Temp\ccuA7SYE.s 			page 19


 739 0388 4359424C 		.ascii	"CYBLE_CUSTOMS_INFO_T\000"
 739      455F4355 
 739      53544F4D 
 739      535F494E 
 739      464F5F54 
 740              	.LASF43:
 741 039d 4359424C 		.ascii	"CYBLE_EVT_GAP_AUTH_REQ_REPLY_ERR\000"
 741      455F4556 
 741      545F4741 
 741      505F4155 
 741      54485F52 
 742              	.LASF4:
 743 03be 6C6F6E67 		.ascii	"long int\000"
 743      20696E74 
 743      00
 744              	.LASF64:
 745 03c7 4359424C 		.ascii	"CYBLE_EVT_GATTC_HANDLE_VALUE_IND\000"
 745      455F4556 
 745      545F4741 
 745      5454435F 
 745      48414E44 
 746              	.LASF28:
 747 03e8 4359424C 		.ascii	"CYBLE_EVT_GAP_DEVICE_CONNECTED\000"
 747      455F4556 
 747      545F4741 
 747      505F4445 
 747      56494345 
 748              	.LASF27:
 749 0407 4359424C 		.ascii	"CYBLE_EVT_GAPP_ADVERTISEMENT_START_STOP\000"
 749      455F4556 
 749      545F4741 
 749      50505F41 
 749      44564552 
 750              	.LASF63:
 751 042f 4359424C 		.ascii	"CYBLE_EVT_GATTC_HANDLE_VALUE_NTF\000"
 751      455F4556 
 751      545F4741 
 751      5454435F 
 751      48414E44 
 752              	.LASF19:
 753 0450 4359424C 		.ascii	"CYBLE_EVT_STACK_BUSY_STATUS\000"
 753      455F4556 
 753      545F5354 
 753      41434B5F 
 753      42555359 
 754              	.LASF24:
 755 046c 4359424C 		.ascii	"CYBLE_EVT_GAP_PASSKEY_DISPLAY_REQUEST\000"
 755      455F4556 
 755      545F4741 
 755      505F5041 
 755      53534B45 
 756              	.LASF93:
 757 0492 4359424C 		.ascii	"CYBLE_CUSTOMS_T\000"
 757      455F4355 
 757      53544F4D 
 757      535F5400 
 758              	.LASF74:
ARM GAS  C:\Users\Intern\AppData\Local\Temp\ccuA7SYE.s 			page 20


 759 04a2 4359424C 		.ascii	"CYBLE_EVT_L2CAP_CBFC_CONN_CNF\000"
 759      455F4556 
 759      545F4C32 
 759      4341505F 
 759      43424643 
 760              	.LASF38:
 761 04c0 4359424C 		.ascii	"CYBLE_EVT_GAP_ENHANCE_CONN_COMPLETE\000"
 761      455F4556 
 761      545F4741 
 761      505F454E 
 761      48414E43 
 762              	.LASF12:
 763 04e4 6C6F6E67 		.ascii	"long double\000"
 763      20646F75 
 763      626C6500 
 764              	.LASF70:
 765 04f0 4359424C 		.ascii	"CYBLE_EVT_L2CAP_CONN_PARAM_UPDATE_REQ\000"
 765      455F4556 
 765      545F4C32 
 765      4341505F 
 765      434F4E4E 
 766              	.LASF1:
 767 0516 756E7369 		.ascii	"unsigned char\000"
 767      676E6564 
 767      20636861 
 767      7200
 768              	.LASF92:
 769 0524 63757374 		.ascii	"customServInfo\000"
 769      6F6D5365 
 769      7276496E 
 769      666F00
 770              	.LASF60:
 771 0533 4359424C 		.ascii	"CYBLE_EVT_GATTS_PREP_WRITE_REQ\000"
 771      455F4556 
 771      545F4741 
 771      5454535F 
 771      50524550 
 772              	.LASF82:
 773 0552 4359424C 		.ascii	"CYBLE_EVT_LE_PING_AUTH_TIMEOUT\000"
 773      455F4556 
 773      545F4C45 
 773      5F50494E 
 773      475F4155 
 774              	.LASF52:
 775 0571 4359424C 		.ascii	"CYBLE_EVT_GATTC_FIND_INFO_RSP\000"
 775      455F4556 
 775      545F4741 
 775      5454435F 
 775      46494E44 
 776              	.LASF0:
 777 058f 7369676E 		.ascii	"signed char\000"
 777      65642063 
 777      68617200 
 778              	.LASF57:
 779 059b 4359424C 		.ascii	"CYBLE_EVT_GATTS_WRITE_REQ\000"
 779      455F4556 
 779      545F4741 
ARM GAS  C:\Users\Intern\AppData\Local\Temp\ccuA7SYE.s 			page 21


 779      5454535F 
 779      57524954 
 780              	.LASF53:
 781 05b5 4359424C 		.ascii	"CYBLE_EVT_GATTC_FIND_BY_TYPE_VALUE_RSP\000"
 781      455F4556 
 781      545F4741 
 781      5454435F 
 781      46494E44 
 782              	.LASF25:
 783 05dc 4359424C 		.ascii	"CYBLE_EVT_GAP_AUTH_COMPLETE\000"
 783      455F4556 
 783      545F4741 
 783      505F4155 
 783      54485F43 
 784              	.LASF8:
 785 05f8 756E7369 		.ascii	"unsigned int\000"
 785      676E6564 
 785      20696E74 
 785      00
 786              	.LASF46:
 787 0605 4359424C 		.ascii	"CYBLE_EVT_GATT_CONNECT_IND\000"
 787      455F4556 
 787      545F4741 
 787      54545F43 
 787      4F4E4E45 
 788              	.LASF5:
 789 0620 6C6F6E67 		.ascii	"long unsigned int\000"
 789      20756E73 
 789      69676E65 
 789      6420696E 
 789      7400
 790              	.LASF96:
 791 0632 433A5C55 		.ascii	"C:\\Users\\Intern\\Documents\\GitHub\\UV-Sticker\\P"
 791      73657273 
 791      5C496E74 
 791      65726E5C 
 791      446F6375 
 792 065f 736F635C 		.ascii	"soc\\UV-Project\\UV-SG-TEMP.cydsn\000"
 792      55562D50 
 792      726F6A65 
 792      63745C55 
 792      562D5347 
 793              	.LASF22:
 794 067f 4359424C 		.ascii	"CYBLE_EVT_GAP_AUTH_REQ\000"
 794      455F4556 
 794      545F4741 
 794      505F4155 
 794      54485F52 
 795              	.LASF75:
 796 0696 4359424C 		.ascii	"CYBLE_EVT_L2CAP_CBFC_DISCONN_IND\000"
 796      455F4556 
 796      545F4C32 
 796      4341505F 
 796      43424643 
 797              	.LASF30:
 798 06b7 4359424C 		.ascii	"CYBLE_EVT_GAP_ENCRYPT_CHANGE\000"
 798      455F4556 
ARM GAS  C:\Users\Intern\AppData\Local\Temp\ccuA7SYE.s 			page 22


 798      545F4741 
 798      505F454E 
 798      43525950 
 799              	.LASF41:
 800 06d4 4359424C 		.ascii	"CYBLE_EVT_GAP_CONN_ESTB\000"
 800      455F4556 
 800      545F4741 
 800      505F434F 
 800      4E4E5F45 
 801              	.LASF69:
 802 06ec 4359424C 		.ascii	"CYBLE_EVT_GATTC_LONG_PROCEDURE_END\000"
 802      455F4556 
 802      545F4741 
 802      5454435F 
 802      4C4F4E47 
 803              	.LASF33:
 804 070f 4359424C 		.ascii	"CYBLE_EVT_GAP_KEYINFO_EXCHNGE_CMPLT\000"
 804      455F4556 
 804      545F4741 
 804      505F4B45 
 804      59494E46 
 805              	.LASF84:
 806 0733 4359424C 		.ascii	"CYBLE_EVT_FLASH_CORRUPT\000"
 806      455F4556 
 806      545F464C 
 806      4153485F 
 806      434F5252 
 807              	.LASF31:
 808 074b 4359424C 		.ascii	"CYBLE_EVT_GAP_CONNECTION_UPDATE_COMPLETE\000"
 808      455F4556 
 808      545F4741 
 808      505F434F 
 808      4E4E4543 
 809              	.LASF40:
 810 0774 4359424C 		.ascii	"CYBLE_EVT_GAP_SMP_NEGOTIATED_AUTH_INFO\000"
 810      455F4556 
 810      545F4741 
 810      505F534D 
 810      505F4E45 
 811              	.LASF11:
 812 079b 63686172 		.ascii	"char\000"
 812      00
 813              	.LASF72:
 814 07a0 4359424C 		.ascii	"CYBLE_EVT_L2CAP_COMMAND_REJ\000"
 814      455F4556 
 814      545F4C32 
 814      4341505F 
 814      434F4D4D 
 815              	.LASF3:
 816 07bc 73686F72 		.ascii	"short unsigned int\000"
 816      7420756E 
 816      7369676E 
 816      65642069 
 816      6E7400
 817              	.LASF39:
 818 07cf 4359424C 		.ascii	"CYBLE_EVT_GAPC_DIRECT_ADV_REPORT\000"
 818      455F4556 
ARM GAS  C:\Users\Intern\AppData\Local\Temp\ccuA7SYE.s 			page 23


 818      545F4741 
 818      50435F44 
 818      49524543 
 819              	.LASF86:
 820 07f0 75696E74 		.ascii	"uint16\000"
 820      313600
 821              	.LASF55:
 822 07f7 4359424C 		.ascii	"CYBLE_EVT_GATTC_READ_BLOB_RSP\000"
 822      455F4556 
 822      545F4741 
 822      5454435F 
 822      52454144 
 823              	.LASF62:
 824 0815 4359424C 		.ascii	"CYBLE_EVT_GATTC_EXEC_WRITE_RSP\000"
 824      455F4556 
 824      545F4741 
 824      5454435F 
 824      45584543 
 825              	.LASF32:
 826 0834 4359424C 		.ascii	"CYBLE_EVT_GAPC_SCAN_START_STOP\000"
 826      455F4556 
 826      545F4741 
 826      50435F53 
 826      43414E5F 
 827              	.LASF81:
 828 0853 4359424C 		.ascii	"CYBLE_EVT_PENDING_FLASH_WRITE\000"
 828      455F4556 
 828      545F5045 
 828      4E44494E 
 828      475F464C 
 829              	.LASF78:
 830 0871 4359424C 		.ascii	"CYBLE_EVT_L2CAP_CBFC_RX_CREDIT_IND\000"
 830      455F4556 
 830      545F4C32 
 830      4341505F 
 830      43424643 
 831              	.LASF10:
 832 0894 646F7562 		.ascii	"double\000"
 832      6C6500
 833              	.LASF79:
 834 089b 4359424C 		.ascii	"CYBLE_EVT_L2CAP_CBFC_TX_CREDIT_IND\000"
 834      455F4556 
 834      545F4C32 
 834      4341505F 
 834      43424643 
 835              	.LASF88:
 836 08be 63757374 		.ascii	"customServCharHandle\000"
 836      6F6D5365 
 836      72764368 
 836      61724861 
 836      6E646C65 
 837              	.LASF42:
 838 08d3 4359424C 		.ascii	"CYBLE_EVT_GAP_SCAN_REQ_RECVD\000"
 838      455F4556 
 838      545F4741 
 838      505F5343 
 838      414E5F52 
ARM GAS  C:\Users\Intern\AppData\Local\Temp\ccuA7SYE.s 			page 24


 839              	.LASF17:
 840 08f0 4359424C 		.ascii	"CYBLE_EVT_HARDWARE_ERROR\000"
 840      455F4556 
 840      545F4841 
 840      52445741 
 840      52455F45 
 841              	.LASF77:
 842 0909 4359424C 		.ascii	"CYBLE_EVT_L2CAP_CBFC_DATA_READ\000"
 842      455F4556 
 842      545F4C32 
 842      4341505F 
 842      43424643 
 843              	.LASF71:
 844 0928 4359424C 		.ascii	"CYBLE_EVT_L2CAP_CONN_PARAM_UPDATE_RSP\000"
 844      455F4556 
 844      545F4C32 
 844      4341505F 
 844      434F4E4E 
 845              	.LASF21:
 846 094e 4359424C 		.ascii	"CYBLE_EVT_GAPC_SCAN_PROGRESS_RESULT\000"
 846      455F4556 
 846      545F4741 
 846      50435F53 
 846      43414E5F 
 847              	.LASF50:
 848 0972 4359424C 		.ascii	"CYBLE_EVT_GATTC_READ_BY_GROUP_TYPE_RSP\000"
 848      455F4556 
 848      545F4741 
 848      5454435F 
 848      52454144 
 849              	.LASF59:
 850 0999 4359424C 		.ascii	"CYBLE_EVT_GATTS_WRITE_CMD_REQ\000"
 850      455F4556 
 850      545F4741 
 850      5454535F 
 850      57524954 
 851              	.LASF51:
 852 09b7 4359424C 		.ascii	"CYBLE_EVT_GATTC_READ_BY_TYPE_RSP\000"
 852      455F4556 
 852      545F4741 
 852      5454435F 
 852      52454144 
 853              	.LASF49:
 854 09d8 4359424C 		.ascii	"CYBLE_EVT_GATTC_XCHNG_MTU_RSP\000"
 854      455F4556 
 854      545F4741 
 854      5454435F 
 854      5843484E 
 855              	.LASF80:
 856 09f6 4359424C 		.ascii	"CYBLE_EVT_L2CAP_CBFC_DATA_WRITE_IND\000"
 856      455F4556 
 856      545F4C32 
 856      4341505F 
 856      43424643 
 857              	.LASF16:
 858 0a1a 4359424C 		.ascii	"CYBLE_EVT_TIMEOUT\000"
 858      455F4556 
ARM GAS  C:\Users\Intern\AppData\Local\Temp\ccuA7SYE.s 			page 25


 858      545F5449 
 858      4D454F55 
 858      5400
 859              	.LASF85:
 860 0a2c 4359424C 		.ascii	"CYBLE_EVT_MAX\000"
 860      455F4556 
 860      545F4D41 
 860      5800
 861              	.LASF68:
 862 0a3a 4359424C 		.ascii	"CYBLE_EVT_GATTS_READ_CHAR_VAL_ACCESS_REQ\000"
 862      455F4556 
 862      545F4741 
 862      5454535F 
 862      52454144 
 863              	.LASF67:
 864 0a63 4359424C 		.ascii	"CYBLE_EVT_GATTC_STOP_CMD_COMPLETE\000"
 864      455F4556 
 864      545F4741 
 864      5454435F 
 864      53544F50 
 865              	.LASF61:
 866 0a85 4359424C 		.ascii	"CYBLE_EVT_GATTS_EXEC_WRITE_REQ\000"
 866      455F4556 
 866      545F4741 
 866      5454535F 
 866      45584543 
 867              	.LASF87:
 868 0aa4 4359424C 		.ascii	"CYBLE_GATT_DB_ATTR_HANDLE_T\000"
 868      455F4741 
 868      54545F44 
 868      425F4154 
 868      54525F48 
 869              	.LASF98:
 870 0ac0 6379426C 		.ascii	"cyBle_customs\000"
 870      655F6375 
 870      73746F6D 
 870      7300
 871              	.LASF66:
 872 0ace 4359424C 		.ascii	"CYBLE_EVT_GATTS_DATA_SIGNED_CMD_REQ\000"
 872      455F4556 
 872      545F4741 
 872      5454535F 
 872      44415441 
 873              	.LASF83:
 874 0af2 4359424C 		.ascii	"CYBLE_EVT_HCI_PKT\000"
 874      455F4556 
 874      545F4843 
 874      495F504B 
 874      5400
 875              	.LASF36:
 876 0b04 4359424C 		.ascii	"CYBLE_EVT_GAP_OOB_GENERATED_NOTIFICATION\000"
 876      455F4556 
 876      545F4741 
 876      505F4F4F 
 876      425F4745 
 877              		.ident	"GCC: (GNU Tools for ARM Embedded Processors) 5.4.1 20160609 (release) [ARM/embedded-5-bran
