ARM GAS  C:\Users\Intern\AppData\Local\Temp\cc3HJTIs.s 			page 1


   1              		.syntax unified
   2              		.cpu cortex-m0
   3              		.fpu softvfp
   4              		.eabi_attribute 20, 1
   5              		.eabi_attribute 21, 1
   6              		.eabi_attribute 23, 3
   7              		.eabi_attribute 24, 1
   8              		.eabi_attribute 25, 1
   9              		.eabi_attribute 26, 1
  10              		.eabi_attribute 30, 1
  11              		.eabi_attribute 34, 0
  12              		.eabi_attribute 18, 4
  13              		.thumb
  14              		.syntax unified
  15              		.file	"cyfitter_cfg.c"
  16              		.text
  17              	.Ltext0:
  18              		.cfi_sections	.debug_frame
  19              		.section	.text.CYMEMZERO,"ax",%progbits
  20              		.align	2
  21              		.code	16
  22              		.thumb_func
  23              		.type	CYMEMZERO, %function
  24              	CYMEMZERO:
  25              	.LFB2:
  26              		.file 1 "Generated_Source\\PSoC4\\cyfitter_cfg.c"
   1:Generated_Source\PSoC4/cyfitter_cfg.c **** 
   2:Generated_Source\PSoC4/cyfitter_cfg.c **** /*******************************************************************************
   3:Generated_Source\PSoC4/cyfitter_cfg.c **** * File Name: cyfitter_cfg.c
   4:Generated_Source\PSoC4/cyfitter_cfg.c **** * 
   5:Generated_Source\PSoC4/cyfitter_cfg.c **** * PSoC Creator  4.1 Update 1
   6:Generated_Source\PSoC4/cyfitter_cfg.c **** *
   7:Generated_Source\PSoC4/cyfitter_cfg.c **** * Description:
   8:Generated_Source\PSoC4/cyfitter_cfg.c **** * This file contains device initialization code.
   9:Generated_Source\PSoC4/cyfitter_cfg.c **** * Except for the user defined sections in CyClockStartupError(), this file should not be modified.
  10:Generated_Source\PSoC4/cyfitter_cfg.c **** * This file is automatically generated by PSoC Creator.
  11:Generated_Source\PSoC4/cyfitter_cfg.c **** *
  12:Generated_Source\PSoC4/cyfitter_cfg.c **** ********************************************************************************
  13:Generated_Source\PSoC4/cyfitter_cfg.c **** * Copyright (c) 2007-2017 Cypress Semiconductor.  All rights reserved.
  14:Generated_Source\PSoC4/cyfitter_cfg.c **** * You may use this file only in accordance with the license, terms, conditions, 
  15:Generated_Source\PSoC4/cyfitter_cfg.c **** * disclaimers, and limitations in the end user license agreement accompanying 
  16:Generated_Source\PSoC4/cyfitter_cfg.c **** * the software package with which this file was provided.
  17:Generated_Source\PSoC4/cyfitter_cfg.c **** ********************************************************************************/
  18:Generated_Source\PSoC4/cyfitter_cfg.c **** 
  19:Generated_Source\PSoC4/cyfitter_cfg.c **** #include <string.h>
  20:Generated_Source\PSoC4/cyfitter_cfg.c **** #include "cytypes.h"
  21:Generated_Source\PSoC4/cyfitter_cfg.c **** #include "cydevice_trm.h"
  22:Generated_Source\PSoC4/cyfitter_cfg.c **** #include "cyfitter.h"
  23:Generated_Source\PSoC4/cyfitter_cfg.c **** #include "CyLib.h"
  24:Generated_Source\PSoC4/cyfitter_cfg.c **** #include "CyLFClk.h"
  25:Generated_Source\PSoC4/cyfitter_cfg.c **** #include "cyfitter_cfg.h"
  26:Generated_Source\PSoC4/cyfitter_cfg.c **** #include "cyapicallbacks.h"
  27:Generated_Source\PSoC4/cyfitter_cfg.c **** 
  28:Generated_Source\PSoC4/cyfitter_cfg.c **** 
  29:Generated_Source\PSoC4/cyfitter_cfg.c **** #if defined(__GNUC__) || defined(__ARMCC_VERSION)
  30:Generated_Source\PSoC4/cyfitter_cfg.c ****     #define CYPACKED 
  31:Generated_Source\PSoC4/cyfitter_cfg.c ****     #define CYPACKED_ATTR __attribute__ ((packed))
ARM GAS  C:\Users\Intern\AppData\Local\Temp\cc3HJTIs.s 			page 2


  32:Generated_Source\PSoC4/cyfitter_cfg.c ****     #define CYALIGNED __attribute__ ((aligned))
  33:Generated_Source\PSoC4/cyfitter_cfg.c ****     #define CY_CFG_UNUSED __attribute__ ((unused))
  34:Generated_Source\PSoC4/cyfitter_cfg.c ****     #ifndef CY_CFG_SECTION
  35:Generated_Source\PSoC4/cyfitter_cfg.c ****         #define CY_CFG_SECTION __attribute__ ((section(".psocinit")))
  36:Generated_Source\PSoC4/cyfitter_cfg.c ****     #endif
  37:Generated_Source\PSoC4/cyfitter_cfg.c ****     
  38:Generated_Source\PSoC4/cyfitter_cfg.c ****     #if defined(__ARMCC_VERSION)
  39:Generated_Source\PSoC4/cyfitter_cfg.c ****         #define CY_CFG_MEMORY_BARRIER() __memory_changed()
  40:Generated_Source\PSoC4/cyfitter_cfg.c ****     #else
  41:Generated_Source\PSoC4/cyfitter_cfg.c ****         #define CY_CFG_MEMORY_BARRIER() __sync_synchronize()
  42:Generated_Source\PSoC4/cyfitter_cfg.c ****     #endif
  43:Generated_Source\PSoC4/cyfitter_cfg.c ****     
  44:Generated_Source\PSoC4/cyfitter_cfg.c **** #elif defined(__ICCARM__)
  45:Generated_Source\PSoC4/cyfitter_cfg.c ****     #include <intrinsics.h>
  46:Generated_Source\PSoC4/cyfitter_cfg.c **** 
  47:Generated_Source\PSoC4/cyfitter_cfg.c ****     #define CYPACKED __packed
  48:Generated_Source\PSoC4/cyfitter_cfg.c ****     #define CYPACKED_ATTR 
  49:Generated_Source\PSoC4/cyfitter_cfg.c ****     #define CYALIGNED _Pragma("data_alignment=4")
  50:Generated_Source\PSoC4/cyfitter_cfg.c ****     #define CY_CFG_UNUSED _Pragma("diag_suppress=Pe177")
  51:Generated_Source\PSoC4/cyfitter_cfg.c ****     #define CY_CFG_SECTION _Pragma("location=\".psocinit\"")
  52:Generated_Source\PSoC4/cyfitter_cfg.c ****     
  53:Generated_Source\PSoC4/cyfitter_cfg.c ****     #define CY_CFG_MEMORY_BARRIER() __DMB()
  54:Generated_Source\PSoC4/cyfitter_cfg.c ****     
  55:Generated_Source\PSoC4/cyfitter_cfg.c **** #else
  56:Generated_Source\PSoC4/cyfitter_cfg.c ****     #error Unsupported toolchain
  57:Generated_Source\PSoC4/cyfitter_cfg.c **** #endif
  58:Generated_Source\PSoC4/cyfitter_cfg.c **** 
  59:Generated_Source\PSoC4/cyfitter_cfg.c **** #ifndef CYCODE
  60:Generated_Source\PSoC4/cyfitter_cfg.c ****     #define CYCODE
  61:Generated_Source\PSoC4/cyfitter_cfg.c **** #endif
  62:Generated_Source\PSoC4/cyfitter_cfg.c **** #ifndef CYDATA
  63:Generated_Source\PSoC4/cyfitter_cfg.c ****     #define CYDATA
  64:Generated_Source\PSoC4/cyfitter_cfg.c **** #endif
  65:Generated_Source\PSoC4/cyfitter_cfg.c **** #ifndef CYFAR
  66:Generated_Source\PSoC4/cyfitter_cfg.c ****     #define CYFAR
  67:Generated_Source\PSoC4/cyfitter_cfg.c **** #endif
  68:Generated_Source\PSoC4/cyfitter_cfg.c **** #ifndef CYXDATA
  69:Generated_Source\PSoC4/cyfitter_cfg.c ****     #define CYXDATA
  70:Generated_Source\PSoC4/cyfitter_cfg.c **** #endif
  71:Generated_Source\PSoC4/cyfitter_cfg.c **** 
  72:Generated_Source\PSoC4/cyfitter_cfg.c **** 
  73:Generated_Source\PSoC4/cyfitter_cfg.c **** CY_CFG_UNUSED
  74:Generated_Source\PSoC4/cyfitter_cfg.c **** static void CYMEMZERO(void *s, size_t n);
  75:Generated_Source\PSoC4/cyfitter_cfg.c **** CY_CFG_UNUSED
  76:Generated_Source\PSoC4/cyfitter_cfg.c **** static void CYMEMZERO(void *s, size_t n)
  77:Generated_Source\PSoC4/cyfitter_cfg.c **** {
  27              		.loc 1 77 0
  28              		.cfi_startproc
  29              		@ args = 0, pretend = 0, frame = 0
  30              		@ frame_needed = 0, uses_anonymous_args = 0
  31              	.LVL0:
  32 0000 10B5     		push	{r4, lr}
  33              		.cfi_def_cfa_offset 8
  34              		.cfi_offset 4, -8
  35              		.cfi_offset 14, -4
  36 0002 0A00     		movs	r2, r1
  78:Generated_Source\PSoC4/cyfitter_cfg.c **** 	(void)memset(s, 0, n);
ARM GAS  C:\Users\Intern\AppData\Local\Temp\cc3HJTIs.s 			page 3


  37              		.loc 1 78 0
  38 0004 0021     		movs	r1, #0
  39              	.LVL1:
  40 0006 FFF7FEFF 		bl	memset
  41              	.LVL2:
  79:Generated_Source\PSoC4/cyfitter_cfg.c **** }
  42              		.loc 1 79 0
  43              		@ sp needed
  44 000a 10BD     		pop	{r4, pc}
  45              		.cfi_endproc
  46              	.LFE2:
  47              		.size	CYMEMZERO, .-CYMEMZERO
  48              		.section	.psocinit,"ax",%progbits
  49              		.align	2
  50              		.code	16
  51              		.thumb_func
  52              		.type	ClockSetup, %function
  53              	ClockSetup:
  54              	.LFB5:
  80:Generated_Source\PSoC4/cyfitter_cfg.c **** CY_CFG_UNUSED
  81:Generated_Source\PSoC4/cyfitter_cfg.c **** static void CYCONFIGCPY(void *dest, const void *src, size_t n);
  82:Generated_Source\PSoC4/cyfitter_cfg.c **** CY_CFG_UNUSED
  83:Generated_Source\PSoC4/cyfitter_cfg.c **** static void CYCONFIGCPY(void *dest, const void *src, size_t n)
  84:Generated_Source\PSoC4/cyfitter_cfg.c **** {
  85:Generated_Source\PSoC4/cyfitter_cfg.c **** 	(void)memcpy(dest, src, n);
  86:Generated_Source\PSoC4/cyfitter_cfg.c **** }
  87:Generated_Source\PSoC4/cyfitter_cfg.c **** CY_CFG_UNUSED
  88:Generated_Source\PSoC4/cyfitter_cfg.c **** static void CYCONFIGCPYCODE(void *dest, const void *src, size_t n);
  89:Generated_Source\PSoC4/cyfitter_cfg.c **** CY_CFG_UNUSED
  90:Generated_Source\PSoC4/cyfitter_cfg.c **** static void CYCONFIGCPYCODE(void *dest, const void *src, size_t n)
  91:Generated_Source\PSoC4/cyfitter_cfg.c **** {
  92:Generated_Source\PSoC4/cyfitter_cfg.c **** 	(void)memcpy(dest, src, n);
  93:Generated_Source\PSoC4/cyfitter_cfg.c **** }
  94:Generated_Source\PSoC4/cyfitter_cfg.c **** 
  95:Generated_Source\PSoC4/cyfitter_cfg.c **** 
  96:Generated_Source\PSoC4/cyfitter_cfg.c **** 
  97:Generated_Source\PSoC4/cyfitter_cfg.c **** 
  98:Generated_Source\PSoC4/cyfitter_cfg.c **** /* Clock startup error codes                                                   */
  99:Generated_Source\PSoC4/cyfitter_cfg.c **** #define CYCLOCKSTART_NO_ERROR    0u
 100:Generated_Source\PSoC4/cyfitter_cfg.c **** #define CYCLOCKSTART_XTAL_ERROR  1u
 101:Generated_Source\PSoC4/cyfitter_cfg.c **** #define CYCLOCKSTART_32KHZ_ERROR 2u
 102:Generated_Source\PSoC4/cyfitter_cfg.c **** #define CYCLOCKSTART_PLL_ERROR   3u
 103:Generated_Source\PSoC4/cyfitter_cfg.c **** #define CYCLOCKSTART_FLL_ERROR   4u
 104:Generated_Source\PSoC4/cyfitter_cfg.c **** 
 105:Generated_Source\PSoC4/cyfitter_cfg.c **** 
 106:Generated_Source\PSoC4/cyfitter_cfg.c **** #ifdef CY_NEED_CYCLOCKSTARTUPERROR
 107:Generated_Source\PSoC4/cyfitter_cfg.c **** /*******************************************************************************
 108:Generated_Source\PSoC4/cyfitter_cfg.c **** * Function Name: CyClockStartupError
 109:Generated_Source\PSoC4/cyfitter_cfg.c **** ********************************************************************************
 110:Generated_Source\PSoC4/cyfitter_cfg.c **** * Summary:
 111:Generated_Source\PSoC4/cyfitter_cfg.c **** *  If an error is encountered during clock configuration (crystal startup error,
 112:Generated_Source\PSoC4/cyfitter_cfg.c **** *  PLL lock error, etc.), the system will end up here.  Unless reimplemented by
 113:Generated_Source\PSoC4/cyfitter_cfg.c **** *  the customer, this function will stop in an infinite loop.
 114:Generated_Source\PSoC4/cyfitter_cfg.c **** *
 115:Generated_Source\PSoC4/cyfitter_cfg.c **** * Parameters:
 116:Generated_Source\PSoC4/cyfitter_cfg.c **** *   void
 117:Generated_Source\PSoC4/cyfitter_cfg.c **** *
ARM GAS  C:\Users\Intern\AppData\Local\Temp\cc3HJTIs.s 			page 4


 118:Generated_Source\PSoC4/cyfitter_cfg.c **** * Return:
 119:Generated_Source\PSoC4/cyfitter_cfg.c **** *   void
 120:Generated_Source\PSoC4/cyfitter_cfg.c **** *
 121:Generated_Source\PSoC4/cyfitter_cfg.c **** *******************************************************************************/
 122:Generated_Source\PSoC4/cyfitter_cfg.c **** CY_CFG_UNUSED
 123:Generated_Source\PSoC4/cyfitter_cfg.c **** static void CyClockStartupError(uint8 errorCode);
 124:Generated_Source\PSoC4/cyfitter_cfg.c **** CY_CFG_UNUSED
 125:Generated_Source\PSoC4/cyfitter_cfg.c **** static void CyClockStartupError(uint8 errorCode)
 126:Generated_Source\PSoC4/cyfitter_cfg.c **** {
 127:Generated_Source\PSoC4/cyfitter_cfg.c ****     /* To remove the compiler warning if errorCode not used. */
 128:Generated_Source\PSoC4/cyfitter_cfg.c **** #if defined(CY_PSOC3) && (CY_PSOC3)
 129:Generated_Source\PSoC4/cyfitter_cfg.c ****     errorCode = errorCode;
 130:Generated_Source\PSoC4/cyfitter_cfg.c **** #else
 131:Generated_Source\PSoC4/cyfitter_cfg.c ****     (void)errorCode;
 132:Generated_Source\PSoC4/cyfitter_cfg.c **** #endif /* CY_PSOC3 */
 133:Generated_Source\PSoC4/cyfitter_cfg.c **** 
 134:Generated_Source\PSoC4/cyfitter_cfg.c ****     /* If we have a clock startup error (bad MHz crystal, PLL lock, etc.),  */
 135:Generated_Source\PSoC4/cyfitter_cfg.c ****     /* we will end up here to allow the customer to implement something to  */
 136:Generated_Source\PSoC4/cyfitter_cfg.c ****     /* deal with the clock condition.                                       */
 137:Generated_Source\PSoC4/cyfitter_cfg.c **** 
 138:Generated_Source\PSoC4/cyfitter_cfg.c **** #ifdef CY_CFG_CLOCK_STARTUP_ERROR_CALLBACK
 139:Generated_Source\PSoC4/cyfitter_cfg.c ****     CY_CFG_Clock_Startup_ErrorCallback();
 140:Generated_Source\PSoC4/cyfitter_cfg.c **** #else
 141:Generated_Source\PSoC4/cyfitter_cfg.c ****     /*  If not using CY_CFG_CLOCK_STARTUP_ERROR_CALLBACK, place your clock startup code here. */
 142:Generated_Source\PSoC4/cyfitter_cfg.c ****     /* `#START CyClockStartupError` */
 143:Generated_Source\PSoC4/cyfitter_cfg.c **** 
 144:Generated_Source\PSoC4/cyfitter_cfg.c **** 
 145:Generated_Source\PSoC4/cyfitter_cfg.c **** 
 146:Generated_Source\PSoC4/cyfitter_cfg.c ****     /* `#END` */
 147:Generated_Source\PSoC4/cyfitter_cfg.c **** 
 148:Generated_Source\PSoC4/cyfitter_cfg.c ****     while(1) {}
 149:Generated_Source\PSoC4/cyfitter_cfg.c **** #endif /* CY_CFG_CLOCK_STARTUP_ERROR_CALLBACK */
 150:Generated_Source\PSoC4/cyfitter_cfg.c **** }
 151:Generated_Source\PSoC4/cyfitter_cfg.c **** #endif
 152:Generated_Source\PSoC4/cyfitter_cfg.c **** 
 153:Generated_Source\PSoC4/cyfitter_cfg.c **** 
 154:Generated_Source\PSoC4/cyfitter_cfg.c **** 
 155:Generated_Source\PSoC4/cyfitter_cfg.c **** /*******************************************************************************
 156:Generated_Source\PSoC4/cyfitter_cfg.c **** * Function Name: ClockSetup
 157:Generated_Source\PSoC4/cyfitter_cfg.c **** ********************************************************************************
 158:Generated_Source\PSoC4/cyfitter_cfg.c **** *
 159:Generated_Source\PSoC4/cyfitter_cfg.c **** * Summary:
 160:Generated_Source\PSoC4/cyfitter_cfg.c **** *   Performs the initialization of all of the clocks in the device based on the
 161:Generated_Source\PSoC4/cyfitter_cfg.c **** *   settings in the Clock tab of the DWR.  This includes enabling the requested
 162:Generated_Source\PSoC4/cyfitter_cfg.c **** *   clocks and setting the necessary dividers to produce the desired frequency. 
 163:Generated_Source\PSoC4/cyfitter_cfg.c **** *
 164:Generated_Source\PSoC4/cyfitter_cfg.c **** * Parameters:
 165:Generated_Source\PSoC4/cyfitter_cfg.c **** *   void
 166:Generated_Source\PSoC4/cyfitter_cfg.c **** *
 167:Generated_Source\PSoC4/cyfitter_cfg.c **** * Return:
 168:Generated_Source\PSoC4/cyfitter_cfg.c **** *   void
 169:Generated_Source\PSoC4/cyfitter_cfg.c **** *
 170:Generated_Source\PSoC4/cyfitter_cfg.c **** *******************************************************************************/
 171:Generated_Source\PSoC4/cyfitter_cfg.c **** static void ClockSetup(void);
 172:Generated_Source\PSoC4/cyfitter_cfg.c **** CY_CFG_SECTION
 173:Generated_Source\PSoC4/cyfitter_cfg.c **** static void ClockSetup(void)
 174:Generated_Source\PSoC4/cyfitter_cfg.c **** {
ARM GAS  C:\Users\Intern\AppData\Local\Temp\cc3HJTIs.s 			page 5


  55              		.loc 1 174 0
  56              		.cfi_startproc
  57              		@ args = 0, pretend = 0, frame = 0
  58              		@ frame_needed = 0, uses_anonymous_args = 0
  59 0000 70B5     		push	{r4, r5, r6, lr}
  60              		.cfi_def_cfa_offset 16
  61              		.cfi_offset 4, -16
  62              		.cfi_offset 5, -12
  63              		.cfi_offset 6, -8
  64              		.cfi_offset 14, -4
 175:Generated_Source\PSoC4/cyfitter_cfg.c **** 
 176:Generated_Source\PSoC4/cyfitter_cfg.c **** 	/* Set Flash Cycles based on max possible frequency in case a glitch occurs during ClockSetup(). *
 177:Generated_Source\PSoC4/cyfitter_cfg.c **** 	CY_SET_REG32((void CYXDATA *)(CYREG_CPUSS_FLASH_CTL), (0x0012u));
  65              		.loc 1 177 0
  66 0002 1222     		movs	r2, #18
  67 0004 2B4B     		ldr	r3, .L3
  68 0006 1A60     		str	r2, [r3]
 178:Generated_Source\PSoC4/cyfitter_cfg.c **** 
 179:Generated_Source\PSoC4/cyfitter_cfg.c **** 	/* Start the WCO */
 180:Generated_Source\PSoC4/cyfitter_cfg.c **** 	CySysClkWcoStart();
  69              		.loc 1 180 0
  70 0008 FFF7FEFF 		bl	CySysClkWcoStart
  71              	.LVL3:
 181:Generated_Source\PSoC4/cyfitter_cfg.c **** 	CyDelayCycles(12000000u); /* WCO may take up to 500ms to start */
  72              		.loc 1 181 0
  73 000c 2A48     		ldr	r0, .L3+4
  74 000e FFF7FEFF 		bl	CyDelayCycles
  75              	.LVL4:
 182:Generated_Source\PSoC4/cyfitter_cfg.c **** 	(void)CySysClkWcoSetPowerMode(CY_SYS_CLK_WCO_LPM);    /* Switch to the low power mode */
  76              		.loc 1 182 0
  77 0012 0120     		movs	r0, #1
  78 0014 FFF7FEFF 		bl	CySysClkWcoSetPowerMode
  79              	.LVL5:
 183:Generated_Source\PSoC4/cyfitter_cfg.c **** 
 184:Generated_Source\PSoC4/cyfitter_cfg.c **** 	/* Setup and trim IMO based on desired frequency. */
 185:Generated_Source\PSoC4/cyfitter_cfg.c **** 	CySysClkWriteImoFreq(48u);
  80              		.loc 1 185 0
  81 0018 3020     		movs	r0, #48
  82 001a FFF7FEFF 		bl	CySysClkWriteImoFreq
  83              	.LVL6:
 186:Generated_Source\PSoC4/cyfitter_cfg.c **** 	/* CYDEV_CLK_ILO_CONFIG Starting address: CYDEV_CLK_ILO_CONFIG */
 187:Generated_Source\PSoC4/cyfitter_cfg.c **** 	CY_SET_REG32((void *)(CYREG_CLK_ILO_CONFIG), 0x80000006u);
  84              		.loc 1 187 0
  85 001e 274A     		ldr	r2, .L3+8
  86 0020 274B     		ldr	r3, .L3+12
  87 0022 1A60     		str	r2, [r3]
 188:Generated_Source\PSoC4/cyfitter_cfg.c **** 
 189:Generated_Source\PSoC4/cyfitter_cfg.c **** 	/* CYDEV_WDT_CONFIG Starting address: CYDEV_WDT_CONFIG */
 190:Generated_Source\PSoC4/cyfitter_cfg.c **** 	CY_SET_REG32((void *)(CYREG_WDT_CONFIG), 0x40000000u);
  88              		.loc 1 190 0
  89 0024 274C     		ldr	r4, .L3+16
  90 0026 8025     		movs	r5, #128
  91 0028 ED05     		lsls	r5, r5, #23
  92 002a 2560     		str	r5, [r4]
 191:Generated_Source\PSoC4/cyfitter_cfg.c **** 
 192:Generated_Source\PSoC4/cyfitter_cfg.c **** 
 193:Generated_Source\PSoC4/cyfitter_cfg.c **** 	/* Enable fast start mode for XO */
ARM GAS  C:\Users\Intern\AppData\Local\Temp\cc3HJTIs.s 			page 6


 194:Generated_Source\PSoC4/cyfitter_cfg.c **** 	CY_SET_REG32((void*)CYREG_BLE_BLERD_BB_XO, CY_GET_REG32((void*)CYREG_BLE_BLERD_BB_XO) | (uint32)0x
  93              		.loc 1 194 0
  94 002c 264A     		ldr	r2, .L3+20
  95 002e 1168     		ldr	r1, [r2]
  96 0030 0223     		movs	r3, #2
  97 0032 0B43     		orrs	r3, r1
  98 0034 1360     		str	r3, [r2]
 195:Generated_Source\PSoC4/cyfitter_cfg.c **** 	CY_SET_REG32((void *)(CYREG_BLE_BLERD_BB_XO_CAPTRIM), 0x00003E2Du);
  99              		.loc 1 195 0
 100 0036 254A     		ldr	r2, .L3+24
 101 0038 254B     		ldr	r3, .L3+28
 102 003a 1A60     		str	r2, [r3]
 196:Generated_Source\PSoC4/cyfitter_cfg.c **** 	/*Set XTAL(ECO) divider*/
 197:Generated_Source\PSoC4/cyfitter_cfg.c **** 	CY_SET_REG32((void *)(CYREG_BLE_BLESS_XTAL_CLK_DIV_CONFIG), 0x00000000u);
 103              		.loc 1 197 0
 104 003c 0022     		movs	r2, #0
 105 003e 254B     		ldr	r3, .L3+32
 106 0040 1A60     		str	r2, [r3]
 198:Generated_Source\PSoC4/cyfitter_cfg.c **** 	/* Disable Crystal Stable Interrupt before enabling ECO */
 199:Generated_Source\PSoC4/cyfitter_cfg.c **** 	CY_SET_REG32((void*)CYREG_BLE_BLESS_LL_DSM_CTRL, CY_GET_REG32((void*)CYREG_BLE_BLESS_LL_DSM_CTRL) 
 107              		.loc 1 199 0
 108 0042 254A     		ldr	r2, .L3+36
 109 0044 1368     		ldr	r3, [r2]
 110 0046 0821     		movs	r1, #8
 111 0048 8B43     		bics	r3, r1
 112 004a 1360     		str	r3, [r2]
 200:Generated_Source\PSoC4/cyfitter_cfg.c **** 	/* Start the ECO and do not check status since it is not needed for HFCLK */
 201:Generated_Source\PSoC4/cyfitter_cfg.c **** 	(void)CySysClkEcoStart(2000u);
 113              		.loc 1 201 0
 114 004c FA20     		movs	r0, #250
 115 004e C000     		lsls	r0, r0, #3
 116 0050 FFF7FEFF 		bl	CySysClkEcoStart
 117              	.LVL7:
 202:Generated_Source\PSoC4/cyfitter_cfg.c **** 	CyDelayUs(1500u); /* Wait to stabilize */
 118              		.loc 1 202 0
 119 0054 2148     		ldr	r0, .L3+40
 120 0056 FFF7FEFF 		bl	CyDelayUs
 121              	.LVL8:
 203:Generated_Source\PSoC4/cyfitter_cfg.c **** 
 204:Generated_Source\PSoC4/cyfitter_cfg.c **** 	/* Setup phase aligned clocks */
 205:Generated_Source\PSoC4/cyfitter_cfg.c **** 	CY_SET_REG32((void *)CYREG_PERI_DIV_16_CTL1, 0x00002700u);
 122              		.loc 1 205 0
 123 005a 9C22     		movs	r2, #156
 124 005c 9201     		lsls	r2, r2, #6
 125 005e 204B     		ldr	r3, .L3+44
 126 0060 1A60     		str	r2, [r3]
 206:Generated_Source\PSoC4/cyfitter_cfg.c **** 	CY_SET_REG32((void *)CYREG_PERI_DIV_CMD, 0x8000FF41u);
 127              		.loc 1 206 0
 128 0062 204B     		ldr	r3, .L3+48
 129 0064 204A     		ldr	r2, .L3+52
 130 0066 1A60     		str	r2, [r3]
 207:Generated_Source\PSoC4/cyfitter_cfg.c **** 	CY_SET_REG32((void *)CYREG_PERI_DIV_16_CTL0, 0x00001D00u);
 131              		.loc 1 207 0
 132 0068 E821     		movs	r1, #232
 133 006a 4901     		lsls	r1, r1, #5
 134 006c 1F4A     		ldr	r2, .L3+56
 135 006e 1160     		str	r1, [r2]
ARM GAS  C:\Users\Intern\AppData\Local\Temp\cc3HJTIs.s 			page 7


 208:Generated_Source\PSoC4/cyfitter_cfg.c **** 	CY_SET_REG32((void *)CYREG_PERI_DIV_CMD, 0x8000FF40u);
 136              		.loc 1 208 0
 137 0070 1F4A     		ldr	r2, .L3+60
 138 0072 1A60     		str	r2, [r3]
 209:Generated_Source\PSoC4/cyfitter_cfg.c **** 	CY_SET_REG32((void *)CYREG_PERI_DIV_16_CTL2, 0x00003300u);
 139              		.loc 1 209 0
 140 0074 CC21     		movs	r1, #204
 141 0076 8901     		lsls	r1, r1, #6
 142 0078 1E4A     		ldr	r2, .L3+64
 143 007a 1160     		str	r1, [r2]
 210:Generated_Source\PSoC4/cyfitter_cfg.c **** 	CY_SET_REG32((void *)CYREG_PERI_DIV_CMD, 0x8000FF42u);
 144              		.loc 1 210 0
 145 007c 1E4A     		ldr	r2, .L3+68
 146 007e 1A60     		str	r2, [r3]
 211:Generated_Source\PSoC4/cyfitter_cfg.c **** 
 212:Generated_Source\PSoC4/cyfitter_cfg.c **** 	/* CYDEV_CLK_IMO_CONFIG Starting address: CYDEV_CLK_IMO_CONFIG */
 213:Generated_Source\PSoC4/cyfitter_cfg.c **** 	CY_SET_REG32((void *)(CYREG_CLK_IMO_CONFIG), 0x82000000u);
 147              		.loc 1 213 0
 148 0080 8222     		movs	r2, #130
 149 0082 1206     		lsls	r2, r2, #24
 150 0084 1D4B     		ldr	r3, .L3+72
 151 0086 1A60     		str	r2, [r3]
 214:Generated_Source\PSoC4/cyfitter_cfg.c **** 
 215:Generated_Source\PSoC4/cyfitter_cfg.c **** 	/* CYDEV_CLK_SELECT Starting address: CYDEV_CLK_SELECT */
 216:Generated_Source\PSoC4/cyfitter_cfg.c **** 	CY_SET_REG32((void *)(CYREG_CLK_SELECT), 0x00040000u);
 152              		.loc 1 216 0
 153 0088 8022     		movs	r2, #128
 154 008a D202     		lsls	r2, r2, #11
 155 008c 1C4B     		ldr	r3, .L3+76
 156 008e 1A60     		str	r2, [r3]
 217:Generated_Source\PSoC4/cyfitter_cfg.c **** 
 218:Generated_Source\PSoC4/cyfitter_cfg.c **** 	/* CYDEV_PERI_PCLK_CTL6 Starting address: CYDEV_PERI_PCLK_CTL6 */
 219:Generated_Source\PSoC4/cyfitter_cfg.c **** 	CY_SET_REG32((void *)(CYREG_PERI_PCLK_CTL6), 0x00000041u);
 157              		.loc 1 219 0
 158 0090 4122     		movs	r2, #65
 159 0092 1C4B     		ldr	r3, .L3+80
 160 0094 1A60     		str	r2, [r3]
 220:Generated_Source\PSoC4/cyfitter_cfg.c **** 
 221:Generated_Source\PSoC4/cyfitter_cfg.c **** 	/* CYDEV_PERI_PCLK_CTL2 Starting address: CYDEV_PERI_PCLK_CTL2 */
 222:Generated_Source\PSoC4/cyfitter_cfg.c **** 	CY_SET_REG32((void *)(CYREG_PERI_PCLK_CTL2), 0x00000040u);
 161              		.loc 1 222 0
 162 0096 013A     		subs	r2, r2, #1
 163 0098 1B4B     		ldr	r3, .L3+84
 164 009a 1A60     		str	r2, [r3]
 223:Generated_Source\PSoC4/cyfitter_cfg.c **** 
 224:Generated_Source\PSoC4/cyfitter_cfg.c **** 	/* CYDEV_PERI_PCLK_CTL1 Starting address: CYDEV_PERI_PCLK_CTL1 */
 225:Generated_Source\PSoC4/cyfitter_cfg.c **** 	CY_SET_REG32((void *)(CYREG_PERI_PCLK_CTL1), 0x00000042u);
 165              		.loc 1 225 0
 166 009c 0232     		adds	r2, r2, #2
 167 009e 1B4B     		ldr	r3, .L3+88
 168 00a0 1A60     		str	r2, [r3]
 226:Generated_Source\PSoC4/cyfitter_cfg.c **** 
 227:Generated_Source\PSoC4/cyfitter_cfg.c **** 	(void)CyIntSetVector(8u, &CySysWdtIsr);
 169              		.loc 1 227 0
 170 00a2 1B49     		ldr	r1, .L3+92
 171 00a4 0820     		movs	r0, #8
 172 00a6 FFF7FEFF 		bl	CyIntSetVector
ARM GAS  C:\Users\Intern\AppData\Local\Temp\cc3HJTIs.s 			page 8


 173              	.LVL9:
 228:Generated_Source\PSoC4/cyfitter_cfg.c **** 	CyIntEnable(8u);
 174              		.loc 1 228 0
 175 00aa 0820     		movs	r0, #8
 176 00ac FFF7FEFF 		bl	CyIntEnable
 177              	.LVL10:
 229:Generated_Source\PSoC4/cyfitter_cfg.c **** 	CY_SET_REG32((void *)(CYREG_WDT_CONFIG), 0x40000000u);
 178              		.loc 1 229 0
 179 00b0 2560     		str	r5, [r4]
 230:Generated_Source\PSoC4/cyfitter_cfg.c **** }
 180              		.loc 1 230 0
 181              		@ sp needed
 182 00b2 70BD     		pop	{r4, r5, r6, pc}
 183              	.L4:
 184              		.align	2
 185              	.L3:
 186 00b4 30001040 		.word	1074790448
 187 00b8 001BB700 		.word	12000000
 188 00bc 06000080 		.word	-2147483642
 189 00c0 04010B40 		.word	1074462980
 190 00c4 0C020B40 		.word	1074463244
 191 00c8 78002E40 		.word	1076756600
 192 00cc 2D3E0000 		.word	15917
 193 00d0 7C002E40 		.word	1076756604
 194 00d4 64F02E40 		.word	1076818020
 195 00d8 6CF02E40 		.word	1076818028
 196 00dc DC050000 		.word	1500
 197 00e0 04030140 		.word	1073808132
 198 00e4 00000140 		.word	1073807360
 199 00e8 41FF0080 		.word	-2147418303
 200 00ec 00030140 		.word	1073808128
 201 00f0 40FF0080 		.word	-2147418304
 202 00f4 08030140 		.word	1073808136
 203 00f8 42FF0080 		.word	-2147418302
 204 00fc 08010B40 		.word	1074462984
 205 0100 00010B40 		.word	1074462976
 206 0104 18010140 		.word	1073807640
 207 0108 08010140 		.word	1073807624
 208 010c 04010140 		.word	1073807620
 209 0110 00000000 		.word	CySysWdtIsr
 210              		.cfi_endproc
 211              	.LFE5:
 212              		.size	ClockSetup, .-ClockSetup
 213              		.section	.text.SetAnalogRoutingPumps,"ax",%progbits
 214              		.align	2
 215              		.global	SetAnalogRoutingPumps
 216              		.code	16
 217              		.thumb_func
 218              		.type	SetAnalogRoutingPumps, %function
 219              	SetAnalogRoutingPumps:
 220              	.LFB7:
 231:Generated_Source\PSoC4/cyfitter_cfg.c **** 
 232:Generated_Source\PSoC4/cyfitter_cfg.c **** 
 233:Generated_Source\PSoC4/cyfitter_cfg.c **** /* Analog API Functions */
 234:Generated_Source\PSoC4/cyfitter_cfg.c **** 
 235:Generated_Source\PSoC4/cyfitter_cfg.c **** 
 236:Generated_Source\PSoC4/cyfitter_cfg.c **** /*******************************************************************************
ARM GAS  C:\Users\Intern\AppData\Local\Temp\cc3HJTIs.s 			page 9


 237:Generated_Source\PSoC4/cyfitter_cfg.c **** * Function Name: AnalogSetDefault
 238:Generated_Source\PSoC4/cyfitter_cfg.c **** ********************************************************************************
 239:Generated_Source\PSoC4/cyfitter_cfg.c **** *
 240:Generated_Source\PSoC4/cyfitter_cfg.c **** * Summary:
 241:Generated_Source\PSoC4/cyfitter_cfg.c **** *  Sets up the analog portions of the chip to default values based on chip
 242:Generated_Source\PSoC4/cyfitter_cfg.c **** *  configuration options from the project.
 243:Generated_Source\PSoC4/cyfitter_cfg.c **** *
 244:Generated_Source\PSoC4/cyfitter_cfg.c **** * Parameters:
 245:Generated_Source\PSoC4/cyfitter_cfg.c **** *  void
 246:Generated_Source\PSoC4/cyfitter_cfg.c **** *
 247:Generated_Source\PSoC4/cyfitter_cfg.c **** * Return:
 248:Generated_Source\PSoC4/cyfitter_cfg.c **** *  void
 249:Generated_Source\PSoC4/cyfitter_cfg.c **** *
 250:Generated_Source\PSoC4/cyfitter_cfg.c **** *******************************************************************************/
 251:Generated_Source\PSoC4/cyfitter_cfg.c **** static void AnalogSetDefault(void);
 252:Generated_Source\PSoC4/cyfitter_cfg.c **** static void AnalogSetDefault(void)
 253:Generated_Source\PSoC4/cyfitter_cfg.c **** {
 254:Generated_Source\PSoC4/cyfitter_cfg.c **** 	CY_SET_XTND_REG32((void CYFAR *)CYREG_CTBM0_CTB_CTRL, 0x80000000u);
 255:Generated_Source\PSoC4/cyfitter_cfg.c **** 	CY_SET_XTND_REG32((void CYFAR *)CYREG_CTBM0_DFT_CTRL, 0x00000003u);
 256:Generated_Source\PSoC4/cyfitter_cfg.c **** 	CY_SET_XTND_REG32((void CYFAR *)CYREG_CTBM0_OA0_SW, 0x00240104u);
 257:Generated_Source\PSoC4/cyfitter_cfg.c **** 	CY_SET_XTND_REG32((void CYFAR *)CYREG_CTBM0_OA1_SW, 0x00240102u);
 258:Generated_Source\PSoC4/cyfitter_cfg.c **** 	CY_SET_XTND_REG32((void CYFAR *)CYREG_CTBM0_CTB_SW_HW_CTRL, 0x0000000Cu);
 259:Generated_Source\PSoC4/cyfitter_cfg.c **** 	CY_SET_XTND_REG32((void CYFAR *)CYREG_CTBM1_DFT_CTRL, 0x00000003u);
 260:Generated_Source\PSoC4/cyfitter_cfg.c **** 	CY_SET_XTND_REG32((void CYFAR *)CYREG_SAR_CTRL, 0x80000000u);
 261:Generated_Source\PSoC4/cyfitter_cfg.c **** 	CY_SET_XTND_REG32((void CYFAR *)CYREG_SAR_MUX_SWITCH0, 0x00400000u);
 262:Generated_Source\PSoC4/cyfitter_cfg.c **** 	CY_SET_XTND_REG32((void CYFAR *)CYREG_SAR_MUX_SWITCH_HW_CTRL, 0x00400000u);
 263:Generated_Source\PSoC4/cyfitter_cfg.c **** 	CY_SET_XTND_REG32((void CYFAR *)CYREG_PASS_DSAB_DSAB_CTRL, 0x00000000u);
 264:Generated_Source\PSoC4/cyfitter_cfg.c **** 	SetAnalogRoutingPumps(1);
 265:Generated_Source\PSoC4/cyfitter_cfg.c **** }
 266:Generated_Source\PSoC4/cyfitter_cfg.c **** 
 267:Generated_Source\PSoC4/cyfitter_cfg.c **** 
 268:Generated_Source\PSoC4/cyfitter_cfg.c **** /*******************************************************************************
 269:Generated_Source\PSoC4/cyfitter_cfg.c **** * Function Name: SetAnalogRoutingPumps
 270:Generated_Source\PSoC4/cyfitter_cfg.c **** ********************************************************************************
 271:Generated_Source\PSoC4/cyfitter_cfg.c **** *
 272:Generated_Source\PSoC4/cyfitter_cfg.c **** * Summary:
 273:Generated_Source\PSoC4/cyfitter_cfg.c **** * Enables or disables the analog pumps feeding analog routing switches.
 274:Generated_Source\PSoC4/cyfitter_cfg.c **** * Intended to be called at startup, based on the Vdda system configuration;
 275:Generated_Source\PSoC4/cyfitter_cfg.c **** * may be called during operation when the user informs us that the Vdda voltage crossed the pump th
 276:Generated_Source\PSoC4/cyfitter_cfg.c **** *
 277:Generated_Source\PSoC4/cyfitter_cfg.c **** * Parameters:
 278:Generated_Source\PSoC4/cyfitter_cfg.c **** *  enabled - 1 to enable the pumps, 0 to disable the pumps
 279:Generated_Source\PSoC4/cyfitter_cfg.c **** *
 280:Generated_Source\PSoC4/cyfitter_cfg.c **** * Return:
 281:Generated_Source\PSoC4/cyfitter_cfg.c **** *  void
 282:Generated_Source\PSoC4/cyfitter_cfg.c **** *
 283:Generated_Source\PSoC4/cyfitter_cfg.c **** *******************************************************************************/
 284:Generated_Source\PSoC4/cyfitter_cfg.c **** void SetAnalogRoutingPumps(uint8 enabled)
 285:Generated_Source\PSoC4/cyfitter_cfg.c **** {
 221              		.loc 1 285 0
 222              		.cfi_startproc
 223              		@ args = 0, pretend = 0, frame = 0
 224              		@ frame_needed = 0, uses_anonymous_args = 0
 225              		@ link register save eliminated.
 226              	.LVL11:
 286:Generated_Source\PSoC4/cyfitter_cfg.c **** 	uint32 regValue = CY_GET_XTND_REG32((void *)(CYREG_SAR_PUMP_CTRL));
 227              		.loc 1 286 0
ARM GAS  C:\Users\Intern\AppData\Local\Temp\cc3HJTIs.s 			page 10


 228 0000 064B     		ldr	r3, .L8
 229 0002 1B68     		ldr	r3, [r3]
 230              	.LVL12:
 287:Generated_Source\PSoC4/cyfitter_cfg.c **** 	if (enabled != 0u)
 231              		.loc 1 287 0
 232 0004 0028     		cmp	r0, #0
 233 0006 03D0     		beq	.L6
 288:Generated_Source\PSoC4/cyfitter_cfg.c **** 	{
 289:Generated_Source\PSoC4/cyfitter_cfg.c **** 		regValue |= 0x80000000u;
 234              		.loc 1 289 0
 235 0008 8022     		movs	r2, #128
 236 000a 1206     		lsls	r2, r2, #24
 237 000c 1343     		orrs	r3, r2
 238              	.LVL13:
 239 000e 01E0     		b	.L7
 240              	.L6:
 290:Generated_Source\PSoC4/cyfitter_cfg.c **** 	}
 291:Generated_Source\PSoC4/cyfitter_cfg.c **** 	else
 292:Generated_Source\PSoC4/cyfitter_cfg.c **** 	{
 293:Generated_Source\PSoC4/cyfitter_cfg.c **** 		regValue &= ~0x80000000u;
 241              		.loc 1 293 0
 242 0010 5B00     		lsls	r3, r3, #1
 243              	.LVL14:
 244 0012 5B08     		lsrs	r3, r3, #1
 245              	.LVL15:
 246              	.L7:
 294:Generated_Source\PSoC4/cyfitter_cfg.c **** 	}
 295:Generated_Source\PSoC4/cyfitter_cfg.c **** 	CY_SET_XTND_REG32((void *)(CYREG_SAR_PUMP_CTRL), regValue);
 247              		.loc 1 295 0
 248 0014 014A     		ldr	r2, .L8
 249 0016 1360     		str	r3, [r2]
 296:Generated_Source\PSoC4/cyfitter_cfg.c **** }
 250              		.loc 1 296 0
 251              		@ sp needed
 252 0018 7047     		bx	lr
 253              	.L9:
 254 001a C046     		.align	2
 255              	.L8:
 256 001c 80033A40 		.word	1077543808
 257              		.cfi_endproc
 258              	.LFE7:
 259              		.size	SetAnalogRoutingPumps, .-SetAnalogRoutingPumps
 260              		.section	.text.AnalogSetDefault,"ax",%progbits
 261              		.align	2
 262              		.code	16
 263              		.thumb_func
 264              		.type	AnalogSetDefault, %function
 265              	AnalogSetDefault:
 266              	.LFB6:
 253:Generated_Source\PSoC4/cyfitter_cfg.c **** 	CY_SET_XTND_REG32((void CYFAR *)CYREG_CTBM0_CTB_CTRL, 0x80000000u);
 267              		.loc 1 253 0
 268              		.cfi_startproc
 269              		@ args = 0, pretend = 0, frame = 0
 270              		@ frame_needed = 0, uses_anonymous_args = 0
 271 0000 10B5     		push	{r4, lr}
 272              		.cfi_def_cfa_offset 8
 273              		.cfi_offset 4, -8
ARM GAS  C:\Users\Intern\AppData\Local\Temp\cc3HJTIs.s 			page 11


 274              		.cfi_offset 14, -4
 254:Generated_Source\PSoC4/cyfitter_cfg.c **** 	CY_SET_XTND_REG32((void CYFAR *)CYREG_CTBM0_DFT_CTRL, 0x00000003u);
 275              		.loc 1 254 0
 276 0002 8023     		movs	r3, #128
 277 0004 1B06     		lsls	r3, r3, #24
 278 0006 0F4A     		ldr	r2, .L11
 279 0008 1360     		str	r3, [r2]
 255:Generated_Source\PSoC4/cyfitter_cfg.c **** 	CY_SET_XTND_REG32((void CYFAR *)CYREG_CTBM0_OA0_SW, 0x00240104u);
 280              		.loc 1 255 0
 281 000a 0322     		movs	r2, #3
 282 000c 0E49     		ldr	r1, .L11+4
 283 000e 0A60     		str	r2, [r1]
 256:Generated_Source\PSoC4/cyfitter_cfg.c **** 	CY_SET_XTND_REG32((void CYFAR *)CYREG_CTBM0_OA1_SW, 0x00240102u);
 284              		.loc 1 256 0
 285 0010 0E48     		ldr	r0, .L11+8
 286 0012 0F49     		ldr	r1, .L11+12
 287 0014 0860     		str	r0, [r1]
 257:Generated_Source\PSoC4/cyfitter_cfg.c **** 	CY_SET_XTND_REG32((void CYFAR *)CYREG_CTBM0_CTB_SW_HW_CTRL, 0x0000000Cu);
 288              		.loc 1 257 0
 289 0016 0F48     		ldr	r0, .L11+16
 290 0018 0F49     		ldr	r1, .L11+20
 291 001a 0860     		str	r0, [r1]
 258:Generated_Source\PSoC4/cyfitter_cfg.c **** 	CY_SET_XTND_REG32((void CYFAR *)CYREG_CTBM1_DFT_CTRL, 0x00000003u);
 292              		.loc 1 258 0
 293 001c 0C20     		movs	r0, #12
 294 001e 0F49     		ldr	r1, .L11+24
 295 0020 0860     		str	r0, [r1]
 259:Generated_Source\PSoC4/cyfitter_cfg.c **** 	CY_SET_XTND_REG32((void CYFAR *)CYREG_SAR_CTRL, 0x80000000u);
 296              		.loc 1 259 0
 297 0022 0F49     		ldr	r1, .L11+28
 298 0024 0A60     		str	r2, [r1]
 260:Generated_Source\PSoC4/cyfitter_cfg.c **** 	CY_SET_XTND_REG32((void CYFAR *)CYREG_SAR_MUX_SWITCH0, 0x00400000u);
 299              		.loc 1 260 0
 300 0026 0F4A     		ldr	r2, .L11+32
 301 0028 1360     		str	r3, [r2]
 261:Generated_Source\PSoC4/cyfitter_cfg.c **** 	CY_SET_XTND_REG32((void CYFAR *)CYREG_SAR_MUX_SWITCH_HW_CTRL, 0x00400000u);
 302              		.loc 1 261 0
 303 002a 8023     		movs	r3, #128
 304 002c DB03     		lsls	r3, r3, #15
 305 002e 0E4A     		ldr	r2, .L11+36
 306 0030 1360     		str	r3, [r2]
 262:Generated_Source\PSoC4/cyfitter_cfg.c **** 	CY_SET_XTND_REG32((void CYFAR *)CYREG_PASS_DSAB_DSAB_CTRL, 0x00000000u);
 307              		.loc 1 262 0
 308 0032 0E4A     		ldr	r2, .L11+40
 309 0034 1360     		str	r3, [r2]
 263:Generated_Source\PSoC4/cyfitter_cfg.c **** 	SetAnalogRoutingPumps(1);
 310              		.loc 1 263 0
 311 0036 0022     		movs	r2, #0
 312 0038 0D4B     		ldr	r3, .L11+44
 313 003a 1A60     		str	r2, [r3]
 264:Generated_Source\PSoC4/cyfitter_cfg.c **** }
 314              		.loc 1 264 0
 315 003c 0B38     		subs	r0, r0, #11
 316 003e FFF7FEFF 		bl	SetAnalogRoutingPumps
 317              	.LVL16:
 265:Generated_Source\PSoC4/cyfitter_cfg.c **** 
 318              		.loc 1 265 0
ARM GAS  C:\Users\Intern\AppData\Local\Temp\cc3HJTIs.s 			page 12


 319              		@ sp needed
 320 0042 10BD     		pop	{r4, pc}
 321              	.L12:
 322              		.align	2
 323              	.L11:
 324 0044 00003040 		.word	1076887552
 325 0048 30003040 		.word	1076887600
 326 004c 04012400 		.word	2359556
 327 0050 80003040 		.word	1076887680
 328 0054 02012400 		.word	2359554
 329 0058 88003040 		.word	1076887688
 330 005c C0003040 		.word	1076887744
 331 0060 30003140 		.word	1076953136
 332 0064 00003A40 		.word	1077542912
 333 0068 00033A40 		.word	1077543680
 334 006c 40033A40 		.word	1077543744
 335 0070 000E3F40 		.word	1077874176
 336              		.cfi_endproc
 337              	.LFE6:
 338              		.size	AnalogSetDefault, .-AnalogSetDefault
 339              		.section	.psocinit
 340              		.align	2
 341              		.global	cyfitter_cfg
 342              		.code	16
 343              		.thumb_func
 344              		.type	cyfitter_cfg, %function
 345              	cyfitter_cfg:
 346              	.LFB8:
 297:Generated_Source\PSoC4/cyfitter_cfg.c **** 
 298:Generated_Source\PSoC4/cyfitter_cfg.c **** 
 299:Generated_Source\PSoC4/cyfitter_cfg.c **** 
 300:Generated_Source\PSoC4/cyfitter_cfg.c **** 
 301:Generated_Source\PSoC4/cyfitter_cfg.c **** /*******************************************************************************
 302:Generated_Source\PSoC4/cyfitter_cfg.c **** * Function Name: cyfitter_cfg
 303:Generated_Source\PSoC4/cyfitter_cfg.c **** ********************************************************************************
 304:Generated_Source\PSoC4/cyfitter_cfg.c **** * Summary:
 305:Generated_Source\PSoC4/cyfitter_cfg.c **** *  This function is called by the start-up code for the selected device. It
 306:Generated_Source\PSoC4/cyfitter_cfg.c **** *  performs all of the necessary device configuration based on the design
 307:Generated_Source\PSoC4/cyfitter_cfg.c **** *  settings.  This includes settings from the Design Wide Resources (DWR) such
 308:Generated_Source\PSoC4/cyfitter_cfg.c **** *  as Clocks and Pins as well as any component configuration that is necessary.
 309:Generated_Source\PSoC4/cyfitter_cfg.c **** *
 310:Generated_Source\PSoC4/cyfitter_cfg.c **** * Parameters:
 311:Generated_Source\PSoC4/cyfitter_cfg.c **** *   void
 312:Generated_Source\PSoC4/cyfitter_cfg.c **** *
 313:Generated_Source\PSoC4/cyfitter_cfg.c **** * Return:
 314:Generated_Source\PSoC4/cyfitter_cfg.c **** *   void
 315:Generated_Source\PSoC4/cyfitter_cfg.c **** *
 316:Generated_Source\PSoC4/cyfitter_cfg.c **** *******************************************************************************/
 317:Generated_Source\PSoC4/cyfitter_cfg.c **** CY_CFG_SECTION
 318:Generated_Source\PSoC4/cyfitter_cfg.c **** void cyfitter_cfg(void)
 319:Generated_Source\PSoC4/cyfitter_cfg.c **** {
 347              		.loc 1 319 0
 348              		.cfi_startproc
 349              		@ args = 0, pretend = 0, frame = 0
 350              		@ frame_needed = 0, uses_anonymous_args = 0
 351 0114 10B5     		push	{r4, lr}
 352              		.cfi_def_cfa_offset 8
ARM GAS  C:\Users\Intern\AppData\Local\Temp\cc3HJTIs.s 			page 13


 353              		.cfi_offset 4, -8
 354              		.cfi_offset 14, -4
 320:Generated_Source\PSoC4/cyfitter_cfg.c **** 	/* Disable interrupts by default. Let user enable if/when they want. */
 321:Generated_Source\PSoC4/cyfitter_cfg.c **** 	CyGlobalIntDisable;
 355              		.loc 1 321 0
 356              		.syntax divided
 357              	@ 321 "Generated_Source\PSoC4\cyfitter_cfg.c" 1
 358 0116 72B6     		CPSID   i
 359              	@ 0 "" 2
 322:Generated_Source\PSoC4/cyfitter_cfg.c **** 
 323:Generated_Source\PSoC4/cyfitter_cfg.c **** 	CY_SET_REG32((void *)(CYREG_BLE_BLESS_LL_DSM_CTRL), 0x00000000u);
 360              		.loc 1 323 0
 361              		.thumb
 362              		.syntax unified
 363 0118 0022     		movs	r2, #0
 364 011a 224B     		ldr	r3, .L16
 365 011c 1A60     		str	r2, [r3]
 366              	.LVL17:
 367              	.LBB2:
 324:Generated_Source\PSoC4/cyfitter_cfg.c **** 
 325:Generated_Source\PSoC4/cyfitter_cfg.c **** 	{
 326:Generated_Source\PSoC4/cyfitter_cfg.c **** 
 327:Generated_Source\PSoC4/cyfitter_cfg.c **** 		CYPACKED typedef struct {
 328:Generated_Source\PSoC4/cyfitter_cfg.c **** 			void CYFAR *address;
 329:Generated_Source\PSoC4/cyfitter_cfg.c **** 			uint16 size;
 330:Generated_Source\PSoC4/cyfitter_cfg.c **** 		} CYPACKED_ATTR cfg_memset_t;
 331:Generated_Source\PSoC4/cyfitter_cfg.c **** 
 332:Generated_Source\PSoC4/cyfitter_cfg.c **** 		static const cfg_memset_t CYCODE cfg_memset_list[] = {
 333:Generated_Source\PSoC4/cyfitter_cfg.c **** 			/* address, size */
 334:Generated_Source\PSoC4/cyfitter_cfg.c **** 			{(void CYFAR *)(CYDEV_UDB_P0_U0_BASE), 1024u},
 335:Generated_Source\PSoC4/cyfitter_cfg.c **** 			{(void CYFAR *)(CYDEV_UDB_DSI0_BASE), 1024u},
 336:Generated_Source\PSoC4/cyfitter_cfg.c **** 		};
 337:Generated_Source\PSoC4/cyfitter_cfg.c **** 
 338:Generated_Source\PSoC4/cyfitter_cfg.c **** 		uint8 CYDATA i;
 339:Generated_Source\PSoC4/cyfitter_cfg.c **** 
 340:Generated_Source\PSoC4/cyfitter_cfg.c **** 		/* Zero out critical memory blocks before beginning configuration */
 341:Generated_Source\PSoC4/cyfitter_cfg.c **** 		for (i = 0u; i < (sizeof(cfg_memset_list)/sizeof(cfg_memset_list[0])); i++)
 368              		.loc 1 341 0
 369 011e 0024     		movs	r4, #0
 370 0120 0FE0     		b	.L14
 371              	.LVL18:
 372              	.L15:
 373              	.LBB3:
 342:Generated_Source\PSoC4/cyfitter_cfg.c **** 		{
 343:Generated_Source\PSoC4/cyfitter_cfg.c **** 			const cfg_memset_t CYCODE * CYDATA ms = &cfg_memset_list[i];
 344:Generated_Source\PSoC4/cyfitter_cfg.c **** 			CYMEMZERO(ms->address, (size_t)(uint32)(ms->size));
 374              		.loc 1 344 0 discriminator 3
 375 0122 2148     		ldr	r0, .L16+4
 376 0124 6200     		lsls	r2, r4, #1
 377 0126 1319     		adds	r3, r2, r4
 378 0128 5900     		lsls	r1, r3, #1
 379 012a 0B00     		movs	r3, r1
 380 012c 4118     		adds	r1, r0, r1
 381 012e 8988     		ldrh	r1, [r1, #4]
 382 0130 1A5A     		ldrh	r2, [r3, r0]
 383 0132 C318     		adds	r3, r0, r3
 384 0134 5888     		ldrh	r0, [r3, #2]
ARM GAS  C:\Users\Intern\AppData\Local\Temp\cc3HJTIs.s 			page 14


 385 0136 0004     		lsls	r0, r0, #16
 386 0138 1043     		orrs	r0, r2
 387 013a FFF7FEFF 		bl	CYMEMZERO
 388              	.LVL19:
 389              	.LBE3:
 341:Generated_Source\PSoC4/cyfitter_cfg.c **** 		{
 390              		.loc 1 341 0 discriminator 3
 391 013e 0134     		adds	r4, r4, #1
 392              	.LVL20:
 393 0140 E4B2     		uxtb	r4, r4
 394              	.LVL21:
 395              	.L14:
 341:Generated_Source\PSoC4/cyfitter_cfg.c **** 		{
 396              		.loc 1 341 0 is_stmt 0 discriminator 1
 397 0142 012C     		cmp	r4, #1
 398 0144 EDD9     		bls	.L15
 345:Generated_Source\PSoC4/cyfitter_cfg.c **** 		}
 346:Generated_Source\PSoC4/cyfitter_cfg.c **** 
 347:Generated_Source\PSoC4/cyfitter_cfg.c **** 		/* HSIOM Starting address: CYDEV_HSIOM_BASE */
 348:Generated_Source\PSoC4/cyfitter_cfg.c **** 		CY_SET_REG32((void *)(CYDEV_HSIOM_BASE), 0xEE0000EEu);
 399              		.loc 1 348 0 is_stmt 1
 400 0146 194A     		ldr	r2, .L16+8
 401 0148 194B     		ldr	r3, .L16+12
 402 014a 1A60     		str	r2, [r3]
 349:Generated_Source\PSoC4/cyfitter_cfg.c **** 		CY_SET_REG32((void *)(CYREG_HSIOM_PORT_SEL1), 0x00990000u);
 403              		.loc 1 349 0
 404 014c 9923     		movs	r3, #153
 405 014e 1B04     		lsls	r3, r3, #16
 406 0150 184A     		ldr	r2, .L16+16
 407 0152 1360     		str	r3, [r2]
 350:Generated_Source\PSoC4/cyfitter_cfg.c **** 
 351:Generated_Source\PSoC4/cyfitter_cfg.c **** 		/* UDB_PA_0 Starting address: CYDEV_UDB_PA0_BASE */
 352:Generated_Source\PSoC4/cyfitter_cfg.c **** 		CY_SET_REG32((void *)(CYDEV_UDB_PA0_BASE), 0x00990000u);
 408              		.loc 1 352 0
 409 0154 184A     		ldr	r2, .L16+20
 410 0156 1360     		str	r3, [r2]
 353:Generated_Source\PSoC4/cyfitter_cfg.c **** 
 354:Generated_Source\PSoC4/cyfitter_cfg.c **** 		/* UDB_PA_1 Starting address: CYDEV_UDB_PA1_BASE */
 355:Generated_Source\PSoC4/cyfitter_cfg.c **** 		CY_SET_REG32((void *)(CYDEV_UDB_PA1_BASE), 0x00990000u);
 411              		.loc 1 355 0
 412 0158 184A     		ldr	r2, .L16+24
 413 015a 1360     		str	r3, [r2]
 356:Generated_Source\PSoC4/cyfitter_cfg.c **** 
 357:Generated_Source\PSoC4/cyfitter_cfg.c **** 		/* UDB_PA_2 Starting address: CYDEV_UDB_PA2_BASE */
 358:Generated_Source\PSoC4/cyfitter_cfg.c **** 		CY_SET_REG32((void *)(CYDEV_UDB_PA2_BASE), 0x00990000u);
 414              		.loc 1 358 0
 415 015c 184A     		ldr	r2, .L16+28
 416 015e 1360     		str	r3, [r2]
 359:Generated_Source\PSoC4/cyfitter_cfg.c **** 
 360:Generated_Source\PSoC4/cyfitter_cfg.c **** 		/* Enable digital routing */
 361:Generated_Source\PSoC4/cyfitter_cfg.c **** 		CY_SET_XTND_REG8((void *)CYREG_UDB_UDBIF_BANK_CTL, (uint8)(CY_GET_XTND_REG8((void *)CYREG_UDB_UDB
 417              		.loc 1 361 0
 418 0160 184A     		ldr	r2, .L16+32
 419 0162 1178     		ldrb	r1, [r2]
 420 0164 0623     		movs	r3, #6
 421 0166 0B43     		orrs	r3, r1
 422 0168 DBB2     		uxtb	r3, r3
ARM GAS  C:\Users\Intern\AppData\Local\Temp\cc3HJTIs.s 			page 15


 423 016a 1370     		strb	r3, [r2]
 424              	.LBE2:
 362:Generated_Source\PSoC4/cyfitter_cfg.c **** 	}
 363:Generated_Source\PSoC4/cyfitter_cfg.c **** 
 364:Generated_Source\PSoC4/cyfitter_cfg.c **** 	/* Perform second pass device configuration. These items must be configured in specific order afte
 365:Generated_Source\PSoC4/cyfitter_cfg.c **** 	/* IOPINS0_0 Starting address: CYDEV_GPIO_PRT0_BASE */
 366:Generated_Source\PSoC4/cyfitter_cfg.c **** 	CY_SET_REG32((void *)(CYDEV_GPIO_PRT0_BASE), 0x00000003u);
 425              		.loc 1 366 0
 426 016c 0322     		movs	r2, #3
 427 016e 164B     		ldr	r3, .L16+36
 428 0170 1A60     		str	r2, [r3]
 367:Generated_Source\PSoC4/cyfitter_cfg.c **** 	CY_SET_REG32((void *)(CYREG_GPIO_PRT0_PC), 0x00D80064u);
 429              		.loc 1 367 0
 430 0172 164A     		ldr	r2, .L16+40
 431 0174 164B     		ldr	r3, .L16+44
 432 0176 1A60     		str	r2, [r3]
 368:Generated_Source\PSoC4/cyfitter_cfg.c **** 	CY_SET_REG32((void *)(CYREG_GPIO_PRT0_INTR_CFG), 0x00000010u);
 433              		.loc 1 368 0
 434 0178 1022     		movs	r2, #16
 435 017a 164B     		ldr	r3, .L16+48
 436 017c 1A60     		str	r2, [r3]
 369:Generated_Source\PSoC4/cyfitter_cfg.c **** 
 370:Generated_Source\PSoC4/cyfitter_cfg.c **** 	/* IOPINS0_1 Starting address: CYDEV_GPIO_PRT1_BASE */
 371:Generated_Source\PSoC4/cyfitter_cfg.c **** 	CY_SET_REG32((void *)(CYDEV_GPIO_PRT1_BASE), 0x00000020u);
 437              		.loc 1 371 0
 438 017e 2023     		movs	r3, #32
 439 0180 154A     		ldr	r2, .L16+52
 440 0182 1360     		str	r3, [r2]
 372:Generated_Source\PSoC4/cyfitter_cfg.c **** 	CY_SET_REG32((void *)(CYREG_GPIO_PRT1_PC), 0x00031000u);
 441              		.loc 1 372 0
 442 0184 C421     		movs	r1, #196
 443 0186 8902     		lsls	r1, r1, #10
 444 0188 144A     		ldr	r2, .L16+56
 445 018a 1160     		str	r1, [r2]
 373:Generated_Source\PSoC4/cyfitter_cfg.c **** 	CY_SET_REG32((void *)(CYREG_GPIO_PRT1_PC2), 0x00000020u);
 446              		.loc 1 373 0
 447 018c 144A     		ldr	r2, .L16+60
 448 018e 1360     		str	r3, [r2]
 374:Generated_Source\PSoC4/cyfitter_cfg.c **** 
 375:Generated_Source\PSoC4/cyfitter_cfg.c **** 	/* IOPINS0_2 Starting address: CYDEV_GPIO_PRT2_BASE */
 376:Generated_Source\PSoC4/cyfitter_cfg.c **** 	CY_SET_REG32((void *)(CYDEV_GPIO_PRT2_BASE), 0x0000003Fu);
 449              		.loc 1 376 0
 450 0190 1F33     		adds	r3, r3, #31
 451 0192 144A     		ldr	r2, .L16+64
 452 0194 1360     		str	r3, [r2]
 377:Generated_Source\PSoC4/cyfitter_cfg.c **** 	CY_SET_REG32((void *)(CYREG_GPIO_PRT2_PC2), 0x0000003Fu);
 453              		.loc 1 377 0
 454 0196 144A     		ldr	r2, .L16+68
 455 0198 1360     		str	r3, [r2]
 378:Generated_Source\PSoC4/cyfitter_cfg.c **** 
 379:Generated_Source\PSoC4/cyfitter_cfg.c **** 
 380:Generated_Source\PSoC4/cyfitter_cfg.c **** 	/* Setup clocks based on selections from Clock DWR */
 381:Generated_Source\PSoC4/cyfitter_cfg.c **** 	ClockSetup();
 456              		.loc 1 381 0
 457 019a FFF731FF 		bl	ClockSetup
 458              	.LVL22:
 382:Generated_Source\PSoC4/cyfitter_cfg.c **** 
ARM GAS  C:\Users\Intern\AppData\Local\Temp\cc3HJTIs.s 			page 16


 383:Generated_Source\PSoC4/cyfitter_cfg.c **** 	/* Perform basic analog initialization to defaults */
 384:Generated_Source\PSoC4/cyfitter_cfg.c **** 	AnalogSetDefault();
 459              		.loc 1 384 0
 460 019e FFF7FEFF 		bl	AnalogSetDefault
 461              	.LVL23:
 385:Generated_Source\PSoC4/cyfitter_cfg.c **** 
 386:Generated_Source\PSoC4/cyfitter_cfg.c **** }
 462              		.loc 1 386 0
 463              		@ sp needed
 464              	.LVL24:
 465 01a2 10BD     		pop	{r4, pc}
 466              	.L17:
 467              		.align	2
 468              	.L16:
 469 01a4 6CF02E40 		.word	1076818028
 470 01a8 00000000 		.word	.LANCHOR0
 471 01ac EE0000EE 		.word	-301989650
 472 01b0 00000240 		.word	1073872896
 473 01b4 00010240 		.word	1073873152
 474 01b8 00500F40 		.word	1074745344
 475 01bc 10500F40 		.word	1074745360
 476 01c0 20500F40 		.word	1074745376
 477 01c4 00700F40 		.word	1074753536
 478 01c8 00000440 		.word	1074003968
 479 01cc 6400D800 		.word	14155876
 480 01d0 08000440 		.word	1074003976
 481 01d4 0C000440 		.word	1074003980
 482 01d8 00010440 		.word	1074004224
 483 01dc 08010440 		.word	1074004232
 484 01e0 18010440 		.word	1074004248
 485 01e4 00020440 		.word	1074004480
 486 01e8 18020440 		.word	1074004504
 487              		.cfi_endproc
 488              	.LFE8:
 489              		.size	cyfitter_cfg, .-cyfitter_cfg
 490              		.section	.rodata
 491              		.align	2
 492              		.set	.LANCHOR0,. + 0
 493              		.type	cfg_memset_list.4890, %object
 494              		.size	cfg_memset_list.4890, 12
 495              	cfg_memset_list.4890:
 496 0000 00300F40 		.word	1074737152
 497 0004 0004     		.short	1024
 498 0006 00400F40 		.4byte	1074741248
 499 000a 0004     		.short	1024
 500              		.text
 501              	.Letext0:
 502              		.file 2 "c:\\program files (x86)\\cypress\\psoc creator\\4.1\\psoc creator\\import\\gnu\\arm\\5.4.
 503              		.file 3 "Generated_Source\\PSoC4\\cytypes.h"
 504              		.file 4 "Generated_Source\\PSoC4\\CyLFClk.h"
 505              		.file 5 "Generated_Source\\PSoC4\\CyLib.h"
 506              		.section	.debug_info,"",%progbits
 507              	.Ldebug_info0:
 508 0000 72030000 		.4byte	0x372
 509 0004 0400     		.2byte	0x4
 510 0006 00000000 		.4byte	.Ldebug_abbrev0
 511 000a 04       		.byte	0x4
ARM GAS  C:\Users\Intern\AppData\Local\Temp\cc3HJTIs.s 			page 17


 512 000b 01       		.uleb128 0x1
 513 000c 96010000 		.4byte	.LASF39
 514 0010 0C       		.byte	0xc
 515 0011 B0020000 		.4byte	.LASF40
 516 0015 69000000 		.4byte	.LASF41
 517 0019 00000000 		.4byte	.Ldebug_ranges0+0
 518 001d 00000000 		.4byte	0
 519 0021 00000000 		.4byte	.Ldebug_line0
 520 0025 02       		.uleb128 0x2
 521 0026 04       		.byte	0x4
 522 0027 05       		.byte	0x5
 523 0028 696E7400 		.ascii	"int\000"
 524 002c 03       		.uleb128 0x3
 525 002d 14000000 		.4byte	.LASF12
 526 0031 02       		.byte	0x2
 527 0032 D8       		.byte	0xd8
 528 0033 37000000 		.4byte	0x37
 529 0037 04       		.uleb128 0x4
 530 0038 04       		.byte	0x4
 531 0039 07       		.byte	0x7
 532 003a 5D010000 		.4byte	.LASF0
 533 003e 04       		.uleb128 0x4
 534 003f 08       		.byte	0x8
 535 0040 05       		.byte	0x5
 536 0041 3A020000 		.4byte	.LASF1
 537 0045 04       		.uleb128 0x4
 538 0046 08       		.byte	0x8
 539 0047 04       		.byte	0x4
 540 0048 98020000 		.4byte	.LASF2
 541 004c 04       		.uleb128 0x4
 542 004d 01       		.byte	0x1
 543 004e 06       		.byte	0x6
 544 004f A4020000 		.4byte	.LASF3
 545 0053 04       		.uleb128 0x4
 546 0054 01       		.byte	0x1
 547 0055 08       		.byte	0x8
 548 0056 27010000 		.4byte	.LASF4
 549 005a 04       		.uleb128 0x4
 550 005b 02       		.byte	0x2
 551 005c 05       		.byte	0x5
 552 005d 70020000 		.4byte	.LASF5
 553 0061 04       		.uleb128 0x4
 554 0062 02       		.byte	0x2
 555 0063 07       		.byte	0x7
 556 0064 56000000 		.4byte	.LASF6
 557 0068 04       		.uleb128 0x4
 558 0069 04       		.byte	0x4
 559 006a 05       		.byte	0x5
 560 006b 8F020000 		.4byte	.LASF7
 561 006f 04       		.uleb128 0x4
 562 0070 04       		.byte	0x4
 563 0071 07       		.byte	0x7
 564 0072 DE000000 		.4byte	.LASF8
 565 0076 04       		.uleb128 0x4
 566 0077 08       		.byte	0x8
 567 0078 07       		.byte	0x7
 568 0079 7F010000 		.4byte	.LASF9
ARM GAS  C:\Users\Intern\AppData\Local\Temp\cc3HJTIs.s 			page 18


 569 007d 04       		.uleb128 0x4
 570 007e 04       		.byte	0x4
 571 007f 07       		.byte	0x7
 572 0080 31020000 		.4byte	.LASF10
 573 0084 05       		.uleb128 0x5
 574 0085 04       		.byte	0x4
 575 0086 04       		.uleb128 0x4
 576 0087 01       		.byte	0x1
 577 0088 08       		.byte	0x8
 578 0089 52020000 		.4byte	.LASF11
 579 008d 06       		.uleb128 0x6
 580 008e F0000000 		.4byte	.LASF13
 581 0092 03       		.byte	0x3
 582 0093 D201     		.2byte	0x1d2
 583 0095 53000000 		.4byte	0x53
 584 0099 06       		.uleb128 0x6
 585 009a 4F010000 		.4byte	.LASF14
 586 009e 03       		.byte	0x3
 587 009f D301     		.2byte	0x1d3
 588 00a1 61000000 		.4byte	0x61
 589 00a5 06       		.uleb128 0x6
 590 00a6 56010000 		.4byte	.LASF15
 591 00aa 03       		.byte	0x3
 592 00ab D401     		.2byte	0x1d4
 593 00ad 6F000000 		.4byte	0x6f
 594 00b1 04       		.uleb128 0x4
 595 00b2 04       		.byte	0x4
 596 00b3 04       		.byte	0x4
 597 00b4 B6000000 		.4byte	.LASF16
 598 00b8 04       		.uleb128 0x4
 599 00b9 08       		.byte	0x8
 600 00ba 04       		.byte	0x4
 601 00bb 3C010000 		.4byte	.LASF17
 602 00bf 06       		.uleb128 0x6
 603 00c0 D9000000 		.4byte	.LASF18
 604 00c4 03       		.byte	0x3
 605 00c5 7C02     		.2byte	0x27c
 606 00c7 CB000000 		.4byte	0xcb
 607 00cb 07       		.uleb128 0x7
 608 00cc 8D000000 		.4byte	0x8d
 609 00d0 06       		.uleb128 0x6
 610 00d1 0E000000 		.4byte	.LASF19
 611 00d5 03       		.byte	0x3
 612 00d6 7E02     		.2byte	0x27e
 613 00d8 DC000000 		.4byte	0xdc
 614 00dc 07       		.uleb128 0x7
 615 00dd A5000000 		.4byte	0xa5
 616 00e1 08       		.uleb128 0x8
 617 00e2 07010000 		.4byte	.LASF20
 618 00e6 01       		.byte	0x1
 619 00e7 4C       		.byte	0x4c
 620 00e8 00000000 		.4byte	.LFB2
 621 00ec 0C000000 		.4byte	.LFE2-.LFB2
 622 00f0 01       		.uleb128 0x1
 623 00f1 9C       		.byte	0x9c
 624 00f2 2E010000 		.4byte	0x12e
 625 00f6 09       		.uleb128 0x9
ARM GAS  C:\Users\Intern\AppData\Local\Temp\cc3HJTIs.s 			page 19


 626 00f7 7300     		.ascii	"s\000"
 627 00f9 01       		.byte	0x1
 628 00fa 4C       		.byte	0x4c
 629 00fb 84000000 		.4byte	0x84
 630 00ff 00000000 		.4byte	.LLST0
 631 0103 09       		.uleb128 0x9
 632 0104 6E00     		.ascii	"n\000"
 633 0106 01       		.byte	0x1
 634 0107 4C       		.byte	0x4c
 635 0108 2C000000 		.4byte	0x2c
 636 010c 21000000 		.4byte	.LLST1
 637 0110 0A       		.uleb128 0xa
 638 0111 0A000000 		.4byte	.LVL2
 639 0115 14030000 		.4byte	0x314
 640 0119 0B       		.uleb128 0xb
 641 011a 01       		.uleb128 0x1
 642 011b 50       		.byte	0x50
 643 011c 03       		.uleb128 0x3
 644 011d F3       		.byte	0xf3
 645 011e 01       		.uleb128 0x1
 646 011f 50       		.byte	0x50
 647 0120 0B       		.uleb128 0xb
 648 0121 01       		.uleb128 0x1
 649 0122 51       		.byte	0x51
 650 0123 01       		.uleb128 0x1
 651 0124 30       		.byte	0x30
 652 0125 0B       		.uleb128 0xb
 653 0126 01       		.uleb128 0x1
 654 0127 52       		.byte	0x52
 655 0128 03       		.uleb128 0x3
 656 0129 F3       		.byte	0xf3
 657 012a 01       		.uleb128 0x1
 658 012b 51       		.byte	0x51
 659 012c 00       		.byte	0
 660 012d 00       		.byte	0
 661 012e 08       		.uleb128 0x8
 662 012f 4B000000 		.4byte	.LASF21
 663 0133 01       		.byte	0x1
 664 0134 AD       		.byte	0xad
 665 0135 00000000 		.4byte	.LFB5
 666 0139 14010000 		.4byte	.LFE5-.LFB5
 667 013d 01       		.uleb128 0x1
 668 013e 9C       		.byte	0x9c
 669 013f D7010000 		.4byte	0x1d7
 670 0143 0C       		.uleb128 0xc
 671 0144 0C000000 		.4byte	.LVL3
 672 0148 1D030000 		.4byte	0x31d
 673 014c 0D       		.uleb128 0xd
 674 014d 12000000 		.4byte	.LVL4
 675 0151 28030000 		.4byte	0x328
 676 0155 63010000 		.4byte	0x163
 677 0159 0B       		.uleb128 0xb
 678 015a 01       		.uleb128 0x1
 679 015b 50       		.byte	0x50
 680 015c 05       		.uleb128 0x5
 681 015d 0C       		.byte	0xc
 682 015e 001BB700 		.4byte	0xb71b00
ARM GAS  C:\Users\Intern\AppData\Local\Temp\cc3HJTIs.s 			page 20


 683 0162 00       		.byte	0
 684 0163 0D       		.uleb128 0xd
 685 0164 18000000 		.4byte	.LVL5
 686 0168 33030000 		.4byte	0x333
 687 016c 76010000 		.4byte	0x176
 688 0170 0B       		.uleb128 0xb
 689 0171 01       		.uleb128 0x1
 690 0172 50       		.byte	0x50
 691 0173 01       		.uleb128 0x1
 692 0174 31       		.byte	0x31
 693 0175 00       		.byte	0
 694 0176 0D       		.uleb128 0xd
 695 0177 1E000000 		.4byte	.LVL6
 696 017b 3E030000 		.4byte	0x33e
 697 017f 8A010000 		.4byte	0x18a
 698 0183 0B       		.uleb128 0xb
 699 0184 01       		.uleb128 0x1
 700 0185 50       		.byte	0x50
 701 0186 02       		.uleb128 0x2
 702 0187 08       		.byte	0x8
 703 0188 30       		.byte	0x30
 704 0189 00       		.byte	0
 705 018a 0D       		.uleb128 0xd
 706 018b 54000000 		.4byte	.LVL7
 707 018f 49030000 		.4byte	0x349
 708 0193 9F010000 		.4byte	0x19f
 709 0197 0B       		.uleb128 0xb
 710 0198 01       		.uleb128 0x1
 711 0199 50       		.byte	0x50
 712 019a 03       		.uleb128 0x3
 713 019b 0A       		.byte	0xa
 714 019c D007     		.2byte	0x7d0
 715 019e 00       		.byte	0
 716 019f 0D       		.uleb128 0xd
 717 01a0 5A000000 		.4byte	.LVL8
 718 01a4 54030000 		.4byte	0x354
 719 01a8 B4010000 		.4byte	0x1b4
 720 01ac 0B       		.uleb128 0xb
 721 01ad 01       		.uleb128 0x1
 722 01ae 50       		.byte	0x50
 723 01af 03       		.uleb128 0x3
 724 01b0 0A       		.byte	0xa
 725 01b1 DC05     		.2byte	0x5dc
 726 01b3 00       		.byte	0
 727 01b4 0D       		.uleb128 0xd
 728 01b5 AA000000 		.4byte	.LVL9
 729 01b9 5F030000 		.4byte	0x35f
 730 01bd C7010000 		.4byte	0x1c7
 731 01c1 0B       		.uleb128 0xb
 732 01c2 01       		.uleb128 0x1
 733 01c3 50       		.byte	0x50
 734 01c4 01       		.uleb128 0x1
 735 01c5 38       		.byte	0x38
 736 01c6 00       		.byte	0
 737 01c7 0A       		.uleb128 0xa
 738 01c8 B0000000 		.4byte	.LVL10
 739 01cc 6A030000 		.4byte	0x36a
ARM GAS  C:\Users\Intern\AppData\Local\Temp\cc3HJTIs.s 			page 21


 740 01d0 0B       		.uleb128 0xb
 741 01d1 01       		.uleb128 0x1
 742 01d2 50       		.byte	0x50
 743 01d3 01       		.uleb128 0x1
 744 01d4 38       		.byte	0x38
 745 01d5 00       		.byte	0
 746 01d6 00       		.byte	0
 747 01d7 0E       		.uleb128 0xe
 748 01d8 11010000 		.4byte	.LASF24
 749 01dc 01       		.byte	0x1
 750 01dd 1C01     		.2byte	0x11c
 751 01df 00000000 		.4byte	.LFB7
 752 01e3 20000000 		.4byte	.LFE7-.LFB7
 753 01e7 01       		.uleb128 0x1
 754 01e8 9C       		.byte	0x9c
 755 01e9 0C020000 		.4byte	0x20c
 756 01ed 0F       		.uleb128 0xf
 757 01ee 68020000 		.4byte	.LASF22
 758 01f2 01       		.byte	0x1
 759 01f3 1C01     		.2byte	0x11c
 760 01f5 8D000000 		.4byte	0x8d
 761 01f9 01       		.uleb128 0x1
 762 01fa 50       		.byte	0x50
 763 01fb 10       		.uleb128 0x10
 764 01fc D6020000 		.4byte	.LASF29
 765 0200 01       		.byte	0x1
 766 0201 1E01     		.2byte	0x11e
 767 0203 A5000000 		.4byte	0xa5
 768 0207 4D000000 		.4byte	.LLST2
 769 020b 00       		.byte	0
 770 020c 08       		.uleb128 0x8
 771 020d 1B000000 		.4byte	.LASF23
 772 0211 01       		.byte	0x1
 773 0212 FC       		.byte	0xfc
 774 0213 00000000 		.4byte	.LFB6
 775 0217 74000000 		.4byte	.LFE6-.LFB6
 776 021b 01       		.uleb128 0x1
 777 021c 9C       		.byte	0x9c
 778 021d 31020000 		.4byte	0x231
 779 0221 0A       		.uleb128 0xa
 780 0222 42000000 		.4byte	.LVL16
 781 0226 D7010000 		.4byte	0x1d7
 782 022a 0B       		.uleb128 0xb
 783 022b 01       		.uleb128 0x1
 784 022c 50       		.byte	0x50
 785 022d 01       		.uleb128 0x1
 786 022e 31       		.byte	0x31
 787 022f 00       		.byte	0
 788 0230 00       		.byte	0
 789 0231 0E       		.uleb128 0xe
 790 0232 6A010000 		.4byte	.LASF25
 791 0236 01       		.byte	0x1
 792 0237 3E01     		.2byte	0x13e
 793 0239 14010000 		.4byte	.LFB8
 794 023d D8000000 		.4byte	.LFE8-.LFB8
 795 0241 01       		.uleb128 0x1
 796 0242 9C       		.byte	0x9c
ARM GAS  C:\Users\Intern\AppData\Local\Temp\cc3HJTIs.s 			page 22


 797 0243 14030000 		.4byte	0x314
 798 0247 11       		.uleb128 0x11
 799 0248 1E010000 		.4byte	.LBB2
 800 024c 4E000000 		.4byte	.LBE2-.LBB2
 801 0250 01030000 		.4byte	0x301
 802 0254 12       		.uleb128 0x12
 803 0255 06       		.byte	0x6
 804 0256 01       		.byte	0x1
 805 0257 4701     		.2byte	0x147
 806 0259 78020000 		.4byte	0x278
 807 025d 13       		.uleb128 0x13
 808 025e 77010000 		.4byte	.LASF26
 809 0262 01       		.byte	0x1
 810 0263 4801     		.2byte	0x148
 811 0265 84000000 		.4byte	0x84
 812 0269 00       		.byte	0
 813 026a 13       		.uleb128 0x13
 814 026b BC000000 		.4byte	.LASF27
 815 026f 01       		.byte	0x1
 816 0270 4901     		.2byte	0x149
 817 0272 99000000 		.4byte	0x99
 818 0276 04       		.byte	0x4
 819 0277 00       		.byte	0
 820 0278 06       		.uleb128 0x6
 821 0279 24020000 		.4byte	.LASF28
 822 027d 01       		.byte	0x1
 823 027e 4A01     		.2byte	0x14a
 824 0280 54020000 		.4byte	0x254
 825 0284 14       		.uleb128 0x14
 826 0285 94020000 		.4byte	0x294
 827 0289 94020000 		.4byte	0x294
 828 028d 15       		.uleb128 0x15
 829 028e 7D000000 		.4byte	0x7d
 830 0292 01       		.byte	0x1
 831 0293 00       		.byte	0
 832 0294 16       		.uleb128 0x16
 833 0295 78020000 		.4byte	0x278
 834 0299 17       		.uleb128 0x17
 835 029a 3B000000 		.4byte	.LASF30
 836 029e 01       		.byte	0x1
 837 029f 4C01     		.2byte	0x14c
 838 02a1 AB020000 		.4byte	0x2ab
 839 02a5 05       		.uleb128 0x5
 840 02a6 03       		.byte	0x3
 841 02a7 00000000 		.4byte	cfg_memset_list.4890
 842 02ab 16       		.uleb128 0x16
 843 02ac 84020000 		.4byte	0x284
 844 02b0 18       		.uleb128 0x18
 845 02b1 6900     		.ascii	"i\000"
 846 02b3 01       		.byte	0x1
 847 02b4 5201     		.2byte	0x152
 848 02b6 8D000000 		.4byte	0x8d
 849 02ba 6B000000 		.4byte	.LLST3
 850 02be 19       		.uleb128 0x19
 851 02bf 22010000 		.4byte	.LBB3
 852 02c3 1C000000 		.4byte	.LBE3-.LBB3
 853 02c7 18       		.uleb128 0x18
ARM GAS  C:\Users\Intern\AppData\Local\Temp\cc3HJTIs.s 			page 23


 854 02c8 6D7300   		.ascii	"ms\000"
 855 02cb 01       		.byte	0x1
 856 02cc 5701     		.2byte	0x157
 857 02ce D6020000 		.4byte	0x2d6
 858 02d2 95000000 		.4byte	.LLST4
 859 02d6 1A       		.uleb128 0x1a
 860 02d7 04       		.byte	0x4
 861 02d8 94020000 		.4byte	0x294
 862 02dc 0A       		.uleb128 0xa
 863 02dd 3E010000 		.4byte	.LVL19
 864 02e1 E1000000 		.4byte	0xe1
 865 02e5 0B       		.uleb128 0xb
 866 02e6 01       		.uleb128 0x1
 867 02e7 51       		.byte	0x51
 868 02e8 15       		.uleb128 0x15
 869 02e9 74       		.byte	0x74
 870 02ea 00       		.sleb128 0
 871 02eb 31       		.byte	0x31
 872 02ec 24       		.byte	0x24
 873 02ed 74       		.byte	0x74
 874 02ee 00       		.sleb128 0
 875 02ef 22       		.byte	0x22
 876 02f0 31       		.byte	0x31
 877 02f1 24       		.byte	0x24
 878 02f2 03       		.byte	0x3
 879 02f3 04000000 		.4byte	.LANCHOR0+4
 880 02f7 22       		.byte	0x22
 881 02f8 94       		.byte	0x94
 882 02f9 02       		.byte	0x2
 883 02fa 0A       		.byte	0xa
 884 02fb FFFF     		.2byte	0xffff
 885 02fd 1A       		.byte	0x1a
 886 02fe 00       		.byte	0
 887 02ff 00       		.byte	0
 888 0300 00       		.byte	0
 889 0301 0C       		.uleb128 0xc
 890 0302 9E010000 		.4byte	.LVL22
 891 0306 2E010000 		.4byte	0x12e
 892 030a 0C       		.uleb128 0xc
 893 030b A2010000 		.4byte	.LVL23
 894 030f 0C020000 		.4byte	0x20c
 895 0313 00       		.byte	0
 896 0314 1B       		.uleb128 0x1b
 897 0315 35010000 		.4byte	.LASF42
 898 0319 35010000 		.4byte	.LASF42
 899 031d 1C       		.uleb128 0x1c
 900 031e F6000000 		.4byte	.LASF31
 901 0322 F6000000 		.4byte	.LASF31
 902 0326 04       		.byte	0x4
 903 0327 4E       		.byte	0x4e
 904 0328 1C       		.uleb128 0x1c
 905 0329 00000000 		.4byte	.LASF32
 906 032d 00000000 		.4byte	.LASF32
 907 0331 05       		.byte	0x5
 908 0332 DC       		.byte	0xdc
 909 0333 1C       		.uleb128 0x1c
 910 0334 C1000000 		.4byte	.LASF33
ARM GAS  C:\Users\Intern\AppData\Local\Temp\cc3HJTIs.s 			page 24


 911 0338 C1000000 		.4byte	.LASF33
 912 033c 04       		.byte	0x4
 913 033d 50       		.byte	0x50
 914 033e 1C       		.uleb128 0x1c
 915 033f 7A020000 		.4byte	.LASF34
 916 0343 7A020000 		.4byte	.LASF34
 917 0347 05       		.byte	0x5
 918 0348 6C       		.byte	0x6c
 919 0349 1C       		.uleb128 0x1c
 920 034a 57020000 		.4byte	.LASF35
 921 034e 57020000 		.4byte	.LASF35
 922 0352 05       		.byte	0x5
 923 0353 84       		.byte	0x84
 924 0354 1C       		.uleb128 0x1c
 925 0355 48020000 		.4byte	.LASF36
 926 0359 48020000 		.4byte	.LASF36
 927 035d 05       		.byte	0x5
 928 035e DA       		.byte	0xda
 929 035f 1C       		.uleb128 0x1c
 930 0360 2C000000 		.4byte	.LASF37
 931 0364 2C000000 		.4byte	.LASF37
 932 0368 05       		.byte	0x5
 933 0369 BD       		.byte	0xbd
 934 036a 1C       		.uleb128 0x1c
 935 036b 43010000 		.4byte	.LASF38
 936 036f 43010000 		.4byte	.LASF38
 937 0373 05       		.byte	0x5
 938 0374 C3       		.byte	0xc3
 939 0375 00       		.byte	0
 940              		.section	.debug_abbrev,"",%progbits
 941              	.Ldebug_abbrev0:
 942 0000 01       		.uleb128 0x1
 943 0001 11       		.uleb128 0x11
 944 0002 01       		.byte	0x1
 945 0003 25       		.uleb128 0x25
 946 0004 0E       		.uleb128 0xe
 947 0005 13       		.uleb128 0x13
 948 0006 0B       		.uleb128 0xb
 949 0007 03       		.uleb128 0x3
 950 0008 0E       		.uleb128 0xe
 951 0009 1B       		.uleb128 0x1b
 952 000a 0E       		.uleb128 0xe
 953 000b 55       		.uleb128 0x55
 954 000c 17       		.uleb128 0x17
 955 000d 11       		.uleb128 0x11
 956 000e 01       		.uleb128 0x1
 957 000f 10       		.uleb128 0x10
 958 0010 17       		.uleb128 0x17
 959 0011 00       		.byte	0
 960 0012 00       		.byte	0
 961 0013 02       		.uleb128 0x2
 962 0014 24       		.uleb128 0x24
 963 0015 00       		.byte	0
 964 0016 0B       		.uleb128 0xb
 965 0017 0B       		.uleb128 0xb
 966 0018 3E       		.uleb128 0x3e
 967 0019 0B       		.uleb128 0xb
ARM GAS  C:\Users\Intern\AppData\Local\Temp\cc3HJTIs.s 			page 25


 968 001a 03       		.uleb128 0x3
 969 001b 08       		.uleb128 0x8
 970 001c 00       		.byte	0
 971 001d 00       		.byte	0
 972 001e 03       		.uleb128 0x3
 973 001f 16       		.uleb128 0x16
 974 0020 00       		.byte	0
 975 0021 03       		.uleb128 0x3
 976 0022 0E       		.uleb128 0xe
 977 0023 3A       		.uleb128 0x3a
 978 0024 0B       		.uleb128 0xb
 979 0025 3B       		.uleb128 0x3b
 980 0026 0B       		.uleb128 0xb
 981 0027 49       		.uleb128 0x49
 982 0028 13       		.uleb128 0x13
 983 0029 00       		.byte	0
 984 002a 00       		.byte	0
 985 002b 04       		.uleb128 0x4
 986 002c 24       		.uleb128 0x24
 987 002d 00       		.byte	0
 988 002e 0B       		.uleb128 0xb
 989 002f 0B       		.uleb128 0xb
 990 0030 3E       		.uleb128 0x3e
 991 0031 0B       		.uleb128 0xb
 992 0032 03       		.uleb128 0x3
 993 0033 0E       		.uleb128 0xe
 994 0034 00       		.byte	0
 995 0035 00       		.byte	0
 996 0036 05       		.uleb128 0x5
 997 0037 0F       		.uleb128 0xf
 998 0038 00       		.byte	0
 999 0039 0B       		.uleb128 0xb
 1000 003a 0B       		.uleb128 0xb
 1001 003b 00       		.byte	0
 1002 003c 00       		.byte	0
 1003 003d 06       		.uleb128 0x6
 1004 003e 16       		.uleb128 0x16
 1005 003f 00       		.byte	0
 1006 0040 03       		.uleb128 0x3
 1007 0041 0E       		.uleb128 0xe
 1008 0042 3A       		.uleb128 0x3a
 1009 0043 0B       		.uleb128 0xb
 1010 0044 3B       		.uleb128 0x3b
 1011 0045 05       		.uleb128 0x5
 1012 0046 49       		.uleb128 0x49
 1013 0047 13       		.uleb128 0x13
 1014 0048 00       		.byte	0
 1015 0049 00       		.byte	0
 1016 004a 07       		.uleb128 0x7
 1017 004b 35       		.uleb128 0x35
 1018 004c 00       		.byte	0
 1019 004d 49       		.uleb128 0x49
 1020 004e 13       		.uleb128 0x13
 1021 004f 00       		.byte	0
 1022 0050 00       		.byte	0
 1023 0051 08       		.uleb128 0x8
 1024 0052 2E       		.uleb128 0x2e
ARM GAS  C:\Users\Intern\AppData\Local\Temp\cc3HJTIs.s 			page 26


 1025 0053 01       		.byte	0x1
 1026 0054 03       		.uleb128 0x3
 1027 0055 0E       		.uleb128 0xe
 1028 0056 3A       		.uleb128 0x3a
 1029 0057 0B       		.uleb128 0xb
 1030 0058 3B       		.uleb128 0x3b
 1031 0059 0B       		.uleb128 0xb
 1032 005a 27       		.uleb128 0x27
 1033 005b 19       		.uleb128 0x19
 1034 005c 11       		.uleb128 0x11
 1035 005d 01       		.uleb128 0x1
 1036 005e 12       		.uleb128 0x12
 1037 005f 06       		.uleb128 0x6
 1038 0060 40       		.uleb128 0x40
 1039 0061 18       		.uleb128 0x18
 1040 0062 9742     		.uleb128 0x2117
 1041 0064 19       		.uleb128 0x19
 1042 0065 01       		.uleb128 0x1
 1043 0066 13       		.uleb128 0x13
 1044 0067 00       		.byte	0
 1045 0068 00       		.byte	0
 1046 0069 09       		.uleb128 0x9
 1047 006a 05       		.uleb128 0x5
 1048 006b 00       		.byte	0
 1049 006c 03       		.uleb128 0x3
 1050 006d 08       		.uleb128 0x8
 1051 006e 3A       		.uleb128 0x3a
 1052 006f 0B       		.uleb128 0xb
 1053 0070 3B       		.uleb128 0x3b
 1054 0071 0B       		.uleb128 0xb
 1055 0072 49       		.uleb128 0x49
 1056 0073 13       		.uleb128 0x13
 1057 0074 02       		.uleb128 0x2
 1058 0075 17       		.uleb128 0x17
 1059 0076 00       		.byte	0
 1060 0077 00       		.byte	0
 1061 0078 0A       		.uleb128 0xa
 1062 0079 898201   		.uleb128 0x4109
 1063 007c 01       		.byte	0x1
 1064 007d 11       		.uleb128 0x11
 1065 007e 01       		.uleb128 0x1
 1066 007f 31       		.uleb128 0x31
 1067 0080 13       		.uleb128 0x13
 1068 0081 00       		.byte	0
 1069 0082 00       		.byte	0
 1070 0083 0B       		.uleb128 0xb
 1071 0084 8A8201   		.uleb128 0x410a
 1072 0087 00       		.byte	0
 1073 0088 02       		.uleb128 0x2
 1074 0089 18       		.uleb128 0x18
 1075 008a 9142     		.uleb128 0x2111
 1076 008c 18       		.uleb128 0x18
 1077 008d 00       		.byte	0
 1078 008e 00       		.byte	0
 1079 008f 0C       		.uleb128 0xc
 1080 0090 898201   		.uleb128 0x4109
 1081 0093 00       		.byte	0
ARM GAS  C:\Users\Intern\AppData\Local\Temp\cc3HJTIs.s 			page 27


 1082 0094 11       		.uleb128 0x11
 1083 0095 01       		.uleb128 0x1
 1084 0096 31       		.uleb128 0x31
 1085 0097 13       		.uleb128 0x13
 1086 0098 00       		.byte	0
 1087 0099 00       		.byte	0
 1088 009a 0D       		.uleb128 0xd
 1089 009b 898201   		.uleb128 0x4109
 1090 009e 01       		.byte	0x1
 1091 009f 11       		.uleb128 0x11
 1092 00a0 01       		.uleb128 0x1
 1093 00a1 31       		.uleb128 0x31
 1094 00a2 13       		.uleb128 0x13
 1095 00a3 01       		.uleb128 0x1
 1096 00a4 13       		.uleb128 0x13
 1097 00a5 00       		.byte	0
 1098 00a6 00       		.byte	0
 1099 00a7 0E       		.uleb128 0xe
 1100 00a8 2E       		.uleb128 0x2e
 1101 00a9 01       		.byte	0x1
 1102 00aa 3F       		.uleb128 0x3f
 1103 00ab 19       		.uleb128 0x19
 1104 00ac 03       		.uleb128 0x3
 1105 00ad 0E       		.uleb128 0xe
 1106 00ae 3A       		.uleb128 0x3a
 1107 00af 0B       		.uleb128 0xb
 1108 00b0 3B       		.uleb128 0x3b
 1109 00b1 05       		.uleb128 0x5
 1110 00b2 27       		.uleb128 0x27
 1111 00b3 19       		.uleb128 0x19
 1112 00b4 11       		.uleb128 0x11
 1113 00b5 01       		.uleb128 0x1
 1114 00b6 12       		.uleb128 0x12
 1115 00b7 06       		.uleb128 0x6
 1116 00b8 40       		.uleb128 0x40
 1117 00b9 18       		.uleb128 0x18
 1118 00ba 9742     		.uleb128 0x2117
 1119 00bc 19       		.uleb128 0x19
 1120 00bd 01       		.uleb128 0x1
 1121 00be 13       		.uleb128 0x13
 1122 00bf 00       		.byte	0
 1123 00c0 00       		.byte	0
 1124 00c1 0F       		.uleb128 0xf
 1125 00c2 05       		.uleb128 0x5
 1126 00c3 00       		.byte	0
 1127 00c4 03       		.uleb128 0x3
 1128 00c5 0E       		.uleb128 0xe
 1129 00c6 3A       		.uleb128 0x3a
 1130 00c7 0B       		.uleb128 0xb
 1131 00c8 3B       		.uleb128 0x3b
 1132 00c9 05       		.uleb128 0x5
 1133 00ca 49       		.uleb128 0x49
 1134 00cb 13       		.uleb128 0x13
 1135 00cc 02       		.uleb128 0x2
 1136 00cd 18       		.uleb128 0x18
 1137 00ce 00       		.byte	0
 1138 00cf 00       		.byte	0
ARM GAS  C:\Users\Intern\AppData\Local\Temp\cc3HJTIs.s 			page 28


 1139 00d0 10       		.uleb128 0x10
 1140 00d1 34       		.uleb128 0x34
 1141 00d2 00       		.byte	0
 1142 00d3 03       		.uleb128 0x3
 1143 00d4 0E       		.uleb128 0xe
 1144 00d5 3A       		.uleb128 0x3a
 1145 00d6 0B       		.uleb128 0xb
 1146 00d7 3B       		.uleb128 0x3b
 1147 00d8 05       		.uleb128 0x5
 1148 00d9 49       		.uleb128 0x49
 1149 00da 13       		.uleb128 0x13
 1150 00db 02       		.uleb128 0x2
 1151 00dc 17       		.uleb128 0x17
 1152 00dd 00       		.byte	0
 1153 00de 00       		.byte	0
 1154 00df 11       		.uleb128 0x11
 1155 00e0 0B       		.uleb128 0xb
 1156 00e1 01       		.byte	0x1
 1157 00e2 11       		.uleb128 0x11
 1158 00e3 01       		.uleb128 0x1
 1159 00e4 12       		.uleb128 0x12
 1160 00e5 06       		.uleb128 0x6
 1161 00e6 01       		.uleb128 0x1
 1162 00e7 13       		.uleb128 0x13
 1163 00e8 00       		.byte	0
 1164 00e9 00       		.byte	0
 1165 00ea 12       		.uleb128 0x12
 1166 00eb 13       		.uleb128 0x13
 1167 00ec 01       		.byte	0x1
 1168 00ed 0B       		.uleb128 0xb
 1169 00ee 0B       		.uleb128 0xb
 1170 00ef 3A       		.uleb128 0x3a
 1171 00f0 0B       		.uleb128 0xb
 1172 00f1 3B       		.uleb128 0x3b
 1173 00f2 05       		.uleb128 0x5
 1174 00f3 01       		.uleb128 0x1
 1175 00f4 13       		.uleb128 0x13
 1176 00f5 00       		.byte	0
 1177 00f6 00       		.byte	0
 1178 00f7 13       		.uleb128 0x13
 1179 00f8 0D       		.uleb128 0xd
 1180 00f9 00       		.byte	0
 1181 00fa 03       		.uleb128 0x3
 1182 00fb 0E       		.uleb128 0xe
 1183 00fc 3A       		.uleb128 0x3a
 1184 00fd 0B       		.uleb128 0xb
 1185 00fe 3B       		.uleb128 0x3b
 1186 00ff 05       		.uleb128 0x5
 1187 0100 49       		.uleb128 0x49
 1188 0101 13       		.uleb128 0x13
 1189 0102 38       		.uleb128 0x38
 1190 0103 0B       		.uleb128 0xb
 1191 0104 00       		.byte	0
 1192 0105 00       		.byte	0
 1193 0106 14       		.uleb128 0x14
 1194 0107 01       		.uleb128 0x1
 1195 0108 01       		.byte	0x1
ARM GAS  C:\Users\Intern\AppData\Local\Temp\cc3HJTIs.s 			page 29


 1196 0109 49       		.uleb128 0x49
 1197 010a 13       		.uleb128 0x13
 1198 010b 01       		.uleb128 0x1
 1199 010c 13       		.uleb128 0x13
 1200 010d 00       		.byte	0
 1201 010e 00       		.byte	0
 1202 010f 15       		.uleb128 0x15
 1203 0110 21       		.uleb128 0x21
 1204 0111 00       		.byte	0
 1205 0112 49       		.uleb128 0x49
 1206 0113 13       		.uleb128 0x13
 1207 0114 2F       		.uleb128 0x2f
 1208 0115 0B       		.uleb128 0xb
 1209 0116 00       		.byte	0
 1210 0117 00       		.byte	0
 1211 0118 16       		.uleb128 0x16
 1212 0119 26       		.uleb128 0x26
 1213 011a 00       		.byte	0
 1214 011b 49       		.uleb128 0x49
 1215 011c 13       		.uleb128 0x13
 1216 011d 00       		.byte	0
 1217 011e 00       		.byte	0
 1218 011f 17       		.uleb128 0x17
 1219 0120 34       		.uleb128 0x34
 1220 0121 00       		.byte	0
 1221 0122 03       		.uleb128 0x3
 1222 0123 0E       		.uleb128 0xe
 1223 0124 3A       		.uleb128 0x3a
 1224 0125 0B       		.uleb128 0xb
 1225 0126 3B       		.uleb128 0x3b
 1226 0127 05       		.uleb128 0x5
 1227 0128 49       		.uleb128 0x49
 1228 0129 13       		.uleb128 0x13
 1229 012a 02       		.uleb128 0x2
 1230 012b 18       		.uleb128 0x18
 1231 012c 00       		.byte	0
 1232 012d 00       		.byte	0
 1233 012e 18       		.uleb128 0x18
 1234 012f 34       		.uleb128 0x34
 1235 0130 00       		.byte	0
 1236 0131 03       		.uleb128 0x3
 1237 0132 08       		.uleb128 0x8
 1238 0133 3A       		.uleb128 0x3a
 1239 0134 0B       		.uleb128 0xb
 1240 0135 3B       		.uleb128 0x3b
 1241 0136 05       		.uleb128 0x5
 1242 0137 49       		.uleb128 0x49
 1243 0138 13       		.uleb128 0x13
 1244 0139 02       		.uleb128 0x2
 1245 013a 17       		.uleb128 0x17
 1246 013b 00       		.byte	0
 1247 013c 00       		.byte	0
 1248 013d 19       		.uleb128 0x19
 1249 013e 0B       		.uleb128 0xb
 1250 013f 01       		.byte	0x1
 1251 0140 11       		.uleb128 0x11
 1252 0141 01       		.uleb128 0x1
ARM GAS  C:\Users\Intern\AppData\Local\Temp\cc3HJTIs.s 			page 30


 1253 0142 12       		.uleb128 0x12
 1254 0143 06       		.uleb128 0x6
 1255 0144 00       		.byte	0
 1256 0145 00       		.byte	0
 1257 0146 1A       		.uleb128 0x1a
 1258 0147 0F       		.uleb128 0xf
 1259 0148 00       		.byte	0
 1260 0149 0B       		.uleb128 0xb
 1261 014a 0B       		.uleb128 0xb
 1262 014b 49       		.uleb128 0x49
 1263 014c 13       		.uleb128 0x13
 1264 014d 00       		.byte	0
 1265 014e 00       		.byte	0
 1266 014f 1B       		.uleb128 0x1b
 1267 0150 2E       		.uleb128 0x2e
 1268 0151 00       		.byte	0
 1269 0152 3F       		.uleb128 0x3f
 1270 0153 19       		.uleb128 0x19
 1271 0154 3C       		.uleb128 0x3c
 1272 0155 19       		.uleb128 0x19
 1273 0156 6E       		.uleb128 0x6e
 1274 0157 0E       		.uleb128 0xe
 1275 0158 03       		.uleb128 0x3
 1276 0159 0E       		.uleb128 0xe
 1277 015a 00       		.byte	0
 1278 015b 00       		.byte	0
 1279 015c 1C       		.uleb128 0x1c
 1280 015d 2E       		.uleb128 0x2e
 1281 015e 00       		.byte	0
 1282 015f 3F       		.uleb128 0x3f
 1283 0160 19       		.uleb128 0x19
 1284 0161 3C       		.uleb128 0x3c
 1285 0162 19       		.uleb128 0x19
 1286 0163 6E       		.uleb128 0x6e
 1287 0164 0E       		.uleb128 0xe
 1288 0165 03       		.uleb128 0x3
 1289 0166 0E       		.uleb128 0xe
 1290 0167 3A       		.uleb128 0x3a
 1291 0168 0B       		.uleb128 0xb
 1292 0169 3B       		.uleb128 0x3b
 1293 016a 0B       		.uleb128 0xb
 1294 016b 00       		.byte	0
 1295 016c 00       		.byte	0
 1296 016d 00       		.byte	0
 1297              		.section	.debug_loc,"",%progbits
 1298              	.Ldebug_loc0:
 1299              	.LLST0:
 1300 0000 00000000 		.4byte	.LVL0
 1301 0004 09000000 		.4byte	.LVL2-1
 1302 0008 0100     		.2byte	0x1
 1303 000a 50       		.byte	0x50
 1304 000b 09000000 		.4byte	.LVL2-1
 1305 000f 0C000000 		.4byte	.LFE2
 1306 0013 0400     		.2byte	0x4
 1307 0015 F3       		.byte	0xf3
 1308 0016 01       		.uleb128 0x1
 1309 0017 50       		.byte	0x50
ARM GAS  C:\Users\Intern\AppData\Local\Temp\cc3HJTIs.s 			page 31


 1310 0018 9F       		.byte	0x9f
 1311 0019 00000000 		.4byte	0
 1312 001d 00000000 		.4byte	0
 1313              	.LLST1:
 1314 0021 00000000 		.4byte	.LVL0
 1315 0025 06000000 		.4byte	.LVL1
 1316 0029 0100     		.2byte	0x1
 1317 002b 51       		.byte	0x51
 1318 002c 06000000 		.4byte	.LVL1
 1319 0030 09000000 		.4byte	.LVL2-1
 1320 0034 0100     		.2byte	0x1
 1321 0036 52       		.byte	0x52
 1322 0037 09000000 		.4byte	.LVL2-1
 1323 003b 0C000000 		.4byte	.LFE2
 1324 003f 0400     		.2byte	0x4
 1325 0041 F3       		.byte	0xf3
 1326 0042 01       		.uleb128 0x1
 1327 0043 51       		.byte	0x51
 1328 0044 9F       		.byte	0x9f
 1329 0045 00000000 		.4byte	0
 1330 0049 00000000 		.4byte	0
 1331              	.LLST2:
 1332 004d 04000000 		.4byte	.LVL12
 1333 0051 12000000 		.4byte	.LVL14
 1334 0055 0100     		.2byte	0x1
 1335 0057 53       		.byte	0x53
 1336 0058 14000000 		.4byte	.LVL15
 1337 005c 20000000 		.4byte	.LFE7
 1338 0060 0100     		.2byte	0x1
 1339 0062 53       		.byte	0x53
 1340 0063 00000000 		.4byte	0
 1341 0067 00000000 		.4byte	0
 1342              	.LLST3:
 1343 006b 1E010000 		.4byte	.LVL17
 1344 006f 22010000 		.4byte	.LVL18
 1345 0073 0200     		.2byte	0x2
 1346 0075 30       		.byte	0x30
 1347 0076 9F       		.byte	0x9f
 1348 0077 22010000 		.4byte	.LVL18
 1349 007b 40010000 		.4byte	.LVL20
 1350 007f 0100     		.2byte	0x1
 1351 0081 54       		.byte	0x54
 1352 0082 42010000 		.4byte	.LVL21
 1353 0086 A2010000 		.4byte	.LVL24
 1354 008a 0100     		.2byte	0x1
 1355 008c 54       		.byte	0x54
 1356 008d 00000000 		.4byte	0
 1357 0091 00000000 		.4byte	0
 1358              	.LLST4:
 1359 0095 22010000 		.4byte	.LVL18
 1360 0099 40010000 		.4byte	.LVL20
 1361 009d 0B00     		.2byte	0xb
 1362 009f 74       		.byte	0x74
 1363 00a0 00       		.sleb128 0
 1364 00a1 36       		.byte	0x36
 1365 00a2 1E       		.byte	0x1e
 1366 00a3 03       		.byte	0x3
ARM GAS  C:\Users\Intern\AppData\Local\Temp\cc3HJTIs.s 			page 32


 1367 00a4 00000000 		.4byte	cfg_memset_list.4890
 1368 00a8 22       		.byte	0x22
 1369 00a9 9F       		.byte	0x9f
 1370 00aa 40010000 		.4byte	.LVL20
 1371 00ae 42010000 		.4byte	.LVL21
 1372 00b2 0B00     		.2byte	0xb
 1373 00b4 74       		.byte	0x74
 1374 00b5 7F       		.sleb128 -1
 1375 00b6 36       		.byte	0x36
 1376 00b7 1E       		.byte	0x1e
 1377 00b8 03       		.byte	0x3
 1378 00b9 00000000 		.4byte	cfg_memset_list.4890
 1379 00bd 22       		.byte	0x22
 1380 00be 9F       		.byte	0x9f
 1381 00bf 00000000 		.4byte	0
 1382 00c3 00000000 		.4byte	0
 1383              		.section	.debug_aranges,"",%progbits
 1384 0000 3C000000 		.4byte	0x3c
 1385 0004 0200     		.2byte	0x2
 1386 0006 00000000 		.4byte	.Ldebug_info0
 1387 000a 04       		.byte	0x4
 1388 000b 00       		.byte	0
 1389 000c 0000     		.2byte	0
 1390 000e 0000     		.2byte	0
 1391 0010 00000000 		.4byte	.LFB2
 1392 0014 0C000000 		.4byte	.LFE2-.LFB2
 1393 0018 00000000 		.4byte	.LFB5
 1394 001c 14010000 		.4byte	.LFE5-.LFB5
 1395 0020 00000000 		.4byte	.LFB7
 1396 0024 20000000 		.4byte	.LFE7-.LFB7
 1397 0028 00000000 		.4byte	.LFB6
 1398 002c 74000000 		.4byte	.LFE6-.LFB6
 1399 0030 14010000 		.4byte	.LFB8
 1400 0034 D8000000 		.4byte	.LFE8-.LFB8
 1401 0038 00000000 		.4byte	0
 1402 003c 00000000 		.4byte	0
 1403              		.section	.debug_ranges,"",%progbits
 1404              	.Ldebug_ranges0:
 1405 0000 00000000 		.4byte	.LFB2
 1406 0004 0C000000 		.4byte	.LFE2
 1407 0008 00000000 		.4byte	.LFB5
 1408 000c 14010000 		.4byte	.LFE5
 1409 0010 00000000 		.4byte	.LFB7
 1410 0014 20000000 		.4byte	.LFE7
 1411 0018 00000000 		.4byte	.LFB6
 1412 001c 74000000 		.4byte	.LFE6
 1413 0020 14010000 		.4byte	.LFB8
 1414 0024 EC010000 		.4byte	.LFE8
 1415 0028 00000000 		.4byte	0
 1416 002c 00000000 		.4byte	0
 1417              		.section	.debug_line,"",%progbits
 1418              	.Ldebug_line0:
 1419 0000 86010000 		.section	.debug_str,"MS",%progbits,1
 1419      0200E300 
 1419      00000201 
 1419      FB0E0D00 
 1419      01010101 
ARM GAS  C:\Users\Intern\AppData\Local\Temp\cc3HJTIs.s 			page 33


 1420              	.LASF32:
 1421 0000 43794465 		.ascii	"CyDelayCycles\000"
 1421      6C617943 
 1421      79636C65 
 1421      7300
 1422              	.LASF19:
 1423 000e 72656733 		.ascii	"reg32\000"
 1423      3200
 1424              	.LASF12:
 1425 0014 73697A65 		.ascii	"size_t\000"
 1425      5F7400
 1426              	.LASF23:
 1427 001b 416E616C 		.ascii	"AnalogSetDefault\000"
 1427      6F675365 
 1427      74446566 
 1427      61756C74 
 1427      00
 1428              	.LASF37:
 1429 002c 4379496E 		.ascii	"CyIntSetVector\000"
 1429      74536574 
 1429      56656374 
 1429      6F7200
 1430              	.LASF30:
 1431 003b 6366675F 		.ascii	"cfg_memset_list\000"
 1431      6D656D73 
 1431      65745F6C 
 1431      69737400 
 1432              	.LASF21:
 1433 004b 436C6F63 		.ascii	"ClockSetup\000"
 1433      6B536574 
 1433      757000
 1434              	.LASF6:
 1435 0056 73686F72 		.ascii	"short unsigned int\000"
 1435      7420756E 
 1435      7369676E 
 1435      65642069 
 1435      6E7400
 1436              	.LASF41:
 1437 0069 433A5C55 		.ascii	"C:\\Users\\Intern\\Documents\\GitHub\\UV-Sticker\\P"
 1437      73657273 
 1437      5C496E74 
 1437      65726E5C 
 1437      446F6375 
 1438 0096 736F635C 		.ascii	"soc\\UV-Project\\UV-SG-TEMP.cydsn\000"
 1438      55562D50 
 1438      726F6A65 
 1438      63745C55 
 1438      562D5347 
 1439              	.LASF16:
 1440 00b6 666C6F61 		.ascii	"float\000"
 1440      7400
 1441              	.LASF27:
 1442 00bc 73697A65 		.ascii	"size\000"
 1442      00
 1443              	.LASF33:
 1444 00c1 43795379 		.ascii	"CySysClkWcoSetPowerMode\000"
 1444      73436C6B 
ARM GAS  C:\Users\Intern\AppData\Local\Temp\cc3HJTIs.s 			page 34


 1444      57636F53 
 1444      6574506F 
 1444      7765724D 
 1445              	.LASF18:
 1446 00d9 72656738 		.ascii	"reg8\000"
 1446      00
 1447              	.LASF8:
 1448 00de 6C6F6E67 		.ascii	"long unsigned int\000"
 1448      20756E73 
 1448      69676E65 
 1448      6420696E 
 1448      7400
 1449              	.LASF13:
 1450 00f0 75696E74 		.ascii	"uint8\000"
 1450      3800
 1451              	.LASF31:
 1452 00f6 43795379 		.ascii	"CySysClkWcoStart\000"
 1452      73436C6B 
 1452      57636F53 
 1452      74617274 
 1452      00
 1453              	.LASF20:
 1454 0107 43594D45 		.ascii	"CYMEMZERO\000"
 1454      4D5A4552 
 1454      4F00
 1455              	.LASF24:
 1456 0111 53657441 		.ascii	"SetAnalogRoutingPumps\000"
 1456      6E616C6F 
 1456      67526F75 
 1456      74696E67 
 1456      50756D70 
 1457              	.LASF4:
 1458 0127 756E7369 		.ascii	"unsigned char\000"
 1458      676E6564 
 1458      20636861 
 1458      7200
 1459              	.LASF42:
 1460 0135 6D656D73 		.ascii	"memset\000"
 1460      657400
 1461              	.LASF17:
 1462 013c 646F7562 		.ascii	"double\000"
 1462      6C6500
 1463              	.LASF38:
 1464 0143 4379496E 		.ascii	"CyIntEnable\000"
 1464      74456E61 
 1464      626C6500 
 1465              	.LASF14:
 1466 014f 75696E74 		.ascii	"uint16\000"
 1466      313600
 1467              	.LASF15:
 1468 0156 75696E74 		.ascii	"uint32\000"
 1468      333200
 1469              	.LASF0:
 1470 015d 756E7369 		.ascii	"unsigned int\000"
 1470      676E6564 
 1470      20696E74 
 1470      00
ARM GAS  C:\Users\Intern\AppData\Local\Temp\cc3HJTIs.s 			page 35


 1471              	.LASF25:
 1472 016a 63796669 		.ascii	"cyfitter_cfg\000"
 1472      74746572 
 1472      5F636667 
 1472      00
 1473              	.LASF26:
 1474 0177 61646472 		.ascii	"address\000"
 1474      65737300 
 1475              	.LASF9:
 1476 017f 6C6F6E67 		.ascii	"long long unsigned int\000"
 1476      206C6F6E 
 1476      6720756E 
 1476      7369676E 
 1476      65642069 
 1477              	.LASF39:
 1478 0196 474E5520 		.ascii	"GNU C11 5.4.1 20160609 (release) [ARM/embedded-5-br"
 1478      43313120 
 1478      352E342E 
 1478      31203230 
 1478      31363036 
 1479 01c9 616E6368 		.ascii	"anch revision 237715] -mcpu=cortex-m0 -mthumb -g -O"
 1479      20726576 
 1479      6973696F 
 1479      6E203233 
 1479      37373135 
 1480 01fc 67202D66 		.ascii	"g -ffunction-sections -ffat-lto-objects\000"
 1480      66756E63 
 1480      74696F6E 
 1480      2D736563 
 1480      74696F6E 
 1481              	.LASF28:
 1482 0224 6366675F 		.ascii	"cfg_memset_t\000"
 1482      6D656D73 
 1482      65745F74 
 1482      00
 1483              	.LASF10:
 1484 0231 73697A65 		.ascii	"sizetype\000"
 1484      74797065 
 1484      00
 1485              	.LASF1:
 1486 023a 6C6F6E67 		.ascii	"long long int\000"
 1486      206C6F6E 
 1486      6720696E 
 1486      7400
 1487              	.LASF36:
 1488 0248 43794465 		.ascii	"CyDelayUs\000"
 1488      6C617955 
 1488      7300
 1489              	.LASF11:
 1490 0252 63686172 		.ascii	"char\000"
 1490      00
 1491              	.LASF35:
 1492 0257 43795379 		.ascii	"CySysClkEcoStart\000"
 1492      73436C6B 
 1492      45636F53 
 1492      74617274 
 1492      00
ARM GAS  C:\Users\Intern\AppData\Local\Temp\cc3HJTIs.s 			page 36


 1493              	.LASF22:
 1494 0268 656E6162 		.ascii	"enabled\000"
 1494      6C656400 
 1495              	.LASF5:
 1496 0270 73686F72 		.ascii	"short int\000"
 1496      7420696E 
 1496      7400
 1497              	.LASF34:
 1498 027a 43795379 		.ascii	"CySysClkWriteImoFreq\000"
 1498      73436C6B 
 1498      57726974 
 1498      65496D6F 
 1498      46726571 
 1499              	.LASF7:
 1500 028f 6C6F6E67 		.ascii	"long int\000"
 1500      20696E74 
 1500      00
 1501              	.LASF2:
 1502 0298 6C6F6E67 		.ascii	"long double\000"
 1502      20646F75 
 1502      626C6500 
 1503              	.LASF3:
 1504 02a4 7369676E 		.ascii	"signed char\000"
 1504      65642063 
 1504      68617200 
 1505              	.LASF40:
 1506 02b0 47656E65 		.ascii	"Generated_Source\\PSoC4\\cyfitter_cfg.c\000"
 1506      72617465 
 1506      645F536F 
 1506      75726365 
 1506      5C50536F 
 1507              	.LASF29:
 1508 02d6 72656756 		.ascii	"regValue\000"
 1508      616C7565 
 1508      00
 1509              		.ident	"GCC: (GNU Tools for ARM Embedded Processors) 5.4.1 20160609 (release) [ARM/embedded-5-bran
