ARM GAS  C:\Users\Intern\AppData\Local\Temp\cc19ED84.s 			page 1


   1              		.syntax unified
   2              		.cpu cortex-m0
   3              		.fpu softvfp
   4              		.eabi_attribute 20, 1
   5              		.eabi_attribute 21, 1
   6              		.eabi_attribute 23, 3
   7              		.eabi_attribute 24, 1
   8              		.eabi_attribute 25, 1
   9              		.eabi_attribute 26, 1
  10              		.eabi_attribute 30, 1
  11              		.eabi_attribute 34, 0
  12              		.eabi_attribute 18, 4
  13              		.thumb
  14              		.syntax unified
  15              		.file	"main.c"
  16              		.text
  17              	.Ltext0:
  18              		.cfi_sections	.debug_frame
  19              		.section	.text.main,"ax",%progbits
  20              		.align	2
  21              		.global	main
  22              		.code	16
  23              		.thumb_func
  24              		.type	main, %function
  25              	main:
  26              	.LFB63:
  27              		.file 1 "main.c"
   1:main.c        **** #include "system.h"
   2:main.c        **** #include "bluetooth.h"
   3:main.c        **** #include "uv.h"
   4:main.c        **** #include "battery.h"
   5:main.c        **** #include "tmp116.h"
   6:main.c        **** #include "led.h"
   7:main.c        **** #include "watchdog.h"
   8:main.c        **** #include "guvb_c31sm.h"
   9:main.c        **** 
  10:main.c        **** int main()
  11:main.c        **** {
  28              		.loc 1 11 0
  29              		.cfi_startproc
  30              		@ Volatile: function does not return.
  31              		@ args = 0, pretend = 0, frame = 0
  32              		@ frame_needed = 0, uses_anonymous_args = 0
  33 0000 10B5     		push	{r4, lr}
  34              		.cfi_def_cfa_offset 8
  35              		.cfi_offset 4, -8
  36              		.cfi_offset 14, -4
  12:main.c        ****     system_use_eco();   // Use External Fast frequency Clock
  37              		.loc 1 12 0
  38 0002 FFF7FEFF 		bl	system_use_eco
  39              	.LVL0:
  13:main.c        ****     system_use_wco();   // Use External Low frequency Clock
  40              		.loc 1 13 0
  41 0006 FFF7FEFF 		bl	system_use_wco
  42              	.LVL1:
  14:main.c        ****     system_enable_interrupts(); // Enabling Global Interrupts
  43              		.loc 1 14 0
ARM GAS  C:\Users\Intern\AppData\Local\Temp\cc19ED84.s 			page 2


  44 000a FFF7FEFF 		bl	system_enable_interrupts
  45              	.LVL2:
  15:main.c        ****     system_init_hardware(); // Starting all hardware modules: UART, I2C, SG-AMP, UV-AMP, ADC, GUVB-
  46              		.loc 1 15 0
  47 000e FFF7FEFF 		bl	system_init_hardware
  48              	.LVL3:
  16:main.c        **** //    LED_BLUE_Write((uint8) 0); // Turn BLUE LED ON
  17:main.c        ****     bluetooth_start(); // Starting CyBLE, Generic Event Handler 
  49              		.loc 1 17 0
  50 0012 FFF7FEFF 		bl	bluetooth_start
  51              	.LVL4:
  18:main.c        ****     watchdog_start(); // Starting the Watchdog Timer
  52              		.loc 1 18 0
  53 0016 FFF7FEFF 		bl	watchdog_start
  54              	.LVL5:
  55              	.L2:
  19:main.c        **** //    system_sleep(); // Telling System and Components to go into Sleep Mode
  20:main.c        ****     // This function is only available with WCO not ILO
  21:main.c        **** //    CyBle_EnterLPM(CYBLE_BLESS_DEEPSLEEP); // Bluetooth Stack goes into Deep Sleep        
  22:main.c        **** 	while(1) 
  23:main.c        ****     {   
  24:main.c        ****         bluetooth_process(); //Process BLE Stack Events
  56              		.loc 1 24 0 discriminator 1
  57 001a FFF7FEFF 		bl	bluetooth_process
  58              	.LVL6:
  59 001e FCE7     		b	.L2
  60              		.cfi_endproc
  61              	.LFE63:
  62              		.size	main, .-main
  63              		.comm	guvb_c31sm_address,4,4
  64              		.comm	BLE_Connection_Handle,2,4
  65              		.text
  66              	.Letext0:
  67              		.file 2 "Generated_Source\\PSoC4/cytypes.h"
  68              		.file 3 "Generated_Source\\PSoC4/BLE_StackGatt.h"
  69              		.file 4 "Generated_Source\\PSoC4/RTC.h"
  70              		.file 5 "bluetooth.h"
  71              		.file 6 "guvb_c31sm.h"
  72              		.file 7 "system.h"
  73              		.file 8 "watchdog.h"
  74              		.file 9 "Generated_Source\\PSoC4/BLE_Stack.h"
  75              		.section	.debug_info,"",%progbits
  76              	.Ldebug_info0:
  77 0000 90030000 		.4byte	0x390
  78 0004 0400     		.2byte	0x4
  79 0006 00000000 		.4byte	.Ldebug_abbrev0
  80 000a 04       		.byte	0x4
  81 000b 01       		.uleb128 0x1
  82 000c ED010000 		.4byte	.LASF102
  83 0010 0C       		.byte	0xc
  84 0011 75080000 		.4byte	.LASF103
  85 0015 72060000 		.4byte	.LASF104
  86 0019 00000000 		.4byte	.Ldebug_ranges0+0
  87 001d 00000000 		.4byte	0
  88 0021 00000000 		.4byte	.Ldebug_line0
  89 0025 02       		.uleb128 0x2
  90 0026 04       		.byte	0x4
ARM GAS  C:\Users\Intern\AppData\Local\Temp\cc19ED84.s 			page 3


  91 0027 05       		.byte	0x5
  92 0028 696E7400 		.ascii	"int\000"
  93 002c 03       		.uleb128 0x3
  94 002d 04       		.byte	0x4
  95 002e 07       		.byte	0x7
  96 002f 38060000 		.4byte	.LASF0
  97 0033 03       		.uleb128 0x3
  98 0034 08       		.byte	0x8
  99 0035 05       		.byte	0x5
 100 0036 FA080000 		.4byte	.LASF1
 101 003a 03       		.uleb128 0x3
 102 003b 08       		.byte	0x8
 103 003c 04       		.byte	0x4
 104 003d 39050000 		.4byte	.LASF2
 105 0041 03       		.uleb128 0x3
 106 0042 01       		.byte	0x1
 107 0043 06       		.byte	0x6
 108 0044 CF050000 		.4byte	.LASF3
 109 0048 03       		.uleb128 0x3
 110 0049 01       		.byte	0x1
 111 004a 08       		.byte	0x8
 112 004b 6B050000 		.4byte	.LASF4
 113 004f 03       		.uleb128 0x3
 114 0050 02       		.byte	0x2
 115 0051 05       		.byte	0x5
 116 0052 BA000000 		.4byte	.LASF5
 117 0056 03       		.uleb128 0x3
 118 0057 02       		.byte	0x2
 119 0058 07       		.byte	0x7
 120 0059 55070000 		.4byte	.LASF6
 121 005d 03       		.uleb128 0x3
 122 005e 04       		.byte	0x4
 123 005f 05       		.byte	0x5
 124 0060 23040000 		.4byte	.LASF7
 125 0064 03       		.uleb128 0x3
 126 0065 04       		.byte	0x4
 127 0066 07       		.byte	0x7
 128 0067 60060000 		.4byte	.LASF8
 129 006b 03       		.uleb128 0x3
 130 006c 08       		.byte	0x8
 131 006d 07       		.byte	0x7
 132 006e EB030000 		.4byte	.LASF9
 133 0072 03       		.uleb128 0x3
 134 0073 04       		.byte	0x4
 135 0074 07       		.byte	0x7
 136 0075 FC000000 		.4byte	.LASF10
 137 0079 03       		.uleb128 0x3
 138 007a 01       		.byte	0x1
 139 007b 08       		.byte	0x8
 140 007c EE070000 		.4byte	.LASF11
 141 0080 04       		.uleb128 0x4
 142 0081 24080000 		.4byte	.LASF12
 143 0085 02       		.byte	0x2
 144 0086 E401     		.2byte	0x1e4
 145 0088 48000000 		.4byte	0x48
 146 008c 04       		.uleb128 0x4
 147 008d 2A080000 		.4byte	.LASF13
ARM GAS  C:\Users\Intern\AppData\Local\Temp\cc19ED84.s 			page 4


 148 0091 02       		.byte	0x2
 149 0092 E501     		.2byte	0x1e5
 150 0094 56000000 		.4byte	0x56
 151 0098 04       		.uleb128 0x4
 152 0099 6E080000 		.4byte	.LASF14
 153 009d 02       		.byte	0x2
 154 009e E601     		.2byte	0x1e6
 155 00a0 64000000 		.4byte	0x64
 156 00a4 03       		.uleb128 0x3
 157 00a5 04       		.byte	0x4
 158 00a6 04       		.byte	0x4
 159 00a7 24000000 		.4byte	.LASF15
 160 00ab 03       		.uleb128 0x3
 161 00ac 08       		.byte	0x8
 162 00ad 04       		.byte	0x4
 163 00ae 9F080000 		.4byte	.LASF16
 164 00b2 05       		.uleb128 0x5
 165 00b3 01       		.byte	0x1
 166 00b4 48000000 		.4byte	0x48
 167 00b8 09       		.byte	0x9
 168 00b9 3201     		.2byte	0x132
 169 00bb 70020000 		.4byte	0x270
 170 00bf 06       		.uleb128 0x6
 171 00c0 DF020000 		.4byte	.LASF17
 172 00c4 00       		.byte	0
 173 00c5 06       		.uleb128 0x6
 174 00c6 87010000 		.4byte	.LASF18
 175 00ca 01       		.byte	0x1
 176 00cb 06       		.uleb128 0x6
 177 00cc 0C0A0000 		.4byte	.LASF19
 178 00d0 02       		.byte	0x2
 179 00d1 06       		.uleb128 0x6
 180 00d2 08090000 		.4byte	.LASF20
 181 00d6 03       		.byte	0x3
 182 00d7 06       		.uleb128 0x6
 183 00d8 42010000 		.4byte	.LASF21
 184 00dc 04       		.byte	0x4
 185 00dd 06       		.uleb128 0x6
 186 00de B5040000 		.4byte	.LASF22
 187 00e2 05       		.byte	0x5
 188 00e3 06       		.uleb128 0x6
 189 00e4 44000000 		.4byte	.LASF23
 190 00e8 06       		.byte	0x6
 191 00e9 06       		.uleb128 0x6
 192 00ea 66090000 		.4byte	.LASF24
 193 00ee 20       		.byte	0x20
 194 00ef 06       		.uleb128 0x6
 195 00f0 BF060000 		.4byte	.LASF25
 196 00f4 21       		.byte	0x21
 197 00f5 06       		.uleb128 0x6
 198 00f6 00000000 		.4byte	.LASF26
 199 00fa 22       		.byte	0x22
 200 00fb 06       		.uleb128 0x6
 201 00fc D1040000 		.4byte	.LASF27
 202 0100 23       		.byte	0x23
 203 0101 06       		.uleb128 0x6
 204 0102 1C060000 		.4byte	.LASF28
ARM GAS  C:\Users\Intern\AppData\Local\Temp\cc19ED84.s 			page 5


 205 0106 24       		.byte	0x24
 206 0107 06       		.uleb128 0x6
 207 0108 C4000000 		.4byte	.LASF29
 208 010c 25       		.byte	0x25
 209 010d 06       		.uleb128 0x6
 210 010e 6C040000 		.4byte	.LASF30
 211 0112 26       		.byte	0x26
 212 0113 06       		.uleb128 0x6
 213 0114 4D040000 		.4byte	.LASF31
 214 0118 27       		.byte	0x27
 215 0119 06       		.uleb128 0x6
 216 011a D90A0000 		.4byte	.LASF32
 217 011e 28       		.byte	0x28
 218 011f 06       		.uleb128 0x6
 219 0120 FD060000 		.4byte	.LASF33
 220 0124 29       		.byte	0x29
 221 0125 06       		.uleb128 0x6
 222 0126 80070000 		.4byte	.LASF34
 223 012a 2A       		.byte	0x2a
 224 012b 06       		.uleb128 0x6
 225 012c 420A0000 		.4byte	.LASF35
 226 0130 2B       		.byte	0x2b
 227 0131 06       		.uleb128 0x6
 228 0132 7B020000 		.4byte	.LASF36
 229 0136 2C       		.byte	0x2c
 230 0137 06       		.uleb128 0x6
 231 0138 A1030000 		.4byte	.LASF37
 232 013c 2D       		.byte	0x2d
 233 013d 06       		.uleb128 0x6
 234 013e 96000000 		.4byte	.LASF38
 235 0142 2E       		.byte	0x2e
 236 0143 06       		.uleb128 0x6
 237 0144 310B0000 		.4byte	.LASF39
 238 0148 2F       		.byte	0x2f
 239 0149 06       		.uleb128 0x6
 240 014a 05010000 		.4byte	.LASF40
 241 014e 30       		.byte	0x30
 242 014f 06       		.uleb128 0x6
 243 0150 15050000 		.4byte	.LASF41
 244 0154 31       		.byte	0x31
 245 0155 06       		.uleb128 0x6
 246 0156 CA030000 		.4byte	.LASF42
 247 015a 32       		.byte	0x32
 248 015b 06       		.uleb128 0x6
 249 015c A9070000 		.4byte	.LASF43
 250 0160 33       		.byte	0x33
 251 0161 06       		.uleb128 0x6
 252 0162 1A070000 		.4byte	.LASF44
 253 0166 34       		.byte	0x34
 254 0167 06       		.uleb128 0x6
 255 0168 DD080000 		.4byte	.LASF45
 256 016c 35       		.byte	0x35
 257 016d 06       		.uleb128 0x6
 258 016e 02040000 		.4byte	.LASF46
 259 0172 36       		.byte	0x36
 260 0173 06       		.uleb128 0x6
 261 0174 9A010000 		.4byte	.LASF47
ARM GAS  C:\Users\Intern\AppData\Local\Temp\cc19ED84.s 			page 6


 262 0178 37       		.byte	0x37
 263 0179 06       		.uleb128 0x6
 264 017a 5D000000 		.4byte	.LASF48
 265 017e 40       		.byte	0x40
 266 017f 06       		.uleb128 0x6
 267 0180 45060000 		.4byte	.LASF49
 268 0184 41       		.byte	0x41
 269 0185 06       		.uleb128 0x6
 270 0186 DE000000 		.4byte	.LASF50
 271 018a 42       		.byte	0x42
 272 018b 06       		.uleb128 0x6
 273 018c CF010000 		.4byte	.LASF51
 274 0190 43       		.byte	0x43
 275 0191 06       		.uleb128 0x6
 276 0192 EE090000 		.4byte	.LASF52
 277 0196 44       		.byte	0x44
 278 0197 06       		.uleb128 0x6
 279 0198 99090000 		.4byte	.LASF53
 280 019c 45       		.byte	0x45
 281 019d 06       		.uleb128 0x6
 282 019e 57010000 		.4byte	.LASF54
 283 01a2 46       		.byte	0x46
 284 01a3 06       		.uleb128 0x6
 285 01a4 B1050000 		.4byte	.LASF55
 286 01a8 47       		.byte	0x47
 287 01a9 06       		.uleb128 0x6
 288 01aa F5050000 		.4byte	.LASF56
 289 01ae 48       		.byte	0x48
 290 01af 06       		.uleb128 0x6
 291 01b0 76030000 		.4byte	.LASF57
 292 01b4 49       		.byte	0x49
 293 01b5 06       		.uleb128 0x6
 294 01b6 31080000 		.4byte	.LASF58
 295 01ba 4A       		.byte	0x4a
 296 01bb 06       		.uleb128 0x6
 297 01bc 9F020000 		.4byte	.LASF59
 298 01c0 4B       		.byte	0x4b
 299 01c1 06       		.uleb128 0x6
 300 01c2 DB050000 		.4byte	.LASF60
 301 01c6 4C       		.byte	0x4c
 302 01c7 06       		.uleb128 0x6
 303 01c8 2A000000 		.4byte	.LASF61
 304 01cc 4D       		.byte	0x4d
 305 01cd 06       		.uleb128 0x6
 306 01ce C0090000 		.4byte	.LASF62
 307 01d2 4E       		.byte	0x4e
 308 01d3 06       		.uleb128 0x6
 309 01d4 77000000 		.4byte	.LASF63
 310 01d8 4F       		.byte	0x4f
 311 01d9 06       		.uleb128 0x6
 312 01da BA0A0000 		.4byte	.LASF64
 313 01de 50       		.byte	0x50
 314 01df 06       		.uleb128 0x6
 315 01e0 4F080000 		.4byte	.LASF65
 316 01e4 51       		.byte	0x51
 317 01e5 06       		.uleb128 0x6
 318 01e6 94040000 		.4byte	.LASF66
ARM GAS  C:\Users\Intern\AppData\Local\Temp\cc19ED84.s 			page 7


 319 01ea 52       		.byte	0x52
 320 01eb 06       		.uleb128 0x6
 321 01ec 2C040000 		.4byte	.LASF67
 322 01f0 53       		.byte	0x53
 323 01f1 06       		.uleb128 0x6
 324 01f2 BE020000 		.4byte	.LASF68
 325 01f6 54       		.byte	0x54
 326 01f7 06       		.uleb128 0x6
 327 01f8 FB0A0000 		.4byte	.LASF69
 328 01fc 55       		.byte	0x55
 329 01fd 06       		.uleb128 0x6
 330 01fe 980A0000 		.4byte	.LASF70
 331 0202 56       		.byte	0x56
 332 0203 06       		.uleb128 0x6
 333 0204 6F0A0000 		.4byte	.LASF71
 334 0208 57       		.byte	0x57
 335 0209 06       		.uleb128 0x6
 336 020a 32070000 		.4byte	.LASF72
 337 020e 58       		.byte	0x58
 338 020f 06       		.uleb128 0x6
 339 0210 45050000 		.4byte	.LASF73
 340 0214 70       		.byte	0x70
 341 0215 06       		.uleb128 0x6
 342 0216 40090000 		.4byte	.LASF74
 343 021a 71       		.byte	0x71
 344 021b 06       		.uleb128 0x6
 345 021c 08080000 		.4byte	.LASF75
 346 0220 72       		.byte	0x72
 347 0221 06       		.uleb128 0x6
 348 0222 F6020000 		.4byte	.LASF76
 349 0226 73       		.byte	0x73
 350 0227 06       		.uleb128 0x6
 351 0228 F7040000 		.4byte	.LASF77
 352 022c 74       		.byte	0x74
 353 022d 06       		.uleb128 0x6
 354 022e DC060000 		.4byte	.LASF78
 355 0232 75       		.byte	0x75
 356 0233 06       		.uleb128 0x6
 357 0234 3D030000 		.4byte	.LASF79
 358 0238 76       		.byte	0x76
 359 0239 06       		.uleb128 0x6
 360 023a 21090000 		.4byte	.LASF80
 361 023e 77       		.byte	0x77
 362 023f 06       		.uleb128 0x6
 363 0240 7C080000 		.4byte	.LASF81
 364 0244 78       		.byte	0x78
 365 0245 06       		.uleb128 0x6
 366 0246 BA080000 		.4byte	.LASF82
 367 024a 79       		.byte	0x79
 368 024b 06       		.uleb128 0x6
 369 024c 1E0A0000 		.4byte	.LASF83
 370 0250 7A       		.byte	0x7a
 371 0251 06       		.uleb128 0x6
 372 0252 D0070000 		.4byte	.LASF84
 373 0256 FA       		.byte	0xfa
 374 0257 06       		.uleb128 0x6
 375 0258 92050000 		.4byte	.LASF85
ARM GAS  C:\Users\Intern\AppData\Local\Temp\cc19ED84.s 			page 8


 376 025c FB       		.byte	0xfb
 377 025d 06       		.uleb128 0x6
 378 025e 1F0B0000 		.4byte	.LASF86
 379 0262 FC       		.byte	0xfc
 380 0263 06       		.uleb128 0x6
 381 0264 68070000 		.4byte	.LASF87
 382 0268 FD       		.byte	0xfd
 383 0269 06       		.uleb128 0x6
 384 026a 610A0000 		.4byte	.LASF88
 385 026e FF       		.byte	0xff
 386 026f 00       		.byte	0
 387 0270 07       		.uleb128 0x7
 388 0271 02       		.byte	0x2
 389 0272 03       		.byte	0x3
 390 0273 9301     		.2byte	0x193
 391 0275 94020000 		.4byte	0x294
 392 0279 08       		.uleb128 0x8
 393 027a 5E030000 		.4byte	.LASF89
 394 027e 03       		.byte	0x3
 395 027f 9A01     		.2byte	0x19a
 396 0281 80000000 		.4byte	0x80
 397 0285 00       		.byte	0
 398 0286 08       		.uleb128 0x8
 399 0287 D6060000 		.4byte	.LASF90
 400 028b 03       		.byte	0x3
 401 028c A001     		.2byte	0x1a0
 402 028e 80000000 		.4byte	0x80
 403 0292 01       		.byte	0x1
 404 0293 00       		.byte	0
 405 0294 04       		.uleb128 0x4
 406 0295 A6080000 		.4byte	.LASF91
 407 0299 03       		.byte	0x3
 408 029a A201     		.2byte	0x1a2
 409 029c 70020000 		.4byte	0x270
 410 02a0 09       		.uleb128 0x9
 411 02a1 3D010000 		.4byte	.LASF105
 412 02a5 01       		.byte	0x1
 413 02a6 0A       		.byte	0xa
 414 02a7 25000000 		.4byte	0x25
 415 02ab 00000000 		.4byte	.LFB63
 416 02af 20000000 		.4byte	.LFE63-.LFB63
 417 02b3 01       		.uleb128 0x1
 418 02b4 9C       		.byte	0x9c
 419 02b5 F9020000 		.4byte	0x2f9
 420 02b9 0A       		.uleb128 0xa
 421 02ba 06000000 		.4byte	.LVL0
 422 02be 46030000 		.4byte	0x346
 423 02c2 0A       		.uleb128 0xa
 424 02c3 0A000000 		.4byte	.LVL1
 425 02c7 51030000 		.4byte	0x351
 426 02cb 0A       		.uleb128 0xa
 427 02cc 0E000000 		.4byte	.LVL2
 428 02d0 5C030000 		.4byte	0x35c
 429 02d4 0A       		.uleb128 0xa
 430 02d5 12000000 		.4byte	.LVL3
 431 02d9 67030000 		.4byte	0x367
 432 02dd 0A       		.uleb128 0xa
ARM GAS  C:\Users\Intern\AppData\Local\Temp\cc19ED84.s 			page 9


 433 02de 16000000 		.4byte	.LVL4
 434 02e2 72030000 		.4byte	0x372
 435 02e6 0A       		.uleb128 0xa
 436 02e7 1A000000 		.4byte	.LVL5
 437 02eb 7D030000 		.4byte	0x37d
 438 02ef 0A       		.uleb128 0xa
 439 02f0 1E000000 		.4byte	.LVL6
 440 02f4 88030000 		.4byte	0x388
 441 02f8 00       		.byte	0
 442 02f9 0B       		.uleb128 0xb
 443 02fa 09030000 		.4byte	0x309
 444 02fe 09030000 		.4byte	0x309
 445 0302 0C       		.uleb128 0xc
 446 0303 72000000 		.4byte	0x72
 447 0307 0B       		.byte	0xb
 448 0308 00       		.byte	0
 449 0309 0D       		.uleb128 0xd
 450 030a 8C000000 		.4byte	0x8c
 451 030e 0E       		.uleb128 0xe
 452 030f 26010000 		.4byte	.LASF92
 453 0313 04       		.byte	0x4
 454 0314 E001     		.2byte	0x1e0
 455 0316 1A030000 		.4byte	0x31a
 456 031a 0D       		.uleb128 0xd
 457 031b F9020000 		.4byte	0x2f9
 458 031f 0F       		.uleb128 0xf
 459 0320 27030000 		.4byte	.LASF93
 460 0324 05       		.byte	0x5
 461 0325 05       		.byte	0x5
 462 0326 94020000 		.4byte	0x294
 463 032a 05       		.uleb128 0x5
 464 032b 03       		.byte	0x3
 465 032c 00000000 		.4byte	BLE_Connection_Handle
 466 0330 0F       		.uleb128 0xf
 467 0331 14030000 		.4byte	.LASF94
 468 0335 06       		.byte	0x6
 469 0336 06       		.byte	0x6
 470 0337 41030000 		.4byte	0x341
 471 033b 05       		.uleb128 0x5
 472 033c 03       		.byte	0x3
 473 033d 00000000 		.4byte	guvb_c31sm_address
 474 0341 0D       		.uleb128 0xd
 475 0342 98000000 		.4byte	0x98
 476 0346 10       		.uleb128 0x10
 477 0347 78010000 		.4byte	.LASF95
 478 034b 78010000 		.4byte	.LASF95
 479 034f 07       		.byte	0x7
 480 0350 47       		.byte	0x47
 481 0351 10       		.uleb128 0x10
 482 0352 67030000 		.4byte	.LASF96
 483 0356 67030000 		.4byte	.LASF96
 484 035a 07       		.byte	0x7
 485 035b 45       		.byte	0x45
 486 035c 10       		.uleb128 0x10
 487 035d 79050000 		.4byte	.LASF97
 488 0361 79050000 		.4byte	.LASF97
 489 0365 07       		.byte	0x7
ARM GAS  C:\Users\Intern\AppData\Local\Temp\cc19ED84.s 			page 10


 490 0366 1F       		.byte	0x1f
 491 0367 10       		.uleb128 0x10
 492 0368 F3070000 		.4byte	.LASF98
 493 036c F3070000 		.4byte	.LASF98
 494 0370 07       		.byte	0x7
 495 0371 1D       		.byte	0x1d
 496 0372 10       		.uleb128 0x10
 497 0373 DE090000 		.4byte	.LASF99
 498 0377 DE090000 		.4byte	.LASF99
 499 037b 05       		.byte	0x5
 500 037c 08       		.byte	0x8
 501 037d 10       		.uleb128 0x10
 502 037e 8A090000 		.4byte	.LASF100
 503 0382 8A090000 		.4byte	.LASF100
 504 0386 08       		.byte	0x8
 505 0387 06       		.byte	0x6
 506 0388 10       		.uleb128 0x10
 507 0389 8F030000 		.4byte	.LASF101
 508 038d 8F030000 		.4byte	.LASF101
 509 0391 05       		.byte	0x5
 510 0392 09       		.byte	0x9
 511 0393 00       		.byte	0
 512              		.section	.debug_abbrev,"",%progbits
 513              	.Ldebug_abbrev0:
 514 0000 01       		.uleb128 0x1
 515 0001 11       		.uleb128 0x11
 516 0002 01       		.byte	0x1
 517 0003 25       		.uleb128 0x25
 518 0004 0E       		.uleb128 0xe
 519 0005 13       		.uleb128 0x13
 520 0006 0B       		.uleb128 0xb
 521 0007 03       		.uleb128 0x3
 522 0008 0E       		.uleb128 0xe
 523 0009 1B       		.uleb128 0x1b
 524 000a 0E       		.uleb128 0xe
 525 000b 55       		.uleb128 0x55
 526 000c 17       		.uleb128 0x17
 527 000d 11       		.uleb128 0x11
 528 000e 01       		.uleb128 0x1
 529 000f 10       		.uleb128 0x10
 530 0010 17       		.uleb128 0x17
 531 0011 00       		.byte	0
 532 0012 00       		.byte	0
 533 0013 02       		.uleb128 0x2
 534 0014 24       		.uleb128 0x24
 535 0015 00       		.byte	0
 536 0016 0B       		.uleb128 0xb
 537 0017 0B       		.uleb128 0xb
 538 0018 3E       		.uleb128 0x3e
 539 0019 0B       		.uleb128 0xb
 540 001a 03       		.uleb128 0x3
 541 001b 08       		.uleb128 0x8
 542 001c 00       		.byte	0
 543 001d 00       		.byte	0
 544 001e 03       		.uleb128 0x3
 545 001f 24       		.uleb128 0x24
 546 0020 00       		.byte	0
ARM GAS  C:\Users\Intern\AppData\Local\Temp\cc19ED84.s 			page 11


 547 0021 0B       		.uleb128 0xb
 548 0022 0B       		.uleb128 0xb
 549 0023 3E       		.uleb128 0x3e
 550 0024 0B       		.uleb128 0xb
 551 0025 03       		.uleb128 0x3
 552 0026 0E       		.uleb128 0xe
 553 0027 00       		.byte	0
 554 0028 00       		.byte	0
 555 0029 04       		.uleb128 0x4
 556 002a 16       		.uleb128 0x16
 557 002b 00       		.byte	0
 558 002c 03       		.uleb128 0x3
 559 002d 0E       		.uleb128 0xe
 560 002e 3A       		.uleb128 0x3a
 561 002f 0B       		.uleb128 0xb
 562 0030 3B       		.uleb128 0x3b
 563 0031 05       		.uleb128 0x5
 564 0032 49       		.uleb128 0x49
 565 0033 13       		.uleb128 0x13
 566 0034 00       		.byte	0
 567 0035 00       		.byte	0
 568 0036 05       		.uleb128 0x5
 569 0037 04       		.uleb128 0x4
 570 0038 01       		.byte	0x1
 571 0039 0B       		.uleb128 0xb
 572 003a 0B       		.uleb128 0xb
 573 003b 49       		.uleb128 0x49
 574 003c 13       		.uleb128 0x13
 575 003d 3A       		.uleb128 0x3a
 576 003e 0B       		.uleb128 0xb
 577 003f 3B       		.uleb128 0x3b
 578 0040 05       		.uleb128 0x5
 579 0041 01       		.uleb128 0x1
 580 0042 13       		.uleb128 0x13
 581 0043 00       		.byte	0
 582 0044 00       		.byte	0
 583 0045 06       		.uleb128 0x6
 584 0046 28       		.uleb128 0x28
 585 0047 00       		.byte	0
 586 0048 03       		.uleb128 0x3
 587 0049 0E       		.uleb128 0xe
 588 004a 1C       		.uleb128 0x1c
 589 004b 0B       		.uleb128 0xb
 590 004c 00       		.byte	0
 591 004d 00       		.byte	0
 592 004e 07       		.uleb128 0x7
 593 004f 13       		.uleb128 0x13
 594 0050 01       		.byte	0x1
 595 0051 0B       		.uleb128 0xb
 596 0052 0B       		.uleb128 0xb
 597 0053 3A       		.uleb128 0x3a
 598 0054 0B       		.uleb128 0xb
 599 0055 3B       		.uleb128 0x3b
 600 0056 05       		.uleb128 0x5
 601 0057 01       		.uleb128 0x1
 602 0058 13       		.uleb128 0x13
 603 0059 00       		.byte	0
ARM GAS  C:\Users\Intern\AppData\Local\Temp\cc19ED84.s 			page 12


 604 005a 00       		.byte	0
 605 005b 08       		.uleb128 0x8
 606 005c 0D       		.uleb128 0xd
 607 005d 00       		.byte	0
 608 005e 03       		.uleb128 0x3
 609 005f 0E       		.uleb128 0xe
 610 0060 3A       		.uleb128 0x3a
 611 0061 0B       		.uleb128 0xb
 612 0062 3B       		.uleb128 0x3b
 613 0063 05       		.uleb128 0x5
 614 0064 49       		.uleb128 0x49
 615 0065 13       		.uleb128 0x13
 616 0066 38       		.uleb128 0x38
 617 0067 0B       		.uleb128 0xb
 618 0068 00       		.byte	0
 619 0069 00       		.byte	0
 620 006a 09       		.uleb128 0x9
 621 006b 2E       		.uleb128 0x2e
 622 006c 01       		.byte	0x1
 623 006d 3F       		.uleb128 0x3f
 624 006e 19       		.uleb128 0x19
 625 006f 03       		.uleb128 0x3
 626 0070 0E       		.uleb128 0xe
 627 0071 3A       		.uleb128 0x3a
 628 0072 0B       		.uleb128 0xb
 629 0073 3B       		.uleb128 0x3b
 630 0074 0B       		.uleb128 0xb
 631 0075 49       		.uleb128 0x49
 632 0076 13       		.uleb128 0x13
 633 0077 8701     		.uleb128 0x87
 634 0079 19       		.uleb128 0x19
 635 007a 11       		.uleb128 0x11
 636 007b 01       		.uleb128 0x1
 637 007c 12       		.uleb128 0x12
 638 007d 06       		.uleb128 0x6
 639 007e 40       		.uleb128 0x40
 640 007f 18       		.uleb128 0x18
 641 0080 9742     		.uleb128 0x2117
 642 0082 19       		.uleb128 0x19
 643 0083 01       		.uleb128 0x1
 644 0084 13       		.uleb128 0x13
 645 0085 00       		.byte	0
 646 0086 00       		.byte	0
 647 0087 0A       		.uleb128 0xa
 648 0088 898201   		.uleb128 0x4109
 649 008b 00       		.byte	0
 650 008c 11       		.uleb128 0x11
 651 008d 01       		.uleb128 0x1
 652 008e 31       		.uleb128 0x31
 653 008f 13       		.uleb128 0x13
 654 0090 00       		.byte	0
 655 0091 00       		.byte	0
 656 0092 0B       		.uleb128 0xb
 657 0093 01       		.uleb128 0x1
 658 0094 01       		.byte	0x1
 659 0095 49       		.uleb128 0x49
 660 0096 13       		.uleb128 0x13
ARM GAS  C:\Users\Intern\AppData\Local\Temp\cc19ED84.s 			page 13


 661 0097 01       		.uleb128 0x1
 662 0098 13       		.uleb128 0x13
 663 0099 00       		.byte	0
 664 009a 00       		.byte	0
 665 009b 0C       		.uleb128 0xc
 666 009c 21       		.uleb128 0x21
 667 009d 00       		.byte	0
 668 009e 49       		.uleb128 0x49
 669 009f 13       		.uleb128 0x13
 670 00a0 2F       		.uleb128 0x2f
 671 00a1 0B       		.uleb128 0xb
 672 00a2 00       		.byte	0
 673 00a3 00       		.byte	0
 674 00a4 0D       		.uleb128 0xd
 675 00a5 26       		.uleb128 0x26
 676 00a6 00       		.byte	0
 677 00a7 49       		.uleb128 0x49
 678 00a8 13       		.uleb128 0x13
 679 00a9 00       		.byte	0
 680 00aa 00       		.byte	0
 681 00ab 0E       		.uleb128 0xe
 682 00ac 34       		.uleb128 0x34
 683 00ad 00       		.byte	0
 684 00ae 03       		.uleb128 0x3
 685 00af 0E       		.uleb128 0xe
 686 00b0 3A       		.uleb128 0x3a
 687 00b1 0B       		.uleb128 0xb
 688 00b2 3B       		.uleb128 0x3b
 689 00b3 05       		.uleb128 0x5
 690 00b4 49       		.uleb128 0x49
 691 00b5 13       		.uleb128 0x13
 692 00b6 3F       		.uleb128 0x3f
 693 00b7 19       		.uleb128 0x19
 694 00b8 3C       		.uleb128 0x3c
 695 00b9 19       		.uleb128 0x19
 696 00ba 00       		.byte	0
 697 00bb 00       		.byte	0
 698 00bc 0F       		.uleb128 0xf
 699 00bd 34       		.uleb128 0x34
 700 00be 00       		.byte	0
 701 00bf 03       		.uleb128 0x3
 702 00c0 0E       		.uleb128 0xe
 703 00c1 3A       		.uleb128 0x3a
 704 00c2 0B       		.uleb128 0xb
 705 00c3 3B       		.uleb128 0x3b
 706 00c4 0B       		.uleb128 0xb
 707 00c5 49       		.uleb128 0x49
 708 00c6 13       		.uleb128 0x13
 709 00c7 3F       		.uleb128 0x3f
 710 00c8 19       		.uleb128 0x19
 711 00c9 02       		.uleb128 0x2
 712 00ca 18       		.uleb128 0x18
 713 00cb 00       		.byte	0
 714 00cc 00       		.byte	0
 715 00cd 10       		.uleb128 0x10
 716 00ce 2E       		.uleb128 0x2e
 717 00cf 00       		.byte	0
ARM GAS  C:\Users\Intern\AppData\Local\Temp\cc19ED84.s 			page 14


 718 00d0 3F       		.uleb128 0x3f
 719 00d1 19       		.uleb128 0x19
 720 00d2 3C       		.uleb128 0x3c
 721 00d3 19       		.uleb128 0x19
 722 00d4 6E       		.uleb128 0x6e
 723 00d5 0E       		.uleb128 0xe
 724 00d6 03       		.uleb128 0x3
 725 00d7 0E       		.uleb128 0xe
 726 00d8 3A       		.uleb128 0x3a
 727 00d9 0B       		.uleb128 0xb
 728 00da 3B       		.uleb128 0x3b
 729 00db 0B       		.uleb128 0xb
 730 00dc 00       		.byte	0
 731 00dd 00       		.byte	0
 732 00de 00       		.byte	0
 733              		.section	.debug_aranges,"",%progbits
 734 0000 1C000000 		.4byte	0x1c
 735 0004 0200     		.2byte	0x2
 736 0006 00000000 		.4byte	.Ldebug_info0
 737 000a 04       		.byte	0x4
 738 000b 00       		.byte	0
 739 000c 0000     		.2byte	0
 740 000e 0000     		.2byte	0
 741 0010 00000000 		.4byte	.LFB63
 742 0014 20000000 		.4byte	.LFE63-.LFB63
 743 0018 00000000 		.4byte	0
 744 001c 00000000 		.4byte	0
 745              		.section	.debug_ranges,"",%progbits
 746              	.Ldebug_ranges0:
 747 0000 00000000 		.4byte	.LFB63
 748 0004 20000000 		.4byte	.LFE63
 749 0008 00000000 		.4byte	0
 750 000c 00000000 		.4byte	0
 751              		.section	.debug_line,"",%progbits
 752              	.Ldebug_line0:
 753 0000 C5000000 		.section	.debug_str,"MS",%progbits,1
 753      0200A500 
 753      00000201 
 753      FB0E0D00 
 753      01010101 
 754              	.LASF26:
 755 0000 4359424C 		.ascii	"CYBLE_EVT_GAP_PASSKEY_ENTRY_REQUEST\000"
 755      455F4556 
 755      545F4741 
 755      505F5041 
 755      53534B45 
 756              	.LASF15:
 757 0024 666C6F61 		.ascii	"float\000"
 757      7400
 758              	.LASF61:
 759 002a 4359424C 		.ascii	"CYBLE_EVT_GATTC_WRITE_RSP\000"
 759      455F4556 
 759      545F4741 
 759      5454435F 
 759      57524954 
 760              	.LASF23:
 761 0044 4359424C 		.ascii	"CYBLE_EVT_MEMORY_REQUEST\000"
ARM GAS  C:\Users\Intern\AppData\Local\Temp\cc19ED84.s 			page 15


 761      455F4556 
 761      545F4D45 
 761      4D4F5259 
 761      5F524551 
 762              	.LASF48:
 763 005d 4359424C 		.ascii	"CYBLE_EVT_GATTC_ERROR_RSP\000"
 763      455F4556 
 763      545F4741 
 763      5454435F 
 763      4552524F 
 764              	.LASF63:
 765 0077 4359424C 		.ascii	"CYBLE_EVT_GATTS_PREP_WRITE_REQ\000"
 765      455F4556 
 765      545F4741 
 765      5454535F 
 765      50524550 
 766              	.LASF38:
 767 0096 4359424C 		.ascii	"CYBLE_EVT_GAP_KEYPRESS_NOTIFICATION\000"
 767      455F4556 
 767      545F4741 
 767      505F4B45 
 767      59505245 
 768              	.LASF5:
 769 00ba 73686F72 		.ascii	"short int\000"
 769      7420696E 
 769      7400
 770              	.LASF29:
 771 00c4 4359424C 		.ascii	"CYBLE_EVT_GAP_AUTH_FAILED\000"
 771      455F4556 
 771      545F4741 
 771      505F4155 
 771      54485F46 
 772              	.LASF50:
 773 00de 4359424C 		.ascii	"CYBLE_EVT_GATT_DISCONNECT_IND\000"
 773      455F4556 
 773      545F4741 
 773      54545F44 
 773      4953434F 
 774              	.LASF10:
 775 00fc 73697A65 		.ascii	"sizetype\000"
 775      74797065 
 775      00
 776              	.LASF40:
 777 0105 4359424C 		.ascii	"CYBLE_EVT_GAP_DATA_LENGTH_CHANGE\000"
 777      455F4556 
 777      545F4741 
 777      505F4441 
 777      54415F4C 
 778              	.LASF92:
 779 0126 5254435F 		.ascii	"RTC_daysBeforeMonthTbl\000"
 779      64617973 
 779      4265666F 
 779      72654D6F 
 779      6E746854 
 780              	.LASF105:
 781 013d 6D61696E 		.ascii	"main\000"
 781      00
ARM GAS  C:\Users\Intern\AppData\Local\Temp\cc19ED84.s 			page 16


 782              	.LASF21:
 783 0142 4359424C 		.ascii	"CYBLE_EVT_HCI_STATUS\000"
 783      455F4556 
 783      545F4843 
 783      495F5354 
 783      41545553 
 784              	.LASF54:
 785 0157 4359424C 		.ascii	"CYBLE_EVT_GATTC_READ_BY_TYPE_RSP\000"
 785      455F4556 
 785      545F4741 
 785      5454435F 
 785      52454144 
 786              	.LASF95:
 787 0178 73797374 		.ascii	"system_use_eco\000"
 787      656D5F75 
 787      73655F65 
 787      636F00
 788              	.LASF18:
 789 0187 4359424C 		.ascii	"CYBLE_EVT_STACK_ON\000"
 789      455F4556 
 789      545F5354 
 789      41434B5F 
 789      4F4E00
 790              	.LASF47:
 791 019a 4359424C 		.ascii	"CYBLE_EVT_GAP_SMP_LOC_P256_KEYS_GEN_AND_SET_COMPLET"
 791      455F4556 
 791      545F4741 
 791      505F534D 
 791      505F4C4F 
 792 01cd 4500     		.ascii	"E\000"
 793              	.LASF51:
 794 01cf 4359424C 		.ascii	"CYBLE_EVT_GATTS_XCNHG_MTU_REQ\000"
 794      455F4556 
 794      545F4741 
 794      5454535F 
 794      58434E48 
 795              	.LASF102:
 796 01ed 474E5520 		.ascii	"GNU C11 5.4.1 20160609 (release) [ARM/embedded-5-br"
 796      43313120 
 796      352E342E 
 796      31203230 
 796      31363036 
 797 0220 616E6368 		.ascii	"anch revision 237715] -mcpu=cortex-m0 -mthumb -g -O"
 797      20726576 
 797      6973696F 
 797      6E203233 
 797      37373135 
 798 0253 67202D66 		.ascii	"g -ffunction-sections -ffat-lto-objects\000"
 798      66756E63 
 798      74696F6E 
 798      2D736563 
 798      74696F6E 
 799              	.LASF36:
 800 027b 4359424C 		.ascii	"CYBLE_EVT_GAP_KEYINFO_EXCHNGE_CMPLT\000"
 800      455F4556 
 800      545F4741 
 800      505F4B45 
ARM GAS  C:\Users\Intern\AppData\Local\Temp\cc19ED84.s 			page 17


 800      59494E46 
 801              	.LASF59:
 802 029f 4359424C 		.ascii	"CYBLE_EVT_GATTC_READ_MULTI_RSP\000"
 802      455F4556 
 802      545F4741 
 802      5454435F 
 802      52454144 
 803              	.LASF68:
 804 02be 4359424C 		.ascii	"CYBLE_EVT_GATTS_HANDLE_VALUE_CNF\000"
 804      455F4556 
 804      545F4741 
 804      5454535F 
 804      48414E44 
 805              	.LASF17:
 806 02df 4359424C 		.ascii	"CYBLE_EVT_HOST_INVALID\000"
 806      455F4556 
 806      545F484F 
 806      53545F49 
 806      4E56414C 
 807              	.LASF76:
 808 02f6 4359424C 		.ascii	"CYBLE_EVT_L2CAP_CBFC_CONN_IND\000"
 808      455F4556 
 808      545F4C32 
 808      4341505F 
 808      43424643 
 809              	.LASF94:
 810 0314 67757662 		.ascii	"guvb_c31sm_address\000"
 810      5F633331 
 810      736D5F61 
 810      64647265 
 810      737300
 811              	.LASF93:
 812 0327 424C455F 		.ascii	"BLE_Connection_Handle\000"
 812      436F6E6E 
 812      65637469 
 812      6F6E5F48 
 812      616E646C 
 813              	.LASF79:
 814 033d 4359424C 		.ascii	"CYBLE_EVT_L2CAP_CBFC_DISCONN_CNF\000"
 814      455F4556 
 814      545F4C32 
 814      4341505F 
 814      43424643 
 815              	.LASF89:
 816 035e 62644861 		.ascii	"bdHandle\000"
 816      6E646C65 
 816      00
 817              	.LASF96:
 818 0367 73797374 		.ascii	"system_use_wco\000"
 818      656D5F75 
 818      73655F77 
 818      636F00
 819              	.LASF57:
 820 0376 4359424C 		.ascii	"CYBLE_EVT_GATTC_READ_RSP\000"
 820      455F4556 
 820      545F4741 
 820      5454435F 
ARM GAS  C:\Users\Intern\AppData\Local\Temp\cc19ED84.s 			page 18


 820      52454144 
 821              	.LASF101:
 822 038f 626C7565 		.ascii	"bluetooth_process\000"
 822      746F6F74 
 822      685F7072 
 822      6F636573 
 822      7300
 823              	.LASF37:
 824 03a1 4359424C 		.ascii	"CYBLE_EVT_GAP_NUMERIC_COMPARISON_REQUEST\000"
 824      455F4556 
 824      545F4741 
 824      505F4E55 
 824      4D455249 
 825              	.LASF42:
 826 03ca 4359424C 		.ascii	"CYBLE_EVT_GAPC_DIRECT_ADV_REPORT\000"
 826      455F4556 
 826      545F4741 
 826      50435F44 
 826      49524543 
 827              	.LASF9:
 828 03eb 6C6F6E67 		.ascii	"long long unsigned int\000"
 828      206C6F6E 
 828      6720756E 
 828      7369676E 
 828      65642069 
 829              	.LASF46:
 830 0402 4359424C 		.ascii	"CYBLE_EVT_GAP_AUTH_REQ_REPLY_ERR\000"
 830      455F4556 
 830      545F4741 
 830      505F4155 
 830      54485F52 
 831              	.LASF7:
 832 0423 6C6F6E67 		.ascii	"long int\000"
 832      20696E74 
 832      00
 833              	.LASF67:
 834 042c 4359424C 		.ascii	"CYBLE_EVT_GATTC_HANDLE_VALUE_IND\000"
 834      455F4556 
 834      545F4741 
 834      5454435F 
 834      48414E44 
 835              	.LASF31:
 836 044d 4359424C 		.ascii	"CYBLE_EVT_GAP_DEVICE_CONNECTED\000"
 836      455F4556 
 836      545F4741 
 836      505F4445 
 836      56494345 
 837              	.LASF30:
 838 046c 4359424C 		.ascii	"CYBLE_EVT_GAPP_ADVERTISEMENT_START_STOP\000"
 838      455F4556 
 838      545F4741 
 838      50505F41 
 838      44564552 
 839              	.LASF66:
 840 0494 4359424C 		.ascii	"CYBLE_EVT_GATTC_HANDLE_VALUE_NTF\000"
 840      455F4556 
 840      545F4741 
ARM GAS  C:\Users\Intern\AppData\Local\Temp\cc19ED84.s 			page 19


 840      5454435F 
 840      48414E44 
 841              	.LASF22:
 842 04b5 4359424C 		.ascii	"CYBLE_EVT_STACK_BUSY_STATUS\000"
 842      455F4556 
 842      545F5354 
 842      41434B5F 
 842      42555359 
 843              	.LASF27:
 844 04d1 4359424C 		.ascii	"CYBLE_EVT_GAP_PASSKEY_DISPLAY_REQUEST\000"
 844      455F4556 
 844      545F4741 
 844      505F5041 
 844      53534B45 
 845              	.LASF77:
 846 04f7 4359424C 		.ascii	"CYBLE_EVT_L2CAP_CBFC_CONN_CNF\000"
 846      455F4556 
 846      545F4C32 
 846      4341505F 
 846      43424643 
 847              	.LASF41:
 848 0515 4359424C 		.ascii	"CYBLE_EVT_GAP_ENHANCE_CONN_COMPLETE\000"
 848      455F4556 
 848      545F4741 
 848      505F454E 
 848      48414E43 
 849              	.LASF2:
 850 0539 6C6F6E67 		.ascii	"long double\000"
 850      20646F75 
 850      626C6500 
 851              	.LASF73:
 852 0545 4359424C 		.ascii	"CYBLE_EVT_L2CAP_CONN_PARAM_UPDATE_REQ\000"
 852      455F4556 
 852      545F4C32 
 852      4341505F 
 852      434F4E4E 
 853              	.LASF4:
 854 056b 756E7369 		.ascii	"unsigned char\000"
 854      676E6564 
 854      20636861 
 854      7200
 855              	.LASF97:
 856 0579 73797374 		.ascii	"system_enable_interrupts\000"
 856      656D5F65 
 856      6E61626C 
 856      655F696E 
 856      74657272 
 857              	.LASF85:
 858 0592 4359424C 		.ascii	"CYBLE_EVT_LE_PING_AUTH_TIMEOUT\000"
 858      455F4556 
 858      545F4C45 
 858      5F50494E 
 858      475F4155 
 859              	.LASF55:
 860 05b1 4359424C 		.ascii	"CYBLE_EVT_GATTC_FIND_INFO_RSP\000"
 860      455F4556 
 860      545F4741 
ARM GAS  C:\Users\Intern\AppData\Local\Temp\cc19ED84.s 			page 20


 860      5454435F 
 860      46494E44 
 861              	.LASF3:
 862 05cf 7369676E 		.ascii	"signed char\000"
 862      65642063 
 862      68617200 
 863              	.LASF60:
 864 05db 4359424C 		.ascii	"CYBLE_EVT_GATTS_WRITE_REQ\000"
 864      455F4556 
 864      545F4741 
 864      5454535F 
 864      57524954 
 865              	.LASF56:
 866 05f5 4359424C 		.ascii	"CYBLE_EVT_GATTC_FIND_BY_TYPE_VALUE_RSP\000"
 866      455F4556 
 866      545F4741 
 866      5454435F 
 866      46494E44 
 867              	.LASF28:
 868 061c 4359424C 		.ascii	"CYBLE_EVT_GAP_AUTH_COMPLETE\000"
 868      455F4556 
 868      545F4741 
 868      505F4155 
 868      54485F43 
 869              	.LASF0:
 870 0638 756E7369 		.ascii	"unsigned int\000"
 870      676E6564 
 870      20696E74 
 870      00
 871              	.LASF49:
 872 0645 4359424C 		.ascii	"CYBLE_EVT_GATT_CONNECT_IND\000"
 872      455F4556 
 872      545F4741 
 872      54545F43 
 872      4F4E4E45 
 873              	.LASF8:
 874 0660 6C6F6E67 		.ascii	"long unsigned int\000"
 874      20756E73 
 874      69676E65 
 874      6420696E 
 874      7400
 875              	.LASF104:
 876 0672 433A5C55 		.ascii	"C:\\Users\\Intern\\Documents\\GitHub\\UV-Sticker\\P"
 876      73657273 
 876      5C496E74 
 876      65726E5C 
 876      446F6375 
 877 069f 736F635C 		.ascii	"soc\\UV-Project\\UV-SG-TEMP.cydsn\000"
 877      55562D50 
 877      726F6A65 
 877      63745C55 
 877      562D5347 
 878              	.LASF25:
 879 06bf 4359424C 		.ascii	"CYBLE_EVT_GAP_AUTH_REQ\000"
 879      455F4556 
 879      545F4741 
 879      505F4155 
ARM GAS  C:\Users\Intern\AppData\Local\Temp\cc19ED84.s 			page 21


 879      54485F52 
 880              	.LASF90:
 881 06d6 61747449 		.ascii	"attId\000"
 881      6400
 882              	.LASF78:
 883 06dc 4359424C 		.ascii	"CYBLE_EVT_L2CAP_CBFC_DISCONN_IND\000"
 883      455F4556 
 883      545F4C32 
 883      4341505F 
 883      43424643 
 884              	.LASF33:
 885 06fd 4359424C 		.ascii	"CYBLE_EVT_GAP_ENCRYPT_CHANGE\000"
 885      455F4556 
 885      545F4741 
 885      505F454E 
 885      43525950 
 886              	.LASF44:
 887 071a 4359424C 		.ascii	"CYBLE_EVT_GAP_CONN_ESTB\000"
 887      455F4556 
 887      545F4741 
 887      505F434F 
 887      4E4E5F45 
 888              	.LASF72:
 889 0732 4359424C 		.ascii	"CYBLE_EVT_GATTC_LONG_PROCEDURE_END\000"
 889      455F4556 
 889      545F4741 
 889      5454435F 
 889      4C4F4E47 
 890              	.LASF6:
 891 0755 73686F72 		.ascii	"short unsigned int\000"
 891      7420756E 
 891      7369676E 
 891      65642069 
 891      6E7400
 892              	.LASF87:
 893 0768 4359424C 		.ascii	"CYBLE_EVT_FLASH_CORRUPT\000"
 893      455F4556 
 893      545F464C 
 893      4153485F 
 893      434F5252 
 894              	.LASF34:
 895 0780 4359424C 		.ascii	"CYBLE_EVT_GAP_CONNECTION_UPDATE_COMPLETE\000"
 895      455F4556 
 895      545F4741 
 895      505F434F 
 895      4E4E4543 
 896              	.LASF43:
 897 07a9 4359424C 		.ascii	"CYBLE_EVT_GAP_SMP_NEGOTIATED_AUTH_INFO\000"
 897      455F4556 
 897      545F4741 
 897      505F534D 
 897      505F4E45 
 898              	.LASF84:
 899 07d0 4359424C 		.ascii	"CYBLE_EVT_PENDING_FLASH_WRITE\000"
 899      455F4556 
 899      545F5045 
 899      4E44494E 
ARM GAS  C:\Users\Intern\AppData\Local\Temp\cc19ED84.s 			page 22


 899      475F464C 
 900              	.LASF11:
 901 07ee 63686172 		.ascii	"char\000"
 901      00
 902              	.LASF98:
 903 07f3 73797374 		.ascii	"system_init_hardware\000"
 903      656D5F69 
 903      6E69745F 
 903      68617264 
 903      77617265 
 904              	.LASF75:
 905 0808 4359424C 		.ascii	"CYBLE_EVT_L2CAP_COMMAND_REJ\000"
 905      455F4556 
 905      545F4C32 
 905      4341505F 
 905      434F4D4D 
 906              	.LASF12:
 907 0824 75696E74 		.ascii	"uint8\000"
 907      3800
 908              	.LASF13:
 909 082a 75696E74 		.ascii	"uint16\000"
 909      313600
 910              	.LASF58:
 911 0831 4359424C 		.ascii	"CYBLE_EVT_GATTC_READ_BLOB_RSP\000"
 911      455F4556 
 911      545F4741 
 911      5454435F 
 911      52454144 
 912              	.LASF65:
 913 084f 4359424C 		.ascii	"CYBLE_EVT_GATTC_EXEC_WRITE_RSP\000"
 913      455F4556 
 913      545F4741 
 913      5454435F 
 913      45584543 
 914              	.LASF14:
 915 086e 75696E74 		.ascii	"uint32\000"
 915      333200
 916              	.LASF103:
 917 0875 6D61696E 		.ascii	"main.c\000"
 917      2E6300
 918              	.LASF81:
 919 087c 4359424C 		.ascii	"CYBLE_EVT_L2CAP_CBFC_RX_CREDIT_IND\000"
 919      455F4556 
 919      545F4C32 
 919      4341505F 
 919      43424643 
 920              	.LASF16:
 921 089f 646F7562 		.ascii	"double\000"
 921      6C6500
 922              	.LASF91:
 923 08a6 4359424C 		.ascii	"CYBLE_CONN_HANDLE_T\000"
 923      455F434F 
 923      4E4E5F48 
 923      414E444C 
 923      455F5400 
 924              	.LASF82:
 925 08ba 4359424C 		.ascii	"CYBLE_EVT_L2CAP_CBFC_TX_CREDIT_IND\000"
ARM GAS  C:\Users\Intern\AppData\Local\Temp\cc19ED84.s 			page 23


 925      455F4556 
 925      545F4C32 
 925      4341505F 
 925      43424643 
 926              	.LASF45:
 927 08dd 4359424C 		.ascii	"CYBLE_EVT_GAP_SCAN_REQ_RECVD\000"
 927      455F4556 
 927      545F4741 
 927      505F5343 
 927      414E5F52 
 928              	.LASF1:
 929 08fa 6C6F6E67 		.ascii	"long long int\000"
 929      206C6F6E 
 929      6720696E 
 929      7400
 930              	.LASF20:
 931 0908 4359424C 		.ascii	"CYBLE_EVT_HARDWARE_ERROR\000"
 931      455F4556 
 931      545F4841 
 931      52445741 
 931      52455F45 
 932              	.LASF80:
 933 0921 4359424C 		.ascii	"CYBLE_EVT_L2CAP_CBFC_DATA_READ\000"
 933      455F4556 
 933      545F4C32 
 933      4341505F 
 933      43424643 
 934              	.LASF74:
 935 0940 4359424C 		.ascii	"CYBLE_EVT_L2CAP_CONN_PARAM_UPDATE_RSP\000"
 935      455F4556 
 935      545F4C32 
 935      4341505F 
 935      434F4E4E 
 936              	.LASF24:
 937 0966 4359424C 		.ascii	"CYBLE_EVT_GAPC_SCAN_PROGRESS_RESULT\000"
 937      455F4556 
 937      545F4741 
 937      50435F53 
 937      43414E5F 
 938              	.LASF100:
 939 098a 77617463 		.ascii	"watchdog_start\000"
 939      68646F67 
 939      5F737461 
 939      727400
 940              	.LASF53:
 941 0999 4359424C 		.ascii	"CYBLE_EVT_GATTC_READ_BY_GROUP_TYPE_RSP\000"
 941      455F4556 
 941      545F4741 
 941      5454435F 
 941      52454144 
 942              	.LASF62:
 943 09c0 4359424C 		.ascii	"CYBLE_EVT_GATTS_WRITE_CMD_REQ\000"
 943      455F4556 
 943      545F4741 
 943      5454535F 
 943      57524954 
 944              	.LASF99:
ARM GAS  C:\Users\Intern\AppData\Local\Temp\cc19ED84.s 			page 24


 945 09de 626C7565 		.ascii	"bluetooth_start\000"
 945      746F6F74 
 945      685F7374 
 945      61727400 
 946              	.LASF52:
 947 09ee 4359424C 		.ascii	"CYBLE_EVT_GATTC_XCHNG_MTU_RSP\000"
 947      455F4556 
 947      545F4741 
 947      5454435F 
 947      5843484E 
 948              	.LASF19:
 949 0a0c 4359424C 		.ascii	"CYBLE_EVT_TIMEOUT\000"
 949      455F4556 
 949      545F5449 
 949      4D454F55 
 949      5400
 950              	.LASF83:
 951 0a1e 4359424C 		.ascii	"CYBLE_EVT_L2CAP_CBFC_DATA_WRITE_IND\000"
 951      455F4556 
 951      545F4C32 
 951      4341505F 
 951      43424643 
 952              	.LASF35:
 953 0a42 4359424C 		.ascii	"CYBLE_EVT_GAPC_SCAN_START_STOP\000"
 953      455F4556 
 953      545F4741 
 953      50435F53 
 953      43414E5F 
 954              	.LASF88:
 955 0a61 4359424C 		.ascii	"CYBLE_EVT_MAX\000"
 955      455F4556 
 955      545F4D41 
 955      5800
 956              	.LASF71:
 957 0a6f 4359424C 		.ascii	"CYBLE_EVT_GATTS_READ_CHAR_VAL_ACCESS_REQ\000"
 957      455F4556 
 957      545F4741 
 957      5454535F 
 957      52454144 
 958              	.LASF70:
 959 0a98 4359424C 		.ascii	"CYBLE_EVT_GATTC_STOP_CMD_COMPLETE\000"
 959      455F4556 
 959      545F4741 
 959      5454435F 
 959      53544F50 
 960              	.LASF64:
 961 0aba 4359424C 		.ascii	"CYBLE_EVT_GATTS_EXEC_WRITE_REQ\000"
 961      455F4556 
 961      545F4741 
 961      5454535F 
 961      45584543 
 962              	.LASF32:
 963 0ad9 4359424C 		.ascii	"CYBLE_EVT_GAP_DEVICE_DISCONNECTED\000"
 963      455F4556 
 963      545F4741 
 963      505F4445 
 963      56494345 
ARM GAS  C:\Users\Intern\AppData\Local\Temp\cc19ED84.s 			page 25


 964              	.LASF69:
 965 0afb 4359424C 		.ascii	"CYBLE_EVT_GATTS_DATA_SIGNED_CMD_REQ\000"
 965      455F4556 
 965      545F4741 
 965      5454535F 
 965      44415441 
 966              	.LASF86:
 967 0b1f 4359424C 		.ascii	"CYBLE_EVT_HCI_PKT\000"
 967      455F4556 
 967      545F4843 
 967      495F504B 
 967      5400
 968              	.LASF39:
 969 0b31 4359424C 		.ascii	"CYBLE_EVT_GAP_OOB_GENERATED_NOTIFICATION\000"
 969      455F4556 
 969      545F4741 
 969      505F4F4F 
 969      425F4745 
 970              		.ident	"GCC: (GNU Tools for ARM Embedded Processors) 5.4.1 20160609 (release) [ARM/embedded-5-bran
