ARM GAS  C:\Users\Intern\AppData\Local\Temp\ccNFQSqD.s 			page 1


   1              		.syntax unified
   2              		.cpu cortex-m0
   3              		.fpu softvfp
   4              		.eabi_attribute 20, 1
   5              		.eabi_attribute 21, 1
   6              		.eabi_attribute 23, 3
   7              		.eabi_attribute 24, 1
   8              		.eabi_attribute 25, 1
   9              		.eabi_attribute 26, 1
  10              		.eabi_attribute 30, 1
  11              		.eabi_attribute 34, 0
  12              		.eabi_attribute 18, 4
  13              		.thumb
  14              		.syntax unified
  15              		.file	"sg.c"
  16              		.text
  17              	.Ltext0:
  18              		.cfi_sections	.debug_frame
  19              		.global	__aeabi_ui2f
  20              		.global	__aeabi_fmul
  21              		.section	.text.sg_measure,"ax",%progbits
  22              		.align	2
  23              		.global	sg_measure
  24              		.code	16
  25              		.thumb_func
  26              		.type	sg_measure, %function
  27              	sg_measure:
  28              	.LFB63:
  29              		.file 1 "sg.c"
   1:sg.c          **** #include "sg.h"
   2:sg.c          **** 
   3:sg.c          **** float sg_measure()
   4:sg.c          **** {
  30              		.loc 1 4 0
  31              		.cfi_startproc
  32              		@ args = 0, pretend = 0, frame = 0
  33              		@ frame_needed = 0, uses_anonymous_args = 0
  34 0000 10B5     		push	{r4, lr}
  35              		.cfi_def_cfa_offset 8
  36              		.cfi_offset 4, -8
  37              		.cfi_offset 14, -4
  38              	.LVL0:
   5:sg.c          ****     uint32 sg_channel = 0;
   6:sg.c          **** 
   7:sg.c          ****     float adc_counts_float = (float) adc_acquire_channel(sg_channel);
  39              		.loc 1 7 0
  40 0002 0020     		movs	r0, #0
  41 0004 FFF7FEFF 		bl	adc_acquire_channel
  42              	.LVL1:
  43 0008 FFF7FEFF 		bl	__aeabi_ui2f
  44              	.LVL2:
   8:sg.c          ****     float milli_volts = (adc_counts_float*vdd_calibration)/2048; 
  45              		.loc 1 8 0
  46 000c 044B     		ldr	r3, .L2
  47 000e 1968     		ldr	r1, [r3]
  48 0010 FFF7FEFF 		bl	__aeabi_fmul
  49              	.LVL3:
ARM GAS  C:\Users\Intern\AppData\Local\Temp\ccNFQSqD.s 			page 2


  50 0014 E821     		movs	r1, #232
  51 0016 8905     		lsls	r1, r1, #22
  52 0018 FFF7FEFF 		bl	__aeabi_fmul
  53              	.LVL4:
   9:sg.c          ****     return milli_volts;
  10:sg.c          **** }
  54              		.loc 1 10 0
  55              		@ sp needed
  56 001c 10BD     		pop	{r4, pc}
  57              	.L3:
  58 001e C046     		.align	2
  59              	.L2:
  60 0020 00000000 		.word	vdd_calibration
  61              		.cfi_endproc
  62              	.LFE63:
  63              		.size	sg_measure, .-sg_measure
  64              		.global	__aeabi_fsub
  65              		.global	__aeabi_fadd
  66              		.global	__aeabi_fdiv
  67              		.section	.text.sg_get_strain,"ax",%progbits
  68              		.align	2
  69              		.global	sg_get_strain
  70              		.code	16
  71              		.thumb_func
  72              		.type	sg_get_strain, %function
  73              	sg_get_strain:
  74              	.LFB64:
  11:sg.c          **** 
  12:sg.c          **** float sg_get_strain()
  13:sg.c          **** {
  75              		.loc 1 13 0
  76              		.cfi_startproc
  77              		@ args = 0, pretend = 0, frame = 0
  78              		@ frame_needed = 0, uses_anonymous_args = 0
  79 0000 70B5     		push	{r4, r5, r6, lr}
  80              		.cfi_def_cfa_offset 16
  81              		.cfi_offset 4, -16
  82              		.cfi_offset 5, -12
  83              		.cfi_offset 6, -8
  84              		.cfi_offset 14, -4
  14:sg.c          ****     float sg_mv = sg_measure(); //Measure Raw ADC value from Strain Guage Port
  85              		.loc 1 14 0
  86 0002 FFF7FEFF 		bl	sg_measure
  87              	.LVL5:
  15:sg.c          ****     float v_out = sg_mv - amp_iov[1] - amp_ibc[1]*sg_resistors[1]; //Get PhotoDiode Voltage, subtra
  88              		.loc 1 15 0
  89 0006 134B     		ldr	r3, .L5
  90 0008 5968     		ldr	r1, [r3, #4]
  91 000a FFF7FEFF 		bl	__aeabi_fsub
  92              	.LVL6:
  93 000e 051C     		adds	r5, r0, #0
  94 0010 114B     		ldr	r3, .L5+4
  95 0012 5868     		ldr	r0, [r3, #4]
  96 0014 114C     		ldr	r4, .L5+8
  97 0016 6168     		ldr	r1, [r4, #4]
  98 0018 FFF7FEFF 		bl	__aeabi_fmul
  99              	.LVL7:
ARM GAS  C:\Users\Intern\AppData\Local\Temp\ccNFQSqD.s 			page 3


 100 001c 011C     		adds	r1, r0, #0
 101 001e 281C     		adds	r0, r5, #0
 102 0020 FFF7FEFF 		bl	__aeabi_fsub
 103              	.LVL8:
 104 0024 061C     		adds	r6, r0, #0
 105              	.LVL9:
  16:sg.c          ****     float gain = (1 + 2 * sg_resistors[6] / sg_resistors[8]); //Calculating Gain from Strain Guage 
 106              		.loc 1 16 0
 107 0026 A169     		ldr	r1, [r4, #24]
 108 0028 081C     		adds	r0, r1, #0
 109              	.LVL10:
 110 002a FFF7FEFF 		bl	__aeabi_fadd
 111              	.LVL11:
 112 002e 216A     		ldr	r1, [r4, #32]
 113 0030 FFF7FEFF 		bl	__aeabi_fdiv
 114              	.LVL12:
 115 0034 FE21     		movs	r1, #254
 116 0036 8905     		lsls	r1, r1, #22
 117 0038 FFF7FEFF 		bl	__aeabi_fadd
 118              	.LVL13:
 119 003c 051C     		adds	r5, r0, #0
 120              	.LVL14:
  17:sg.c          ****     float sg_current = v_out/sg_resistors[2]; //Getting PhotoDiode Current from PhotoDiode Voltage
 121              		.loc 1 17 0
 122 003e A168     		ldr	r1, [r4, #8]
 123 0040 301C     		adds	r0, r6, #0
 124              	.LVL15:
 125 0042 FFF7FEFF 		bl	__aeabi_fdiv
 126              	.LVL16:
  18:sg.c          ****     float sg_strain = sg_current/sg_resistors[3]/gain; //Getting Power Density from PhotoDiode
 127              		.loc 1 18 0
 128 0046 E168     		ldr	r1, [r4, #12]
 129 0048 FFF7FEFF 		bl	__aeabi_fdiv
 130              	.LVL17:
 131 004c 291C     		adds	r1, r5, #0
 132 004e FFF7FEFF 		bl	__aeabi_fdiv
 133              	.LVL18:
  19:sg.c          ****     return sg_strain; //Returning Strain Guage Percent Change(%)
  20:sg.c          **** }
 134              		.loc 1 20 0
 135              		@ sp needed
 136              	.LVL19:
 137              	.LVL20:
 138 0052 70BD     		pop	{r4, r5, r6, pc}
 139              	.L6:
 140              		.align	2
 141              	.L5:
 142 0054 00000000 		.word	amp_iov
 143 0058 00000000 		.word	amp_ibc
 144 005c 00000000 		.word	sg_resistors
 145              		.cfi_endproc
 146              	.LFE64:
 147              		.size	sg_get_strain, .-sg_get_strain
 148              		.global	__aeabi_f2d
 149              		.section	.text.sg_get_strain_string,"ax",%progbits
 150              		.align	2
 151              		.global	sg_get_strain_string
ARM GAS  C:\Users\Intern\AppData\Local\Temp\ccNFQSqD.s 			page 4


 152              		.code	16
 153              		.thumb_func
 154              		.type	sg_get_strain_string, %function
 155              	sg_get_strain_string:
 156              	.LFB65:
  21:sg.c          **** 
  22:sg.c          **** void sg_get_strain_string(char *sg_strain_string)
  23:sg.c          **** {
 157              		.loc 1 23 0
 158              		.cfi_startproc
 159              		@ args = 0, pretend = 0, frame = 0
 160              		@ frame_needed = 0, uses_anonymous_args = 0
 161              	.LVL21:
 162 0000 10B5     		push	{r4, lr}
 163              		.cfi_def_cfa_offset 8
 164              		.cfi_offset 4, -8
 165              		.cfi_offset 14, -4
 166 0002 0400     		movs	r4, r0
  24:sg.c          ****     float sg_strain = sg_get_strain(); //Returns the Strain Guage Percent Change
 167              		.loc 1 24 0
 168 0004 FFF7FEFF 		bl	sg_get_strain
 169              	.LVL22:
  25:sg.c          ****     sprintf(sg_strain_string, "%.4f", sg_strain); //Places the Float Value of Strain Guage in Strin
 170              		.loc 1 25 0
 171 0008 FFF7FEFF 		bl	__aeabi_f2d
 172              	.LVL23:
 173 000c 0200     		movs	r2, r0
 174 000e 0B00     		movs	r3, r1
 175 0010 0249     		ldr	r1, .L8
 176 0012 2000     		movs	r0, r4
 177 0014 FFF7FEFF 		bl	sprintf
 178              	.LVL24:
  26:sg.c          **** }
 179              		.loc 1 26 0
 180              		@ sp needed
 181              	.LVL25:
 182 0018 10BD     		pop	{r4, pc}
 183              	.L9:
 184 001a C046     		.align	2
 185              	.L8:
 186 001c 00000000 		.word	.LC4
 187              		.cfi_endproc
 188              	.LFE65:
 189              		.size	sg_get_strain_string, .-sg_get_strain_string
 190              		.section	.text.sg_uart,"ax",%progbits
 191              		.align	2
 192              		.global	sg_uart
 193              		.code	16
 194              		.thumb_func
 195              		.type	sg_uart, %function
 196              	sg_uart:
 197              	.LFB66:
  27:sg.c          **** 
  28:sg.c          **** void sg_uart()
  29:sg.c          **** {
 198              		.loc 1 29 0
 199              		.cfi_startproc
ARM GAS  C:\Users\Intern\AppData\Local\Temp\ccNFQSqD.s 			page 5


 200              		@ args = 0, pretend = 0, frame = 16
 201              		@ frame_needed = 0, uses_anonymous_args = 0
 202 0000 10B5     		push	{r4, lr}
 203              		.cfi_def_cfa_offset 8
 204              		.cfi_offset 4, -8
 205              		.cfi_offset 14, -4
 206 0002 84B0     		sub	sp, sp, #16
 207              		.cfi_def_cfa_offset 24
  30:sg.c          ****     char sg_strain_string[5]; //Initializes the Character Array
  31:sg.c          ****     sg_get_strain_string(sg_strain_string); //Places the strain guage percent change in Character V
 208              		.loc 1 31 0
 209 0004 02A8     		add	r0, sp, #8
 210 0006 FFF7FEFF 		bl	sg_get_strain_string
 211              	.LVL26:
  32:sg.c          **** 
  33:sg.c          ****     char sg_uart_string[7]; //Stores UV Photodiode Power Density in Message
  34:sg.c          ****     sg_uart_string[0] = 's'; //Places an s as the first element in the arrray
 212              		.loc 1 34 0
 213 000a 7323     		movs	r3, #115
 214 000c 6A46     		mov	r2, sp
 215 000e 1370     		strb	r3, [r2]
  35:sg.c          ****     sg_uart_string[6] = '\n'; //Places a new line character in the last spot in the array
 216              		.loc 1 35 0
 217 0010 693B     		subs	r3, r3, #105
 218 0012 9371     		strb	r3, [r2, #6]
 219              	.LVL27:
 220              	.LBB2:
  36:sg.c          ****     
  37:sg.c          ****     //Placing Value in Packet between new message carrier and last message carrier
  38:sg.c          ****     for(unsigned int j = 1; j<strlen(sg_strain_string); j++)
 221              		.loc 1 38 0
 222 0014 0124     		movs	r4, #1
 223 0016 05E0     		b	.L11
 224              	.LVL28:
 225              	.L12:
  39:sg.c          ****     {
  40:sg.c          ****         sg_uart_string[j] = sg_strain_string[j-1];    
 226              		.loc 1 40 0 discriminator 3
 227 0018 631E     		subs	r3, r4, #1
 228 001a 02AA     		add	r2, sp, #8
 229 001c D35C     		ldrb	r3, [r2, r3]
 230 001e 6A46     		mov	r2, sp
 231 0020 1355     		strb	r3, [r2, r4]
  38:sg.c          ****     {
 232              		.loc 1 38 0 discriminator 3
 233 0022 0134     		adds	r4, r4, #1
 234              	.LVL29:
 235              	.L11:
  38:sg.c          ****     {
 236              		.loc 1 38 0 is_stmt 0 discriminator 1
 237 0024 02A8     		add	r0, sp, #8
 238 0026 FFF7FEFF 		bl	strlen
 239              	.LVL30:
 240 002a 8442     		cmp	r4, r0
 241 002c F4D3     		bcc	.L12
 242 002e 0024     		movs	r4, #0
 243              	.LVL31:
ARM GAS  C:\Users\Intern\AppData\Local\Temp\ccNFQSqD.s 			page 6


 244 0030 04E0     		b	.L13
 245              	.LVL32:
 246              	.L14:
 247              	.LBE2:
 248              	.LBB3:
 249              	.LBB4:
  41:sg.c          ****     }
  42:sg.c          ****     
  43:sg.c          ****     //Sends the Value over UART
  44:sg.c          ****     for(unsigned int i = 0; i<strlen(sg_strain_string); i++)
  45:sg.c          ****     {
  46:sg.c          ****         UART_UartPutChar(sg_uart_string[i]);           
 250              		.loc 1 46 0 is_stmt 1 discriminator 3
 251 0032 6B46     		mov	r3, sp
 252 0034 185D     		ldrb	r0, [r3, r4]
 253 0036 FFF7FEFF 		bl	UART_UartPutChar
 254              	.LVL33:
 255              	.LBE4:
  44:sg.c          ****     {
 256              		.loc 1 44 0 discriminator 3
 257 003a 0134     		adds	r4, r4, #1
 258              	.LVL34:
 259              	.L13:
  44:sg.c          ****     {
 260              		.loc 1 44 0 is_stmt 0 discriminator 1
 261 003c 02A8     		add	r0, sp, #8
 262 003e FFF7FEFF 		bl	strlen
 263              	.LVL35:
 264 0042 8442     		cmp	r4, r0
 265 0044 F5D3     		bcc	.L14
 266              	.LBE3:
  47:sg.c          ****     } 
  48:sg.c          **** }
 267              		.loc 1 48 0 is_stmt 1
 268 0046 04B0     		add	sp, sp, #16
 269              		@ sp needed
 270              	.LVL36:
 271 0048 10BD     		pop	{r4, pc}
 272              		.cfi_endproc
 273              	.LFE66:
 274              		.size	sg_uart, .-sg_uart
 275              		.global	__aeabi_f2uiz
 276 004a C046     		.section	.text.update_sg,"ax",%progbits
 277              		.align	2
 278              		.global	update_sg
 279              		.code	16
 280              		.thumb_func
 281              		.type	update_sg, %function
 282              	update_sg:
 283              	.LFB67:
  49:sg.c          **** 
  50:sg.c          **** //Reads the state of the LED and writes that value into the GATT Database
  51:sg.c          **** void update_sg()
  52:sg.c          **** {
 284              		.loc 1 52 0
 285              		.cfi_startproc
 286              		@ args = 0, pretend = 0, frame = 16
ARM GAS  C:\Users\Intern\AppData\Local\Temp\ccNFQSqD.s 			page 7


 287              		@ frame_needed = 0, uses_anonymous_args = 0
 288 0000 30B5     		push	{r4, r5, lr}
 289              		.cfi_def_cfa_offset 12
 290              		.cfi_offset 4, -12
 291              		.cfi_offset 5, -8
 292              		.cfi_offset 14, -4
 293 0002 85B0     		sub	sp, sp, #20
 294              		.cfi_def_cfa_offset 32
  53:sg.c          ****     CYBLE_GATTS_HANDLE_VALUE_NTF_T tempHandle; //Temporary BLE Handle
  54:sg.c          ****     
  55:sg.c          ****     //If not connected, no need to update GATT Database/Server
  56:sg.c          ****     if(CyBle_GetState() != CYBLE_STATE_CONNECTED)
 295              		.loc 1 56 0
 296 0004 104B     		ldr	r3, .L18
 297 0006 1B78     		ldrb	r3, [r3]
 298 0008 022B     		cmp	r3, #2
 299 000a 1AD1     		bne	.L15
  57:sg.c          ****     {
  58:sg.c          ****         return; //Leaves the function updateCapsense()
  59:sg.c          ****     }
  60:sg.c          ****     uint16 strain_guage = (uint16) sg_get_strain();
 300              		.loc 1 60 0
 301 000c FFF7FEFF 		bl	sg_get_strain
 302              	.LVL37:
 303 0010 FFF7FEFF 		bl	__aeabi_f2uiz
 304              	.LVL38:
 305 0014 6B46     		mov	r3, sp
 306 0016 5880     		strh	r0, [r3, #2]
 307 0018 0233     		adds	r3, r3, #2
  61:sg.c          ****     tempHandle.attrHandle = CYBLE_BATTERY_BATTERY_LEVEL_CHAR_HANDLE;
 308              		.loc 1 61 0
 309 001a 01AC     		add	r4, sp, #4
 310 001c 1922     		movs	r2, #25
 311 001e 2281     		strh	r2, [r4, #8]
  62:sg.c          ****     //Cast it into a 8 bit integer pointer
  63:sg.c          ****     tempHandle.value.val = (uint8 *)&strain_guage; //Storing the Strain Guage Value
 312              		.loc 1 63 0
 313 0020 0193     		str	r3, [sp, #4]
  64:sg.c          ****     tempHandle.value.len = 2; //Uint16 value is stored as 2 8 bit integer
 314              		.loc 1 64 0
 315 0022 0223     		movs	r3, #2
 316 0024 A380     		strh	r3, [r4, #4]
  65:sg.c          ****     CyBle_GattsWriteAttributeValue(&tempHandle, 0, &cyBle_connHandle, 0); //Writing new value to Ga
 317              		.loc 1 65 0
 318 0026 094D     		ldr	r5, .L18+4
 319 0028 0023     		movs	r3, #0
 320 002a 2A00     		movs	r2, r5
 321 002c 0021     		movs	r1, #0
 322 002e 2000     		movs	r0, r4
 323 0030 FFF7FEFF 		bl	CyBle_GattsWriteAttributeValue
 324              	.LVL39:
  66:sg.c          ****     CyBle_GattsNotification(cyBle_connHandle, &tempHandle); //Sends out Notification to Gatt Centra
 325              		.loc 1 66 0
 326 0034 2B78     		ldrb	r3, [r5]
 327 0036 6878     		ldrb	r0, [r5, #1]
 328 0038 0002     		lsls	r0, r0, #8
 329 003a 1843     		orrs	r0, r3
ARM GAS  C:\Users\Intern\AppData\Local\Temp\ccNFQSqD.s 			page 8


 330 003c 2100     		movs	r1, r4
 331 003e FFF7FEFF 		bl	CyBle_GattsNotification
 332              	.LVL40:
 333              	.L15:
  67:sg.c          **** }...
 334              		.loc 1 67 0
 335 0042 05B0     		add	sp, sp, #20
 336              		@ sp needed
 337 0044 30BD     		pop	{r4, r5, pc}
 338              	.L19:
 339 0046 C046     		.align	2
 340              	.L18:
 341 0048 00000000 		.word	cyBle_state
 342 004c 00000000 		.word	cyBle_connHandle
 343              		.cfi_endproc
 344              	.LFE67:
 345              		.size	update_sg, .-update_sg
 346              		.section	.rodata.str1.4,"aMS",%progbits,1
 347              		.align	2
 348              	.LC4:
 349 0000 252E3466 		.ascii	"%.4f\000"
 349      00
 350              		.text
 351              	.Letext0:
 352              		.file 2 "Generated_Source\\PSoC4/cytypes.h"
 353              		.file 3 "Generated_Source\\PSoC4/BLE_StackGatt.h"
 354              		.file 4 "Generated_Source\\PSoC4/BLE_StackGattServer.h"
 355              		.file 5 "Generated_Source\\PSoC4/BLE_eventHandler.h"
 356              		.file 6 "Generated_Source\\PSoC4/RTC.h"
 357              		.file 7 "system.h"
 358              		.file 8 "c:\\program files (x86)\\cypress\\psoc creator\\4.2\\psoc creator\\import\\gnu\\arm\\5.4.
 359              		.file 9 "c:\\program files (x86)\\cypress\\psoc creator\\4.2\\psoc creator\\import\\gnu\\arm\\5.4.
 360              		.file 10 "Generated_Source\\PSoC4/BLE_StackGattDb.h"
 361              		.section	.debug_info,"",%progbits
 362              	.Ldebug_info0:
 363 0000 E4040000 		.4byte	0x4e4
 364 0004 0400     		.2byte	0x4
 365 0006 00000000 		.4byte	.Ldebug_abbrev0
 366 000a 04       		.byte	0x4
 367 000b 01       		.uleb128 0x1
 368 000c AF000000 		.4byte	.LASF62
 369 0010 0C       		.byte	0xc
 370 0011 45000000 		.4byte	.LASF63
 371 0015 90020000 		.4byte	.LASF64
 372 0019 00000000 		.4byte	.Ldebug_ranges0+0
 373 001d 00000000 		.4byte	0
 374 0021 00000000 		.4byte	.Ldebug_line0
 375 0025 02       		.uleb128 0x2
 376 0026 04       		.byte	0x4
 377 0027 05       		.byte	0x5
 378 0028 696E7400 		.ascii	"int\000"
 379 002c 03       		.uleb128 0x3
 380 002d 04       		.byte	0x4
 381 002e 07       		.byte	0x7
 382 002f 83020000 		.4byte	.LASF0
 383 0033 03       		.uleb128 0x3
 384 0034 08       		.byte	0x8
ARM GAS  C:\Users\Intern\AppData\Local\Temp\ccNFQSqD.s 			page 9


 385 0035 05       		.byte	0x5
 386 0036 A4010000 		.4byte	.LASF1
 387 003a 03       		.uleb128 0x3
 388 003b 08       		.byte	0x8
 389 003c 04       		.byte	0x4
 390 003d 00000000 		.4byte	.LASF2
 391 0041 03       		.uleb128 0x3
 392 0042 01       		.byte	0x1
 393 0043 06       		.byte	0x6
 394 0044 60020000 		.4byte	.LASF3
 395 0048 03       		.uleb128 0x3
 396 0049 01       		.byte	0x1
 397 004a 08       		.byte	0x8
 398 004b 29020000 		.4byte	.LASF4
 399 004f 03       		.uleb128 0x3
 400 0050 02       		.byte	0x2
 401 0051 05       		.byte	0x5
 402 0052 0C000000 		.4byte	.LASF5
 403 0056 03       		.uleb128 0x3
 404 0057 02       		.byte	0x2
 405 0058 07       		.byte	0x7
 406 0059 09030000 		.4byte	.LASF6
 407 005d 03       		.uleb128 0x3
 408 005e 04       		.byte	0x4
 409 005f 05       		.byte	0x5
 410 0060 E2010000 		.4byte	.LASF7
 411 0064 03       		.uleb128 0x3
 412 0065 04       		.byte	0x4
 413 0066 07       		.byte	0x7
 414 0067 8B030000 		.4byte	.LASF8
 415 006b 03       		.uleb128 0x3
 416 006c 08       		.byte	0x8
 417 006d 07       		.byte	0x7
 418 006e 6C020000 		.4byte	.LASF9
 419 0072 03       		.uleb128 0x3
 420 0073 04       		.byte	0x4
 421 0074 07       		.byte	0x7
 422 0075 16000000 		.4byte	.LASF10
 423 0079 04       		.uleb128 0x4
 424 007a 04       		.byte	0x4
 425 007b 7F000000 		.4byte	0x7f
 426 007f 03       		.uleb128 0x3
 427 0080 01       		.byte	0x1
 428 0081 08       		.byte	0x8
 429 0082 1C030000 		.4byte	.LASF11
 430 0086 05       		.uleb128 0x5
 431 0087 64010000 		.4byte	.LASF12
 432 008b 02       		.byte	0x2
 433 008c E401     		.2byte	0x1e4
 434 008e 48000000 		.4byte	0x48
 435 0092 05       		.uleb128 0x5
 436 0093 A8000000 		.4byte	.LASF13
 437 0097 02       		.byte	0x2
 438 0098 E501     		.2byte	0x1e5
 439 009a 56000000 		.4byte	0x56
 440 009e 05       		.uleb128 0x5
 441 009f 84030000 		.4byte	.LASF14
ARM GAS  C:\Users\Intern\AppData\Local\Temp\ccNFQSqD.s 			page 10


 442 00a3 02       		.byte	0x2
 443 00a4 E601     		.2byte	0x1e6
 444 00a6 64000000 		.4byte	0x64
 445 00aa 03       		.uleb128 0x3
 446 00ab 04       		.byte	0x4
 447 00ac 04       		.byte	0x4
 448 00ad 93010000 		.4byte	.LASF15
 449 00b1 03       		.uleb128 0x3
 450 00b2 08       		.byte	0x8
 451 00b3 04       		.byte	0x4
 452 00b4 A8030000 		.4byte	.LASF16
 453 00b8 04       		.uleb128 0x4
 454 00b9 04       		.byte	0x4
 455 00ba 86000000 		.4byte	0x86
 456 00be 05       		.uleb128 0x5
 457 00bf 26040000 		.4byte	.LASF17
 458 00c3 03       		.byte	0x3
 459 00c4 8901     		.2byte	0x189
 460 00c6 92000000 		.4byte	0x92
 461 00ca 06       		.uleb128 0x6
 462 00cb 02       		.byte	0x2
 463 00cc 03       		.byte	0x3
 464 00cd 9301     		.2byte	0x193
 465 00cf EE000000 		.4byte	0xee
 466 00d3 07       		.uleb128 0x7
 467 00d4 7B010000 		.4byte	.LASF18
 468 00d8 03       		.byte	0x3
 469 00d9 9A01     		.2byte	0x19a
 470 00db 86000000 		.4byte	0x86
 471 00df 00       		.byte	0
 472 00e0 07       		.uleb128 0x7
 473 00e1 FB010000 		.4byte	.LASF19
 474 00e5 03       		.byte	0x3
 475 00e6 A001     		.2byte	0x1a0
 476 00e8 86000000 		.4byte	0x86
 477 00ec 01       		.byte	0x1
 478 00ed 00       		.byte	0
 479 00ee 05       		.uleb128 0x5
 480 00ef AF030000 		.4byte	.LASF20
 481 00f3 03       		.byte	0x3
 482 00f4 A201     		.2byte	0x1a2
 483 00f6 CA000000 		.4byte	0xca
 484 00fa 06       		.uleb128 0x6
 485 00fb 08       		.byte	0x8
 486 00fc 03       		.byte	0x3
 487 00fd BE01     		.2byte	0x1be
 488 00ff 2B010000 		.4byte	0x12b
 489 0103 08       		.uleb128 0x8
 490 0104 76616C00 		.ascii	"val\000"
 491 0108 03       		.byte	0x3
 492 0109 C101     		.2byte	0x1c1
 493 010b B8000000 		.4byte	0xb8
 494 010f 00       		.byte	0
 495 0110 08       		.uleb128 0x8
 496 0111 6C656E00 		.ascii	"len\000"
 497 0115 03       		.byte	0x3
 498 0116 C401     		.2byte	0x1c4
ARM GAS  C:\Users\Intern\AppData\Local\Temp\ccNFQSqD.s 			page 11


 499 0118 92000000 		.4byte	0x92
 500 011c 04       		.byte	0x4
 501 011d 07       		.uleb128 0x7
 502 011e FA030000 		.4byte	.LASF21
 503 0122 03       		.byte	0x3
 504 0123 CB01     		.2byte	0x1cb
 505 0125 92000000 		.4byte	0x92
 506 0129 06       		.byte	0x6
 507 012a 00       		.byte	0
 508 012b 05       		.uleb128 0x5
 509 012c 21030000 		.4byte	.LASF22
 510 0130 03       		.byte	0x3
 511 0131 CD01     		.2byte	0x1cd
 512 0133 FA000000 		.4byte	0xfa
 513 0137 06       		.uleb128 0x6
 514 0138 0C       		.byte	0xc
 515 0139 03       		.byte	0x3
 516 013a D001     		.2byte	0x1d0
 517 013c 5B010000 		.4byte	0x15b
 518 0140 07       		.uleb128 0x7
 519 0141 A2000000 		.4byte	.LASF23
 520 0145 03       		.byte	0x3
 521 0146 D301     		.2byte	0x1d3
 522 0148 2B010000 		.4byte	0x12b
 523 014c 00       		.byte	0
 524 014d 07       		.uleb128 0x7
 525 014e 9D030000 		.4byte	.LASF24
 526 0152 03       		.byte	0x3
 527 0153 D601     		.2byte	0x1d6
 528 0155 BE000000 		.4byte	0xbe
 529 0159 08       		.byte	0x8
 530 015a 00       		.byte	0
 531 015b 05       		.uleb128 0x5
 532 015c C3030000 		.4byte	.LASF25
 533 0160 03       		.byte	0x3
 534 0161 D801     		.2byte	0x1d8
 535 0163 37010000 		.4byte	0x137
 536 0167 09       		.uleb128 0x9
 537 0168 B2010000 		.4byte	.LASF26
 538 016c 04       		.byte	0x4
 539 016d 34       		.byte	0x34
 540 016e 5B010000 		.4byte	0x15b
 541 0172 0A       		.uleb128 0xa
 542 0173 01       		.byte	0x1
 543 0174 48000000 		.4byte	0x48
 544 0178 05       		.byte	0x5
 545 0179 5A08     		.2byte	0x85a
 546 017b 9E010000 		.4byte	0x19e
 547 017f 0B       		.uleb128 0xb
 548 0180 78000000 		.4byte	.LASF27
 549 0184 00       		.byte	0
 550 0185 0B       		.uleb128 0xb
 551 0186 34030000 		.4byte	.LASF28
 552 018a 01       		.byte	0x1
 553 018b 0B       		.uleb128 0xb
 554 018c 8C000000 		.4byte	.LASF29
 555 0190 02       		.byte	0x2
ARM GAS  C:\Users\Intern\AppData\Local\Temp\ccNFQSqD.s 			page 12


 556 0191 0B       		.uleb128 0xb
 557 0192 6C030000 		.4byte	.LASF30
 558 0196 03       		.byte	0x3
 559 0197 0B       		.uleb128 0xb
 560 0198 DD020000 		.4byte	.LASF31
 561 019c 04       		.byte	0x4
 562 019d 00       		.byte	0
 563 019e 05       		.uleb128 0x5
 564 019f F6020000 		.4byte	.LASF32
 565 01a3 05       		.byte	0x5
 566 01a4 6808     		.2byte	0x868
 567 01a6 72010000 		.4byte	0x172
 568 01aa 0C       		.uleb128 0xc
 569 01ab 99010000 		.4byte	.LASF36
 570 01af 01       		.byte	0x1
 571 01b0 03       		.byte	0x3
 572 01b1 AA000000 		.4byte	0xaa
 573 01b5 00000000 		.4byte	.LFB63
 574 01b9 24000000 		.4byte	.LFE63-.LFB63
 575 01bd 01       		.uleb128 0x1
 576 01be 9C       		.byte	0x9c
 577 01bf FB010000 		.4byte	0x1fb
 578 01c3 0D       		.uleb128 0xd
 579 01c4 16020000 		.4byte	.LASF33
 580 01c8 01       		.byte	0x1
 581 01c9 05       		.byte	0x5
 582 01ca 9E000000 		.4byte	0x9e
 583 01ce 00       		.byte	0
 584 01cf 0E       		.uleb128 0xe
 585 01d0 D1010000 		.4byte	.LASF34
 586 01d4 01       		.byte	0x1
 587 01d5 07       		.byte	0x7
 588 01d6 AA000000 		.4byte	0xaa
 589 01da 00000000 		.4byte	.LLST0
 590 01de 0F       		.uleb128 0xf
 591 01df 4D030000 		.4byte	.LASF35
 592 01e3 01       		.byte	0x1
 593 01e4 08       		.byte	0x8
 594 01e5 AA000000 		.4byte	0xaa
 595 01e9 01       		.uleb128 0x1
 596 01ea 50       		.byte	0x50
 597 01eb 10       		.uleb128 0x10
 598 01ec 08000000 		.4byte	.LVL1
 599 01f0 A4040000 		.4byte	0x4a4
 600 01f4 11       		.uleb128 0x11
 601 01f5 01       		.uleb128 0x1
 602 01f6 50       		.byte	0x50
 603 01f7 01       		.uleb128 0x1
 604 01f8 30       		.byte	0x30
 605 01f9 00       		.byte	0
 606 01fa 00       		.byte	0
 607 01fb 0C       		.uleb128 0xc
 608 01fc 56010000 		.4byte	.LASF37
 609 0200 01       		.byte	0x1
 610 0201 0C       		.byte	0xc
 611 0202 AA000000 		.4byte	0xaa
 612 0206 00000000 		.4byte	.LFB64
ARM GAS  C:\Users\Intern\AppData\Local\Temp\ccNFQSqD.s 			page 13


 613 020a 60000000 		.4byte	.LFE64-.LFB64
 614 020e 01       		.uleb128 0x1
 615 020f 9C       		.byte	0x9c
 616 0210 67020000 		.4byte	0x267
 617 0214 0E       		.uleb128 0xe
 618 0215 4A000000 		.4byte	.LASF38
 619 0219 01       		.byte	0x1
 620 021a 0E       		.byte	0xe
 621 021b AA000000 		.4byte	0xaa
 622 021f 13000000 		.4byte	.LLST1
 623 0223 0E       		.uleb128 0xe
 624 0224 F5010000 		.4byte	.LASF39
 625 0228 01       		.byte	0x1
 626 0229 0F       		.byte	0xf
 627 022a AA000000 		.4byte	0xaa
 628 022e 26000000 		.4byte	.LLST2
 629 0232 0E       		.uleb128 0xe
 630 0233 04030000 		.4byte	.LASF40
 631 0237 01       		.byte	0x1
 632 0238 10       		.byte	0x10
 633 0239 AA000000 		.4byte	0xaa
 634 023d 44000000 		.4byte	.LLST3
 635 0241 0E       		.uleb128 0xe
 636 0242 EF030000 		.4byte	.LASF41
 637 0246 01       		.byte	0x1
 638 0247 11       		.byte	0x11
 639 0248 AA000000 		.4byte	0xaa
 640 024c 62000000 		.4byte	.LLST4
 641 0250 0F       		.uleb128 0xf
 642 0251 04040000 		.4byte	.LASF42
 643 0255 01       		.byte	0x1
 644 0256 12       		.byte	0x12
 645 0257 AA000000 		.4byte	0xaa
 646 025b 01       		.uleb128 0x1
 647 025c 50       		.byte	0x50
 648 025d 12       		.uleb128 0x12
 649 025e 06000000 		.4byte	.LVL5
 650 0262 AA010000 		.4byte	0x1aa
 651 0266 00       		.byte	0
 652 0267 13       		.uleb128 0x13
 653 0268 01020000 		.4byte	.LASF65
 654 026c 01       		.byte	0x1
 655 026d 16       		.byte	0x16
 656 026e 00000000 		.4byte	.LFB65
 657 0272 20000000 		.4byte	.LFE65-.LFB65
 658 0276 01       		.uleb128 0x1
 659 0277 9C       		.byte	0x9c
 660 0278 BD020000 		.4byte	0x2bd
 661 027c 14       		.uleb128 0x14
 662 027d 67000000 		.4byte	.LASF43
 663 0281 01       		.byte	0x1
 664 0282 16       		.byte	0x16
 665 0283 79000000 		.4byte	0x79
 666 0287 75000000 		.4byte	.LLST5
 667 028b 0E       		.uleb128 0xe
 668 028c 04040000 		.4byte	.LASF42
 669 0290 01       		.byte	0x1
ARM GAS  C:\Users\Intern\AppData\Local\Temp\ccNFQSqD.s 			page 14


 670 0291 18       		.byte	0x18
 671 0292 AA000000 		.4byte	0xaa
 672 0296 A1000000 		.4byte	.LLST6
 673 029a 12       		.uleb128 0x12
 674 029b 08000000 		.4byte	.LVL22
 675 029f FB010000 		.4byte	0x1fb
 676 02a3 10       		.uleb128 0x10
 677 02a4 18000000 		.4byte	.LVL24
 678 02a8 AF040000 		.4byte	0x4af
 679 02ac 11       		.uleb128 0x11
 680 02ad 01       		.uleb128 0x1
 681 02ae 50       		.byte	0x50
 682 02af 02       		.uleb128 0x2
 683 02b0 74       		.byte	0x74
 684 02b1 00       		.sleb128 0
 685 02b2 11       		.uleb128 0x11
 686 02b3 01       		.uleb128 0x1
 687 02b4 51       		.byte	0x51
 688 02b5 05       		.uleb128 0x5
 689 02b6 03       		.byte	0x3
 690 02b7 00000000 		.4byte	.LC4
 691 02bb 00       		.byte	0
 692 02bc 00       		.byte	0
 693 02bd 15       		.uleb128 0x15
 694 02be 56040000 		.4byte	.LASF45
 695 02c2 01       		.byte	0x1
 696 02c3 1C       		.byte	0x1c
 697 02c4 00000000 		.4byte	.LFB66
 698 02c8 4A000000 		.4byte	.LFE66-.LFB66
 699 02cc 01       		.uleb128 0x1
 700 02cd 9C       		.byte	0x9c
 701 02ce 8C030000 		.4byte	0x38c
 702 02d2 0F       		.uleb128 0xf
 703 02d3 67000000 		.4byte	.LASF43
 704 02d7 01       		.byte	0x1
 705 02d8 1E       		.byte	0x1e
 706 02d9 8C030000 		.4byte	0x38c
 707 02dd 02       		.uleb128 0x2
 708 02de 91       		.byte	0x91
 709 02df 70       		.sleb128 -16
 710 02e0 0F       		.uleb128 0xf
 711 02e1 84010000 		.4byte	.LASF44
 712 02e5 01       		.byte	0x1
 713 02e6 21       		.byte	0x21
 714 02e7 9C030000 		.4byte	0x39c
 715 02eb 02       		.uleb128 0x2
 716 02ec 91       		.byte	0x91
 717 02ed 68       		.sleb128 -24
 718 02ee 16       		.uleb128 0x16
 719 02ef 14000000 		.4byte	.LBB2
 720 02f3 1E000000 		.4byte	.LBE2-.LBB2
 721 02f7 19030000 		.4byte	0x319
 722 02fb 17       		.uleb128 0x17
 723 02fc 6A00     		.ascii	"j\000"
 724 02fe 01       		.byte	0x1
 725 02ff 26       		.byte	0x26
 726 0300 2C000000 		.4byte	0x2c
ARM GAS  C:\Users\Intern\AppData\Local\Temp\ccNFQSqD.s 			page 15


 727 0304 B4000000 		.4byte	.LLST7
 728 0308 10       		.uleb128 0x10
 729 0309 2A000000 		.4byte	.LVL30
 730 030d BA040000 		.4byte	0x4ba
 731 0311 11       		.uleb128 0x11
 732 0312 01       		.uleb128 0x1
 733 0313 50       		.byte	0x50
 734 0314 02       		.uleb128 0x2
 735 0315 91       		.byte	0x91
 736 0316 70       		.sleb128 -16
 737 0317 00       		.byte	0
 738 0318 00       		.byte	0
 739 0319 16       		.uleb128 0x16
 740 031a 32000000 		.4byte	.LBB3
 741 031e 14000000 		.4byte	.LBE3-.LBB3
 742 0322 7B030000 		.4byte	0x37b
 743 0326 17       		.uleb128 0x17
 744 0327 6900     		.ascii	"i\000"
 745 0329 01       		.byte	0x1
 746 032a 2C       		.byte	0x2c
 747 032b 2C000000 		.4byte	0x2c
 748 032f D3000000 		.4byte	.LLST8
 749 0333 16       		.uleb128 0x16
 750 0334 32000000 		.4byte	.LBB4
 751 0338 08000000 		.4byte	.LBE4-.LBB4
 752 033c 6A030000 		.4byte	0x36a
 753 0340 18       		.uleb128 0x18
 754 0341 3D010000 		.4byte	.LASF59
 755 0345 01       		.byte	0x1
 756 0346 2E       		.byte	0x2e
 757 0347 25000000 		.4byte	0x25
 758 034b 51030000 		.4byte	0x351
 759 034f 19       		.uleb128 0x19
 760 0350 00       		.byte	0
 761 0351 10       		.uleb128 0x10
 762 0352 3A000000 		.4byte	.LVL33
 763 0356 C5040000 		.4byte	0x4c5
 764 035a 11       		.uleb128 0x11
 765 035b 01       		.uleb128 0x1
 766 035c 50       		.byte	0x50
 767 035d 0A       		.uleb128 0xa
 768 035e 7D       		.byte	0x7d
 769 035f 00       		.sleb128 0
 770 0360 74       		.byte	0x74
 771 0361 00       		.sleb128 0
 772 0362 22       		.byte	0x22
 773 0363 94       		.byte	0x94
 774 0364 01       		.byte	0x1
 775 0365 08       		.byte	0x8
 776 0366 FF       		.byte	0xff
 777 0367 1A       		.byte	0x1a
 778 0368 00       		.byte	0
 779 0369 00       		.byte	0
 780 036a 10       		.uleb128 0x10
 781 036b 42000000 		.4byte	.LVL35
 782 036f BA040000 		.4byte	0x4ba
 783 0373 11       		.uleb128 0x11
ARM GAS  C:\Users\Intern\AppData\Local\Temp\ccNFQSqD.s 			page 16


 784 0374 01       		.uleb128 0x1
 785 0375 50       		.byte	0x50
 786 0376 02       		.uleb128 0x2
 787 0377 91       		.byte	0x91
 788 0378 70       		.sleb128 -16
 789 0379 00       		.byte	0
 790 037a 00       		.byte	0
 791 037b 10       		.uleb128 0x10
 792 037c 0A000000 		.4byte	.LVL26
 793 0380 67020000 		.4byte	0x267
 794 0384 11       		.uleb128 0x11
 795 0385 01       		.uleb128 0x1
 796 0386 50       		.byte	0x50
 797 0387 02       		.uleb128 0x2
 798 0388 91       		.byte	0x91
 799 0389 70       		.sleb128 -16
 800 038a 00       		.byte	0
 801 038b 00       		.byte	0
 802 038c 1A       		.uleb128 0x1a
 803 038d 7F000000 		.4byte	0x7f
 804 0391 9C030000 		.4byte	0x39c
 805 0395 1B       		.uleb128 0x1b
 806 0396 72000000 		.4byte	0x72
 807 039a 04       		.byte	0x4
 808 039b 00       		.byte	0
 809 039c 1A       		.uleb128 0x1a
 810 039d 7F000000 		.4byte	0x7f
 811 03a1 AC030000 		.4byte	0x3ac
 812 03a5 1B       		.uleb128 0x1b
 813 03a6 72000000 		.4byte	0x72
 814 03aa 06       		.byte	0x6
 815 03ab 00       		.byte	0
 816 03ac 1C       		.uleb128 0x1c
 817 03ad EB010000 		.4byte	.LASF46
 818 03b1 01       		.byte	0x1
 819 03b2 33       		.byte	0x33
 820 03b3 00000000 		.4byte	.LFB67
 821 03b7 50000000 		.4byte	.LFE67-.LFB67
 822 03bb 01       		.uleb128 0x1
 823 03bc 9C       		.byte	0x9c
 824 03bd 1B040000 		.4byte	0x41b
 825 03c1 0F       		.uleb128 0xf
 826 03c2 61030000 		.4byte	.LASF47
 827 03c6 01       		.byte	0x1
 828 03c7 35       		.byte	0x35
 829 03c8 67010000 		.4byte	0x167
 830 03cc 02       		.uleb128 0x2
 831 03cd 91       		.byte	0x91
 832 03ce 64       		.sleb128 -28
 833 03cf 0F       		.uleb128 0xf
 834 03d0 53020000 		.4byte	.LASF48
 835 03d4 01       		.byte	0x1
 836 03d5 3C       		.byte	0x3c
 837 03d6 92000000 		.4byte	0x92
 838 03da 02       		.uleb128 0x2
 839 03db 91       		.byte	0x91
 840 03dc 62       		.sleb128 -30
ARM GAS  C:\Users\Intern\AppData\Local\Temp\ccNFQSqD.s 			page 17


 841 03dd 12       		.uleb128 0x12
 842 03de 10000000 		.4byte	.LVL37
 843 03e2 FB010000 		.4byte	0x1fb
 844 03e6 1D       		.uleb128 0x1d
 845 03e7 34000000 		.4byte	.LVL39
 846 03eb D0040000 		.4byte	0x4d0
 847 03ef 0A040000 		.4byte	0x40a
 848 03f3 11       		.uleb128 0x11
 849 03f4 01       		.uleb128 0x1
 850 03f5 50       		.byte	0x50
 851 03f6 02       		.uleb128 0x2
 852 03f7 74       		.byte	0x74
 853 03f8 00       		.sleb128 0
 854 03f9 11       		.uleb128 0x11
 855 03fa 01       		.uleb128 0x1
 856 03fb 51       		.byte	0x51
 857 03fc 01       		.uleb128 0x1
 858 03fd 30       		.byte	0x30
 859 03fe 11       		.uleb128 0x11
 860 03ff 01       		.uleb128 0x1
 861 0400 52       		.byte	0x52
 862 0401 02       		.uleb128 0x2
 863 0402 75       		.byte	0x75
 864 0403 00       		.sleb128 0
 865 0404 11       		.uleb128 0x11
 866 0405 01       		.uleb128 0x1
 867 0406 53       		.byte	0x53
 868 0407 01       		.uleb128 0x1
 869 0408 30       		.byte	0x30
 870 0409 00       		.byte	0
 871 040a 10       		.uleb128 0x10
 872 040b 42000000 		.4byte	.LVL40
 873 040f DC040000 		.4byte	0x4dc
 874 0413 11       		.uleb128 0x11
 875 0414 01       		.uleb128 0x1
 876 0415 51       		.byte	0x51
 877 0416 02       		.uleb128 0x2
 878 0417 74       		.byte	0x74
 879 0418 00       		.sleb128 0
 880 0419 00       		.byte	0
 881 041a 00       		.byte	0
 882 041b 1E       		.uleb128 0x1e
 883 041c 47020000 		.4byte	.LASF49
 884 0420 05       		.byte	0x5
 885 0421 B30A     		.2byte	0xab3
 886 0423 9E010000 		.4byte	0x19e
 887 0427 1E       		.uleb128 0x1e
 888 0428 6A010000 		.4byte	.LASF50
 889 042c 05       		.byte	0x5
 890 042d B40A     		.2byte	0xab4
 891 042f EE000000 		.4byte	0xee
 892 0433 1A       		.uleb128 0x1a
 893 0434 43040000 		.4byte	0x443
 894 0438 43040000 		.4byte	0x443
 895 043c 1B       		.uleb128 0x1b
 896 043d 72000000 		.4byte	0x72
 897 0441 0B       		.byte	0xb
ARM GAS  C:\Users\Intern\AppData\Local\Temp\ccNFQSqD.s 			page 18


 898 0442 00       		.byte	0
 899 0443 1F       		.uleb128 0x1f
 900 0444 92000000 		.4byte	0x92
 901 0448 1E       		.uleb128 0x1e
 902 0449 50000000 		.4byte	.LASF51
 903 044d 06       		.byte	0x6
 904 044e E001     		.2byte	0x1e0
 905 0450 54040000 		.4byte	0x454
 906 0454 1F       		.uleb128 0x1f
 907 0455 33040000 		.4byte	0x433
 908 0459 20       		.uleb128 0x20
 909 045a 37020000 		.4byte	.LASF52
 910 045e 07       		.byte	0x7
 911 045f 0A       		.byte	0xa
 912 0460 64040000 		.4byte	0x464
 913 0464 1F       		.uleb128 0x1f
 914 0465 AA000000 		.4byte	0xaa
 915 0469 1A       		.uleb128 0x1a
 916 046a 64040000 		.4byte	0x464
 917 046e 74040000 		.4byte	0x474
 918 0472 21       		.uleb128 0x21
 919 0473 00       		.byte	0
 920 0474 20       		.uleb128 0x20
 921 0475 4E010000 		.4byte	.LASF53
 922 0479 07       		.byte	0x7
 923 047a 0D       		.byte	0xd
 924 047b 7F040000 		.4byte	0x47f
 925 047f 1F       		.uleb128 0x1f
 926 0480 69040000 		.4byte	0x469
 927 0484 20       		.uleb128 0x20
 928 0485 59030000 		.4byte	.LASF54
 929 0489 07       		.byte	0x7
 930 048a 0E       		.byte	0xe
 931 048b 8F040000 		.4byte	0x48f
 932 048f 1F       		.uleb128 0x1f
 933 0490 69040000 		.4byte	0x469
 934 0494 20       		.uleb128 0x20
 935 0495 E2030000 		.4byte	.LASF55
 936 0499 07       		.byte	0x7
 937 049a 0F       		.byte	0xf
 938 049b 9F040000 		.4byte	0x49f
 939 049f 1F       		.uleb128 0x1f
 940 04a0 69040000 		.4byte	0x469
 941 04a4 22       		.uleb128 0x22
 942 04a5 42040000 		.4byte	.LASF56
 943 04a9 42040000 		.4byte	.LASF56
 944 04ad 07       		.byte	0x7
 945 04ae 2B       		.byte	0x2b
 946 04af 22       		.uleb128 0x22
 947 04b0 21020000 		.4byte	.LASF57
 948 04b4 21020000 		.4byte	.LASF57
 949 04b8 08       		.byte	0x8
 950 04b9 E7       		.byte	0xe7
 951 04ba 22       		.uleb128 0x22
 952 04bb 1F000000 		.4byte	.LASF58
 953 04bf 1F000000 		.4byte	.LASF58
 954 04c3 09       		.byte	0x9
ARM GAS  C:\Users\Intern\AppData\Local\Temp\ccNFQSqD.s 			page 19


 955 04c4 21       		.byte	0x21
 956 04c5 22       		.uleb128 0x22
 957 04c6 3D010000 		.4byte	.LASF59
 958 04ca 3D010000 		.4byte	.LASF59
 959 04ce 01       		.byte	0x1
 960 04cf 2E       		.byte	0x2e
 961 04d0 23       		.uleb128 0x23
 962 04d1 26000000 		.4byte	.LASF60
 963 04d5 26000000 		.4byte	.LASF60
 964 04d9 0A       		.byte	0xa
 965 04da 8401     		.2byte	0x184
 966 04dc 22       		.uleb128 0x22
 967 04dd 0E040000 		.4byte	.LASF61
 968 04e1 0E040000 		.4byte	.LASF61
 969 04e5 04       		.byte	0x4
 970 04e6 F2       		.byte	0xf2
 971 04e7 00       		.byte	0
 972              		.section	.debug_abbrev,"",%progbits
 973              	.Ldebug_abbrev0:
 974 0000 01       		.uleb128 0x1
 975 0001 11       		.uleb128 0x11
 976 0002 01       		.byte	0x1
 977 0003 25       		.uleb128 0x25
 978 0004 0E       		.uleb128 0xe
 979 0005 13       		.uleb128 0x13
 980 0006 0B       		.uleb128 0xb
 981 0007 03       		.uleb128 0x3
 982 0008 0E       		.uleb128 0xe
 983 0009 1B       		.uleb128 0x1b
 984 000a 0E       		.uleb128 0xe
 985 000b 55       		.uleb128 0x55
 986 000c 17       		.uleb128 0x17
 987 000d 11       		.uleb128 0x11
 988 000e 01       		.uleb128 0x1
 989 000f 10       		.uleb128 0x10
 990 0010 17       		.uleb128 0x17
 991 0011 00       		.byte	0
 992 0012 00       		.byte	0
 993 0013 02       		.uleb128 0x2
 994 0014 24       		.uleb128 0x24
 995 0015 00       		.byte	0
 996 0016 0B       		.uleb128 0xb
 997 0017 0B       		.uleb128 0xb
 998 0018 3E       		.uleb128 0x3e
 999 0019 0B       		.uleb128 0xb
 1000 001a 03       		.uleb128 0x3
 1001 001b 08       		.uleb128 0x8
 1002 001c 00       		.byte	0
 1003 001d 00       		.byte	0
 1004 001e 03       		.uleb128 0x3
 1005 001f 24       		.uleb128 0x24
 1006 0020 00       		.byte	0
 1007 0021 0B       		.uleb128 0xb
 1008 0022 0B       		.uleb128 0xb
 1009 0023 3E       		.uleb128 0x3e
 1010 0024 0B       		.uleb128 0xb
 1011 0025 03       		.uleb128 0x3
ARM GAS  C:\Users\Intern\AppData\Local\Temp\ccNFQSqD.s 			page 20


 1012 0026 0E       		.uleb128 0xe
 1013 0027 00       		.byte	0
 1014 0028 00       		.byte	0
 1015 0029 04       		.uleb128 0x4
 1016 002a 0F       		.uleb128 0xf
 1017 002b 00       		.byte	0
 1018 002c 0B       		.uleb128 0xb
 1019 002d 0B       		.uleb128 0xb
 1020 002e 49       		.uleb128 0x49
 1021 002f 13       		.uleb128 0x13
 1022 0030 00       		.byte	0
 1023 0031 00       		.byte	0
 1024 0032 05       		.uleb128 0x5
 1025 0033 16       		.uleb128 0x16
 1026 0034 00       		.byte	0
 1027 0035 03       		.uleb128 0x3
 1028 0036 0E       		.uleb128 0xe
 1029 0037 3A       		.uleb128 0x3a
 1030 0038 0B       		.uleb128 0xb
 1031 0039 3B       		.uleb128 0x3b
 1032 003a 05       		.uleb128 0x5
 1033 003b 49       		.uleb128 0x49
 1034 003c 13       		.uleb128 0x13
 1035 003d 00       		.byte	0
 1036 003e 00       		.byte	0
 1037 003f 06       		.uleb128 0x6
 1038 0040 13       		.uleb128 0x13
 1039 0041 01       		.byte	0x1
 1040 0042 0B       		.uleb128 0xb
 1041 0043 0B       		.uleb128 0xb
 1042 0044 3A       		.uleb128 0x3a
 1043 0045 0B       		.uleb128 0xb
 1044 0046 3B       		.uleb128 0x3b
 1045 0047 05       		.uleb128 0x5
 1046 0048 01       		.uleb128 0x1
 1047 0049 13       		.uleb128 0x13
 1048 004a 00       		.byte	0
 1049 004b 00       		.byte	0
 1050 004c 07       		.uleb128 0x7
 1051 004d 0D       		.uleb128 0xd
 1052 004e 00       		.byte	0
 1053 004f 03       		.uleb128 0x3
 1054 0050 0E       		.uleb128 0xe
 1055 0051 3A       		.uleb128 0x3a
 1056 0052 0B       		.uleb128 0xb
 1057 0053 3B       		.uleb128 0x3b
 1058 0054 05       		.uleb128 0x5
 1059 0055 49       		.uleb128 0x49
 1060 0056 13       		.uleb128 0x13
 1061 0057 38       		.uleb128 0x38
 1062 0058 0B       		.uleb128 0xb
 1063 0059 00       		.byte	0
 1064 005a 00       		.byte	0
 1065 005b 08       		.uleb128 0x8
 1066 005c 0D       		.uleb128 0xd
 1067 005d 00       		.byte	0
 1068 005e 03       		.uleb128 0x3
ARM GAS  C:\Users\Intern\AppData\Local\Temp\ccNFQSqD.s 			page 21


 1069 005f 08       		.uleb128 0x8
 1070 0060 3A       		.uleb128 0x3a
 1071 0061 0B       		.uleb128 0xb
 1072 0062 3B       		.uleb128 0x3b
 1073 0063 05       		.uleb128 0x5
 1074 0064 49       		.uleb128 0x49
 1075 0065 13       		.uleb128 0x13
 1076 0066 38       		.uleb128 0x38
 1077 0067 0B       		.uleb128 0xb
 1078 0068 00       		.byte	0
 1079 0069 00       		.byte	0
 1080 006a 09       		.uleb128 0x9
 1081 006b 16       		.uleb128 0x16
 1082 006c 00       		.byte	0
 1083 006d 03       		.uleb128 0x3
 1084 006e 0E       		.uleb128 0xe
 1085 006f 3A       		.uleb128 0x3a
 1086 0070 0B       		.uleb128 0xb
 1087 0071 3B       		.uleb128 0x3b
 1088 0072 0B       		.uleb128 0xb
 1089 0073 49       		.uleb128 0x49
 1090 0074 13       		.uleb128 0x13
 1091 0075 00       		.byte	0
 1092 0076 00       		.byte	0
 1093 0077 0A       		.uleb128 0xa
 1094 0078 04       		.uleb128 0x4
 1095 0079 01       		.byte	0x1
 1096 007a 0B       		.uleb128 0xb
 1097 007b 0B       		.uleb128 0xb
 1098 007c 49       		.uleb128 0x49
 1099 007d 13       		.uleb128 0x13
 1100 007e 3A       		.uleb128 0x3a
 1101 007f 0B       		.uleb128 0xb
 1102 0080 3B       		.uleb128 0x3b
 1103 0081 05       		.uleb128 0x5
 1104 0082 01       		.uleb128 0x1
 1105 0083 13       		.uleb128 0x13
 1106 0084 00       		.byte	0
 1107 0085 00       		.byte	0
 1108 0086 0B       		.uleb128 0xb
 1109 0087 28       		.uleb128 0x28
 1110 0088 00       		.byte	0
 1111 0089 03       		.uleb128 0x3
 1112 008a 0E       		.uleb128 0xe
 1113 008b 1C       		.uleb128 0x1c
 1114 008c 0B       		.uleb128 0xb
 1115 008d 00       		.byte	0
 1116 008e 00       		.byte	0
 1117 008f 0C       		.uleb128 0xc
 1118 0090 2E       		.uleb128 0x2e
 1119 0091 01       		.byte	0x1
 1120 0092 3F       		.uleb128 0x3f
 1121 0093 19       		.uleb128 0x19
 1122 0094 03       		.uleb128 0x3
 1123 0095 0E       		.uleb128 0xe
 1124 0096 3A       		.uleb128 0x3a
 1125 0097 0B       		.uleb128 0xb
ARM GAS  C:\Users\Intern\AppData\Local\Temp\ccNFQSqD.s 			page 22


 1126 0098 3B       		.uleb128 0x3b
 1127 0099 0B       		.uleb128 0xb
 1128 009a 27       		.uleb128 0x27
 1129 009b 19       		.uleb128 0x19
 1130 009c 49       		.uleb128 0x49
 1131 009d 13       		.uleb128 0x13
 1132 009e 11       		.uleb128 0x11
 1133 009f 01       		.uleb128 0x1
 1134 00a0 12       		.uleb128 0x12
 1135 00a1 06       		.uleb128 0x6
 1136 00a2 40       		.uleb128 0x40
 1137 00a3 18       		.uleb128 0x18
 1138 00a4 9642     		.uleb128 0x2116
 1139 00a6 19       		.uleb128 0x19
 1140 00a7 01       		.uleb128 0x1
 1141 00a8 13       		.uleb128 0x13
 1142 00a9 00       		.byte	0
 1143 00aa 00       		.byte	0
 1144 00ab 0D       		.uleb128 0xd
 1145 00ac 34       		.uleb128 0x34
 1146 00ad 00       		.byte	0
 1147 00ae 03       		.uleb128 0x3
 1148 00af 0E       		.uleb128 0xe
 1149 00b0 3A       		.uleb128 0x3a
 1150 00b1 0B       		.uleb128 0xb
 1151 00b2 3B       		.uleb128 0x3b
 1152 00b3 0B       		.uleb128 0xb
 1153 00b4 49       		.uleb128 0x49
 1154 00b5 13       		.uleb128 0x13
 1155 00b6 1C       		.uleb128 0x1c
 1156 00b7 0B       		.uleb128 0xb
 1157 00b8 00       		.byte	0
 1158 00b9 00       		.byte	0
 1159 00ba 0E       		.uleb128 0xe
 1160 00bb 34       		.uleb128 0x34
 1161 00bc 00       		.byte	0
 1162 00bd 03       		.uleb128 0x3
 1163 00be 0E       		.uleb128 0xe
 1164 00bf 3A       		.uleb128 0x3a
 1165 00c0 0B       		.uleb128 0xb
 1166 00c1 3B       		.uleb128 0x3b
 1167 00c2 0B       		.uleb128 0xb
 1168 00c3 49       		.uleb128 0x49
 1169 00c4 13       		.uleb128 0x13
 1170 00c5 02       		.uleb128 0x2
 1171 00c6 17       		.uleb128 0x17
 1172 00c7 00       		.byte	0
 1173 00c8 00       		.byte	0
 1174 00c9 0F       		.uleb128 0xf
 1175 00ca 34       		.uleb128 0x34
 1176 00cb 00       		.byte	0
 1177 00cc 03       		.uleb128 0x3
 1178 00cd 0E       		.uleb128 0xe
 1179 00ce 3A       		.uleb128 0x3a
 1180 00cf 0B       		.uleb128 0xb
 1181 00d0 3B       		.uleb128 0x3b
 1182 00d1 0B       		.uleb128 0xb
ARM GAS  C:\Users\Intern\AppData\Local\Temp\ccNFQSqD.s 			page 23


 1183 00d2 49       		.uleb128 0x49
 1184 00d3 13       		.uleb128 0x13
 1185 00d4 02       		.uleb128 0x2
 1186 00d5 18       		.uleb128 0x18
 1187 00d6 00       		.byte	0
 1188 00d7 00       		.byte	0
 1189 00d8 10       		.uleb128 0x10
 1190 00d9 898201   		.uleb128 0x4109
 1191 00dc 01       		.byte	0x1
 1192 00dd 11       		.uleb128 0x11
 1193 00de 01       		.uleb128 0x1
 1194 00df 31       		.uleb128 0x31
 1195 00e0 13       		.uleb128 0x13
 1196 00e1 00       		.byte	0
 1197 00e2 00       		.byte	0
 1198 00e3 11       		.uleb128 0x11
 1199 00e4 8A8201   		.uleb128 0x410a
 1200 00e7 00       		.byte	0
 1201 00e8 02       		.uleb128 0x2
 1202 00e9 18       		.uleb128 0x18
 1203 00ea 9142     		.uleb128 0x2111
 1204 00ec 18       		.uleb128 0x18
 1205 00ed 00       		.byte	0
 1206 00ee 00       		.byte	0
 1207 00ef 12       		.uleb128 0x12
 1208 00f0 898201   		.uleb128 0x4109
 1209 00f3 00       		.byte	0
 1210 00f4 11       		.uleb128 0x11
 1211 00f5 01       		.uleb128 0x1
 1212 00f6 31       		.uleb128 0x31
 1213 00f7 13       		.uleb128 0x13
 1214 00f8 00       		.byte	0
 1215 00f9 00       		.byte	0
 1216 00fa 13       		.uleb128 0x13
 1217 00fb 2E       		.uleb128 0x2e
 1218 00fc 01       		.byte	0x1
 1219 00fd 3F       		.uleb128 0x3f
 1220 00fe 19       		.uleb128 0x19
 1221 00ff 03       		.uleb128 0x3
 1222 0100 0E       		.uleb128 0xe
 1223 0101 3A       		.uleb128 0x3a
 1224 0102 0B       		.uleb128 0xb
 1225 0103 3B       		.uleb128 0x3b
 1226 0104 0B       		.uleb128 0xb
 1227 0105 27       		.uleb128 0x27
 1228 0106 19       		.uleb128 0x19
 1229 0107 11       		.uleb128 0x11
 1230 0108 01       		.uleb128 0x1
 1231 0109 12       		.uleb128 0x12
 1232 010a 06       		.uleb128 0x6
 1233 010b 40       		.uleb128 0x40
 1234 010c 18       		.uleb128 0x18
 1235 010d 9642     		.uleb128 0x2116
 1236 010f 19       		.uleb128 0x19
 1237 0110 01       		.uleb128 0x1
 1238 0111 13       		.uleb128 0x13
 1239 0112 00       		.byte	0
ARM GAS  C:\Users\Intern\AppData\Local\Temp\ccNFQSqD.s 			page 24


 1240 0113 00       		.byte	0
 1241 0114 14       		.uleb128 0x14
 1242 0115 05       		.uleb128 0x5
 1243 0116 00       		.byte	0
 1244 0117 03       		.uleb128 0x3
 1245 0118 0E       		.uleb128 0xe
 1246 0119 3A       		.uleb128 0x3a
 1247 011a 0B       		.uleb128 0xb
 1248 011b 3B       		.uleb128 0x3b
 1249 011c 0B       		.uleb128 0xb
 1250 011d 49       		.uleb128 0x49
 1251 011e 13       		.uleb128 0x13
 1252 011f 02       		.uleb128 0x2
 1253 0120 17       		.uleb128 0x17
 1254 0121 00       		.byte	0
 1255 0122 00       		.byte	0
 1256 0123 15       		.uleb128 0x15
 1257 0124 2E       		.uleb128 0x2e
 1258 0125 01       		.byte	0x1
 1259 0126 3F       		.uleb128 0x3f
 1260 0127 19       		.uleb128 0x19
 1261 0128 03       		.uleb128 0x3
 1262 0129 0E       		.uleb128 0xe
 1263 012a 3A       		.uleb128 0x3a
 1264 012b 0B       		.uleb128 0xb
 1265 012c 3B       		.uleb128 0x3b
 1266 012d 0B       		.uleb128 0xb
 1267 012e 11       		.uleb128 0x11
 1268 012f 01       		.uleb128 0x1
 1269 0130 12       		.uleb128 0x12
 1270 0131 06       		.uleb128 0x6
 1271 0132 40       		.uleb128 0x40
 1272 0133 18       		.uleb128 0x18
 1273 0134 9742     		.uleb128 0x2117
 1274 0136 19       		.uleb128 0x19
 1275 0137 01       		.uleb128 0x1
 1276 0138 13       		.uleb128 0x13
 1277 0139 00       		.byte	0
 1278 013a 00       		.byte	0
 1279 013b 16       		.uleb128 0x16
 1280 013c 0B       		.uleb128 0xb
 1281 013d 01       		.byte	0x1
 1282 013e 11       		.uleb128 0x11
 1283 013f 01       		.uleb128 0x1
 1284 0140 12       		.uleb128 0x12
 1285 0141 06       		.uleb128 0x6
 1286 0142 01       		.uleb128 0x1
 1287 0143 13       		.uleb128 0x13
 1288 0144 00       		.byte	0
 1289 0145 00       		.byte	0
 1290 0146 17       		.uleb128 0x17
 1291 0147 34       		.uleb128 0x34
 1292 0148 00       		.byte	0
 1293 0149 03       		.uleb128 0x3
 1294 014a 08       		.uleb128 0x8
 1295 014b 3A       		.uleb128 0x3a
 1296 014c 0B       		.uleb128 0xb
ARM GAS  C:\Users\Intern\AppData\Local\Temp\ccNFQSqD.s 			page 25


 1297 014d 3B       		.uleb128 0x3b
 1298 014e 0B       		.uleb128 0xb
 1299 014f 49       		.uleb128 0x49
 1300 0150 13       		.uleb128 0x13
 1301 0151 02       		.uleb128 0x2
 1302 0152 17       		.uleb128 0x17
 1303 0153 00       		.byte	0
 1304 0154 00       		.byte	0
 1305 0155 18       		.uleb128 0x18
 1306 0156 2E       		.uleb128 0x2e
 1307 0157 01       		.byte	0x1
 1308 0158 3F       		.uleb128 0x3f
 1309 0159 19       		.uleb128 0x19
 1310 015a 03       		.uleb128 0x3
 1311 015b 0E       		.uleb128 0xe
 1312 015c 3A       		.uleb128 0x3a
 1313 015d 0B       		.uleb128 0xb
 1314 015e 3B       		.uleb128 0x3b
 1315 015f 0B       		.uleb128 0xb
 1316 0160 49       		.uleb128 0x49
 1317 0161 13       		.uleb128 0x13
 1318 0162 3C       		.uleb128 0x3c
 1319 0163 19       		.uleb128 0x19
 1320 0164 01       		.uleb128 0x1
 1321 0165 13       		.uleb128 0x13
 1322 0166 00       		.byte	0
 1323 0167 00       		.byte	0
 1324 0168 19       		.uleb128 0x19
 1325 0169 18       		.uleb128 0x18
 1326 016a 00       		.byte	0
 1327 016b 00       		.byte	0
 1328 016c 00       		.byte	0
 1329 016d 1A       		.uleb128 0x1a
 1330 016e 01       		.uleb128 0x1
 1331 016f 01       		.byte	0x1
 1332 0170 49       		.uleb128 0x49
 1333 0171 13       		.uleb128 0x13
 1334 0172 01       		.uleb128 0x1
 1335 0173 13       		.uleb128 0x13
 1336 0174 00       		.byte	0
 1337 0175 00       		.byte	0
 1338 0176 1B       		.uleb128 0x1b
 1339 0177 21       		.uleb128 0x21
 1340 0178 00       		.byte	0
 1341 0179 49       		.uleb128 0x49
 1342 017a 13       		.uleb128 0x13
 1343 017b 2F       		.uleb128 0x2f
 1344 017c 0B       		.uleb128 0xb
 1345 017d 00       		.byte	0
 1346 017e 00       		.byte	0
 1347 017f 1C       		.uleb128 0x1c
 1348 0180 2E       		.uleb128 0x2e
 1349 0181 01       		.byte	0x1
 1350 0182 3F       		.uleb128 0x3f
 1351 0183 19       		.uleb128 0x19
 1352 0184 03       		.uleb128 0x3
 1353 0185 0E       		.uleb128 0xe
ARM GAS  C:\Users\Intern\AppData\Local\Temp\ccNFQSqD.s 			page 26


 1354 0186 3A       		.uleb128 0x3a
 1355 0187 0B       		.uleb128 0xb
 1356 0188 3B       		.uleb128 0x3b
 1357 0189 0B       		.uleb128 0xb
 1358 018a 11       		.uleb128 0x11
 1359 018b 01       		.uleb128 0x1
 1360 018c 12       		.uleb128 0x12
 1361 018d 06       		.uleb128 0x6
 1362 018e 40       		.uleb128 0x40
 1363 018f 18       		.uleb128 0x18
 1364 0190 9642     		.uleb128 0x2116
 1365 0192 19       		.uleb128 0x19
 1366 0193 01       		.uleb128 0x1
 1367 0194 13       		.uleb128 0x13
 1368 0195 00       		.byte	0
 1369 0196 00       		.byte	0
 1370 0197 1D       		.uleb128 0x1d
 1371 0198 898201   		.uleb128 0x4109
 1372 019b 01       		.byte	0x1
 1373 019c 11       		.uleb128 0x11
 1374 019d 01       		.uleb128 0x1
 1375 019e 31       		.uleb128 0x31
 1376 019f 13       		.uleb128 0x13
 1377 01a0 01       		.uleb128 0x1
 1378 01a1 13       		.uleb128 0x13
 1379 01a2 00       		.byte	0
 1380 01a3 00       		.byte	0
 1381 01a4 1E       		.uleb128 0x1e
 1382 01a5 34       		.uleb128 0x34
 1383 01a6 00       		.byte	0
 1384 01a7 03       		.uleb128 0x3
 1385 01a8 0E       		.uleb128 0xe
 1386 01a9 3A       		.uleb128 0x3a
 1387 01aa 0B       		.uleb128 0xb
 1388 01ab 3B       		.uleb128 0x3b
 1389 01ac 05       		.uleb128 0x5
 1390 01ad 49       		.uleb128 0x49
 1391 01ae 13       		.uleb128 0x13
 1392 01af 3F       		.uleb128 0x3f
 1393 01b0 19       		.uleb128 0x19
 1394 01b1 3C       		.uleb128 0x3c
 1395 01b2 19       		.uleb128 0x19
 1396 01b3 00       		.byte	0
 1397 01b4 00       		.byte	0
 1398 01b5 1F       		.uleb128 0x1f
 1399 01b6 26       		.uleb128 0x26
 1400 01b7 00       		.byte	0
 1401 01b8 49       		.uleb128 0x49
 1402 01b9 13       		.uleb128 0x13
 1403 01ba 00       		.byte	0
 1404 01bb 00       		.byte	0
 1405 01bc 20       		.uleb128 0x20
 1406 01bd 34       		.uleb128 0x34
 1407 01be 00       		.byte	0
 1408 01bf 03       		.uleb128 0x3
 1409 01c0 0E       		.uleb128 0xe
 1410 01c1 3A       		.uleb128 0x3a
ARM GAS  C:\Users\Intern\AppData\Local\Temp\ccNFQSqD.s 			page 27


 1411 01c2 0B       		.uleb128 0xb
 1412 01c3 3B       		.uleb128 0x3b
 1413 01c4 0B       		.uleb128 0xb
 1414 01c5 49       		.uleb128 0x49
 1415 01c6 13       		.uleb128 0x13
 1416 01c7 3F       		.uleb128 0x3f
 1417 01c8 19       		.uleb128 0x19
 1418 01c9 3C       		.uleb128 0x3c
 1419 01ca 19       		.uleb128 0x19
 1420 01cb 00       		.byte	0
 1421 01cc 00       		.byte	0
 1422 01cd 21       		.uleb128 0x21
 1423 01ce 21       		.uleb128 0x21
 1424 01cf 00       		.byte	0
 1425 01d0 00       		.byte	0
 1426 01d1 00       		.byte	0
 1427 01d2 22       		.uleb128 0x22
 1428 01d3 2E       		.uleb128 0x2e
 1429 01d4 00       		.byte	0
 1430 01d5 3F       		.uleb128 0x3f
 1431 01d6 19       		.uleb128 0x19
 1432 01d7 3C       		.uleb128 0x3c
 1433 01d8 19       		.uleb128 0x19
 1434 01d9 6E       		.uleb128 0x6e
 1435 01da 0E       		.uleb128 0xe
 1436 01db 03       		.uleb128 0x3
 1437 01dc 0E       		.uleb128 0xe
 1438 01dd 3A       		.uleb128 0x3a
 1439 01de 0B       		.uleb128 0xb
 1440 01df 3B       		.uleb128 0x3b
 1441 01e0 0B       		.uleb128 0xb
 1442 01e1 00       		.byte	0
 1443 01e2 00       		.byte	0
 1444 01e3 23       		.uleb128 0x23
 1445 01e4 2E       		.uleb128 0x2e
 1446 01e5 00       		.byte	0
 1447 01e6 3F       		.uleb128 0x3f
 1448 01e7 19       		.uleb128 0x19
 1449 01e8 3C       		.uleb128 0x3c
 1450 01e9 19       		.uleb128 0x19
 1451 01ea 6E       		.uleb128 0x6e
 1452 01eb 0E       		.uleb128 0xe
 1453 01ec 03       		.uleb128 0x3
 1454 01ed 0E       		.uleb128 0xe
 1455 01ee 3A       		.uleb128 0x3a
 1456 01ef 0B       		.uleb128 0xb
 1457 01f0 3B       		.uleb128 0x3b
 1458 01f1 05       		.uleb128 0x5
 1459 01f2 00       		.byte	0
 1460 01f3 00       		.byte	0
 1461 01f4 00       		.byte	0
 1462              		.section	.debug_loc,"",%progbits
 1463              	.Ldebug_loc0:
 1464              	.LLST0:
 1465 0000 0C000000 		.4byte	.LVL2
 1466 0004 13000000 		.4byte	.LVL3-1
 1467 0008 0100     		.2byte	0x1
ARM GAS  C:\Users\Intern\AppData\Local\Temp\ccNFQSqD.s 			page 28


 1468 000a 50       		.byte	0x50
 1469 000b 00000000 		.4byte	0
 1470 000f 00000000 		.4byte	0
 1471              	.LLST1:
 1472 0013 06000000 		.4byte	.LVL5
 1473 0017 0D000000 		.4byte	.LVL6-1
 1474 001b 0100     		.2byte	0x1
 1475 001d 50       		.byte	0x50
 1476 001e 00000000 		.4byte	0
 1477 0022 00000000 		.4byte	0
 1478              	.LLST2:
 1479 0026 26000000 		.4byte	.LVL9
 1480 002a 2A000000 		.4byte	.LVL10
 1481 002e 0100     		.2byte	0x1
 1482 0030 50       		.byte	0x50
 1483 0031 2A000000 		.4byte	.LVL10
 1484 0035 52000000 		.4byte	.LVL20
 1485 0039 0100     		.2byte	0x1
 1486 003b 56       		.byte	0x56
 1487 003c 00000000 		.4byte	0
 1488 0040 00000000 		.4byte	0
 1489              	.LLST3:
 1490 0044 3E000000 		.4byte	.LVL14
 1491 0048 42000000 		.4byte	.LVL15
 1492 004c 0100     		.2byte	0x1
 1493 004e 50       		.byte	0x50
 1494 004f 42000000 		.4byte	.LVL15
 1495 0053 52000000 		.4byte	.LVL19
 1496 0057 0100     		.2byte	0x1
 1497 0059 55       		.byte	0x55
 1498 005a 00000000 		.4byte	0
 1499 005e 00000000 		.4byte	0
 1500              	.LLST4:
 1501 0062 46000000 		.4byte	.LVL16
 1502 0066 4B000000 		.4byte	.LVL17-1
 1503 006a 0100     		.2byte	0x1
 1504 006c 50       		.byte	0x50
 1505 006d 00000000 		.4byte	0
 1506 0071 00000000 		.4byte	0
 1507              	.LLST5:
 1508 0075 00000000 		.4byte	.LVL21
 1509 0079 07000000 		.4byte	.LVL22-1
 1510 007d 0100     		.2byte	0x1
 1511 007f 50       		.byte	0x50
 1512 0080 07000000 		.4byte	.LVL22-1
 1513 0084 18000000 		.4byte	.LVL25
 1514 0088 0100     		.2byte	0x1
 1515 008a 54       		.byte	0x54
 1516 008b 18000000 		.4byte	.LVL25
 1517 008f 20000000 		.4byte	.LFE65
 1518 0093 0400     		.2byte	0x4
 1519 0095 F3       		.byte	0xf3
 1520 0096 01       		.uleb128 0x1
 1521 0097 50       		.byte	0x50
 1522 0098 9F       		.byte	0x9f
 1523 0099 00000000 		.4byte	0
 1524 009d 00000000 		.4byte	0
ARM GAS  C:\Users\Intern\AppData\Local\Temp\ccNFQSqD.s 			page 29


 1525              	.LLST6:
 1526 00a1 08000000 		.4byte	.LVL22
 1527 00a5 0B000000 		.4byte	.LVL23-1
 1528 00a9 0100     		.2byte	0x1
 1529 00ab 50       		.byte	0x50
 1530 00ac 00000000 		.4byte	0
 1531 00b0 00000000 		.4byte	0
 1532              	.LLST7:
 1533 00b4 14000000 		.4byte	.LVL27
 1534 00b8 18000000 		.4byte	.LVL28
 1535 00bc 0200     		.2byte	0x2
 1536 00be 31       		.byte	0x31
 1537 00bf 9F       		.byte	0x9f
 1538 00c0 18000000 		.4byte	.LVL28
 1539 00c4 30000000 		.4byte	.LVL31
 1540 00c8 0100     		.2byte	0x1
 1541 00ca 54       		.byte	0x54
 1542 00cb 00000000 		.4byte	0
 1543 00cf 00000000 		.4byte	0
 1544              	.LLST8:
 1545 00d3 32000000 		.4byte	.LVL32
 1546 00d7 48000000 		.4byte	.LVL36
 1547 00db 0100     		.2byte	0x1
 1548 00dd 54       		.byte	0x54
 1549 00de 00000000 		.4byte	0
 1550 00e2 00000000 		.4byte	0
 1551              		.section	.debug_aranges,"",%progbits
 1552 0000 3C000000 		.4byte	0x3c
 1553 0004 0200     		.2byte	0x2
 1554 0006 00000000 		.4byte	.Ldebug_info0
 1555 000a 04       		.byte	0x4
 1556 000b 00       		.byte	0
 1557 000c 0000     		.2byte	0
 1558 000e 0000     		.2byte	0
 1559 0010 00000000 		.4byte	.LFB63
 1560 0014 24000000 		.4byte	.LFE63-.LFB63
 1561 0018 00000000 		.4byte	.LFB64
 1562 001c 60000000 		.4byte	.LFE64-.LFB64
 1563 0020 00000000 		.4byte	.LFB65
 1564 0024 20000000 		.4byte	.LFE65-.LFB65
 1565 0028 00000000 		.4byte	.LFB66
 1566 002c 4A000000 		.4byte	.LFE66-.LFB66
 1567 0030 00000000 		.4byte	.LFB67
 1568 0034 50000000 		.4byte	.LFE67-.LFB67
 1569 0038 00000000 		.4byte	0
 1570 003c 00000000 		.4byte	0
 1571              		.section	.debug_ranges,"",%progbits
 1572              	.Ldebug_ranges0:
 1573 0000 00000000 		.4byte	.LFB63
 1574 0004 24000000 		.4byte	.LFE63
 1575 0008 00000000 		.4byte	.LFB64
 1576 000c 60000000 		.4byte	.LFE64
 1577 0010 00000000 		.4byte	.LFB65
 1578 0014 20000000 		.4byte	.LFE65
 1579 0018 00000000 		.4byte	.LFB66
 1580 001c 4A000000 		.4byte	.LFE66
 1581 0020 00000000 		.4byte	.LFB67
ARM GAS  C:\Users\Intern\AppData\Local\Temp\ccNFQSqD.s 			page 30


 1582 0024 50000000 		.4byte	.LFE67
 1583 0028 00000000 		.4byte	0
 1584 002c 00000000 		.4byte	0
 1585              		.section	.debug_line,"",%progbits
 1586              	.Ldebug_line0:
 1587 0000 B4010000 		.section	.debug_str,"MS",%progbits,1
 1587      02002A01 
 1587      00000201 
 1587      FB0E0D00 
 1587      01010101 
 1588              	.LASF2:
 1589 0000 6C6F6E67 		.ascii	"long double\000"
 1589      20646F75 
 1589      626C6500 
 1590              	.LASF5:
 1591 000c 73686F72 		.ascii	"short int\000"
 1591      7420696E 
 1591      7400
 1592              	.LASF10:
 1593 0016 73697A65 		.ascii	"sizetype\000"
 1593      74797065 
 1593      00
 1594              	.LASF58:
 1595 001f 7374726C 		.ascii	"strlen\000"
 1595      656E00
 1596              	.LASF60:
 1597 0026 4379426C 		.ascii	"CyBle_GattsWriteAttributeValue\000"
 1597      655F4761 
 1597      74747357 
 1597      72697465 
 1597      41747472 
 1598              	.LASF63:
 1599 0045 73672E63 		.ascii	"sg.c\000"
 1599      00
 1600              	.LASF38:
 1601 004a 73675F6D 		.ascii	"sg_mv\000"
 1601      7600
 1602              	.LASF51:
 1603 0050 5254435F 		.ascii	"RTC_daysBeforeMonthTbl\000"
 1603      64617973 
 1603      4265666F 
 1603      72654D6F 
 1603      6E746854 
 1604              	.LASF43:
 1605 0067 73675F73 		.ascii	"sg_strain_string\000"
 1605      74726169 
 1605      6E5F7374 
 1605      72696E67 
 1605      00
 1606              	.LASF27:
 1607 0078 4359424C 		.ascii	"CYBLE_STATE_STOPPED\000"
 1607      455F5354 
 1607      4154455F 
 1607      53544F50 
 1607      50454400 
 1608              	.LASF29:
 1609 008c 4359424C 		.ascii	"CYBLE_STATE_CONNECTED\000"
ARM GAS  C:\Users\Intern\AppData\Local\Temp\ccNFQSqD.s 			page 31


 1609      455F5354 
 1609      4154455F 
 1609      434F4E4E 
 1609      45435445 
 1610              	.LASF23:
 1611 00a2 76616C75 		.ascii	"value\000"
 1611      6500
 1612              	.LASF13:
 1613 00a8 75696E74 		.ascii	"uint16\000"
 1613      313600
 1614              	.LASF62:
 1615 00af 474E5520 		.ascii	"GNU C11 5.4.1 20160609 (release) [ARM/embedded-5-br"
 1615      43313120 
 1615      352E342E 
 1615      31203230 
 1615      31363036 
 1616 00e2 616E6368 		.ascii	"anch revision 237715] -mcpu=cortex-m0 -mthumb -g -O"
 1616      20726576 
 1616      6973696F 
 1616      6E203233 
 1616      37373135 
 1617 0115 67202D66 		.ascii	"g -ffunction-sections -ffat-lto-objects\000"
 1617      66756E63 
 1617      74696F6E 
 1617      2D736563 
 1617      74696F6E 
 1618              	.LASF59:
 1619 013d 55415254 		.ascii	"UART_UartPutChar\000"
 1619      5F556172 
 1619      74507574 
 1619      43686172 
 1619      00
 1620              	.LASF53:
 1621 014e 616D705F 		.ascii	"amp_iov\000"
 1621      696F7600 
 1622              	.LASF37:
 1623 0156 73675F67 		.ascii	"sg_get_strain\000"
 1623      65745F73 
 1623      74726169 
 1623      6E00
 1624              	.LASF12:
 1625 0164 75696E74 		.ascii	"uint8\000"
 1625      3800
 1626              	.LASF50:
 1627 016a 6379426C 		.ascii	"cyBle_connHandle\000"
 1627      655F636F 
 1627      6E6E4861 
 1627      6E646C65 
 1627      00
 1628              	.LASF18:
 1629 017b 62644861 		.ascii	"bdHandle\000"
 1629      6E646C65 
 1629      00
 1630              	.LASF44:
 1631 0184 73675F75 		.ascii	"sg_uart_string\000"
 1631      6172745F 
 1631      73747269 
ARM GAS  C:\Users\Intern\AppData\Local\Temp\ccNFQSqD.s 			page 32


 1631      6E6700
 1632              	.LASF15:
 1633 0193 666C6F61 		.ascii	"float\000"
 1633      7400
 1634              	.LASF36:
 1635 0199 73675F6D 		.ascii	"sg_measure\000"
 1635      65617375 
 1635      726500
 1636              	.LASF1:
 1637 01a4 6C6F6E67 		.ascii	"long long int\000"
 1637      206C6F6E 
 1637      6720696E 
 1637      7400
 1638              	.LASF26:
 1639 01b2 4359424C 		.ascii	"CYBLE_GATTS_HANDLE_VALUE_NTF_T\000"
 1639      455F4741 
 1639      5454535F 
 1639      48414E44 
 1639      4C455F56 
 1640              	.LASF34:
 1641 01d1 6164635F 		.ascii	"adc_counts_float\000"
 1641      636F756E 
 1641      74735F66 
 1641      6C6F6174 
 1641      00
 1642              	.LASF7:
 1643 01e2 6C6F6E67 		.ascii	"long int\000"
 1643      20696E74 
 1643      00
 1644              	.LASF46:
 1645 01eb 75706461 		.ascii	"update_sg\000"
 1645      74655F73 
 1645      6700
 1646              	.LASF39:
 1647 01f5 765F6F75 		.ascii	"v_out\000"
 1647      7400
 1648              	.LASF19:
 1649 01fb 61747449 		.ascii	"attId\000"
 1649      6400
 1650              	.LASF65:
 1651 0201 73675F67 		.ascii	"sg_get_strain_string\000"
 1651      65745F73 
 1651      74726169 
 1651      6E5F7374 
 1651      72696E67 
 1652              	.LASF33:
 1653 0216 73675F63 		.ascii	"sg_channel\000"
 1653      68616E6E 
 1653      656C00
 1654              	.LASF57:
 1655 0221 73707269 		.ascii	"sprintf\000"
 1655      6E746600 
 1656              	.LASF4:
 1657 0229 756E7369 		.ascii	"unsigned char\000"
 1657      676E6564 
 1657      20636861 
 1657      7200
ARM GAS  C:\Users\Intern\AppData\Local\Temp\ccNFQSqD.s 			page 33


 1658              	.LASF52:
 1659 0237 7664645F 		.ascii	"vdd_calibration\000"
 1659      63616C69 
 1659      62726174 
 1659      696F6E00 
 1660              	.LASF49:
 1661 0247 6379426C 		.ascii	"cyBle_state\000"
 1661      655F7374 
 1661      61746500 
 1662              	.LASF48:
 1663 0253 73747261 		.ascii	"strain_guage\000"
 1663      696E5F67 
 1663      75616765 
 1663      00
 1664              	.LASF3:
 1665 0260 7369676E 		.ascii	"signed char\000"
 1665      65642063 
 1665      68617200 
 1666              	.LASF9:
 1667 026c 6C6F6E67 		.ascii	"long long unsigned int\000"
 1667      206C6F6E 
 1667      6720756E 
 1667      7369676E 
 1667      65642069 
 1668              	.LASF0:
 1669 0283 756E7369 		.ascii	"unsigned int\000"
 1669      676E6564 
 1669      20696E74 
 1669      00
 1670              	.LASF64:
 1671 0290 433A5C55 		.ascii	"C:\\Users\\Intern\\Documents\\GitHub\\UV-Sticker\\P"
 1671      73657273 
 1671      5C496E74 
 1671      65726E5C 
 1671      446F6375 
 1672 02bd 736F635C 		.ascii	"soc\\UV-Project\\UV-SG-TEMP.cydsn\000"
 1672      55562D50 
 1672      726F6A65 
 1672      63745C55 
 1672      562D5347 
 1673              	.LASF31:
 1674 02dd 4359424C 		.ascii	"CYBLE_STATE_DISCONNECTED\000"
 1674      455F5354 
 1674      4154455F 
 1674      44495343 
 1674      4F4E4E45 
 1675              	.LASF32:
 1676 02f6 4359424C 		.ascii	"CYBLE_STATE_T\000"
 1676      455F5354 
 1676      4154455F 
 1676      5400
 1677              	.LASF40:
 1678 0304 6761696E 		.ascii	"gain\000"
 1678      00
 1679              	.LASF6:
 1680 0309 73686F72 		.ascii	"short unsigned int\000"
 1680      7420756E 
ARM GAS  C:\Users\Intern\AppData\Local\Temp\ccNFQSqD.s 			page 34


 1680      7369676E 
 1680      65642069 
 1680      6E7400
 1681              	.LASF11:
 1682 031c 63686172 		.ascii	"char\000"
 1682      00
 1683              	.LASF22:
 1684 0321 4359424C 		.ascii	"CYBLE_GATT_VALUE_T\000"
 1684      455F4741 
 1684      54545F56 
 1684      414C5545 
 1684      5F5400
 1685              	.LASF28:
 1686 0334 4359424C 		.ascii	"CYBLE_STATE_INITIALIZING\000"
 1686      455F5354 
 1686      4154455F 
 1686      494E4954 
 1686      49414C49 
 1687              	.LASF35:
 1688 034d 6D696C6C 		.ascii	"milli_volts\000"
 1688      695F766F 
 1688      6C747300 
 1689              	.LASF54:
 1690 0359 616D705F 		.ascii	"amp_ibc\000"
 1690      69626300 
 1691              	.LASF47:
 1692 0361 74656D70 		.ascii	"tempHandle\000"
 1692      48616E64 
 1692      6C6500
 1693              	.LASF30:
 1694 036c 4359424C 		.ascii	"CYBLE_STATE_ADVERTISING\000"
 1694      455F5354 
 1694      4154455F 
 1694      41445645 
 1694      52544953 
 1695              	.LASF14:
 1696 0384 75696E74 		.ascii	"uint32\000"
 1696      333200
 1697              	.LASF8:
 1698 038b 6C6F6E67 		.ascii	"long unsigned int\000"
 1698      20756E73 
 1698      69676E65 
 1698      6420696E 
 1698      7400
 1699              	.LASF24:
 1700 039d 61747472 		.ascii	"attrHandle\000"
 1700      48616E64 
 1700      6C6500
 1701              	.LASF16:
 1702 03a8 646F7562 		.ascii	"double\000"
 1702      6C6500
 1703              	.LASF20:
 1704 03af 4359424C 		.ascii	"CYBLE_CONN_HANDLE_T\000"
 1704      455F434F 
 1704      4E4E5F48 
 1704      414E444C 
 1704      455F5400 
ARM GAS  C:\Users\Intern\AppData\Local\Temp\ccNFQSqD.s 			page 35


 1705              	.LASF25:
 1706 03c3 4359424C 		.ascii	"CYBLE_GATT_HANDLE_VALUE_PAIR_T\000"
 1706      455F4741 
 1706      54545F48 
 1706      414E444C 
 1706      455F5641 
 1707              	.LASF55:
 1708 03e2 73675F72 		.ascii	"sg_resistors\000"
 1708      65736973 
 1708      746F7273 
 1708      00
 1709              	.LASF41:
 1710 03ef 73675F63 		.ascii	"sg_current\000"
 1710      75727265 
 1710      6E7400
 1711              	.LASF21:
 1712 03fa 61637475 		.ascii	"actualLen\000"
 1712      616C4C65 
 1712      6E00
 1713              	.LASF42:
 1714 0404 73675F73 		.ascii	"sg_strain\000"
 1714      74726169 
 1714      6E00
 1715              	.LASF61:
 1716 040e 4379426C 		.ascii	"CyBle_GattsNotification\000"
 1716      655F4761 
 1716      7474734E 
 1716      6F746966 
 1716      69636174 
 1717              	.LASF17:
 1718 0426 4359424C 		.ascii	"CYBLE_GATT_DB_ATTR_HANDLE_T\000"
 1718      455F4741 
 1718      54545F44 
 1718      425F4154 
 1718      54525F48 
 1719              	.LASF56:
 1720 0442 6164635F 		.ascii	"adc_acquire_channel\000"
 1720      61637175 
 1720      6972655F 
 1720      6368616E 
 1720      6E656C00 
 1721              	.LASF45:
 1722 0456 73675F75 		.ascii	"sg_uart\000"
 1722      61727400 
 1723              		.ident	"GCC: (GNU Tools for ARM Embedded Processors) 5.4.1 20160609 (release) [ARM/embedded-5-bran
