ARM GAS  C:\Users\Intern\AppData\Local\Temp\cc0gYApK.s 			page 1


   1              		.syntax unified
   2              		.cpu cortex-m0
   3              		.fpu softvfp
   4              		.eabi_attribute 20, 1
   5              		.eabi_attribute 21, 1
   6              		.eabi_attribute 23, 3
   7              		.eabi_attribute 24, 1
   8              		.eabi_attribute 25, 1
   9              		.eabi_attribute 26, 1
  10              		.eabi_attribute 30, 1
  11              		.eabi_attribute 34, 0
  12              		.eabi_attribute 18, 4
  13              		.thumb
  14              		.syntax unified
  15              		.file	"system.c"
  16              		.text
  17              	.Ltext0:
  18              		.cfi_sections	.debug_frame
  19              		.section	.text.init_hardware,"ax",%progbits
  20              		.align	2
  21              		.global	init_hardware
  22              		.code	16
  23              		.thumb_func
  24              		.type	init_hardware, %function
  25              	init_hardware:
  26              	.LFB36:
  27              		.file 1 "system.c"
   1:system.c      **** #include "system.h"
   2:system.c      **** 
   3:system.c      **** const float vdd_calibration = 3255.01064;   
   4:system.c      **** const float uv_gain[] = {9.94, 9.94, 10.02, 9.91, 10.01}; //Gain Resistor Values for Each Photodiod
   5:system.c      **** const float uv_respons[] = {113, 69, 69, 181, 181}; //Responsitivity of Photodiode in nA / mW/cm^2
   6:system.c      **** const float amp_iov[] = {1, 1, 1, 1, 1}; //Input Offset Voltage of Amplifiers
   7:system.c      **** const float amp_ibc[] = {1, 1, 1, 1, 1}; //Input Bias Current of Amplifiers
   8:system.c      **** const float sg_resistors[] = {1.024, 0.023, 1.02, 1.001, 1.02, 1.02, 1.02, 3300, 3300}; //Resistors
   9:system.c      **** 
  10:system.c      **** void init_hardware(void)
  11:system.c      **** {
  28              		.loc 1 11 0
  29              		.cfi_startproc
  30              		@ args = 0, pretend = 0, frame = 0
  31              		@ frame_needed = 0, uses_anonymous_args = 0
  32 0000 10B5     		push	{r4, lr}
  33              		.cfi_def_cfa_offset 8
  34              		.cfi_offset 4, -8
  35              		.cfi_offset 14, -4
  12:system.c      ****     UART_Start(); //Starting UART internal communication
  36              		.loc 1 12 0
  37 0002 FFF7FEFF 		bl	UART_Start
  38              	.LVL0:
  13:system.c      ****     I2C_TMP116_Start(); //Starting the I2C communication for TMP116 
  39              		.loc 1 13 0
  40 0006 FFF7FEFF 		bl	I2C_TMP116_Start
  41              	.LVL1:
  14:system.c      ****     SG_AMP_Start(); //Starting internal Op-amp titled SG_AMP
  42              		.loc 1 14 0
  43 000a FFF7FEFF 		bl	SG_AMP_Start
ARM GAS  C:\Users\Intern\AppData\Local\Temp\cc0gYApK.s 			page 2


  44              	.LVL2:
  15:system.c      ****     UV5_AMP_Start(); //Starting internal Op-amp titled UV5_AMP
  45              		.loc 1 15 0
  46 000e FFF7FEFF 		bl	UV5_AMP_Start
  47              	.LVL3:
  16:system.c      ****     ADC_Start(); //Starting ADC
  48              		.loc 1 16 0
  49 0012 FFF7FEFF 		bl	ADC_Start
  50              	.LVL4:
  17:system.c      **** }
  51              		.loc 1 17 0
  52              		@ sp needed
  53 0016 10BD     		pop	{r4, pc}
  54              		.cfi_endproc
  55              	.LFE36:
  56              		.size	init_hardware, .-init_hardware
  57              		.section	.text.system_enable_interrupts,"ax",%progbits
  58              		.align	2
  59              		.global	system_enable_interrupts
  60              		.code	16
  61              		.thumb_func
  62              		.type	system_enable_interrupts, %function
  63              	system_enable_interrupts:
  64              	.LFB37:
  18:system.c      **** 
  19:system.c      **** void system_enable_interrupts(void)
  20:system.c      **** {
  65              		.loc 1 20 0
  66              		.cfi_startproc
  67              		@ args = 0, pretend = 0, frame = 0
  68              		@ frame_needed = 0, uses_anonymous_args = 0
  69              		@ link register save eliminated.
  21:system.c      ****     CyGlobalIntEnable;
  70              		.loc 1 21 0
  71              		.syntax divided
  72              	@ 21 "system.c" 1
  73 0000 62B6     		CPSIE   i
  74              	@ 0 "" 2
  22:system.c      **** }
  75              		.loc 1 22 0
  76              		.thumb
  77              		.syntax unified
  78              		@ sp needed
  79 0002 7047     		bx	lr
  80              		.cfi_endproc
  81              	.LFE37:
  82              		.size	system_enable_interrupts, .-system_enable_interrupts
  83              		.section	.text.system_disable_interrupts,"ax",%progbits
  84              		.align	2
  85              		.global	system_disable_interrupts
  86              		.code	16
  87              		.thumb_func
  88              		.type	system_disable_interrupts, %function
  89              	system_disable_interrupts:
  90              	.LFB38:
  23:system.c      **** 
  24:system.c      **** void system_disable_interrupts(void)
ARM GAS  C:\Users\Intern\AppData\Local\Temp\cc0gYApK.s 			page 3


  25:system.c      **** {
  91              		.loc 1 25 0
  92              		.cfi_startproc
  93              		@ args = 0, pretend = 0, frame = 0
  94              		@ frame_needed = 0, uses_anonymous_args = 0
  95              		@ link register save eliminated.
  26:system.c      ****     CyGlobalIntDisable;
  96              		.loc 1 26 0
  97              		.syntax divided
  98              	@ 26 "system.c" 1
  99 0000 72B6     		CPSID   i
 100              	@ 0 "" 2
  27:system.c      **** }
 101              		.loc 1 27 0
 102              		.thumb
 103              		.syntax unified
 104              		@ sp needed
 105 0002 7047     		bx	lr
 106              		.cfi_endproc
 107              	.LFE38:
 108              		.size	system_disable_interrupts, .-system_disable_interrupts
 109              		.section	.text.adc_conversion,"ax",%progbits
 110              		.align	2
 111              		.global	adc_conversion
 112              		.code	16
 113              		.thumb_func
 114              		.type	adc_conversion, %function
 115              	adc_conversion:
 116              	.LFB39:
  28:system.c      **** 
  29:system.c      **** void adc_conversion(void)
  30:system.c      **** {
 117              		.loc 1 30 0
 118              		.cfi_startproc
 119              		@ args = 0, pretend = 0, frame = 0
 120              		@ frame_needed = 0, uses_anonymous_args = 0
 121 0000 10B5     		push	{r4, lr}
 122              		.cfi_def_cfa_offset 8
 123              		.cfi_offset 4, -8
 124              		.cfi_offset 14, -4
  31:system.c      ****     ADC_StartConvert();
 125              		.loc 1 31 0
 126 0002 FFF7FEFF 		bl	ADC_StartConvert
 127              	.LVL5:
  32:system.c      ****     ADC_IsEndConversion(ADC_WAIT_FOR_RESULT);
 128              		.loc 1 32 0
 129 0006 0220     		movs	r0, #2
 130 0008 FFF7FEFF 		bl	ADC_IsEndConversion
 131              	.LVL6:
  33:system.c      ****     ADC_StopConvert();   
 132              		.loc 1 33 0
 133 000c FFF7FEFF 		bl	ADC_StopConvert
 134              	.LVL7:
  34:system.c      **** }
 135              		.loc 1 34 0
 136              		@ sp needed
 137 0010 10BD     		pop	{r4, pc}
ARM GAS  C:\Users\Intern\AppData\Local\Temp\cc0gYApK.s 			page 4


 138              		.cfi_endproc
 139              	.LFE39:
 140              		.size	adc_conversion, .-adc_conversion
 141 0012 C046     		.section	.text.adc_acquire_channel,"ax",%progbits
 142              		.align	2
 143              		.global	adc_acquire_channel
 144              		.code	16
 145              		.thumb_func
 146              		.type	adc_acquire_channel, %function
 147              	adc_acquire_channel:
 148              	.LFB40:
  35:system.c      **** 
  36:system.c      **** uint16 adc_acquire_channel(uint32 channel)
  37:system.c      **** {
 149              		.loc 1 37 0
 150              		.cfi_startproc
 151              		@ args = 0, pretend = 0, frame = 0
 152              		@ frame_needed = 0, uses_anonymous_args = 0
 153              	.LVL8:
 154 0000 10B5     		push	{r4, lr}
 155              		.cfi_def_cfa_offset 8
 156              		.cfi_offset 4, -8
 157              		.cfi_offset 14, -4
 158 0002 0400     		movs	r4, r0
  38:system.c      ****     adc_conversion();
 159              		.loc 1 38 0
 160 0004 FFF7FEFF 		bl	adc_conversion
 161              	.LVL9:
  39:system.c      ****     uint16 adc_counts = (uint16) ADC_GetResult16(channel);
 162              		.loc 1 39 0
 163 0008 2000     		movs	r0, r4
 164 000a FFF7FEFF 		bl	ADC_GetResult16
 165              	.LVL10:
 166 000e 80B2     		uxth	r0, r0
 167              	.LVL11:
  40:system.c      ****     return adc_counts;
  41:system.c      **** }
 168              		.loc 1 41 0
 169              		@ sp needed
 170              	.LVL12:
 171 0010 10BD     		pop	{r4, pc}
 172              		.cfi_endproc
 173              	.LFE40:
 174              		.size	adc_acquire_channel, .-adc_acquire_channel
 175 0012 C046     		.section	.text.adc_sleep,"ax",%progbits
 176              		.align	2
 177              		.global	adc_sleep
 178              		.code	16
 179              		.thumb_func
 180              		.type	adc_sleep, %function
 181              	adc_sleep:
 182              	.LFB41:
  42:system.c      **** 
  43:system.c      **** void adc_sleep(void)
  44:system.c      **** {
 183              		.loc 1 44 0
 184              		.cfi_startproc
ARM GAS  C:\Users\Intern\AppData\Local\Temp\cc0gYApK.s 			page 5


 185              		@ args = 0, pretend = 0, frame = 0
 186              		@ frame_needed = 0, uses_anonymous_args = 0
 187 0000 10B5     		push	{r4, lr}
 188              		.cfi_def_cfa_offset 8
 189              		.cfi_offset 4, -8
 190              		.cfi_offset 14, -4
  45:system.c      ****     if (ADC_SAR_CTRL_REG  & ADC_ENABLE) 
 191              		.loc 1 45 0
 192 0002 034B     		ldr	r3, .L8
 193 0004 1B68     		ldr	r3, [r3]
 194 0006 002B     		cmp	r3, #0
 195 0008 01DA     		bge	.L6
  46:system.c      ****     { 
  47:system.c      ****         ADC_Sleep(); 
 196              		.loc 1 47 0
 197 000a FFF7FEFF 		bl	ADC_Sleep
 198              	.LVL13:
 199              	.L6:
  48:system.c      ****     }     
  49:system.c      **** }
 200              		.loc 1 49 0
 201              		@ sp needed
 202 000e 10BD     		pop	{r4, pc}
 203              	.L9:
 204              		.align	2
 205              	.L8:
 206 0010 00003A40 		.word	1077542912
 207              		.cfi_endproc
 208              	.LFE41:
 209              		.size	adc_sleep, .-adc_sleep
 210              		.section	.text.adc_wakeup,"ax",%progbits
 211              		.align	2
 212              		.global	adc_wakeup
 213              		.code	16
 214              		.thumb_func
 215              		.type	adc_wakeup, %function
 216              	adc_wakeup:
 217              	.LFB42:
  50:system.c      **** 
  51:system.c      **** void adc_wakeup(void)
  52:system.c      **** {
 218              		.loc 1 52 0
 219              		.cfi_startproc
 220              		@ args = 0, pretend = 0, frame = 0
 221              		@ frame_needed = 0, uses_anonymous_args = 0
 222 0000 10B5     		push	{r4, lr}
 223              		.cfi_def_cfa_offset 8
 224              		.cfi_offset 4, -8
 225              		.cfi_offset 14, -4
  53:system.c      ****     ADC_Wakeup();    
 226              		.loc 1 53 0
 227 0002 FFF7FEFF 		bl	ADC_Wakeup
 228              	.LVL14:
  54:system.c      **** }
 229              		.loc 1 54 0
 230              		@ sp needed
 231 0006 10BD     		pop	{r4, pc}
ARM GAS  C:\Users\Intern\AppData\Local\Temp\cc0gYApK.s 			page 6


 232              		.cfi_endproc
 233              	.LFE42:
 234              		.size	adc_wakeup, .-adc_wakeup
 235              		.section	.text.system_sleep,"ax",%progbits
 236              		.align	2
 237              		.global	system_sleep
 238              		.code	16
 239              		.thumb_func
 240              		.type	system_sleep, %function
 241              	system_sleep:
 242              	.LFB43:
  55:system.c      **** 
  56:system.c      **** void system_sleep(void)
  57:system.c      **** {
 243              		.loc 1 57 0
 244              		.cfi_startproc
 245              		@ args = 0, pretend = 0, frame = 0
 246              		@ frame_needed = 0, uses_anonymous_args = 0
 247 0000 10B5     		push	{r4, lr}
 248              		.cfi_def_cfa_offset 8
 249              		.cfi_offset 4, -8
 250              		.cfi_offset 14, -4
  58:system.c      ****     CySysPmSleep();
 251              		.loc 1 58 0
 252 0002 FFF7FEFF 		bl	CySysPmSleep
 253              	.LVL15:
  59:system.c      **** }
 254              		.loc 1 59 0
 255              		@ sp needed
 256 0006 10BD     		pop	{r4, pc}
 257              		.cfi_endproc
 258              	.LFE43:
 259              		.size	system_sleep, .-system_sleep
 260              		.section	.text.system_deepsleep,"ax",%progbits
 261              		.align	2
 262              		.global	system_deepsleep
 263              		.code	16
 264              		.thumb_func
 265              		.type	system_deepsleep, %function
 266              	system_deepsleep:
 267              	.LFB44:
  60:system.c      **** 
  61:system.c      **** void system_deepsleep(void)
  62:system.c      **** {
 268              		.loc 1 62 0
 269              		.cfi_startproc
 270              		@ args = 0, pretend = 0, frame = 0
 271              		@ frame_needed = 0, uses_anonymous_args = 0
 272 0000 10B5     		push	{r4, lr}
 273              		.cfi_def_cfa_offset 8
 274              		.cfi_offset 4, -8
 275              		.cfi_offset 14, -4
  63:system.c      ****     CySysPmDeepSleep();
 276              		.loc 1 63 0
 277 0002 FFF7FEFF 		bl	CySysPmDeepSleep
 278              	.LVL16:
  64:system.c      **** }
ARM GAS  C:\Users\Intern\AppData\Local\Temp\cc0gYApK.s 			page 7


 279              		.loc 1 64 0
 280              		@ sp needed
 281 0006 10BD     		pop	{r4, pc}
 282              		.cfi_endproc
 283              	.LFE44:
 284              		.size	system_deepsleep, .-system_deepsleep
 285              		.section	.text.system_stop_eco,"ax",%progbits
 286              		.align	2
 287              		.global	system_stop_eco
 288              		.code	16
 289              		.thumb_func
 290              		.type	system_stop_eco, %function
 291              	system_stop_eco:
 292              	.LFB45:
  65:system.c      **** 
  66:system.c      **** void system_stop_eco(void)
  67:system.c      **** {
 293              		.loc 1 67 0
 294              		.cfi_startproc
 295              		@ args = 0, pretend = 0, frame = 0
 296              		@ frame_needed = 0, uses_anonymous_args = 0
 297 0000 10B5     		push	{r4, lr}
 298              		.cfi_def_cfa_offset 8
 299              		.cfi_offset 4, -8
 300              		.cfi_offset 14, -4
  68:system.c      ****     CySysClkEcoStop();
 301              		.loc 1 68 0
 302 0002 FFF7FEFF 		bl	CySysClkEcoStop
 303              	.LVL17:
  69:system.c      **** }
 304              		.loc 1 69 0
 305              		@ sp needed
 306 0006 10BD     		pop	{r4, pc}
 307              		.cfi_endproc
 308              	.LFE45:
 309              		.size	system_stop_eco, .-system_stop_eco
 310              		.section	.text.system_set_imo,"ax",%progbits
 311              		.align	2
 312              		.global	system_set_imo
 313              		.code	16
 314              		.thumb_func
 315              		.type	system_set_imo, %function
 316              	system_set_imo:
 317              	.LFB46:
  70:system.c      **** 
  71:system.c      **** void system_set_imo(int mhz)
  72:system.c      **** {
 318              		.loc 1 72 0
 319              		.cfi_startproc
 320              		@ args = 0, pretend = 0, frame = 0
 321              		@ frame_needed = 0, uses_anonymous_args = 0
 322              	.LVL18:
 323 0000 10B5     		push	{r4, lr}
 324              		.cfi_def_cfa_offset 8
 325              		.cfi_offset 4, -8
 326              		.cfi_offset 14, -4
  73:system.c      ****     CySysClkWriteImoFreq(mhz);
ARM GAS  C:\Users\Intern\AppData\Local\Temp\cc0gYApK.s 			page 8


 327              		.loc 1 73 0
 328 0002 FFF7FEFF 		bl	CySysClkWriteImoFreq
 329              	.LVL19:
  74:system.c      **** }
 330              		.loc 1 74 0
 331              		@ sp needed
 332 0006 10BD     		pop	{r4, pc}
 333              		.cfi_endproc
 334              	.LFE46:
 335              		.size	system_set_imo, .-system_set_imo
 336              		.global	sg_resistors
 337              		.global	amp_ibc
 338              		.global	amp_iov
 339              		.global	uv_respons
 340              		.global	uv_gain
 341              		.global	vdd_calibration
 342              		.section	.rodata
 343              		.align	2
 344              		.type	sg_resistors, %object
 345              		.size	sg_resistors, 36
 346              	sg_resistors:
 347 0000 6F12833F 		.word	1065554543
 348 0004 7F6ABC3C 		.word	1018980991
 349 0008 5C8F823F 		.word	1065520988
 350 000c C520803F 		.word	1065361605
 351 0010 5C8F823F 		.word	1065520988
 352 0014 5C8F823F 		.word	1065520988
 353 0018 5C8F823F 		.word	1065520988
 354 001c 00404E45 		.word	1162756096
 355 0020 00404E45 		.word	1162756096
 356              		.type	amp_ibc, %object
 357              		.size	amp_ibc, 20
 358              	amp_ibc:
 359 0024 0000803F 		.word	1065353216
 360 0028 0000803F 		.word	1065353216
 361 002c 0000803F 		.word	1065353216
 362 0030 0000803F 		.word	1065353216
 363 0034 0000803F 		.word	1065353216
 364              		.type	amp_iov, %object
 365              		.size	amp_iov, 20
 366              	amp_iov:
 367 0038 0000803F 		.word	1065353216
 368 003c 0000803F 		.word	1065353216
 369 0040 0000803F 		.word	1065353216
 370 0044 0000803F 		.word	1065353216
 371 0048 0000803F 		.word	1065353216
 372              		.type	uv_respons, %object
 373              		.size	uv_respons, 20
 374              	uv_respons:
 375 004c 0000E242 		.word	1122107392
 376 0050 00008A42 		.word	1116340224
 377 0054 00008A42 		.word	1116340224
 378 0058 00003543 		.word	1127546880
 379 005c 00003543 		.word	1127546880
 380              		.type	uv_gain, %object
 381              		.size	uv_gain, 20
 382              	uv_gain:
ARM GAS  C:\Users\Intern\AppData\Local\Temp\cc0gYApK.s 			page 9


 383 0060 3D0A1F41 		.word	1092553277
 384 0064 3D0A1F41 		.word	1092553277
 385 0068 EC512041 		.word	1092637164
 386 006c 5C8F1E41 		.word	1092521820
 387 0070 F6282041 		.word	1092626678
 388              		.type	vdd_calibration, %object
 389              		.size	vdd_calibration, 4
 390              	vdd_calibration:
 391 0074 2C704B45 		.word	1162571820
 392              		.text
 393              	.Letext0:
 394              		.file 2 "Generated_Source\\PSoC4/cytypes.h"
 395              		.file 3 "Generated_Source\\PSoC4/BLE_Stack.h"
 396              		.file 4 "Generated_Source\\PSoC4/BLE_ans.h"
 397              		.file 5 "Generated_Source\\PSoC4/UART.h"
 398              		.file 6 "Generated_Source\\PSoC4/I2C_TMP116.h"
 399              		.file 7 "Generated_Source\\PSoC4/SG_AMP.h"
 400              		.file 8 "Generated_Source\\PSoC4/UV5_AMP.h"
 401              		.file 9 "Generated_Source\\PSoC4/ADC.h"
 402              		.file 10 "Generated_Source\\PSoC4/cyPm.h"
 403              		.file 11 "Generated_Source\\PSoC4/CyLib.h"
 404              		.section	.debug_info,"",%progbits
 405              	.Ldebug_info0:
 406 0000 C5050000 		.4byte	0x5c5
 407 0004 0400     		.2byte	0x4
 408 0006 00000000 		.4byte	.Ldebug_abbrev0
 409 000a 04       		.byte	0x4
 410 000b 01       		.uleb128 0x1
 411 000c 6D010000 		.4byte	.LASF129
 412 0010 0C       		.byte	0xc
 413 0011 0C030000 		.4byte	.LASF130
 414 0015 E20A0000 		.4byte	.LASF131
 415 0019 00000000 		.4byte	.Ldebug_ranges0+0
 416 001d 00000000 		.4byte	0
 417 0021 00000000 		.4byte	.Ldebug_line0
 418 0025 02       		.uleb128 0x2
 419 0026 04       		.byte	0x4
 420 0027 05       		.byte	0x5
 421 0028 696E7400 		.ascii	"int\000"
 422 002c 03       		.uleb128 0x3
 423 002d 04       		.byte	0x4
 424 002e 07       		.byte	0x7
 425 002f E8040000 		.4byte	.LASF0
 426 0033 03       		.uleb128 0x3
 427 0034 08       		.byte	0x8
 428 0035 05       		.byte	0x5
 429 0036 15030000 		.4byte	.LASF1
 430 003a 03       		.uleb128 0x3
 431 003b 08       		.byte	0x8
 432 003c 04       		.byte	0x4
 433 003d 5F0A0000 		.4byte	.LASF2
 434 0041 03       		.uleb128 0x3
 435 0042 01       		.byte	0x1
 436 0043 06       		.byte	0x6
 437 0044 23030000 		.4byte	.LASF3
 438 0048 03       		.uleb128 0x3
 439 0049 01       		.byte	0x1
ARM GAS  C:\Users\Intern\AppData\Local\Temp\cc0gYApK.s 			page 10


 440 004a 08       		.byte	0x8
 441 004b 69090000 		.4byte	.LASF4
 442 004f 03       		.uleb128 0x3
 443 0050 02       		.byte	0x2
 444 0051 05       		.byte	0x5
 445 0052 9B090000 		.4byte	.LASF5
 446 0056 03       		.uleb128 0x3
 447 0057 02       		.byte	0x2
 448 0058 07       		.byte	0x7
 449 0059 CA050000 		.4byte	.LASF6
 450 005d 03       		.uleb128 0x3
 451 005e 04       		.byte	0x4
 452 005f 05       		.byte	0x5
 453 0060 64010000 		.4byte	.LASF7
 454 0064 03       		.uleb128 0x3
 455 0065 04       		.byte	0x4
 456 0066 07       		.byte	0x7
 457 0067 14050000 		.4byte	.LASF8
 458 006b 03       		.uleb128 0x3
 459 006c 08       		.byte	0x8
 460 006d 07       		.byte	0x7
 461 006e FB010000 		.4byte	.LASF9
 462 0072 03       		.uleb128 0x3
 463 0073 04       		.byte	0x4
 464 0074 07       		.byte	0x7
 465 0075 F0070000 		.4byte	.LASF10
 466 0079 03       		.uleb128 0x3
 467 007a 01       		.byte	0x1
 468 007b 08       		.byte	0x8
 469 007c 830A0000 		.4byte	.LASF11
 470 0080 04       		.uleb128 0x4
 471 0081 3F000000 		.4byte	.LASF12
 472 0085 02       		.byte	0x2
 473 0086 D301     		.2byte	0x1d3
 474 0088 56000000 		.4byte	0x56
 475 008c 04       		.uleb128 0x4
 476 008d 2B040000 		.4byte	.LASF13
 477 0091 02       		.byte	0x2
 478 0092 D401     		.2byte	0x1d4
 479 0094 64000000 		.4byte	0x64
 480 0098 03       		.uleb128 0x3
 481 0099 04       		.byte	0x4
 482 009a 04       		.byte	0x4
 483 009b 1D090000 		.4byte	.LASF14
 484 009f 03       		.uleb128 0x3
 485 00a0 08       		.byte	0x8
 486 00a1 04       		.byte	0x4
 487 00a2 0F040000 		.4byte	.LASF15
 488 00a6 04       		.uleb128 0x4
 489 00a7 57070000 		.4byte	.LASF16
 490 00ab 02       		.byte	0x2
 491 00ac 7E02     		.2byte	0x27e
 492 00ae B2000000 		.4byte	0xb2
 493 00b2 05       		.uleb128 0x5
 494 00b3 8C000000 		.4byte	0x8c
 495 00b7 06       		.uleb128 0x6
 496 00b8 01       		.byte	0x1
ARM GAS  C:\Users\Intern\AppData\Local\Temp\cc0gYApK.s 			page 11


 497 00b9 48000000 		.4byte	0x48
 498 00bd 03       		.byte	0x3
 499 00be 4D01     		.2byte	0x14d
 500 00c0 75020000 		.4byte	0x275
 501 00c4 07       		.uleb128 0x7
 502 00c5 DD050000 		.4byte	.LASF17
 503 00c9 00       		.byte	0
 504 00ca 07       		.uleb128 0x7
 505 00cb 2F030000 		.4byte	.LASF18
 506 00cf 01       		.byte	0x1
 507 00d0 07       		.uleb128 0x7
 508 00d1 52010000 		.4byte	.LASF19
 509 00d5 02       		.byte	0x2
 510 00d6 07       		.uleb128 0x7
 511 00d7 950B0000 		.4byte	.LASF20
 512 00db 03       		.byte	0x3
 513 00dc 07       		.uleb128 0x7
 514 00dd 1F020000 		.4byte	.LASF21
 515 00e1 04       		.byte	0x4
 516 00e2 07       		.uleb128 0x7
 517 00e3 23000000 		.4byte	.LASF22
 518 00e7 05       		.byte	0x5
 519 00e8 07       		.uleb128 0x7
 520 00e9 12060000 		.4byte	.LASF23
 521 00ed 06       		.byte	0x6
 522 00ee 07       		.uleb128 0x7
 523 00ef 5D070000 		.4byte	.LASF24
 524 00f3 20       		.byte	0x20
 525 00f4 07       		.uleb128 0x7
 526 00f5 61030000 		.4byte	.LASF25
 527 00f9 21       		.byte	0x21
 528 00fa 07       		.uleb128 0x7
 529 00fb 4C060000 		.4byte	.LASF26
 530 00ff 22       		.byte	0x22
 531 0100 07       		.uleb128 0x7
 532 0101 FA060000 		.4byte	.LASF27
 533 0105 23       		.byte	0x23
 534 0106 07       		.uleb128 0x7
 535 0107 98080000 		.4byte	.LASF28
 536 010b 24       		.byte	0x24
 537 010c 07       		.uleb128 0x7
 538 010d 03080000 		.4byte	.LASF29
 539 0111 25       		.byte	0x25
 540 0112 07       		.uleb128 0x7
 541 0113 C8030000 		.4byte	.LASF30
 542 0117 26       		.byte	0x26
 543 0118 07       		.uleb128 0x7
 544 0119 70060000 		.4byte	.LASF31
 545 011d 27       		.byte	0x27
 546 011e 07       		.uleb128 0x7
 547 011f 880A0000 		.4byte	.LASF32
 548 0123 28       		.byte	0x28
 549 0124 07       		.uleb128 0x7
 550 0125 B6020000 		.4byte	.LASF33
 551 0129 29       		.byte	0x29
 552 012a 07       		.uleb128 0x7
 553 012b 94000000 		.4byte	.LASF34
ARM GAS  C:\Users\Intern\AppData\Local\Temp\cc0gYApK.s 			page 12


 554 012f 2A       		.byte	0x2a
 555 0130 07       		.uleb128 0x7
 556 0131 42030000 		.4byte	.LASF35
 557 0135 2B       		.byte	0x2b
 558 0136 07       		.uleb128 0x7
 559 0137 6F0C0000 		.4byte	.LASF36
 560 013b 2C       		.byte	0x2c
 561 013c 07       		.uleb128 0x7
 562 013d D3020000 		.4byte	.LASF37
 563 0141 2D       		.byte	0x2d
 564 0142 07       		.uleb128 0x7
 565 0143 77090000 		.4byte	.LASF38
 566 0147 2E       		.byte	0x2e
 567 0148 07       		.uleb128 0x7
 568 0149 DE000000 		.4byte	.LASF39
 569 014d 2F       		.byte	0x2f
 570 014e 07       		.uleb128 0x7
 571 014f 58080000 		.4byte	.LASF40
 572 0153 30       		.byte	0x30
 573 0154 07       		.uleb128 0x7
 574 0155 DA0C0000 		.4byte	.LASF41
 575 0159 31       		.byte	0x31
 576 015a 07       		.uleb128 0x7
 577 015b 37080000 		.4byte	.LASF42
 578 015f 32       		.byte	0x32
 579 0160 07       		.uleb128 0x7
 580 0161 380A0000 		.4byte	.LASF43
 581 0165 33       		.byte	0x33
 582 0166 07       		.uleb128 0x7
 583 0167 26050000 		.4byte	.LASF44
 584 016b 34       		.byte	0x34
 585 016c 07       		.uleb128 0x7
 586 016d 8D040000 		.4byte	.LASF45
 587 0171 35       		.byte	0x35
 588 0172 07       		.uleb128 0x7
 589 0173 8F060000 		.4byte	.LASF46
 590 0177 36       		.byte	0x36
 591 0178 07       		.uleb128 0x7
 592 0179 8C070000 		.4byte	.LASF47
 593 017d 37       		.byte	0x37
 594 017e 07       		.uleb128 0x7
 595 017f 40040000 		.4byte	.LASF48
 596 0183 40       		.byte	0x40
 597 0184 07       		.uleb128 0x7
 598 0185 20070000 		.4byte	.LASF49
 599 0189 41       		.byte	0x41
 600 018a 07       		.uleb128 0x7
 601 018b 35090000 		.4byte	.LASF50
 602 018f 42       		.byte	0x42
 603 0190 07       		.uleb128 0x7
 604 0191 C20B0000 		.4byte	.LASF51
 605 0195 43       		.byte	0x43
 606 0196 07       		.uleb128 0x7
 607 0197 58050000 		.4byte	.LASF52
 608 019b 44       		.byte	0x44
 609 019c 07       		.uleb128 0x7
 610 019d F6080000 		.4byte	.LASF53
ARM GAS  C:\Users\Intern\AppData\Local\Temp\cc0gYApK.s 			page 13


 611 01a1 45       		.byte	0x45
 612 01a2 07       		.uleb128 0x7
 613 01a3 C5060000 		.4byte	.LASF54
 614 01a7 46       		.byte	0x46
 615 01a8 07       		.uleb128 0x7
 616 01a9 F4050000 		.4byte	.LASF55
 617 01ad 47       		.byte	0x47
 618 01ae 07       		.uleb128 0x7
 619 01af 480C0000 		.4byte	.LASF56
 620 01b3 48       		.byte	0x48
 621 01b4 07       		.uleb128 0x7
 622 01b5 78030000 		.4byte	.LASF57
 623 01b9 49       		.byte	0x49
 624 01ba 07       		.uleb128 0x7
 625 01bb F00B0000 		.4byte	.LASF58
 626 01bf 4A       		.byte	0x4a
 627 01c0 07       		.uleb128 0x7
 628 01c1 07010000 		.4byte	.LASF59
 629 01c5 4B       		.byte	0x4b
 630 01c6 07       		.uleb128 0x7
 631 01c7 3E050000 		.4byte	.LASF60
 632 01cb 4C       		.byte	0x4c
 633 01cc 07       		.uleb128 0x7
 634 01cd 1D080000 		.4byte	.LASF61
 635 01d1 4D       		.byte	0x4d
 636 01d2 07       		.uleb128 0x7
 637 01d3 AA030000 		.4byte	.LASF62
 638 01d7 4E       		.byte	0x4e
 639 01d8 07       		.uleb128 0x7
 640 01d9 E3090000 		.4byte	.LASF63
 641 01dd 4F       		.byte	0x4f
 642 01de 07       		.uleb128 0x7
 643 01df 26010000 		.4byte	.LASF64
 644 01e3 50       		.byte	0x50
 645 01e4 07       		.uleb128 0x7
 646 01e5 F0030000 		.4byte	.LASF65
 647 01e9 51       		.byte	0x51
 648 01ea 07       		.uleb128 0x7
 649 01eb B4080000 		.4byte	.LASF66
 650 01ef 52       		.byte	0x52
 651 01f0 07       		.uleb128 0x7
 652 01f1 A5090000 		.4byte	.LASF67
 653 01f5 53       		.byte	0x53
 654 01f6 07       		.uleb128 0x7
 655 01f7 0A0A0000 		.4byte	.LASF68
 656 01fb 54       		.byte	0x54
 657 01fc 07       		.uleb128 0x7
 658 01fd 76050000 		.4byte	.LASF69
 659 0201 55       		.byte	0x55
 660 0202 07       		.uleb128 0x7
 661 0203 B8040000 		.4byte	.LASF70
 662 0207 56       		.byte	0x56
 663 0208 07       		.uleb128 0x7
 664 0209 AA0A0000 		.4byte	.LASF71
 665 020d 57       		.byte	0x57
 666 020e 07       		.uleb128 0x7
 667 020f 9A050000 		.4byte	.LASF72
ARM GAS  C:\Users\Intern\AppData\Local\Temp\cc0gYApK.s 			page 14


 668 0213 58       		.byte	0x58
 669 0214 07       		.uleb128 0x7
 670 0215 90020000 		.4byte	.LASF73
 671 0219 70       		.byte	0x70
 672 021a 07       		.uleb128 0x7
 673 021b B40C0000 		.4byte	.LASF74
 674 021f 71       		.byte	0x71
 675 0220 07       		.uleb128 0x7
 676 0221 3B070000 		.4byte	.LASF75
 677 0225 72       		.byte	0x72
 678 0226 07       		.uleb128 0x7
 679 0227 C1070000 		.4byte	.LASF76
 680 022b 73       		.byte	0x73
 681 022c 07       		.uleb128 0x7
 682 022d 65000000 		.4byte	.LASF77
 683 0231 74       		.byte	0x74
 684 0232 07       		.uleb128 0x7
 685 0233 930C0000 		.4byte	.LASF78
 686 0237 75       		.byte	0x75
 687 0238 07       		.uleb128 0x7
 688 0239 BD000000 		.4byte	.LASF79
 689 023d 76       		.byte	0x76
 690 023e 07       		.uleb128 0x7
 691 023f 46000000 		.4byte	.LASF80
 692 0243 77       		.byte	0x77
 693 0244 07       		.uleb128 0x7
 694 0245 00000000 		.4byte	.LASF81
 695 0249 78       		.byte	0x78
 696 024a 07       		.uleb128 0x7
 697 024b 2F0B0000 		.4byte	.LASF82
 698 024f 79       		.byte	0x79
 699 0250 07       		.uleb128 0x7
 700 0251 69040000 		.4byte	.LASF83
 701 0255 7A       		.byte	0x7a
 702 0256 07       		.uleb128 0x7
 703 0257 3F020000 		.4byte	.LASF84
 704 025b FA       		.byte	0xfa
 705 025c 07       		.uleb128 0x7
 706 025d F5040000 		.4byte	.LASF85
 707 0261 FB       		.byte	0xfb
 708 0262 07       		.uleb128 0x7
 709 0263 C6090000 		.4byte	.LASF86
 710 0267 FC       		.byte	0xfc
 711 0268 07       		.uleb128 0x7
 712 0269 6B0A0000 		.4byte	.LASF87
 713 026d FD       		.byte	0xfd
 714 026e 07       		.uleb128 0x7
 715 026f 32040000 		.4byte	.LASF88
 716 0273 FF       		.byte	0xff
 717 0274 00       		.byte	0
 718 0275 08       		.uleb128 0x8
 719 0276 01       		.byte	0x1
 720 0277 48000000 		.4byte	0x48
 721 027b 04       		.byte	0x4
 722 027c 23       		.byte	0x23
 723 027d A6020000 		.4byte	0x2a6
 724 0281 07       		.uleb128 0x7
ARM GAS  C:\Users\Intern\AppData\Local\Temp\cc0gYApK.s 			page 15


 725 0282 5D020000 		.4byte	.LASF89
 726 0286 00       		.byte	0
 727 0287 07       		.uleb128 0x7
 728 0288 E6060000 		.4byte	.LASF90
 729 028c 01       		.byte	0x1
 730 028d 07       		.uleb128 0x7
 731 028e 520B0000 		.4byte	.LASF91
 732 0292 02       		.byte	0x2
 733 0293 07       		.uleb128 0x7
 734 0294 770B0000 		.4byte	.LASF92
 735 0298 03       		.byte	0x3
 736 0299 07       		.uleb128 0x7
 737 029a 260C0000 		.4byte	.LASF93
 738 029e 04       		.byte	0x4
 739 029f 07       		.uleb128 0x7
 740 02a0 16040000 		.4byte	.LASF94
 741 02a4 05       		.byte	0x5
 742 02a5 00       		.byte	0
 743 02a6 08       		.uleb128 0x8
 744 02a7 01       		.byte	0x1
 745 02a8 48000000 		.4byte	0x48
 746 02ac 04       		.byte	0x4
 747 02ad 2E       		.byte	0x2e
 748 02ae BF020000 		.4byte	0x2bf
 749 02b2 07       		.uleb128 0x7
 750 02b3 D30A0000 		.4byte	.LASF95
 751 02b7 00       		.byte	0
 752 02b8 07       		.uleb128 0x7
 753 02b9 53090000 		.4byte	.LASF96
 754 02bd 01       		.byte	0x1
 755 02be 00       		.byte	0
 756 02bf 09       		.uleb128 0x9
 757 02c0 DA040000 		.4byte	.LASF99
 758 02c4 01       		.byte	0x1
 759 02c5 0A       		.byte	0xa
 760 02c6 00000000 		.4byte	.LFB36
 761 02ca 18000000 		.4byte	.LFE36-.LFB36
 762 02ce 01       		.uleb128 0x1
 763 02cf 9C       		.byte	0x9c
 764 02d0 02030000 		.4byte	0x302
 765 02d4 0A       		.uleb128 0xa
 766 02d5 06000000 		.4byte	.LVL0
 767 02d9 23050000 		.4byte	0x523
 768 02dd 0A       		.uleb128 0xa
 769 02de 0A000000 		.4byte	.LVL1
 770 02e2 2E050000 		.4byte	0x52e
 771 02e6 0A       		.uleb128 0xa
 772 02e7 0E000000 		.4byte	.LVL2
 773 02eb 39050000 		.4byte	0x539
 774 02ef 0A       		.uleb128 0xa
 775 02f0 12000000 		.4byte	.LVL3
 776 02f4 44050000 		.4byte	0x544
 777 02f8 0A       		.uleb128 0xa
 778 02f9 16000000 		.4byte	.LVL4
 779 02fd 4F050000 		.4byte	0x54f
 780 0301 00       		.byte	0
 781 0302 0B       		.uleb128 0xb
ARM GAS  C:\Users\Intern\AppData\Local\Temp\cc0gYApK.s 			page 16


 782 0303 D5080000 		.4byte	.LASF97
 783 0307 01       		.byte	0x1
 784 0308 13       		.byte	0x13
 785 0309 00000000 		.4byte	.LFB37
 786 030d 04000000 		.4byte	.LFE37-.LFB37
 787 0311 01       		.uleb128 0x1
 788 0312 9C       		.byte	0x9c
 789 0313 0B       		.uleb128 0xb
 790 0314 FE0C0000 		.4byte	.LASF98
 791 0318 01       		.byte	0x1
 792 0319 18       		.byte	0x18
 793 031a 00000000 		.4byte	.LFB38
 794 031e 04000000 		.4byte	.LFE38-.LFB38
 795 0322 01       		.uleb128 0x1
 796 0323 9C       		.byte	0x9c
 797 0324 09       		.uleb128 0x9
 798 0325 9B030000 		.4byte	.LASF100
 799 0329 01       		.byte	0x1
 800 032a 1D       		.byte	0x1d
 801 032b 00000000 		.4byte	.LFB39
 802 032f 12000000 		.4byte	.LFE39-.LFB39
 803 0333 01       		.uleb128 0x1
 804 0334 9C       		.byte	0x9c
 805 0335 5F030000 		.4byte	0x35f
 806 0339 0A       		.uleb128 0xa
 807 033a 06000000 		.4byte	.LVL5
 808 033e 5A050000 		.4byte	0x55a
 809 0342 0C       		.uleb128 0xc
 810 0343 0C000000 		.4byte	.LVL6
 811 0347 65050000 		.4byte	0x565
 812 034b 55030000 		.4byte	0x355
 813 034f 0D       		.uleb128 0xd
 814 0350 01       		.uleb128 0x1
 815 0351 50       		.byte	0x50
 816 0352 01       		.uleb128 0x1
 817 0353 32       		.byte	0x32
 818 0354 00       		.byte	0
 819 0355 0A       		.uleb128 0xa
 820 0356 10000000 		.4byte	.LVL7
 821 035a 70050000 		.4byte	0x570
 822 035e 00       		.byte	0
 823 035f 0E       		.uleb128 0xe
 824 0360 AE0B0000 		.4byte	.LASF132
 825 0364 01       		.byte	0x1
 826 0365 24       		.byte	0x24
 827 0366 80000000 		.4byte	0x80
 828 036a 00000000 		.4byte	.LFB40
 829 036e 12000000 		.4byte	.LFE40-.LFB40
 830 0372 01       		.uleb128 0x1
 831 0373 9C       		.byte	0x9c
 832 0374 AE030000 		.4byte	0x3ae
 833 0378 0F       		.uleb128 0xf
 834 0379 020A0000 		.4byte	.LASF107
 835 037d 01       		.byte	0x1
 836 037e 24       		.byte	0x24
 837 037f 8C000000 		.4byte	0x8c
 838 0383 00000000 		.4byte	.LLST0
ARM GAS  C:\Users\Intern\AppData\Local\Temp\cc0gYApK.s 			page 17


 839 0387 10       		.uleb128 0x10
 840 0388 D8090000 		.4byte	.LASF133
 841 038c 01       		.byte	0x1
 842 038d 27       		.byte	0x27
 843 038e 80000000 		.4byte	0x80
 844 0392 01       		.uleb128 0x1
 845 0393 50       		.byte	0x50
 846 0394 0A       		.uleb128 0xa
 847 0395 08000000 		.4byte	.LVL9
 848 0399 24030000 		.4byte	0x324
 849 039d 11       		.uleb128 0x11
 850 039e 0E000000 		.4byte	.LVL10
 851 03a2 7B050000 		.4byte	0x57b
 852 03a6 0D       		.uleb128 0xd
 853 03a7 01       		.uleb128 0x1
 854 03a8 50       		.byte	0x50
 855 03a9 02       		.uleb128 0x2
 856 03aa 74       		.byte	0x74
 857 03ab 00       		.sleb128 0
 858 03ac 00       		.byte	0
 859 03ad 00       		.byte	0
 860 03ae 09       		.uleb128 0x9
 861 03af F9070000 		.4byte	.LASF101
 862 03b3 01       		.byte	0x1
 863 03b4 2B       		.byte	0x2b
 864 03b5 00000000 		.4byte	.LFB41
 865 03b9 14000000 		.4byte	.LFE41-.LFB41
 866 03bd 01       		.uleb128 0x1
 867 03be 9C       		.byte	0x9c
 868 03bf CD030000 		.4byte	0x3cd
 869 03c3 0A       		.uleb128 0xa
 870 03c4 0E000000 		.4byte	.LVL13
 871 03c8 86050000 		.4byte	0x586
 872 03cc 00       		.byte	0
 873 03cd 09       		.uleb128 0x9
 874 03ce 280D0000 		.4byte	.LASF102
 875 03d2 01       		.byte	0x1
 876 03d3 33       		.byte	0x33
 877 03d4 00000000 		.4byte	.LFB42
 878 03d8 08000000 		.4byte	.LFE42-.LFB42
 879 03dc 01       		.uleb128 0x1
 880 03dd 9C       		.byte	0x9c
 881 03de EC030000 		.4byte	0x3ec
 882 03e2 0A       		.uleb128 0xa
 883 03e3 06000000 		.4byte	.LVL14
 884 03e7 91050000 		.4byte	0x591
 885 03eb 00       		.byte	0
 886 03ec 09       		.uleb128 0x9
 887 03ed 2B0A0000 		.4byte	.LASF103
 888 03f1 01       		.byte	0x1
 889 03f2 38       		.byte	0x38
 890 03f3 00000000 		.4byte	.LFB43
 891 03f7 08000000 		.4byte	.LFE43-.LFB43
 892 03fb 01       		.uleb128 0x1
 893 03fc 9C       		.byte	0x9c
 894 03fd 0B040000 		.4byte	0x40b
 895 0401 0A       		.uleb128 0xa
ARM GAS  C:\Users\Intern\AppData\Local\Temp\cc0gYApK.s 			page 18


 896 0402 06000000 		.4byte	.LVL15
 897 0406 9C050000 		.4byte	0x59c
 898 040a 00       		.byte	0
 899 040b 09       		.uleb128 0x9
 900 040c 3B060000 		.4byte	.LASF104
 901 0410 01       		.byte	0x1
 902 0411 3D       		.byte	0x3d
 903 0412 00000000 		.4byte	.LFB44
 904 0416 08000000 		.4byte	.LFE44-.LFB44
 905 041a 01       		.uleb128 0x1
 906 041b 9C       		.byte	0x9c
 907 041c 2A040000 		.4byte	0x42a
 908 0420 0A       		.uleb128 0xa
 909 0421 06000000 		.4byte	.LVL16
 910 0425 A7050000 		.4byte	0x5a7
 911 0429 00       		.byte	0
 912 042a 09       		.uleb128 0x9
 913 042b FC020000 		.4byte	.LASF105
 914 042f 01       		.byte	0x1
 915 0430 42       		.byte	0x42
 916 0431 00000000 		.4byte	.LFB45
 917 0435 08000000 		.4byte	.LFE45-.LFB45
 918 0439 01       		.uleb128 0x1
 919 043a 9C       		.byte	0x9c
 920 043b 49040000 		.4byte	0x449
 921 043f 0A       		.uleb128 0xa
 922 0440 06000000 		.4byte	.LVL17
 923 0444 B2050000 		.4byte	0x5b2
 924 0448 00       		.byte	0
 925 0449 09       		.uleb128 0x9
 926 044a 5A040000 		.4byte	.LASF106
 927 044e 01       		.byte	0x1
 928 044f 47       		.byte	0x47
 929 0450 00000000 		.4byte	.LFB46
 930 0454 08000000 		.4byte	.LFE46-.LFB46
 931 0458 01       		.uleb128 0x1
 932 0459 9C       		.byte	0x9c
 933 045a 7F040000 		.4byte	0x47f
 934 045e 12       		.uleb128 0x12
 935 045f 6D687A00 		.ascii	"mhz\000"
 936 0463 01       		.byte	0x1
 937 0464 47       		.byte	0x47
 938 0465 25000000 		.4byte	0x25
 939 0469 2C000000 		.4byte	.LLST1
 940 046d 11       		.uleb128 0x11
 941 046e 06000000 		.4byte	.LVL19
 942 0472 BD050000 		.4byte	0x5bd
 943 0476 0D       		.uleb128 0xd
 944 0477 01       		.uleb128 0x1
 945 0478 50       		.byte	0x50
 946 0479 03       		.uleb128 0x3
 947 047a F3       		.byte	0xf3
 948 047b 01       		.uleb128 0x1
 949 047c 50       		.byte	0x50
 950 047d 00       		.byte	0
 951 047e 00       		.byte	0
 952 047f 13       		.uleb128 0x13
ARM GAS  C:\Users\Intern\AppData\Local\Temp\cc0gYApK.s 			page 19


 953 0480 0E0C0000 		.4byte	.LASF108
 954 0484 01       		.byte	0x1
 955 0485 03       		.byte	0x3
 956 0486 90040000 		.4byte	0x490
 957 048a 05       		.uleb128 0x5
 958 048b 03       		.byte	0x3
 959 048c 00000000 		.4byte	vdd_calibration
 960 0490 14       		.uleb128 0x14
 961 0491 98000000 		.4byte	0x98
 962 0495 15       		.uleb128 0x15
 963 0496 90040000 		.4byte	0x490
 964 049a A5040000 		.4byte	0x4a5
 965 049e 16       		.uleb128 0x16
 966 049f 72000000 		.4byte	0x72
 967 04a3 04       		.byte	0x4
 968 04a4 00       		.byte	0
 969 04a5 13       		.uleb128 0x13
 970 04a6 EE080000 		.4byte	.LASF109
 971 04aa 01       		.byte	0x1
 972 04ab 04       		.byte	0x4
 973 04ac B6040000 		.4byte	0x4b6
 974 04b0 05       		.uleb128 0x5
 975 04b1 03       		.byte	0x3
 976 04b2 00000000 		.4byte	uv_gain
 977 04b6 14       		.uleb128 0x14
 978 04b7 95040000 		.4byte	0x495
 979 04bb 13       		.uleb128 0x13
 980 04bc 81070000 		.4byte	.LASF110
 981 04c0 01       		.byte	0x1
 982 04c1 05       		.byte	0x5
 983 04c2 CC040000 		.4byte	0x4cc
 984 04c6 05       		.uleb128 0x5
 985 04c7 03       		.byte	0x3
 986 04c8 00000000 		.4byte	uv_respons
 987 04cc 14       		.uleb128 0x14
 988 04cd 95040000 		.4byte	0x495
 989 04d1 13       		.uleb128 0x13
 990 04d2 1E0C0000 		.4byte	.LASF111
 991 04d6 01       		.byte	0x1
 992 04d7 06       		.byte	0x6
 993 04d8 E2040000 		.4byte	0x4e2
 994 04dc 05       		.uleb128 0x5
 995 04dd 03       		.byte	0x3
 996 04de 00000000 		.4byte	amp_iov
 997 04e2 14       		.uleb128 0x14
 998 04e3 95040000 		.4byte	0x495
 999 04e7 13       		.uleb128 0x13
 1000 04e8 2D090000 		.4byte	.LASF112
 1001 04ec 01       		.byte	0x1
 1002 04ed 07       		.byte	0x7
 1003 04ee F8040000 		.4byte	0x4f8
 1004 04f2 05       		.uleb128 0x5
 1005 04f3 03       		.byte	0x3
 1006 04f4 00000000 		.4byte	amp_ibc
 1007 04f8 14       		.uleb128 0x14
 1008 04f9 95040000 		.4byte	0x495
 1009 04fd 15       		.uleb128 0x15
ARM GAS  C:\Users\Intern\AppData\Local\Temp\cc0gYApK.s 			page 20


 1010 04fe 90040000 		.4byte	0x490
 1011 0502 0D050000 		.4byte	0x50d
 1012 0506 16       		.uleb128 0x16
 1013 0507 72000000 		.4byte	0x72
 1014 050b 08       		.byte	0x8
 1015 050c 00       		.byte	0
 1016 050d 13       		.uleb128 0x13
 1017 050e 45010000 		.4byte	.LASF113
 1018 0512 01       		.byte	0x1
 1019 0513 08       		.byte	0x8
 1020 0514 1E050000 		.4byte	0x51e
 1021 0518 05       		.uleb128 0x5
 1022 0519 03       		.byte	0x3
 1023 051a 00000000 		.4byte	sg_resistors
 1024 051e 14       		.uleb128 0x14
 1025 051f FD040000 		.4byte	0x4fd
 1026 0523 17       		.uleb128 0x17
 1027 0524 34020000 		.4byte	.LASF114
 1028 0528 34020000 		.4byte	.LASF114
 1029 052c 05       		.byte	0x5
 1030 052d 6E       		.byte	0x6e
 1031 052e 17       		.uleb128 0x17
 1032 052f DF070000 		.4byte	.LASF115
 1033 0533 DF070000 		.4byte	.LASF115
 1034 0537 06       		.byte	0x6
 1035 0538 6E       		.byte	0x6e
 1036 0539 17       		.uleb128 0x17
 1037 053a 12020000 		.4byte	.LASF116
 1038 053e 12020000 		.4byte	.LASF116
 1039 0542 07       		.byte	0x7
 1040 0543 29       		.byte	0x29
 1041 0544 17       		.uleb128 0x17
 1042 0545 AA040000 		.4byte	.LASF117
 1043 0549 AA040000 		.4byte	.LASF117
 1044 054d 08       		.byte	0x8
 1045 054e 29       		.byte	0x29
 1046 054f 17       		.uleb128 0x17
 1047 0550 91030000 		.4byte	.LASF118
 1048 0554 91030000 		.4byte	.LASF118
 1049 0558 09       		.byte	0x9
 1050 0559 99       		.byte	0x99
 1051 055a 17       		.uleb128 0x17
 1052 055b 7F020000 		.4byte	.LASF119
 1053 055f 7F020000 		.4byte	.LASF119
 1054 0563 09       		.byte	0x9
 1055 0564 9D       		.byte	0x9d
 1056 0565 17       		.uleb128 0x17
 1057 0566 79080000 		.4byte	.LASF120
 1058 056a 79080000 		.4byte	.LASF120
 1059 056e 09       		.byte	0x9
 1060 056f 9F       		.byte	0x9f
 1061 0570 17       		.uleb128 0x17
 1062 0571 2B060000 		.4byte	.LASF121
 1063 0575 2B060000 		.4byte	.LASF121
 1064 0579 09       		.byte	0x9
 1065 057a 9E       		.byte	0x9e
 1066 057b 17       		.uleb128 0x17
ARM GAS  C:\Users\Intern\AppData\Local\Temp\cc0gYApK.s 			page 21


 1067 057c 180D0000 		.4byte	.LASF122
 1068 0580 180D0000 		.4byte	.LASF122
 1069 0584 09       		.byte	0x9
 1070 0585 A0       		.byte	0xa0
 1071 0586 17       		.uleb128 0x17
 1072 0587 23090000 		.4byte	.LASF123
 1073 058b 23090000 		.4byte	.LASF123
 1074 058f 09       		.byte	0x9
 1075 0590 B0       		.byte	0xb0
 1076 0591 17       		.uleb128 0x17
 1077 0592 8D080000 		.4byte	.LASF124
 1078 0596 8D080000 		.4byte	.LASF124
 1079 059a 09       		.byte	0x9
 1080 059b B1       		.byte	0xb1
 1081 059c 17       		.uleb128 0x17
 1082 059d BD050000 		.4byte	.LASF125
 1083 05a1 BD050000 		.4byte	.LASF125
 1084 05a5 0A       		.byte	0xa
 1085 05a6 56       		.byte	0x56
 1086 05a7 17       		.uleb128 0x17
 1087 05a8 83000000 		.4byte	.LASF126
 1088 05ac 83000000 		.4byte	.LASF126
 1089 05b0 0A       		.byte	0xa
 1090 05b1 57       		.byte	0x57
 1091 05b2 17       		.uleb128 0x17
 1092 05b3 E00B0000 		.4byte	.LASF127
 1093 05b7 E00B0000 		.4byte	.LASF127
 1094 05bb 0B       		.byte	0xb
 1095 05bc 85       		.byte	0x85
 1096 05bd 17       		.uleb128 0x17
 1097 05be B0060000 		.4byte	.LASF128
 1098 05c2 B0060000 		.4byte	.LASF128
 1099 05c6 0B       		.byte	0xb
 1100 05c7 6C       		.byte	0x6c
 1101 05c8 00       		.byte	0
 1102              		.section	.debug_abbrev,"",%progbits
 1103              	.Ldebug_abbrev0:
 1104 0000 01       		.uleb128 0x1
 1105 0001 11       		.uleb128 0x11
 1106 0002 01       		.byte	0x1
 1107 0003 25       		.uleb128 0x25
 1108 0004 0E       		.uleb128 0xe
 1109 0005 13       		.uleb128 0x13
 1110 0006 0B       		.uleb128 0xb
 1111 0007 03       		.uleb128 0x3
 1112 0008 0E       		.uleb128 0xe
 1113 0009 1B       		.uleb128 0x1b
 1114 000a 0E       		.uleb128 0xe
 1115 000b 55       		.uleb128 0x55
 1116 000c 17       		.uleb128 0x17
 1117 000d 11       		.uleb128 0x11
 1118 000e 01       		.uleb128 0x1
 1119 000f 10       		.uleb128 0x10
 1120 0010 17       		.uleb128 0x17
 1121 0011 00       		.byte	0
 1122 0012 00       		.byte	0
 1123 0013 02       		.uleb128 0x2
ARM GAS  C:\Users\Intern\AppData\Local\Temp\cc0gYApK.s 			page 22


 1124 0014 24       		.uleb128 0x24
 1125 0015 00       		.byte	0
 1126 0016 0B       		.uleb128 0xb
 1127 0017 0B       		.uleb128 0xb
 1128 0018 3E       		.uleb128 0x3e
 1129 0019 0B       		.uleb128 0xb
 1130 001a 03       		.uleb128 0x3
 1131 001b 08       		.uleb128 0x8
 1132 001c 00       		.byte	0
 1133 001d 00       		.byte	0
 1134 001e 03       		.uleb128 0x3
 1135 001f 24       		.uleb128 0x24
 1136 0020 00       		.byte	0
 1137 0021 0B       		.uleb128 0xb
 1138 0022 0B       		.uleb128 0xb
 1139 0023 3E       		.uleb128 0x3e
 1140 0024 0B       		.uleb128 0xb
 1141 0025 03       		.uleb128 0x3
 1142 0026 0E       		.uleb128 0xe
 1143 0027 00       		.byte	0
 1144 0028 00       		.byte	0
 1145 0029 04       		.uleb128 0x4
 1146 002a 16       		.uleb128 0x16
 1147 002b 00       		.byte	0
 1148 002c 03       		.uleb128 0x3
 1149 002d 0E       		.uleb128 0xe
 1150 002e 3A       		.uleb128 0x3a
 1151 002f 0B       		.uleb128 0xb
 1152 0030 3B       		.uleb128 0x3b
 1153 0031 05       		.uleb128 0x5
 1154 0032 49       		.uleb128 0x49
 1155 0033 13       		.uleb128 0x13
 1156 0034 00       		.byte	0
 1157 0035 00       		.byte	0
 1158 0036 05       		.uleb128 0x5
 1159 0037 35       		.uleb128 0x35
 1160 0038 00       		.byte	0
 1161 0039 49       		.uleb128 0x49
 1162 003a 13       		.uleb128 0x13
 1163 003b 00       		.byte	0
 1164 003c 00       		.byte	0
 1165 003d 06       		.uleb128 0x6
 1166 003e 04       		.uleb128 0x4
 1167 003f 01       		.byte	0x1
 1168 0040 0B       		.uleb128 0xb
 1169 0041 0B       		.uleb128 0xb
 1170 0042 49       		.uleb128 0x49
 1171 0043 13       		.uleb128 0x13
 1172 0044 3A       		.uleb128 0x3a
 1173 0045 0B       		.uleb128 0xb
 1174 0046 3B       		.uleb128 0x3b
 1175 0047 05       		.uleb128 0x5
 1176 0048 01       		.uleb128 0x1
 1177 0049 13       		.uleb128 0x13
 1178 004a 00       		.byte	0
 1179 004b 00       		.byte	0
 1180 004c 07       		.uleb128 0x7
ARM GAS  C:\Users\Intern\AppData\Local\Temp\cc0gYApK.s 			page 23


 1181 004d 28       		.uleb128 0x28
 1182 004e 00       		.byte	0
 1183 004f 03       		.uleb128 0x3
 1184 0050 0E       		.uleb128 0xe
 1185 0051 1C       		.uleb128 0x1c
 1186 0052 0B       		.uleb128 0xb
 1187 0053 00       		.byte	0
 1188 0054 00       		.byte	0
 1189 0055 08       		.uleb128 0x8
 1190 0056 04       		.uleb128 0x4
 1191 0057 01       		.byte	0x1
 1192 0058 0B       		.uleb128 0xb
 1193 0059 0B       		.uleb128 0xb
 1194 005a 49       		.uleb128 0x49
 1195 005b 13       		.uleb128 0x13
 1196 005c 3A       		.uleb128 0x3a
 1197 005d 0B       		.uleb128 0xb
 1198 005e 3B       		.uleb128 0x3b
 1199 005f 0B       		.uleb128 0xb
 1200 0060 01       		.uleb128 0x1
 1201 0061 13       		.uleb128 0x13
 1202 0062 00       		.byte	0
 1203 0063 00       		.byte	0
 1204 0064 09       		.uleb128 0x9
 1205 0065 2E       		.uleb128 0x2e
 1206 0066 01       		.byte	0x1
 1207 0067 3F       		.uleb128 0x3f
 1208 0068 19       		.uleb128 0x19
 1209 0069 03       		.uleb128 0x3
 1210 006a 0E       		.uleb128 0xe
 1211 006b 3A       		.uleb128 0x3a
 1212 006c 0B       		.uleb128 0xb
 1213 006d 3B       		.uleb128 0x3b
 1214 006e 0B       		.uleb128 0xb
 1215 006f 27       		.uleb128 0x27
 1216 0070 19       		.uleb128 0x19
 1217 0071 11       		.uleb128 0x11
 1218 0072 01       		.uleb128 0x1
 1219 0073 12       		.uleb128 0x12
 1220 0074 06       		.uleb128 0x6
 1221 0075 40       		.uleb128 0x40
 1222 0076 18       		.uleb128 0x18
 1223 0077 9742     		.uleb128 0x2117
 1224 0079 19       		.uleb128 0x19
 1225 007a 01       		.uleb128 0x1
 1226 007b 13       		.uleb128 0x13
 1227 007c 00       		.byte	0
 1228 007d 00       		.byte	0
 1229 007e 0A       		.uleb128 0xa
 1230 007f 898201   		.uleb128 0x4109
 1231 0082 00       		.byte	0
 1232 0083 11       		.uleb128 0x11
 1233 0084 01       		.uleb128 0x1
 1234 0085 31       		.uleb128 0x31
 1235 0086 13       		.uleb128 0x13
 1236 0087 00       		.byte	0
 1237 0088 00       		.byte	0
ARM GAS  C:\Users\Intern\AppData\Local\Temp\cc0gYApK.s 			page 24


 1238 0089 0B       		.uleb128 0xb
 1239 008a 2E       		.uleb128 0x2e
 1240 008b 00       		.byte	0
 1241 008c 3F       		.uleb128 0x3f
 1242 008d 19       		.uleb128 0x19
 1243 008e 03       		.uleb128 0x3
 1244 008f 0E       		.uleb128 0xe
 1245 0090 3A       		.uleb128 0x3a
 1246 0091 0B       		.uleb128 0xb
 1247 0092 3B       		.uleb128 0x3b
 1248 0093 0B       		.uleb128 0xb
 1249 0094 27       		.uleb128 0x27
 1250 0095 19       		.uleb128 0x19
 1251 0096 11       		.uleb128 0x11
 1252 0097 01       		.uleb128 0x1
 1253 0098 12       		.uleb128 0x12
 1254 0099 06       		.uleb128 0x6
 1255 009a 40       		.uleb128 0x40
 1256 009b 18       		.uleb128 0x18
 1257 009c 9742     		.uleb128 0x2117
 1258 009e 19       		.uleb128 0x19
 1259 009f 00       		.byte	0
 1260 00a0 00       		.byte	0
 1261 00a1 0C       		.uleb128 0xc
 1262 00a2 898201   		.uleb128 0x4109
 1263 00a5 01       		.byte	0x1
 1264 00a6 11       		.uleb128 0x11
 1265 00a7 01       		.uleb128 0x1
 1266 00a8 31       		.uleb128 0x31
 1267 00a9 13       		.uleb128 0x13
 1268 00aa 01       		.uleb128 0x1
 1269 00ab 13       		.uleb128 0x13
 1270 00ac 00       		.byte	0
 1271 00ad 00       		.byte	0
 1272 00ae 0D       		.uleb128 0xd
 1273 00af 8A8201   		.uleb128 0x410a
 1274 00b2 00       		.byte	0
 1275 00b3 02       		.uleb128 0x2
 1276 00b4 18       		.uleb128 0x18
 1277 00b5 9142     		.uleb128 0x2111
 1278 00b7 18       		.uleb128 0x18
 1279 00b8 00       		.byte	0
 1280 00b9 00       		.byte	0
 1281 00ba 0E       		.uleb128 0xe
 1282 00bb 2E       		.uleb128 0x2e
 1283 00bc 01       		.byte	0x1
 1284 00bd 3F       		.uleb128 0x3f
 1285 00be 19       		.uleb128 0x19
 1286 00bf 03       		.uleb128 0x3
 1287 00c0 0E       		.uleb128 0xe
 1288 00c1 3A       		.uleb128 0x3a
 1289 00c2 0B       		.uleb128 0xb
 1290 00c3 3B       		.uleb128 0x3b
 1291 00c4 0B       		.uleb128 0xb
 1292 00c5 27       		.uleb128 0x27
 1293 00c6 19       		.uleb128 0x19
 1294 00c7 49       		.uleb128 0x49
ARM GAS  C:\Users\Intern\AppData\Local\Temp\cc0gYApK.s 			page 25


 1295 00c8 13       		.uleb128 0x13
 1296 00c9 11       		.uleb128 0x11
 1297 00ca 01       		.uleb128 0x1
 1298 00cb 12       		.uleb128 0x12
 1299 00cc 06       		.uleb128 0x6
 1300 00cd 40       		.uleb128 0x40
 1301 00ce 18       		.uleb128 0x18
 1302 00cf 9742     		.uleb128 0x2117
 1303 00d1 19       		.uleb128 0x19
 1304 00d2 01       		.uleb128 0x1
 1305 00d3 13       		.uleb128 0x13
 1306 00d4 00       		.byte	0
 1307 00d5 00       		.byte	0
 1308 00d6 0F       		.uleb128 0xf
 1309 00d7 05       		.uleb128 0x5
 1310 00d8 00       		.byte	0
 1311 00d9 03       		.uleb128 0x3
 1312 00da 0E       		.uleb128 0xe
 1313 00db 3A       		.uleb128 0x3a
 1314 00dc 0B       		.uleb128 0xb
 1315 00dd 3B       		.uleb128 0x3b
 1316 00de 0B       		.uleb128 0xb
 1317 00df 49       		.uleb128 0x49
 1318 00e0 13       		.uleb128 0x13
 1319 00e1 02       		.uleb128 0x2
 1320 00e2 17       		.uleb128 0x17
 1321 00e3 00       		.byte	0
 1322 00e4 00       		.byte	0
 1323 00e5 10       		.uleb128 0x10
 1324 00e6 34       		.uleb128 0x34
 1325 00e7 00       		.byte	0
 1326 00e8 03       		.uleb128 0x3
 1327 00e9 0E       		.uleb128 0xe
 1328 00ea 3A       		.uleb128 0x3a
 1329 00eb 0B       		.uleb128 0xb
 1330 00ec 3B       		.uleb128 0x3b
 1331 00ed 0B       		.uleb128 0xb
 1332 00ee 49       		.uleb128 0x49
 1333 00ef 13       		.uleb128 0x13
 1334 00f0 02       		.uleb128 0x2
 1335 00f1 18       		.uleb128 0x18
 1336 00f2 00       		.byte	0
 1337 00f3 00       		.byte	0
 1338 00f4 11       		.uleb128 0x11
 1339 00f5 898201   		.uleb128 0x4109
 1340 00f8 01       		.byte	0x1
 1341 00f9 11       		.uleb128 0x11
 1342 00fa 01       		.uleb128 0x1
 1343 00fb 31       		.uleb128 0x31
 1344 00fc 13       		.uleb128 0x13
 1345 00fd 00       		.byte	0
 1346 00fe 00       		.byte	0
 1347 00ff 12       		.uleb128 0x12
 1348 0100 05       		.uleb128 0x5
 1349 0101 00       		.byte	0
 1350 0102 03       		.uleb128 0x3
 1351 0103 08       		.uleb128 0x8
ARM GAS  C:\Users\Intern\AppData\Local\Temp\cc0gYApK.s 			page 26


 1352 0104 3A       		.uleb128 0x3a
 1353 0105 0B       		.uleb128 0xb
 1354 0106 3B       		.uleb128 0x3b
 1355 0107 0B       		.uleb128 0xb
 1356 0108 49       		.uleb128 0x49
 1357 0109 13       		.uleb128 0x13
 1358 010a 02       		.uleb128 0x2
 1359 010b 17       		.uleb128 0x17
 1360 010c 00       		.byte	0
 1361 010d 00       		.byte	0
 1362 010e 13       		.uleb128 0x13
 1363 010f 34       		.uleb128 0x34
 1364 0110 00       		.byte	0
 1365 0111 03       		.uleb128 0x3
 1366 0112 0E       		.uleb128 0xe
 1367 0113 3A       		.uleb128 0x3a
 1368 0114 0B       		.uleb128 0xb
 1369 0115 3B       		.uleb128 0x3b
 1370 0116 0B       		.uleb128 0xb
 1371 0117 49       		.uleb128 0x49
 1372 0118 13       		.uleb128 0x13
 1373 0119 3F       		.uleb128 0x3f
 1374 011a 19       		.uleb128 0x19
 1375 011b 02       		.uleb128 0x2
 1376 011c 18       		.uleb128 0x18
 1377 011d 00       		.byte	0
 1378 011e 00       		.byte	0
 1379 011f 14       		.uleb128 0x14
 1380 0120 26       		.uleb128 0x26
 1381 0121 00       		.byte	0
 1382 0122 49       		.uleb128 0x49
 1383 0123 13       		.uleb128 0x13
 1384 0124 00       		.byte	0
 1385 0125 00       		.byte	0
 1386 0126 15       		.uleb128 0x15
 1387 0127 01       		.uleb128 0x1
 1388 0128 01       		.byte	0x1
 1389 0129 49       		.uleb128 0x49
 1390 012a 13       		.uleb128 0x13
 1391 012b 01       		.uleb128 0x1
 1392 012c 13       		.uleb128 0x13
 1393 012d 00       		.byte	0
 1394 012e 00       		.byte	0
 1395 012f 16       		.uleb128 0x16
 1396 0130 21       		.uleb128 0x21
 1397 0131 00       		.byte	0
 1398 0132 49       		.uleb128 0x49
 1399 0133 13       		.uleb128 0x13
 1400 0134 2F       		.uleb128 0x2f
 1401 0135 0B       		.uleb128 0xb
 1402 0136 00       		.byte	0
 1403 0137 00       		.byte	0
 1404 0138 17       		.uleb128 0x17
 1405 0139 2E       		.uleb128 0x2e
 1406 013a 00       		.byte	0
 1407 013b 3F       		.uleb128 0x3f
 1408 013c 19       		.uleb128 0x19
ARM GAS  C:\Users\Intern\AppData\Local\Temp\cc0gYApK.s 			page 27


 1409 013d 3C       		.uleb128 0x3c
 1410 013e 19       		.uleb128 0x19
 1411 013f 6E       		.uleb128 0x6e
 1412 0140 0E       		.uleb128 0xe
 1413 0141 03       		.uleb128 0x3
 1414 0142 0E       		.uleb128 0xe
 1415 0143 3A       		.uleb128 0x3a
 1416 0144 0B       		.uleb128 0xb
 1417 0145 3B       		.uleb128 0x3b
 1418 0146 0B       		.uleb128 0xb
 1419 0147 00       		.byte	0
 1420 0148 00       		.byte	0
 1421 0149 00       		.byte	0
 1422              		.section	.debug_loc,"",%progbits
 1423              	.Ldebug_loc0:
 1424              	.LLST0:
 1425 0000 00000000 		.4byte	.LVL8
 1426 0004 07000000 		.4byte	.LVL9-1
 1427 0008 0100     		.2byte	0x1
 1428 000a 50       		.byte	0x50
 1429 000b 07000000 		.4byte	.LVL9-1
 1430 000f 10000000 		.4byte	.LVL12
 1431 0013 0100     		.2byte	0x1
 1432 0015 54       		.byte	0x54
 1433 0016 10000000 		.4byte	.LVL12
 1434 001a 12000000 		.4byte	.LFE40
 1435 001e 0400     		.2byte	0x4
 1436 0020 F3       		.byte	0xf3
 1437 0021 01       		.uleb128 0x1
 1438 0022 50       		.byte	0x50
 1439 0023 9F       		.byte	0x9f
 1440 0024 00000000 		.4byte	0
 1441 0028 00000000 		.4byte	0
 1442              	.LLST1:
 1443 002c 00000000 		.4byte	.LVL18
 1444 0030 05000000 		.4byte	.LVL19-1
 1445 0034 0100     		.2byte	0x1
 1446 0036 50       		.byte	0x50
 1447 0037 05000000 		.4byte	.LVL19-1
 1448 003b 08000000 		.4byte	.LFE46
 1449 003f 0400     		.2byte	0x4
 1450 0041 F3       		.byte	0xf3
 1451 0042 01       		.uleb128 0x1
 1452 0043 50       		.byte	0x50
 1453 0044 9F       		.byte	0x9f
 1454 0045 00000000 		.4byte	0
 1455 0049 00000000 		.4byte	0
 1456              		.section	.debug_aranges,"",%progbits
 1457 0000 6C000000 		.4byte	0x6c
 1458 0004 0200     		.2byte	0x2
 1459 0006 00000000 		.4byte	.Ldebug_info0
 1460 000a 04       		.byte	0x4
 1461 000b 00       		.byte	0
 1462 000c 0000     		.2byte	0
 1463 000e 0000     		.2byte	0
 1464 0010 00000000 		.4byte	.LFB36
 1465 0014 18000000 		.4byte	.LFE36-.LFB36
ARM GAS  C:\Users\Intern\AppData\Local\Temp\cc0gYApK.s 			page 28


 1466 0018 00000000 		.4byte	.LFB37
 1467 001c 04000000 		.4byte	.LFE37-.LFB37
 1468 0020 00000000 		.4byte	.LFB38
 1469 0024 04000000 		.4byte	.LFE38-.LFB38
 1470 0028 00000000 		.4byte	.LFB39
 1471 002c 12000000 		.4byte	.LFE39-.LFB39
 1472 0030 00000000 		.4byte	.LFB40
 1473 0034 12000000 		.4byte	.LFE40-.LFB40
 1474 0038 00000000 		.4byte	.LFB41
 1475 003c 14000000 		.4byte	.LFE41-.LFB41
 1476 0040 00000000 		.4byte	.LFB42
 1477 0044 08000000 		.4byte	.LFE42-.LFB42
 1478 0048 00000000 		.4byte	.LFB43
 1479 004c 08000000 		.4byte	.LFE43-.LFB43
 1480 0050 00000000 		.4byte	.LFB44
 1481 0054 08000000 		.4byte	.LFE44-.LFB44
 1482 0058 00000000 		.4byte	.LFB45
 1483 005c 08000000 		.4byte	.LFE45-.LFB45
 1484 0060 00000000 		.4byte	.LFB46
 1485 0064 08000000 		.4byte	.LFE46-.LFB46
 1486 0068 00000000 		.4byte	0
 1487 006c 00000000 		.4byte	0
 1488              		.section	.debug_ranges,"",%progbits
 1489              	.Ldebug_ranges0:
 1490 0000 00000000 		.4byte	.LFB36
 1491 0004 18000000 		.4byte	.LFE36
 1492 0008 00000000 		.4byte	.LFB37
 1493 000c 04000000 		.4byte	.LFE37
 1494 0010 00000000 		.4byte	.LFB38
 1495 0014 04000000 		.4byte	.LFE38
 1496 0018 00000000 		.4byte	.LFB39
 1497 001c 12000000 		.4byte	.LFE39
 1498 0020 00000000 		.4byte	.LFB40
 1499 0024 12000000 		.4byte	.LFE40
 1500 0028 00000000 		.4byte	.LFB41
 1501 002c 14000000 		.4byte	.LFE41
 1502 0030 00000000 		.4byte	.LFB42
 1503 0034 08000000 		.4byte	.LFE42
 1504 0038 00000000 		.4byte	.LFB43
 1505 003c 08000000 		.4byte	.LFE43
 1506 0040 00000000 		.4byte	.LFB44
 1507 0044 08000000 		.4byte	.LFE44
 1508 0048 00000000 		.4byte	.LFB45
 1509 004c 08000000 		.4byte	.LFE45
 1510 0050 00000000 		.4byte	.LFB46
 1511 0054 08000000 		.4byte	.LFE46
 1512 0058 00000000 		.4byte	0
 1513 005c 00000000 		.4byte	0
 1514              		.section	.debug_line,"",%progbits
 1515              	.Ldebug_line0:
 1516 0000 7B010000 		.section	.debug_str,"MS",%progbits,1
 1516      0200B000 
 1516      00000201 
 1516      FB0E0D00 
 1516      01010101 
 1517              	.LASF81:
 1518 0000 4359424C 		.ascii	"CYBLE_EVT_L2CAP_CBFC_RX_CREDIT_IND\000"
ARM GAS  C:\Users\Intern\AppData\Local\Temp\cc0gYApK.s 			page 29


 1518      455F4556 
 1518      545F4C32 
 1518      4341505F 
 1518      43424643 
 1519              	.LASF22:
 1520 0023 4359424C 		.ascii	"CYBLE_EVT_STACK_BUSY_STATUS\000"
 1520      455F4556 
 1520      545F5354 
 1520      41434B5F 
 1520      42555359 
 1521              	.LASF12:
 1522 003f 75696E74 		.ascii	"uint16\000"
 1522      313600
 1523              	.LASF80:
 1524 0046 4359424C 		.ascii	"CYBLE_EVT_L2CAP_CBFC_DATA_READ\000"
 1524      455F4556 
 1524      545F4C32 
 1524      4341505F 
 1524      43424643 
 1525              	.LASF77:
 1526 0065 4359424C 		.ascii	"CYBLE_EVT_L2CAP_CBFC_CONN_CNF\000"
 1526      455F4556 
 1526      545F4C32 
 1526      4341505F 
 1526      43424643 
 1527              	.LASF126:
 1528 0083 43795379 		.ascii	"CySysPmDeepSleep\000"
 1528      73506D44 
 1528      65657053 
 1528      6C656570 
 1528      00
 1529              	.LASF34:
 1530 0094 4359424C 		.ascii	"CYBLE_EVT_GAP_CONNECTION_UPDATE_COMPLETE\000"
 1530      455F4556 
 1530      545F4741 
 1530      505F434F 
 1530      4E4E4543 
 1531              	.LASF79:
 1532 00bd 4359424C 		.ascii	"CYBLE_EVT_L2CAP_CBFC_DISCONN_CNF\000"
 1532      455F4556 
 1532      545F4C32 
 1532      4341505F 
 1532      43424643 
 1533              	.LASF39:
 1534 00de 4359424C 		.ascii	"CYBLE_EVT_GAP_OOB_GENERATED_NOTIFICATION\000"
 1534      455F4556 
 1534      545F4741 
 1534      505F4F4F 
 1534      425F4745 
 1535              	.LASF59:
 1536 0107 4359424C 		.ascii	"CYBLE_EVT_GATTC_READ_MULTI_RSP\000"
 1536      455F4556 
 1536      545F4741 
 1536      5454435F 
 1536      52454144 
 1537              	.LASF64:
 1538 0126 4359424C 		.ascii	"CYBLE_EVT_GATTS_EXEC_WRITE_REQ\000"
ARM GAS  C:\Users\Intern\AppData\Local\Temp\cc0gYApK.s 			page 30


 1538      455F4556 
 1538      545F4741 
 1538      5454535F 
 1538      45584543 
 1539              	.LASF113:
 1540 0145 73675F72 		.ascii	"sg_resistors\000"
 1540      65736973 
 1540      746F7273 
 1540      00
 1541              	.LASF19:
 1542 0152 4359424C 		.ascii	"CYBLE_EVT_TIMEOUT\000"
 1542      455F4556 
 1542      545F5449 
 1542      4D454F55 
 1542      5400
 1543              	.LASF7:
 1544 0164 6C6F6E67 		.ascii	"long int\000"
 1544      20696E74 
 1544      00
 1545              	.LASF129:
 1546 016d 474E5520 		.ascii	"GNU C11 5.4.1 20160609 (release) [ARM/embedded-5-br"
 1546      43313120 
 1546      352E342E 
 1546      31203230 
 1546      31363036 
 1547 01a0 616E6368 		.ascii	"anch revision 237715] -mcpu=cortex-m0 -mthumb -g -O"
 1547      20726576 
 1547      6973696F 
 1547      6E203233 
 1547      37373135 
 1548 01d3 67202D66 		.ascii	"g -ffunction-sections -ffat-lto-objects\000"
 1548      66756E63 
 1548      74696F6E 
 1548      2D736563 
 1548      74696F6E 
 1549              	.LASF9:
 1550 01fb 6C6F6E67 		.ascii	"long long unsigned int\000"
 1550      206C6F6E 
 1550      6720756E 
 1550      7369676E 
 1550      65642069 
 1551              	.LASF116:
 1552 0212 53475F41 		.ascii	"SG_AMP_Start\000"
 1552      4D505F53 
 1552      74617274 
 1552      00
 1553              	.LASF21:
 1554 021f 4359424C 		.ascii	"CYBLE_EVT_HCI_STATUS\000"
 1554      455F4556 
 1554      545F4843 
 1554      495F5354 
 1554      41545553 
 1555              	.LASF114:
 1556 0234 55415254 		.ascii	"UART_Start\000"
 1556      5F537461 
 1556      727400
 1557              	.LASF84:
ARM GAS  C:\Users\Intern\AppData\Local\Temp\cc0gYApK.s 			page 31


 1558 023f 4359424C 		.ascii	"CYBLE_EVT_PENDING_FLASH_WRITE\000"
 1558      455F4556 
 1558      545F5045 
 1558      4E44494E 
 1558      475F464C 
 1559              	.LASF89:
 1560 025d 4359424C 		.ascii	"CYBLE_ANS_SUPPORTED_NEW_ALERT_CAT\000"
 1560      455F414E 
 1560      535F5355 
 1560      50504F52 
 1560      5445445F 
 1561              	.LASF119:
 1562 027f 4144435F 		.ascii	"ADC_StartConvert\000"
 1562      53746172 
 1562      74436F6E 
 1562      76657274 
 1562      00
 1563              	.LASF73:
 1564 0290 4359424C 		.ascii	"CYBLE_EVT_L2CAP_CONN_PARAM_UPDATE_REQ\000"
 1564      455F4556 
 1564      545F4C32 
 1564      4341505F 
 1564      434F4E4E 
 1565              	.LASF33:
 1566 02b6 4359424C 		.ascii	"CYBLE_EVT_GAP_ENCRYPT_CHANGE\000"
 1566      455F4556 
 1566      545F4741 
 1566      505F454E 
 1566      43525950 
 1567              	.LASF37:
 1568 02d3 4359424C 		.ascii	"CYBLE_EVT_GAP_NUMERIC_COMPARISON_REQUEST\000"
 1568      455F4556 
 1568      545F4741 
 1568      505F4E55 
 1568      4D455249 
 1569              	.LASF105:
 1570 02fc 73797374 		.ascii	"system_stop_eco\000"
 1570      656D5F73 
 1570      746F705F 
 1570      65636F00 
 1571              	.LASF130:
 1572 030c 73797374 		.ascii	"system.c\000"
 1572      656D2E63 
 1572      00
 1573              	.LASF1:
 1574 0315 6C6F6E67 		.ascii	"long long int\000"
 1574      206C6F6E 
 1574      6720696E 
 1574      7400
 1575              	.LASF3:
 1576 0323 7369676E 		.ascii	"signed char\000"
 1576      65642063 
 1576      68617200 
 1577              	.LASF18:
 1578 032f 4359424C 		.ascii	"CYBLE_EVT_STACK_ON\000"
 1578      455F4556 
 1578      545F5354 
ARM GAS  C:\Users\Intern\AppData\Local\Temp\cc0gYApK.s 			page 32


 1578      41434B5F 
 1578      4F4E00
 1579              	.LASF35:
 1580 0342 4359424C 		.ascii	"CYBLE_EVT_GAPC_SCAN_START_STOP\000"
 1580      455F4556 
 1580      545F4741 
 1580      50435F53 
 1580      43414E5F 
 1581              	.LASF25:
 1582 0361 4359424C 		.ascii	"CYBLE_EVT_GAP_AUTH_REQ\000"
 1582      455F4556 
 1582      545F4741 
 1582      505F4155 
 1582      54485F52 
 1583              	.LASF57:
 1584 0378 4359424C 		.ascii	"CYBLE_EVT_GATTC_READ_RSP\000"
 1584      455F4556 
 1584      545F4741 
 1584      5454435F 
 1584      52454144 
 1585              	.LASF118:
 1586 0391 4144435F 		.ascii	"ADC_Start\000"
 1586      53746172 
 1586      7400
 1587              	.LASF100:
 1588 039b 6164635F 		.ascii	"adc_conversion\000"
 1588      636F6E76 
 1588      65727369 
 1588      6F6E00
 1589              	.LASF62:
 1590 03aa 4359424C 		.ascii	"CYBLE_EVT_GATTS_WRITE_CMD_REQ\000"
 1590      455F4556 
 1590      545F4741 
 1590      5454535F 
 1590      57524954 
 1591              	.LASF30:
 1592 03c8 4359424C 		.ascii	"CYBLE_EVT_GAPP_ADVERTISEMENT_START_STOP\000"
 1592      455F4556 
 1592      545F4741 
 1592      50505F41 
 1592      44564552 
 1593              	.LASF65:
 1594 03f0 4359424C 		.ascii	"CYBLE_EVT_GATTC_EXEC_WRITE_RSP\000"
 1594      455F4556 
 1594      545F4741 
 1594      5454435F 
 1594      45584543 
 1595              	.LASF15:
 1596 040f 646F7562 		.ascii	"double\000"
 1596      6C6500
 1597              	.LASF94:
 1598 0416 4359424C 		.ascii	"CYBLE_ANS_CHAR_COUNT\000"
 1598      455F414E 
 1598      535F4348 
 1598      41525F43 
 1598      4F554E54 
 1599              	.LASF13:
ARM GAS  C:\Users\Intern\AppData\Local\Temp\cc0gYApK.s 			page 33


 1600 042b 75696E74 		.ascii	"uint32\000"
 1600      333200
 1601              	.LASF88:
 1602 0432 4359424C 		.ascii	"CYBLE_EVT_MAX\000"
 1602      455F4556 
 1602      545F4D41 
 1602      5800
 1603              	.LASF48:
 1604 0440 4359424C 		.ascii	"CYBLE_EVT_GATTC_ERROR_RSP\000"
 1604      455F4556 
 1604      545F4741 
 1604      5454435F 
 1604      4552524F 
 1605              	.LASF106:
 1606 045a 73797374 		.ascii	"system_set_imo\000"
 1606      656D5F73 
 1606      65745F69 
 1606      6D6F00
 1607              	.LASF83:
 1608 0469 4359424C 		.ascii	"CYBLE_EVT_L2CAP_CBFC_DATA_WRITE_IND\000"
 1608      455F4556 
 1608      545F4C32 
 1608      4341505F 
 1608      43424643 
 1609              	.LASF45:
 1610 048d 4359424C 		.ascii	"CYBLE_EVT_GAP_SCAN_REQ_RECVD\000"
 1610      455F4556 
 1610      545F4741 
 1610      505F5343 
 1610      414E5F52 
 1611              	.LASF117:
 1612 04aa 5556355F 		.ascii	"UV5_AMP_Start\000"
 1612      414D505F 
 1612      53746172 
 1612      7400
 1613              	.LASF70:
 1614 04b8 4359424C 		.ascii	"CYBLE_EVT_GATTC_STOP_CMD_COMPLETE\000"
 1614      455F4556 
 1614      545F4741 
 1614      5454435F 
 1614      53544F50 
 1615              	.LASF99:
 1616 04da 696E6974 		.ascii	"init_hardware\000"
 1616      5F686172 
 1616      64776172 
 1616      6500
 1617              	.LASF0:
 1618 04e8 756E7369 		.ascii	"unsigned int\000"
 1618      676E6564 
 1618      20696E74 
 1618      00
 1619              	.LASF85:
 1620 04f5 4359424C 		.ascii	"CYBLE_EVT_LE_PING_AUTH_TIMEOUT\000"
 1620      455F4556 
 1620      545F4C45 
 1620      5F50494E 
 1620      475F4155 
ARM GAS  C:\Users\Intern\AppData\Local\Temp\cc0gYApK.s 			page 34


 1621              	.LASF8:
 1622 0514 6C6F6E67 		.ascii	"long unsigned int\000"
 1622      20756E73 
 1622      69676E65 
 1622      6420696E 
 1622      7400
 1623              	.LASF44:
 1624 0526 4359424C 		.ascii	"CYBLE_EVT_GAP_CONN_ESTB\000"
 1624      455F4556 
 1624      545F4741 
 1624      505F434F 
 1624      4E4E5F45 
 1625              	.LASF60:
 1626 053e 4359424C 		.ascii	"CYBLE_EVT_GATTS_WRITE_REQ\000"
 1626      455F4556 
 1626      545F4741 
 1626      5454535F 
 1626      57524954 
 1627              	.LASF52:
 1628 0558 4359424C 		.ascii	"CYBLE_EVT_GATTC_XCHNG_MTU_RSP\000"
 1628      455F4556 
 1628      545F4741 
 1628      5454435F 
 1628      5843484E 
 1629              	.LASF69:
 1630 0576 4359424C 		.ascii	"CYBLE_EVT_GATTS_DATA_SIGNED_CMD_REQ\000"
 1630      455F4556 
 1630      545F4741 
 1630      5454535F 
 1630      44415441 
 1631              	.LASF72:
 1632 059a 4359424C 		.ascii	"CYBLE_EVT_GATTC_LONG_PROCEDURE_END\000"
 1632      455F4556 
 1632      545F4741 
 1632      5454435F 
 1632      4C4F4E47 
 1633              	.LASF125:
 1634 05bd 43795379 		.ascii	"CySysPmSleep\000"
 1634      73506D53 
 1634      6C656570 
 1634      00
 1635              	.LASF6:
 1636 05ca 73686F72 		.ascii	"short unsigned int\000"
 1636      7420756E 
 1636      7369676E 
 1636      65642069 
 1636      6E7400
 1637              	.LASF17:
 1638 05dd 4359424C 		.ascii	"CYBLE_EVT_HOST_INVALID\000"
 1638      455F4556 
 1638      545F484F 
 1638      53545F49 
 1638      4E56414C 
 1639              	.LASF55:
 1640 05f4 4359424C 		.ascii	"CYBLE_EVT_GATTC_FIND_INFO_RSP\000"
 1640      455F4556 
 1640      545F4741 
ARM GAS  C:\Users\Intern\AppData\Local\Temp\cc0gYApK.s 			page 35


 1640      5454435F 
 1640      46494E44 
 1641              	.LASF23:
 1642 0612 4359424C 		.ascii	"CYBLE_EVT_MEMORY_REQUEST\000"
 1642      455F4556 
 1642      545F4D45 
 1642      4D4F5259 
 1642      5F524551 
 1643              	.LASF121:
 1644 062b 4144435F 		.ascii	"ADC_StopConvert\000"
 1644      53746F70 
 1644      436F6E76 
 1644      65727400 
 1645              	.LASF104:
 1646 063b 73797374 		.ascii	"system_deepsleep\000"
 1646      656D5F64 
 1646      65657073 
 1646      6C656570 
 1646      00
 1647              	.LASF26:
 1648 064c 4359424C 		.ascii	"CYBLE_EVT_GAP_PASSKEY_ENTRY_REQUEST\000"
 1648      455F4556 
 1648      545F4741 
 1648      505F5041 
 1648      53534B45 
 1649              	.LASF31:
 1650 0670 4359424C 		.ascii	"CYBLE_EVT_GAP_DEVICE_CONNECTED\000"
 1650      455F4556 
 1650      545F4741 
 1650      505F4445 
 1650      56494345 
 1651              	.LASF46:
 1652 068f 4359424C 		.ascii	"CYBLE_EVT_GAP_AUTH_REQ_REPLY_ERR\000"
 1652      455F4556 
 1652      545F4741 
 1652      505F4155 
 1652      54485F52 
 1653              	.LASF128:
 1654 06b0 43795379 		.ascii	"CySysClkWriteImoFreq\000"
 1654      73436C6B 
 1654      57726974 
 1654      65496D6F 
 1654      46726571 
 1655              	.LASF54:
 1656 06c5 4359424C 		.ascii	"CYBLE_EVT_GATTC_READ_BY_TYPE_RSP\000"
 1656      455F4556 
 1656      545F4741 
 1656      5454435F 
 1656      52454144 
 1657              	.LASF90:
 1658 06e6 4359424C 		.ascii	"CYBLE_ANS_NEW_ALERT\000"
 1658      455F414E 
 1658      535F4E45 
 1658      575F414C 
 1658      45525400 
 1659              	.LASF27:
 1660 06fa 4359424C 		.ascii	"CYBLE_EVT_GAP_PASSKEY_DISPLAY_REQUEST\000"
ARM GAS  C:\Users\Intern\AppData\Local\Temp\cc0gYApK.s 			page 36


 1660      455F4556 
 1660      545F4741 
 1660      505F5041 
 1660      53534B45 
 1661              	.LASF49:
 1662 0720 4359424C 		.ascii	"CYBLE_EVT_GATT_CONNECT_IND\000"
 1662      455F4556 
 1662      545F4741 
 1662      54545F43 
 1662      4F4E4E45 
 1663              	.LASF75:
 1664 073b 4359424C 		.ascii	"CYBLE_EVT_L2CAP_COMMAND_REJ\000"
 1664      455F4556 
 1664      545F4C32 
 1664      4341505F 
 1664      434F4D4D 
 1665              	.LASF16:
 1666 0757 72656733 		.ascii	"reg32\000"
 1666      3200
 1667              	.LASF24:
 1668 075d 4359424C 		.ascii	"CYBLE_EVT_GAPC_SCAN_PROGRESS_RESULT\000"
 1668      455F4556 
 1668      545F4741 
 1668      50435F53 
 1668      43414E5F 
 1669              	.LASF110:
 1670 0781 75765F72 		.ascii	"uv_respons\000"
 1670      6573706F 
 1670      6E7300
 1671              	.LASF47:
 1672 078c 4359424C 		.ascii	"CYBLE_EVT_GAP_SMP_LOC_P256_KEYS_GEN_AND_SET_COMPLET"
 1672      455F4556 
 1672      545F4741 
 1672      505F534D 
 1672      505F4C4F 
 1673 07bf 4500     		.ascii	"E\000"
 1674              	.LASF76:
 1675 07c1 4359424C 		.ascii	"CYBLE_EVT_L2CAP_CBFC_CONN_IND\000"
 1675      455F4556 
 1675      545F4C32 
 1675      4341505F 
 1675      43424643 
 1676              	.LASF115:
 1677 07df 4932435F 		.ascii	"I2C_TMP116_Start\000"
 1677      544D5031 
 1677      31365F53 
 1677      74617274 
 1677      00
 1678              	.LASF10:
 1679 07f0 73697A65 		.ascii	"sizetype\000"
 1679      74797065 
 1679      00
 1680              	.LASF101:
 1681 07f9 6164635F 		.ascii	"adc_sleep\000"
 1681      736C6565 
 1681      7000
 1682              	.LASF29:
ARM GAS  C:\Users\Intern\AppData\Local\Temp\cc0gYApK.s 			page 37


 1683 0803 4359424C 		.ascii	"CYBLE_EVT_GAP_AUTH_FAILED\000"
 1683      455F4556 
 1683      545F4741 
 1683      505F4155 
 1683      54485F46 
 1684              	.LASF61:
 1685 081d 4359424C 		.ascii	"CYBLE_EVT_GATTC_WRITE_RSP\000"
 1685      455F4556 
 1685      545F4741 
 1685      5454435F 
 1685      57524954 
 1686              	.LASF42:
 1687 0837 4359424C 		.ascii	"CYBLE_EVT_GAPC_DIRECT_ADV_REPORT\000"
 1687      455F4556 
 1687      545F4741 
 1687      50435F44 
 1687      49524543 
 1688              	.LASF40:
 1689 0858 4359424C 		.ascii	"CYBLE_EVT_GAP_DATA_LENGTH_CHANGE\000"
 1689      455F4556 
 1689      545F4741 
 1689      505F4441 
 1689      54415F4C 
 1690              	.LASF120:
 1691 0879 4144435F 		.ascii	"ADC_IsEndConversion\000"
 1691      4973456E 
 1691      64436F6E 
 1691      76657273 
 1691      696F6E00 
 1692              	.LASF124:
 1693 088d 4144435F 		.ascii	"ADC_Wakeup\000"
 1693      57616B65 
 1693      757000
 1694              	.LASF28:
 1695 0898 4359424C 		.ascii	"CYBLE_EVT_GAP_AUTH_COMPLETE\000"
 1695      455F4556 
 1695      545F4741 
 1695      505F4155 
 1695      54485F43 
 1696              	.LASF66:
 1697 08b4 4359424C 		.ascii	"CYBLE_EVT_GATTC_HANDLE_VALUE_NTF\000"
 1697      455F4556 
 1697      545F4741 
 1697      5454435F 
 1697      48414E44 
 1698              	.LASF97:
 1699 08d5 73797374 		.ascii	"system_enable_interrupts\000"
 1699      656D5F65 
 1699      6E61626C 
 1699      655F696E 
 1699      74657272 
 1700              	.LASF109:
 1701 08ee 75765F67 		.ascii	"uv_gain\000"
 1701      61696E00 
 1702              	.LASF53:
 1703 08f6 4359424C 		.ascii	"CYBLE_EVT_GATTC_READ_BY_GROUP_TYPE_RSP\000"
 1703      455F4556 
ARM GAS  C:\Users\Intern\AppData\Local\Temp\cc0gYApK.s 			page 38


 1703      545F4741 
 1703      5454435F 
 1703      52454144 
 1704              	.LASF14:
 1705 091d 666C6F61 		.ascii	"float\000"
 1705      7400
 1706              	.LASF123:
 1707 0923 4144435F 		.ascii	"ADC_Sleep\000"
 1707      536C6565 
 1707      7000
 1708              	.LASF112:
 1709 092d 616D705F 		.ascii	"amp_ibc\000"
 1709      69626300 
 1710              	.LASF50:
 1711 0935 4359424C 		.ascii	"CYBLE_EVT_GATT_DISCONNECT_IND\000"
 1711      455F4556 
 1711      545F4741 
 1711      54545F44 
 1711      4953434F 
 1712              	.LASF96:
 1713 0953 4359424C 		.ascii	"CYBLE_ANS_DESCR_COUNT\000"
 1713      455F414E 
 1713      535F4445 
 1713      5343525F 
 1713      434F554E 
 1714              	.LASF4:
 1715 0969 756E7369 		.ascii	"unsigned char\000"
 1715      676E6564 
 1715      20636861 
 1715      7200
 1716              	.LASF38:
 1717 0977 4359424C 		.ascii	"CYBLE_EVT_GAP_KEYPRESS_NOTIFICATION\000"
 1717      455F4556 
 1717      545F4741 
 1717      505F4B45 
 1717      59505245 
 1718              	.LASF5:
 1719 099b 73686F72 		.ascii	"short int\000"
 1719      7420696E 
 1719      7400
 1720              	.LASF67:
 1721 09a5 4359424C 		.ascii	"CYBLE_EVT_GATTC_HANDLE_VALUE_IND\000"
 1721      455F4556 
 1721      545F4741 
 1721      5454435F 
 1721      48414E44 
 1722              	.LASF86:
 1723 09c6 4359424C 		.ascii	"CYBLE_EVT_HCI_PKT\000"
 1723      455F4556 
 1723      545F4843 
 1723      495F504B 
 1723      5400
 1724              	.LASF133:
 1725 09d8 6164635F 		.ascii	"adc_counts\000"
 1725      636F756E 
 1725      747300
 1726              	.LASF63:
ARM GAS  C:\Users\Intern\AppData\Local\Temp\cc0gYApK.s 			page 39


 1727 09e3 4359424C 		.ascii	"CYBLE_EVT_GATTS_PREP_WRITE_REQ\000"
 1727      455F4556 
 1727      545F4741 
 1727      5454535F 
 1727      50524550 
 1728              	.LASF107:
 1729 0a02 6368616E 		.ascii	"channel\000"
 1729      6E656C00 
 1730              	.LASF68:
 1731 0a0a 4359424C 		.ascii	"CYBLE_EVT_GATTS_HANDLE_VALUE_CNF\000"
 1731      455F4556 
 1731      545F4741 
 1731      5454535F 
 1731      48414E44 
 1732              	.LASF103:
 1733 0a2b 73797374 		.ascii	"system_sleep\000"
 1733      656D5F73 
 1733      6C656570 
 1733      00
 1734              	.LASF43:
 1735 0a38 4359424C 		.ascii	"CYBLE_EVT_GAP_SMP_NEGOTIATED_AUTH_INFO\000"
 1735      455F4556 
 1735      545F4741 
 1735      505F534D 
 1735      505F4E45 
 1736              	.LASF2:
 1737 0a5f 6C6F6E67 		.ascii	"long double\000"
 1737      20646F75 
 1737      626C6500 
 1738              	.LASF87:
 1739 0a6b 4359424C 		.ascii	"CYBLE_EVT_FLASH_CORRUPT\000"
 1739      455F4556 
 1739      545F464C 
 1739      4153485F 
 1739      434F5252 
 1740              	.LASF11:
 1741 0a83 63686172 		.ascii	"char\000"
 1741      00
 1742              	.LASF32:
 1743 0a88 4359424C 		.ascii	"CYBLE_EVT_GAP_DEVICE_DISCONNECTED\000"
 1743      455F4556 
 1743      545F4741 
 1743      505F4445 
 1743      56494345 
 1744              	.LASF71:
 1745 0aaa 4359424C 		.ascii	"CYBLE_EVT_GATTS_READ_CHAR_VAL_ACCESS_REQ\000"
 1745      455F4556 
 1745      545F4741 
 1745      5454535F 
 1745      52454144 
 1746              	.LASF95:
 1747 0ad3 4359424C 		.ascii	"CYBLE_ANS_CCCD\000"
 1747      455F414E 
 1747      535F4343 
 1747      434400
 1748              	.LASF131:
 1749 0ae2 433A5C55 		.ascii	"C:\\Users\\Intern\\Documents\\GitHub\\UV-Sticker\\P"
ARM GAS  C:\Users\Intern\AppData\Local\Temp\cc0gYApK.s 			page 40


 1749      73657273 
 1749      5C496E74 
 1749      65726E5C 
 1749      446F6375 
 1750 0b0f 736F635C 		.ascii	"soc\\UV-Project\\UV-SG-TEMP.cydsn\000"
 1750      55562D50 
 1750      726F6A65 
 1750      63745C55 
 1750      562D5347 
 1751              	.LASF82:
 1752 0b2f 4359424C 		.ascii	"CYBLE_EVT_L2CAP_CBFC_TX_CREDIT_IND\000"
 1752      455F4556 
 1752      545F4C32 
 1752      4341505F 
 1752      43424643 
 1753              	.LASF91:
 1754 0b52 4359424C 		.ascii	"CYBLE_ANS_SUPPORTED_UNREAD_ALERT_CAT\000"
 1754      455F414E 
 1754      535F5355 
 1754      50504F52 
 1754      5445445F 
 1755              	.LASF92:
 1756 0b77 4359424C 		.ascii	"CYBLE_ANS_UNREAD_ALERT_STATUS\000"
 1756      455F414E 
 1756      535F554E 
 1756      52454144 
 1756      5F414C45 
 1757              	.LASF20:
 1758 0b95 4359424C 		.ascii	"CYBLE_EVT_HARDWARE_ERROR\000"
 1758      455F4556 
 1758      545F4841 
 1758      52445741 
 1758      52455F45 
 1759              	.LASF132:
 1760 0bae 6164635F 		.ascii	"adc_acquire_channel\000"
 1760      61637175 
 1760      6972655F 
 1760      6368616E 
 1760      6E656C00 
 1761              	.LASF51:
 1762 0bc2 4359424C 		.ascii	"CYBLE_EVT_GATTS_XCNHG_MTU_REQ\000"
 1762      455F4556 
 1762      545F4741 
 1762      5454535F 
 1762      58434E48 
 1763              	.LASF127:
 1764 0be0 43795379 		.ascii	"CySysClkEcoStop\000"
 1764      73436C6B 
 1764      45636F53 
 1764      746F7000 
 1765              	.LASF58:
 1766 0bf0 4359424C 		.ascii	"CYBLE_EVT_GATTC_READ_BLOB_RSP\000"
 1766      455F4556 
 1766      545F4741 
 1766      5454435F 
 1766      52454144 
 1767              	.LASF108:
ARM GAS  C:\Users\Intern\AppData\Local\Temp\cc0gYApK.s 			page 41


 1768 0c0e 7664645F 		.ascii	"vdd_calibration\000"
 1768      63616C69 
 1768      62726174 
 1768      696F6E00 
 1769              	.LASF111:
 1770 0c1e 616D705F 		.ascii	"amp_iov\000"
 1770      696F7600 
 1771              	.LASF93:
 1772 0c26 4359424C 		.ascii	"CYBLE_ANS_ALERT_NTF_CONTROL_POINT\000"
 1772      455F414E 
 1772      535F414C 
 1772      4552545F 
 1772      4E54465F 
 1773              	.LASF56:
 1774 0c48 4359424C 		.ascii	"CYBLE_EVT_GATTC_FIND_BY_TYPE_VALUE_RSP\000"
 1774      455F4556 
 1774      545F4741 
 1774      5454435F 
 1774      46494E44 
 1775              	.LASF36:
 1776 0c6f 4359424C 		.ascii	"CYBLE_EVT_GAP_KEYINFO_EXCHNGE_CMPLT\000"
 1776      455F4556 
 1776      545F4741 
 1776      505F4B45 
 1776      59494E46 
 1777              	.LASF78:
 1778 0c93 4359424C 		.ascii	"CYBLE_EVT_L2CAP_CBFC_DISCONN_IND\000"
 1778      455F4556 
 1778      545F4C32 
 1778      4341505F 
 1778      43424643 
 1779              	.LASF74:
 1780 0cb4 4359424C 		.ascii	"CYBLE_EVT_L2CAP_CONN_PARAM_UPDATE_RSP\000"
 1780      455F4556 
 1780      545F4C32 
 1780      4341505F 
 1780      434F4E4E 
 1781              	.LASF41:
 1782 0cda 4359424C 		.ascii	"CYBLE_EVT_GAP_ENHANCE_CONN_COMPLETE\000"
 1782      455F4556 
 1782      545F4741 
 1782      505F454E 
 1782      48414E43 
 1783              	.LASF98:
 1784 0cfe 73797374 		.ascii	"system_disable_interrupts\000"
 1784      656D5F64 
 1784      69736162 
 1784      6C655F69 
 1784      6E746572 
 1785              	.LASF122:
 1786 0d18 4144435F 		.ascii	"ADC_GetResult16\000"
 1786      47657452 
 1786      6573756C 
 1786      74313600 
 1787              	.LASF102:
 1788 0d28 6164635F 		.ascii	"adc_wakeup\000"
 1788      77616B65 
ARM GAS  C:\Users\Intern\AppData\Local\Temp\cc0gYApK.s 			page 42


 1788      757000
 1789              		.ident	"GCC: (GNU Tools for ARM Embedded Processors) 5.4.1 20160609 (release) [ARM/embedded-5-bran
