ARM GAS  C:\Users\Intern\AppData\Local\Temp\cckrkzMe.s 			page 1


   1              		.syntax unified
   2              		.cpu cortex-m0
   3              		.fpu softvfp
   4              		.eabi_attribute 20, 1
   5              		.eabi_attribute 21, 1
   6              		.eabi_attribute 23, 3
   7              		.eabi_attribute 24, 1
   8              		.eabi_attribute 25, 1
   9              		.eabi_attribute 26, 1
  10              		.eabi_attribute 30, 1
  11              		.eabi_attribute 34, 0
  12              		.eabi_attribute 18, 4
  13              		.thumb
  14              		.syntax unified
  15              		.file	"uv.c"
  16              		.text
  17              	.Ltext0:
  18              		.cfi_sections	.debug_frame
  19              		.global	__aeabi_ui2f
  20              		.global	__aeabi_fmul
  21              		.section	.text.uv_measure,"ax",%progbits
  22              		.align	2
  23              		.global	uv_measure
  24              		.code	16
  25              		.thumb_func
  26              		.type	uv_measure, %function
  27              	uv_measure:
  28              	.LFB63:
  29              		.file 1 "uv.c"
   1:uv.c          **** #include "uv.h"
   2:uv.c          **** 
   3:uv.c          **** // GUVA || GUVB Photodiodes
   4:uv.c          **** 
   5:uv.c          **** float uv_measure(void)
   6:uv.c          **** {
  30              		.loc 1 6 0
  31              		.cfi_startproc
  32              		@ args = 0, pretend = 0, frame = 0
  33              		@ frame_needed = 0, uses_anonymous_args = 0
  34 0000 10B5     		push	{r4, lr}
  35              		.cfi_def_cfa_offset 8
  36              		.cfi_offset 4, -8
  37              		.cfi_offset 14, -4
   7:uv.c          ****     float adc_counts_float = (float) adc_acquire_channel(UV_CHANNEL);
  38              		.loc 1 7 0
  39 0002 0120     		movs	r0, #1
  40 0004 FFF7FEFF 		bl	adc_acquire_channel
  41              	.LVL0:
  42 0008 FFF7FEFF 		bl	__aeabi_ui2f
  43              	.LVL1:
   8:uv.c          ****     //float adc_counts_float = (float) adc_acquire_channel(GUVA_CHANNEL);
   9:uv.c          ****     float milli_volts = (adc_counts_float*vdd_calibration)/2048; 
  44              		.loc 1 9 0
  45 000c 044B     		ldr	r3, .L2
  46 000e 1968     		ldr	r1, [r3]
  47 0010 FFF7FEFF 		bl	__aeabi_fmul
  48              	.LVL2:
ARM GAS  C:\Users\Intern\AppData\Local\Temp\cckrkzMe.s 			page 2


  49 0014 E821     		movs	r1, #232
  50 0016 8905     		lsls	r1, r1, #22
  51 0018 FFF7FEFF 		bl	__aeabi_fmul
  52              	.LVL3:
  10:uv.c          ****     return milli_volts;
  11:uv.c          **** }
  53              		.loc 1 11 0
  54              		@ sp needed
  55 001c 10BD     		pop	{r4, pc}
  56              	.L3:
  57 001e C046     		.align	2
  58              	.L2:
  59 0020 00000000 		.word	vdd_calibration
  60              		.cfi_endproc
  61              	.LFE63:
  62              		.size	uv_measure, .-uv_measure
  63              		.global	__aeabi_fdiv
  64              		.section	.text.uv_get_pd,"ax",%progbits
  65              		.align	2
  66              		.global	uv_get_pd
  67              		.code	16
  68              		.thumb_func
  69              		.type	uv_get_pd, %function
  70              	uv_get_pd:
  71              	.LFB64:
  12:uv.c          **** 
  13:uv.c          **** float uv_get_pd(void)
  14:uv.c          **** {
  72              		.loc 1 14 0
  73              		.cfi_startproc
  74              		@ args = 0, pretend = 0, frame = 0
  75              		@ frame_needed = 0, uses_anonymous_args = 0
  76 0000 10B5     		push	{r4, lr}
  77              		.cfi_def_cfa_offset 8
  78              		.cfi_offset 4, -8
  79              		.cfi_offset 14, -4
  15:uv.c          ****     float uv_mv = uv_measure(); //Measure Raw ADC value from Port
  80              		.loc 1 15 0
  81 0002 FFF7FEFF 		bl	uv_measure
  82              	.LVL4:
  16:uv.c          **** //    float v_out = uv_mv - amp_iov[diode_num-1] - amp_ibc[diode_num-1]*uv_gain[diode_num-1]; //Get
  17:uv.c          **** //    float uv_current = v_out/uv_gain[diode_num-1]; //Getting PhotoDiode Current from PhotoDiode V
  18:uv.c          ****     float uv_current = uv_mv/uv_gain; //Getting PhotoDiode Current from PhotoDiode Voltage
  83              		.loc 1 18 0
  84 0006 064B     		ldr	r3, .L5
  85 0008 1968     		ldr	r1, [r3]
  86 000a FFF7FEFF 		bl	__aeabi_fdiv
  87              	.LVL5:
  19:uv.c          ****     float uv_pd = uv_current/uv_respons; //Getting Power Density from PhotoDiode
  88              		.loc 1 19 0
  89 000e 054B     		ldr	r3, .L5+4
  90 0010 1968     		ldr	r1, [r3]
  91 0012 FFF7FEFF 		bl	__aeabi_fdiv
  92              	.LVL6:
  20:uv.c          ****     return (uv_pd/1000); //Returning UV Photodiode Power Density in mW/cm^2
  93              		.loc 1 20 0
  94 0016 0449     		ldr	r1, .L5+8
ARM GAS  C:\Users\Intern\AppData\Local\Temp\cckrkzMe.s 			page 3


  95 0018 FFF7FEFF 		bl	__aeabi_fdiv
  96              	.LVL7:
  21:uv.c          **** }
  97              		.loc 1 21 0
  98              		@ sp needed
  99 001c 10BD     		pop	{r4, pc}
 100              	.L6:
 101 001e C046     		.align	2
 102              	.L5:
 103 0020 00000000 		.word	uv_gain
 104 0024 00000000 		.word	uv_respons
 105 0028 00007A44 		.word	1148846080
 106              		.cfi_endproc
 107              	.LFE64:
 108              		.size	uv_get_pd, .-uv_get_pd
 109              		.section	.text.uv_get_index,"ax",%progbits
 110              		.align	2
 111              		.global	uv_get_index
 112              		.code	16
 113              		.thumb_func
 114              		.type	uv_get_index, %function
 115              	uv_get_index:
 116              	.LFB65:
  22:uv.c          **** 
  23:uv.c          **** float uv_get_index(void)
  24:uv.c          **** {
 117              		.loc 1 24 0
 118              		.cfi_startproc
 119              		@ args = 0, pretend = 0, frame = 0
 120              		@ frame_needed = 0, uses_anonymous_args = 0
 121 0000 10B5     		push	{r4, lr}
 122              		.cfi_def_cfa_offset 8
 123              		.cfi_offset 4, -8
 124              		.cfi_offset 14, -4
  25:uv.c          ****     float uv_pd = uv_get_pd();  // Getting UV Power Density
 125              		.loc 1 25 0
 126 0002 FFF7FEFF 		bl	uv_get_pd
 127              	.LVL8:
  26:uv.c          ****     float index = uv_pd / 26;    //Converting UV Power Density to UV Index
 128              		.loc 1 26 0
 129 0006 0249     		ldr	r1, .L8
 130 0008 FFF7FEFF 		bl	__aeabi_fdiv
 131              	.LVL9:
  27:uv.c          ****     return index;   //Returning UV index
  28:uv.c          **** }
 132              		.loc 1 28 0
 133              		@ sp needed
 134 000c 10BD     		pop	{r4, pc}
 135              	.L9:
 136 000e C046     		.align	2
 137              	.L8:
 138 0010 0000D041 		.word	1104150528
 139              		.cfi_endproc
 140              	.LFE65:
 141              		.size	uv_get_index, .-uv_get_index
 142              		.global	__aeabi_f2d
 143              		.section	.text.uv_get_pd_string,"ax",%progbits
ARM GAS  C:\Users\Intern\AppData\Local\Temp\cckrkzMe.s 			page 4


 144              		.align	2
 145              		.global	uv_get_pd_string
 146              		.code	16
 147              		.thumb_func
 148              		.type	uv_get_pd_string, %function
 149              	uv_get_pd_string:
 150              	.LFB66:
  29:uv.c          **** 
  30:uv.c          **** void uv_get_pd_string(char *uv_pd_string)
  31:uv.c          **** {
 151              		.loc 1 31 0
 152              		.cfi_startproc
 153              		@ args = 0, pretend = 0, frame = 0
 154              		@ frame_needed = 0, uses_anonymous_args = 0
 155              	.LVL10:
 156 0000 10B5     		push	{r4, lr}
 157              		.cfi_def_cfa_offset 8
 158              		.cfi_offset 4, -8
 159              		.cfi_offset 14, -4
 160 0002 0400     		movs	r4, r0
  32:uv.c          ****     float uv_pd = uv_get_pd(); //Returns the Power Density of that PhotoDiode
 161              		.loc 1 32 0
 162 0004 FFF7FEFF 		bl	uv_get_pd
 163              	.LVL11:
  33:uv.c          ****     sprintf(uv_pd_string, "%.4f", uv_pd); //Places the Float Value of Power Density in String
 164              		.loc 1 33 0
 165 0008 FFF7FEFF 		bl	__aeabi_f2d
 166              	.LVL12:
 167 000c 0200     		movs	r2, r0
 168 000e 0B00     		movs	r3, r1
 169 0010 0249     		ldr	r1, .L11
 170 0012 2000     		movs	r0, r4
 171 0014 FFF7FEFF 		bl	sprintf
 172              	.LVL13:
  34:uv.c          **** }
 173              		.loc 1 34 0
 174              		@ sp needed
 175              	.LVL14:
 176 0018 10BD     		pop	{r4, pc}
 177              	.L12:
 178 001a C046     		.align	2
 179              	.L11:
 180 001c 00000000 		.word	.LC3
 181              		.cfi_endproc
 182              	.LFE66:
 183              		.size	uv_get_pd_string, .-uv_get_pd_string
 184              		.section	.text.uv_get_uint8,"ax",%progbits
 185              		.align	2
 186              		.global	uv_get_uint8
 187              		.code	16
 188              		.thumb_func
 189              		.type	uv_get_uint8, %function
 190              	uv_get_uint8:
 191              	.LFB67:
  35:uv.c          **** 
  36:uv.c          **** void uv_get_uint8(uint8 *uv_uint8)
  37:uv.c          **** {
ARM GAS  C:\Users\Intern\AppData\Local\Temp\cckrkzMe.s 			page 5


 192              		.loc 1 37 0
 193              		.cfi_startproc
 194              		@ args = 0, pretend = 0, frame = 8
 195              		@ frame_needed = 0, uses_anonymous_args = 0
 196              	.LVL15:
 197 0000 30B5     		push	{r4, r5, lr}
 198              		.cfi_def_cfa_offset 12
 199              		.cfi_offset 4, -12
 200              		.cfi_offset 5, -8
 201              		.cfi_offset 14, -4
 202 0002 83B0     		sub	sp, sp, #12
 203              		.cfi_def_cfa_offset 24
 204 0004 0500     		movs	r5, r0
  38:uv.c          ****     char uv_pd_string[5]; //Initializes the Character Array
  39:uv.c          ****     uv_get_pd_string(uv_pd_string);
 205              		.loc 1 39 0
 206 0006 6846     		mov	r0, sp
 207              	.LVL16:
 208 0008 FFF7FEFF 		bl	uv_get_pd_string
 209              	.LVL17:
 210              	.LBB2:
  40:uv.c          ****     for(uint8 i = 0; i<strlen(uv_pd_string); i++)
 211              		.loc 1 40 0
 212 000c 0024     		movs	r4, #0
 213 000e 04E0     		b	.L14
 214              	.LVL18:
 215              	.L15:
  41:uv.c          ****     {
  42:uv.c          ****         uv_uint8[i] = (uint8) uv_pd_string[i];
 216              		.loc 1 42 0 discriminator 3
 217 0010 6B46     		mov	r3, sp
 218 0012 1B5D     		ldrb	r3, [r3, r4]
 219 0014 2B55     		strb	r3, [r5, r4]
  40:uv.c          ****     for(uint8 i = 0; i<strlen(uv_pd_string); i++)
 220              		.loc 1 40 0 discriminator 3
 221 0016 0134     		adds	r4, r4, #1
 222              	.LVL19:
 223 0018 E4B2     		uxtb	r4, r4
 224              	.LVL20:
 225              	.L14:
  40:uv.c          ****     for(uint8 i = 0; i<strlen(uv_pd_string); i++)
 226              		.loc 1 40 0 is_stmt 0 discriminator 1
 227 001a 6846     		mov	r0, sp
 228 001c FFF7FEFF 		bl	strlen
 229              	.LVL21:
 230 0020 8442     		cmp	r4, r0
 231 0022 F5D3     		bcc	.L15
 232              	.LBE2:
  43:uv.c          ****     }
  44:uv.c          **** }
 233              		.loc 1 44 0 is_stmt 1
 234 0024 03B0     		add	sp, sp, #12
 235              		@ sp needed
 236              	.LVL22:
 237              	.LVL23:
 238 0026 30BD     		pop	{r4, r5, pc}
 239              		.cfi_endproc
ARM GAS  C:\Users\Intern\AppData\Local\Temp\cckrkzMe.s 			page 6


 240              	.LFE67:
 241              		.size	uv_get_uint8, .-uv_get_uint8
 242              		.section	.text.uv_uart,"ax",%progbits
 243              		.align	2
 244              		.global	uv_uart
 245              		.code	16
 246              		.thumb_func
 247              		.type	uv_uart, %function
 248              	uv_uart:
 249              	.LFB68:
  45:uv.c          **** 
  46:uv.c          **** void uv_uart(void)
  47:uv.c          **** {
 250              		.loc 1 47 0
 251              		.cfi_startproc
 252              		@ args = 0, pretend = 0, frame = 16
 253              		@ frame_needed = 0, uses_anonymous_args = 0
 254 0000 10B5     		push	{r4, lr}
 255              		.cfi_def_cfa_offset 8
 256              		.cfi_offset 4, -8
 257              		.cfi_offset 14, -4
 258 0002 84B0     		sub	sp, sp, #16
 259              		.cfi_def_cfa_offset 24
  48:uv.c          ****     char uv_pd_string[5]; //Initializes the Character Array
  49:uv.c          ****     uv_get_pd_string(uv_pd_string); //Places the power density of diode in Character Vector
 260              		.loc 1 49 0
 261 0004 02A8     		add	r0, sp, #8
 262 0006 FFF7FEFF 		bl	uv_get_pd_string
 263              	.LVL24:
  50:uv.c          **** 
  51:uv.c          ****     char uv_uart_string[7]; //Stores UV Photodiode Power Density in Message
  52:uv.c          ****     uv_uart_string[0] = 'u'; //Places an s as the first element in the arrray
 264              		.loc 1 52 0
 265 000a 7523     		movs	r3, #117
 266 000c 6A46     		mov	r2, sp
 267 000e 1370     		strb	r3, [r2]
  53:uv.c          ****     uv_uart_string[6] = '\n'; //Places a new line character in the last spot in the array
 268              		.loc 1 53 0
 269 0010 6B3B     		subs	r3, r3, #107
 270 0012 9371     		strb	r3, [r2, #6]
 271              	.LVL25:
 272              	.LBB3:
  54:uv.c          ****     
  55:uv.c          ****     //Placing Value in Packet between new message carrier and last message carrier
  56:uv.c          ****     for(unsigned int j = 1; j<strlen(uv_pd_string); j++)
 273              		.loc 1 56 0
 274 0014 0124     		movs	r4, #1
 275 0016 05E0     		b	.L17
 276              	.LVL26:
 277              	.L18:
  57:uv.c          ****     {
  58:uv.c          ****         uv_uart_string[j] = uv_pd_string[j-1];    
 278              		.loc 1 58 0 discriminator 3
 279 0018 631E     		subs	r3, r4, #1
 280 001a 02AA     		add	r2, sp, #8
 281 001c D35C     		ldrb	r3, [r2, r3]
 282 001e 6A46     		mov	r2, sp
ARM GAS  C:\Users\Intern\AppData\Local\Temp\cckrkzMe.s 			page 7


 283 0020 1355     		strb	r3, [r2, r4]
  56:uv.c          ****     {
 284              		.loc 1 56 0 discriminator 3
 285 0022 0134     		adds	r4, r4, #1
 286              	.LVL27:
 287              	.L17:
  56:uv.c          ****     {
 288              		.loc 1 56 0 is_stmt 0 discriminator 1
 289 0024 02A8     		add	r0, sp, #8
 290 0026 FFF7FEFF 		bl	strlen
 291              	.LVL28:
 292 002a 8442     		cmp	r4, r0
 293 002c F4D3     		bcc	.L18
 294 002e 0024     		movs	r4, #0
 295              	.LVL29:
 296 0030 04E0     		b	.L19
 297              	.LVL30:
 298              	.L20:
 299              	.LBE3:
 300              	.LBB4:
 301              	.LBB5:
  59:uv.c          ****     }
  60:uv.c          ****     
  61:uv.c          ****     //Sends the Value over UART
  62:uv.c          ****     for(unsigned int i = 0; i<strlen(uv_uart_string); i++)
  63:uv.c          ****     {
  64:uv.c          ****         UART_UartPutChar(uv_uart_string[i]);           
 302              		.loc 1 64 0 is_stmt 1 discriminator 3
 303 0032 6B46     		mov	r3, sp
 304 0034 185D     		ldrb	r0, [r3, r4]
 305 0036 FFF7FEFF 		bl	UART_UartPutChar
 306              	.LVL31:
 307              	.LBE5:
  62:uv.c          ****     {
 308              		.loc 1 62 0 discriminator 3
 309 003a 0134     		adds	r4, r4, #1
 310              	.LVL32:
 311              	.L19:
  62:uv.c          ****     {
 312              		.loc 1 62 0 is_stmt 0 discriminator 1
 313 003c 6846     		mov	r0, sp
 314 003e FFF7FEFF 		bl	strlen
 315              	.LVL33:
 316 0042 8442     		cmp	r4, r0
 317 0044 F5D3     		bcc	.L20
 318              	.LBE4:
  65:uv.c          ****     } 
  66:uv.c          **** }
 319              		.loc 1 66 0 is_stmt 1
 320 0046 04B0     		add	sp, sp, #16
 321              		@ sp needed
 322              	.LVL34:
 323 0048 10BD     		pop	{r4, pc}
 324              		.cfi_endproc
 325              	.LFE68:
 326              		.size	uv_uart, .-uv_uart
 327 004a C046     		.section	.text.update_UV,"ax",%progbits
ARM GAS  C:\Users\Intern\AppData\Local\Temp\cckrkzMe.s 			page 8


 328              		.align	2
 329              		.global	update_UV
 330              		.code	16
 331              		.thumb_func
 332              		.type	update_UV, %function
 333              	update_UV:
 334              	.LFB69:
  67:uv.c          **** 
  68:uv.c          **** //Reads the state of the LED and writes that value into the GATT Database
  69:uv.c          **** void update_UV()
  70:uv.c          **** {
 335              		.loc 1 70 0
 336              		.cfi_startproc
 337              		@ args = 0, pretend = 0, frame = 24
 338              		@ frame_needed = 0, uses_anonymous_args = 0
 339 0000 30B5     		push	{r4, r5, lr}
 340              		.cfi_def_cfa_offset 12
 341              		.cfi_offset 4, -12
 342              		.cfi_offset 5, -8
 343              		.cfi_offset 14, -4
 344 0002 87B0     		sub	sp, sp, #28
 345              		.cfi_def_cfa_offset 40
  71:uv.c          ****     CYBLE_GATTS_HANDLE_VALUE_NTF_T tempHandle; //Temporary BLE Handle
  72:uv.c          ****     
  73:uv.c          ****     //If not connected, no need to update GATT Database/Server
  74:uv.c          ****     if(CyBle_GetState() != CYBLE_STATE_CONNECTED || uv_Power_Notify == 0)
 346              		.loc 1 74 0
 347 0004 144B     		ldr	r3, .L24
 348 0006 1B78     		ldrb	r3, [r3]
 349 0008 022B     		cmp	r3, #2
 350 000a 22D1     		bne	.L21
 351              		.loc 1 74 0 is_stmt 0 discriminator 1
 352 000c 134B     		ldr	r3, .L24+4
 353 000e 1B78     		ldrb	r3, [r3]
 354 0010 002B     		cmp	r3, #0
 355 0012 1ED0     		beq	.L21
  75:uv.c          ****     {
  76:uv.c          ****         return; //Leaves the function update_UV()
  77:uv.c          ****     }
  78:uv.c          ****     uint8 uv_pd[5] = {0};         //Initializes the Character Array
 356              		.loc 1 78 0 is_stmt 1
 357 0014 01AD     		add	r5, sp, #4
 358 0016 0522     		movs	r2, #5
 359 0018 0021     		movs	r1, #0
 360 001a 2800     		movs	r0, r5
 361 001c FFF7FEFF 		bl	memset
 362              	.LVL35:
  79:uv.c          ****     uv_get_uint8(uv_pd);    //Getting UV power Density as an uint8 array
 363              		.loc 1 79 0
 364 0020 2800     		movs	r0, r5
 365 0022 FFF7FEFF 		bl	uv_get_uint8
 366              	.LVL36:
  80:uv.c          ****     uv_uart();
 367              		.loc 1 80 0
 368 0026 FFF7FEFF 		bl	uv_uart
 369              	.LVL37:
  81:uv.c          ****     
ARM GAS  C:\Users\Intern\AppData\Local\Temp\cckrkzMe.s 			page 9


  82:uv.c          ****     tempHandle.attrHandle = CYBLE_UV_MEASUREMENT_POWER_DENSITY_CHAR_HANDLE;
 370              		.loc 1 82 0
 371 002a 03AC     		add	r4, sp, #12
 372 002c 1223     		movs	r3, #18
 373 002e 2381     		strh	r3, [r4, #8]
  83:uv.c          ****     //Cast it into a 8 bit integer pointer
  84:uv.c          ****     tempHandle.value.val = uv_pd; 
 374              		.loc 1 84 0
 375 0030 0395     		str	r5, [sp, #12]
  85:uv.c          ****     tempHandle.value.len = 5; //Uint16 value is stored as 2 8 bit integer
 376              		.loc 1 85 0
 377 0032 0D3B     		subs	r3, r3, #13
 378 0034 A380     		strh	r3, [r4, #4]
  86:uv.c          ****     CyBle_GattsWriteAttributeValue(&tempHandle, 0, &cyBle_connHandle, 0); //Writing new value to Ga
 379              		.loc 1 86 0
 380 0036 0A4D     		ldr	r5, .L24+8
 381 0038 0023     		movs	r3, #0
 382 003a 2A00     		movs	r2, r5
 383 003c 0021     		movs	r1, #0
 384 003e 2000     		movs	r0, r4
 385 0040 FFF7FEFF 		bl	CyBle_GattsWriteAttributeValue
 386              	.LVL38:
  87:uv.c          ****     CyBle_GattsNotification(cyBle_connHandle, &tempHandle); //Sends out Notification to Gatt Centra
 387              		.loc 1 87 0
 388 0044 2B78     		ldrb	r3, [r5]
 389 0046 6878     		ldrb	r0, [r5, #1]
 390 0048 0002     		lsls	r0, r0, #8
 391 004a 1843     		orrs	r0, r3
 392 004c 2100     		movs	r1, r4
 393 004e FFF7FEFF 		bl	CyBle_GattsNotification
 394              	.LVL39:
 395              	.L21:
  88:uv.c          ****     
  89:uv.c          **** }...
 396              		.loc 1 89 0
 397 0052 07B0     		add	sp, sp, #28
 398              		@ sp needed
 399 0054 30BD     		pop	{r4, r5, pc}
 400              	.L25:
 401 0056 C046     		.align	2
 402              	.L24:
 403 0058 00000000 		.word	cyBle_state
 404 005c 00000000 		.word	uv_Power_Notify
 405 0060 00000000 		.word	cyBle_connHandle
 406              		.cfi_endproc
 407              	.LFE69:
 408              		.size	update_UV, .-update_UV
 409              		.section	.rodata.str1.4,"aMS",%progbits,1
 410              		.align	2
 411              	.LC3:
 412 0000 252E3466 		.ascii	"%.4f\000"
 412      00
 413              		.text
 414              	.Letext0:
 415              		.file 2 "Generated_Source\\PSoC4/cytypes.h"
 416              		.file 3 "Generated_Source\\PSoC4/BLE_StackGatt.h"
 417              		.file 4 "Generated_Source\\PSoC4/BLE_StackGattServer.h"
ARM GAS  C:\Users\Intern\AppData\Local\Temp\cckrkzMe.s 			page 10


 418              		.file 5 "Generated_Source\\PSoC4/BLE_eventHandler.h"
 419              		.file 6 "Generated_Source\\PSoC4/RTC.h"
 420              		.file 7 "system.h"
 421              		.file 8 "c:\\program files (x86)\\cypress\\psoc creator\\4.2\\psoc creator\\import\\gnu\\arm\\5.4.
 422              		.file 9 "c:\\program files (x86)\\cypress\\psoc creator\\4.2\\psoc creator\\import\\gnu\\arm\\5.4.
 423              		.file 10 "Generated_Source\\PSoC4/BLE_StackGattDb.h"
 424              		.section	.debug_info,"",%progbits
 425              	.Ldebug_info0:
 426 0000 7F050000 		.4byte	0x57f
 427 0004 0400     		.2byte	0x4
 428 0006 00000000 		.4byte	.Ldebug_abbrev0
 429 000a 04       		.byte	0x4
 430 000b 01       		.uleb128 0x1
 431 000c 93000000 		.4byte	.LASF62
 432 0010 0C       		.byte	0xc
 433 0011 1D020000 		.4byte	.LASF63
 434 0015 5F020000 		.4byte	.LASF64
 435 0019 00000000 		.4byte	.Ldebug_ranges0+0
 436 001d 00000000 		.4byte	0
 437 0021 00000000 		.4byte	.Ldebug_line0
 438 0025 02       		.uleb128 0x2
 439 0026 04       		.byte	0x4
 440 0027 05       		.byte	0x5
 441 0028 696E7400 		.ascii	"int\000"
 442 002c 03       		.uleb128 0x3
 443 002d 04       		.byte	0x4
 444 002e 07       		.byte	0x7
 445 002f 52020000 		.4byte	.LASF0
 446 0033 03       		.uleb128 0x3
 447 0034 08       		.byte	0x8
 448 0035 05       		.byte	0x5
 449 0036 68010000 		.4byte	.LASF1
 450 003a 03       		.uleb128 0x3
 451 003b 08       		.byte	0x8
 452 003c 04       		.byte	0x4
 453 003d 50000000 		.4byte	.LASF2
 454 0041 03       		.uleb128 0x3
 455 0042 01       		.byte	0x1
 456 0043 06       		.byte	0x6
 457 0044 22020000 		.4byte	.LASF3
 458 0048 03       		.uleb128 0x3
 459 0049 01       		.byte	0x1
 460 004a 08       		.byte	0x8
 461 004b DA010000 		.4byte	.LASF4
 462 004f 03       		.uleb128 0x3
 463 0050 02       		.byte	0x2
 464 0051 05       		.byte	0x5
 465 0052 00000000 		.4byte	.LASF5
 466 0056 03       		.uleb128 0x3
 467 0057 02       		.byte	0x2
 468 0058 07       		.byte	0x7
 469 0059 DE020000 		.4byte	.LASF6
 470 005d 03       		.uleb128 0x3
 471 005e 04       		.byte	0x4
 472 005f 05       		.byte	0x5
 473 0060 A6010000 		.4byte	.LASF7
 474 0064 03       		.uleb128 0x3
ARM GAS  C:\Users\Intern\AppData\Local\Temp\cckrkzMe.s 			page 11


 475 0065 04       		.byte	0x4
 476 0066 07       		.byte	0x7
 477 0067 89030000 		.4byte	.LASF8
 478 006b 03       		.uleb128 0x3
 479 006c 08       		.byte	0x8
 480 006d 07       		.byte	0x7
 481 006e 2E020000 		.4byte	.LASF9
 482 0072 03       		.uleb128 0x3
 483 0073 04       		.byte	0x4
 484 0074 07       		.byte	0x7
 485 0075 0A000000 		.4byte	.LASF10
 486 0079 04       		.uleb128 0x4
 487 007a 04       		.byte	0x4
 488 007b 7F000000 		.4byte	0x7f
 489 007f 03       		.uleb128 0x3
 490 0080 01       		.byte	0x1
 491 0081 08       		.byte	0x8
 492 0082 F1020000 		.4byte	.LASF11
 493 0086 05       		.uleb128 0x5
 494 0087 38010000 		.4byte	.LASF12
 495 008b 02       		.byte	0x2
 496 008c E401     		.2byte	0x1e4
 497 008e 48000000 		.4byte	0x48
 498 0092 05       		.uleb128 0x5
 499 0093 8C000000 		.4byte	.LASF13
 500 0097 02       		.byte	0x2
 501 0098 E501     		.2byte	0x1e5
 502 009a 56000000 		.4byte	0x56
 503 009e 03       		.uleb128 0x3
 504 009f 04       		.byte	0x4
 505 00a0 04       		.byte	0x4
 506 00a1 62010000 		.4byte	.LASF14
 507 00a5 03       		.uleb128 0x3
 508 00a6 08       		.byte	0x8
 509 00a7 04       		.byte	0x4
 510 00a8 A6030000 		.4byte	.LASF15
 511 00ac 04       		.uleb128 0x4
 512 00ad 04       		.byte	0x4
 513 00ae 86000000 		.4byte	0x86
 514 00b2 05       		.uleb128 0x5
 515 00b3 6D030000 		.4byte	.LASF16
 516 00b7 03       		.byte	0x3
 517 00b8 8901     		.2byte	0x189
 518 00ba 92000000 		.4byte	0x92
 519 00be 06       		.uleb128 0x6
 520 00bf 02       		.byte	0x2
 521 00c0 03       		.byte	0x3
 522 00c1 9301     		.2byte	0x193
 523 00c3 E2000000 		.4byte	0xe2
 524 00c7 07       		.uleb128 0x7
 525 00c8 59010000 		.4byte	.LASF17
 526 00cc 03       		.byte	0x3
 527 00cd 9A01     		.2byte	0x19a
 528 00cf 86000000 		.4byte	0x86
 529 00d3 00       		.byte	0
 530 00d4 07       		.uleb128 0x7
 531 00d5 54040000 		.4byte	.LASF18
ARM GAS  C:\Users\Intern\AppData\Local\Temp\cckrkzMe.s 			page 12


 532 00d9 03       		.byte	0x3
 533 00da A001     		.2byte	0x1a0
 534 00dc 86000000 		.4byte	0x86
 535 00e0 01       		.byte	0x1
 536 00e1 00       		.byte	0
 537 00e2 05       		.uleb128 0x5
 538 00e3 BE030000 		.4byte	.LASF19
 539 00e7 03       		.byte	0x3
 540 00e8 A201     		.2byte	0x1a2
 541 00ea BE000000 		.4byte	0xbe
 542 00ee 06       		.uleb128 0x6
 543 00ef 08       		.byte	0x8
 544 00f0 03       		.byte	0x3
 545 00f1 BE01     		.2byte	0x1be
 546 00f3 1F010000 		.4byte	0x11f
 547 00f7 08       		.uleb128 0x8
 548 00f8 76616C00 		.ascii	"val\000"
 549 00fc 03       		.byte	0x3
 550 00fd C101     		.2byte	0x1c1
 551 00ff AC000000 		.4byte	0xac
 552 0103 00       		.byte	0
 553 0104 08       		.uleb128 0x8
 554 0105 6C656E00 		.ascii	"len\000"
 555 0109 03       		.byte	0x3
 556 010a C401     		.2byte	0x1c4
 557 010c 92000000 		.4byte	0x92
 558 0110 04       		.byte	0x4
 559 0111 07       		.uleb128 0x7
 560 0112 F8030000 		.4byte	.LASF20
 561 0116 03       		.byte	0x3
 562 0117 CB01     		.2byte	0x1cb
 563 0119 92000000 		.4byte	0x92
 564 011d 06       		.byte	0x6
 565 011e 00       		.byte	0
 566 011f 05       		.uleb128 0x5
 567 0120 F6020000 		.4byte	.LASF21
 568 0124 03       		.byte	0x3
 569 0125 CD01     		.2byte	0x1cd
 570 0127 EE000000 		.4byte	0xee
 571 012b 06       		.uleb128 0x6
 572 012c 0C       		.byte	0xc
 573 012d 03       		.byte	0x3
 574 012e D001     		.2byte	0x1d0
 575 0130 4F010000 		.4byte	0x14f
 576 0134 07       		.uleb128 0x7
 577 0135 86000000 		.4byte	.LASF22
 578 0139 03       		.byte	0x3
 579 013a D301     		.2byte	0x1d3
 580 013c 1F010000 		.4byte	0x11f
 581 0140 00       		.byte	0
 582 0141 07       		.uleb128 0x7
 583 0142 9B030000 		.4byte	.LASF23
 584 0146 03       		.byte	0x3
 585 0147 D601     		.2byte	0x1d6
 586 0149 B2000000 		.4byte	0xb2
 587 014d 08       		.byte	0x8
 588 014e 00       		.byte	0
ARM GAS  C:\Users\Intern\AppData\Local\Temp\cckrkzMe.s 			page 13


 589 014f 05       		.uleb128 0x5
 590 0150 D2030000 		.4byte	.LASF24
 591 0154 03       		.byte	0x3
 592 0155 D801     		.2byte	0x1d8
 593 0157 2B010000 		.4byte	0x12b
 594 015b 09       		.uleb128 0x9
 595 015c 76010000 		.4byte	.LASF25
 596 0160 04       		.byte	0x4
 597 0161 34       		.byte	0x34
 598 0162 4F010000 		.4byte	0x14f
 599 0166 0A       		.uleb128 0xa
 600 0167 01       		.byte	0x1
 601 0168 48000000 		.4byte	0x48
 602 016c 05       		.byte	0x5
 603 016d 5A08     		.2byte	0x85a
 604 016f 92010000 		.4byte	0x192
 605 0173 0B       		.uleb128 0xb
 606 0174 5C000000 		.4byte	.LASF26
 607 0178 00       		.byte	0
 608 0179 0B       		.uleb128 0xb
 609 017a 09030000 		.4byte	.LASF27
 610 017e 01       		.byte	0x1
 611 017f 0B       		.uleb128 0xb
 612 0180 70000000 		.4byte	.LASF28
 613 0184 02       		.byte	0x2
 614 0185 0B       		.uleb128 0xb
 615 0186 55030000 		.4byte	.LASF29
 616 018a 03       		.byte	0x3
 617 018b 0B       		.uleb128 0xb
 618 018c AC020000 		.4byte	.LASF30
 619 0190 04       		.byte	0x4
 620 0191 00       		.byte	0
 621 0192 05       		.uleb128 0x5
 622 0193 C5020000 		.4byte	.LASF31
 623 0197 05       		.byte	0x5
 624 0198 6808     		.2byte	0x868
 625 019a 66010000 		.4byte	0x166
 626 019e 0C       		.uleb128 0xc
 627 019f 22030000 		.4byte	.LASF34
 628 01a3 01       		.byte	0x1
 629 01a4 05       		.byte	0x5
 630 01a5 9E000000 		.4byte	0x9e
 631 01a9 00000000 		.4byte	.LFB63
 632 01ad 24000000 		.4byte	.LFE63-.LFB63
 633 01b1 01       		.uleb128 0x1
 634 01b2 9C       		.byte	0x9c
 635 01b3 E3010000 		.4byte	0x1e3
 636 01b7 0D       		.uleb128 0xd
 637 01b8 95010000 		.4byte	.LASF32
 638 01bc 01       		.byte	0x1
 639 01bd 07       		.byte	0x7
 640 01be 9E000000 		.4byte	0x9e
 641 01c2 00000000 		.4byte	.LLST0
 642 01c6 0E       		.uleb128 0xe
 643 01c7 2D030000 		.4byte	.LASF33
 644 01cb 01       		.byte	0x1
 645 01cc 09       		.byte	0x9
ARM GAS  C:\Users\Intern\AppData\Local\Temp\cckrkzMe.s 			page 14


 646 01cd 9E000000 		.4byte	0x9e
 647 01d1 01       		.uleb128 0x1
 648 01d2 50       		.byte	0x50
 649 01d3 0F       		.uleb128 0xf
 650 01d4 08000000 		.4byte	.LVL0
 651 01d8 36050000 		.4byte	0x536
 652 01dc 10       		.uleb128 0x10
 653 01dd 01       		.uleb128 0x1
 654 01de 50       		.byte	0x50
 655 01df 01       		.uleb128 0x1
 656 01e0 31       		.byte	0x31
 657 01e1 00       		.byte	0
 658 01e2 00       		.byte	0
 659 01e3 0C       		.uleb128 0xc
 660 01e4 F8010000 		.4byte	.LASF35
 661 01e8 01       		.byte	0x1
 662 01e9 0D       		.byte	0xd
 663 01ea 9E000000 		.4byte	0x9e
 664 01ee 00000000 		.4byte	.LFB64
 665 01f2 2C000000 		.4byte	.LFE64-.LFB64
 666 01f6 01       		.uleb128 0x1
 667 01f7 9C       		.byte	0x9c
 668 01f8 33020000 		.4byte	0x233
 669 01fc 0D       		.uleb128 0xd
 670 01fd 4F030000 		.4byte	.LASF36
 671 0201 01       		.byte	0x1
 672 0202 0F       		.byte	0xf
 673 0203 9E000000 		.4byte	0x9e
 674 0207 13000000 		.4byte	.LLST1
 675 020b 0D       		.uleb128 0xd
 676 020c 39030000 		.4byte	.LASF37
 677 0210 01       		.byte	0x1
 678 0211 12       		.byte	0x12
 679 0212 9E000000 		.4byte	0x9e
 680 0216 26000000 		.4byte	.LLST2
 681 021a 0D       		.uleb128 0xd
 682 021b CC010000 		.4byte	.LASF38
 683 021f 01       		.byte	0x1
 684 0220 13       		.byte	0x13
 685 0221 9E000000 		.4byte	0x9e
 686 0225 39000000 		.4byte	.LLST3
 687 0229 11       		.uleb128 0x11
 688 022a 06000000 		.4byte	.LVL4
 689 022e 9E010000 		.4byte	0x19e
 690 0232 00       		.byte	0
 691 0233 0C       		.uleb128 0xc
 692 0234 22040000 		.4byte	.LASF39
 693 0238 01       		.byte	0x1
 694 0239 17       		.byte	0x17
 695 023a 9E000000 		.4byte	0x9e
 696 023e 00000000 		.4byte	.LFB65
 697 0242 14000000 		.4byte	.LFE65-.LFB65
 698 0246 01       		.uleb128 0x1
 699 0247 9C       		.byte	0x9c
 700 0248 72020000 		.4byte	0x272
 701 024c 0D       		.uleb128 0xd
 702 024d CC010000 		.4byte	.LASF38
ARM GAS  C:\Users\Intern\AppData\Local\Temp\cckrkzMe.s 			page 15


 703 0251 01       		.byte	0x1
 704 0252 19       		.byte	0x19
 705 0253 9E000000 		.4byte	0x9e
 706 0257 4C000000 		.4byte	.LLST4
 707 025b 0E       		.uleb128 0xe
 708 025c 32010000 		.4byte	.LASF40
 709 0260 01       		.byte	0x1
 710 0261 1A       		.byte	0x1a
 711 0262 9E000000 		.4byte	0x9e
 712 0266 01       		.uleb128 0x1
 713 0267 50       		.byte	0x50
 714 0268 11       		.uleb128 0x11
 715 0269 06000000 		.4byte	.LVL8
 716 026d E3010000 		.4byte	0x1e3
 717 0271 00       		.byte	0
 718 0272 12       		.uleb128 0x12
 719 0273 AD030000 		.4byte	.LASF41
 720 0277 01       		.byte	0x1
 721 0278 1E       		.byte	0x1e
 722 0279 00000000 		.4byte	.LFB66
 723 027d 20000000 		.4byte	.LFE66-.LFB66
 724 0281 01       		.uleb128 0x1
 725 0282 9C       		.byte	0x9c
 726 0283 C8020000 		.4byte	0x2c8
 727 0287 13       		.uleb128 0x13
 728 0288 45020000 		.4byte	.LASF43
 729 028c 01       		.byte	0x1
 730 028d 1E       		.byte	0x1e
 731 028e 79000000 		.4byte	0x79
 732 0292 5F000000 		.4byte	.LLST5
 733 0296 0D       		.uleb128 0xd
 734 0297 CC010000 		.4byte	.LASF38
 735 029b 01       		.byte	0x1
 736 029c 20       		.byte	0x20
 737 029d 9E000000 		.4byte	0x9e
 738 02a1 8B000000 		.4byte	.LLST6
 739 02a5 11       		.uleb128 0x11
 740 02a6 08000000 		.4byte	.LVL11
 741 02aa E3010000 		.4byte	0x1e3
 742 02ae 0F       		.uleb128 0xf
 743 02af 18000000 		.4byte	.LVL13
 744 02b3 41050000 		.4byte	0x541
 745 02b7 10       		.uleb128 0x10
 746 02b8 01       		.uleb128 0x1
 747 02b9 50       		.byte	0x50
 748 02ba 02       		.uleb128 0x2
 749 02bb 74       		.byte	0x74
 750 02bc 00       		.sleb128 0
 751 02bd 10       		.uleb128 0x10
 752 02be 01       		.uleb128 0x1
 753 02bf 51       		.byte	0x51
 754 02c0 05       		.uleb128 0x5
 755 02c1 03       		.byte	0x3
 756 02c2 00000000 		.4byte	.LC3
 757 02c6 00       		.byte	0
 758 02c7 00       		.byte	0
 759 02c8 14       		.uleb128 0x14
ARM GAS  C:\Users\Intern\AppData\Local\Temp\cckrkzMe.s 			page 16


 760 02c9 AF010000 		.4byte	.LASF42
 761 02cd 01       		.byte	0x1
 762 02ce 24       		.byte	0x24
 763 02cf 00000000 		.4byte	.LFB67
 764 02d3 28000000 		.4byte	.LFE67-.LFB67
 765 02d7 01       		.uleb128 0x1
 766 02d8 9C       		.byte	0x9c
 767 02d9 36030000 		.4byte	0x336
 768 02dd 13       		.uleb128 0x13
 769 02de 2F040000 		.4byte	.LASF44
 770 02e2 01       		.byte	0x1
 771 02e3 24       		.byte	0x24
 772 02e4 AC000000 		.4byte	0xac
 773 02e8 9E000000 		.4byte	.LLST7
 774 02ec 0E       		.uleb128 0xe
 775 02ed 45020000 		.4byte	.LASF43
 776 02f1 01       		.byte	0x1
 777 02f2 26       		.byte	0x26
 778 02f3 36030000 		.4byte	0x336
 779 02f7 02       		.uleb128 0x2
 780 02f8 91       		.byte	0x91
 781 02f9 68       		.sleb128 -24
 782 02fa 15       		.uleb128 0x15
 783 02fb 0C000000 		.4byte	.LBB2
 784 02ff 18000000 		.4byte	.LBE2-.LBB2
 785 0303 25030000 		.4byte	0x325
 786 0307 16       		.uleb128 0x16
 787 0308 6900     		.ascii	"i\000"
 788 030a 01       		.byte	0x1
 789 030b 28       		.byte	0x28
 790 030c 86000000 		.4byte	0x86
 791 0310 CA000000 		.4byte	.LLST8
 792 0314 0F       		.uleb128 0xf
 793 0315 20000000 		.4byte	.LVL21
 794 0319 4C050000 		.4byte	0x54c
 795 031d 10       		.uleb128 0x10
 796 031e 01       		.uleb128 0x1
 797 031f 50       		.byte	0x50
 798 0320 02       		.uleb128 0x2
 799 0321 7D       		.byte	0x7d
 800 0322 00       		.sleb128 0
 801 0323 00       		.byte	0
 802 0324 00       		.byte	0
 803 0325 0F       		.uleb128 0xf
 804 0326 0C000000 		.4byte	.LVL17
 805 032a 72020000 		.4byte	0x272
 806 032e 10       		.uleb128 0x10
 807 032f 01       		.uleb128 0x1
 808 0330 50       		.byte	0x50
 809 0331 02       		.uleb128 0x2
 810 0332 7D       		.byte	0x7d
 811 0333 00       		.sleb128 0
 812 0334 00       		.byte	0
 813 0335 00       		.byte	0
 814 0336 17       		.uleb128 0x17
 815 0337 7F000000 		.4byte	0x7f
 816 033b 46030000 		.4byte	0x346
ARM GAS  C:\Users\Intern\AppData\Local\Temp\cckrkzMe.s 			page 17


 817 033f 18       		.uleb128 0x18
 818 0340 72000000 		.4byte	0x72
 819 0344 04       		.byte	0x4
 820 0345 00       		.byte	0
 821 0346 14       		.uleb128 0x14
 822 0347 38040000 		.4byte	.LASF45
 823 034b 01       		.byte	0x1
 824 034c 2E       		.byte	0x2e
 825 034d 00000000 		.4byte	.LFB68
 826 0351 4A000000 		.4byte	.LFE68-.LFB68
 827 0355 01       		.uleb128 0x1
 828 0356 9C       		.byte	0x9c
 829 0357 06040000 		.4byte	0x406
 830 035b 0E       		.uleb128 0xe
 831 035c 45020000 		.4byte	.LASF43
 832 0360 01       		.byte	0x1
 833 0361 30       		.byte	0x30
 834 0362 36030000 		.4byte	0x336
 835 0366 02       		.uleb128 0x2
 836 0367 91       		.byte	0x91
 837 0368 70       		.sleb128 -16
 838 0369 0E       		.uleb128 0xe
 839 036a 0E020000 		.4byte	.LASF46
 840 036e 01       		.byte	0x1
 841 036f 33       		.byte	0x33
 842 0370 06040000 		.4byte	0x406
 843 0374 02       		.uleb128 0x2
 844 0375 91       		.byte	0x91
 845 0376 68       		.sleb128 -24
 846 0377 15       		.uleb128 0x15
 847 0378 14000000 		.4byte	.LBB3
 848 037c 1E000000 		.4byte	.LBE3-.LBB3
 849 0380 A2030000 		.4byte	0x3a2
 850 0384 16       		.uleb128 0x16
 851 0385 6A00     		.ascii	"j\000"
 852 0387 01       		.byte	0x1
 853 0388 38       		.byte	0x38
 854 0389 2C000000 		.4byte	0x2c
 855 038d F4000000 		.4byte	.LLST9
 856 0391 0F       		.uleb128 0xf
 857 0392 2A000000 		.4byte	.LVL28
 858 0396 4C050000 		.4byte	0x54c
 859 039a 10       		.uleb128 0x10
 860 039b 01       		.uleb128 0x1
 861 039c 50       		.byte	0x50
 862 039d 02       		.uleb128 0x2
 863 039e 91       		.byte	0x91
 864 039f 70       		.sleb128 -16
 865 03a0 00       		.byte	0
 866 03a1 00       		.byte	0
 867 03a2 15       		.uleb128 0x15
 868 03a3 32000000 		.4byte	.LBB4
 869 03a7 14000000 		.4byte	.LBE4-.LBB4
 870 03ab F5030000 		.4byte	0x3f5
 871 03af 16       		.uleb128 0x16
 872 03b0 6900     		.ascii	"i\000"
 873 03b2 01       		.byte	0x1
ARM GAS  C:\Users\Intern\AppData\Local\Temp\cckrkzMe.s 			page 18


 874 03b3 3E       		.byte	0x3e
 875 03b4 2C000000 		.4byte	0x2c
 876 03b8 13010000 		.4byte	.LLST10
 877 03bc 15       		.uleb128 0x15
 878 03bd 32000000 		.4byte	.LBB5
 879 03c1 08000000 		.4byte	.LBE5-.LBB5
 880 03c5 E4030000 		.4byte	0x3e4
 881 03c9 19       		.uleb128 0x19
 882 03ca 21010000 		.4byte	.LASF59
 883 03ce 01       		.byte	0x1
 884 03cf 40       		.byte	0x40
 885 03d0 25000000 		.4byte	0x25
 886 03d4 DA030000 		.4byte	0x3da
 887 03d8 1A       		.uleb128 0x1a
 888 03d9 00       		.byte	0
 889 03da 11       		.uleb128 0x11
 890 03db 3A000000 		.4byte	.LVL31
 891 03df 57050000 		.4byte	0x557
 892 03e3 00       		.byte	0
 893 03e4 0F       		.uleb128 0xf
 894 03e5 42000000 		.4byte	.LVL33
 895 03e9 4C050000 		.4byte	0x54c
 896 03ed 10       		.uleb128 0x10
 897 03ee 01       		.uleb128 0x1
 898 03ef 50       		.byte	0x50
 899 03f0 02       		.uleb128 0x2
 900 03f1 7D       		.byte	0x7d
 901 03f2 00       		.sleb128 0
 902 03f3 00       		.byte	0
 903 03f4 00       		.byte	0
 904 03f5 0F       		.uleb128 0xf
 905 03f6 0A000000 		.4byte	.LVL24
 906 03fa 72020000 		.4byte	0x272
 907 03fe 10       		.uleb128 0x10
 908 03ff 01       		.uleb128 0x1
 909 0400 50       		.byte	0x50
 910 0401 02       		.uleb128 0x2
 911 0402 91       		.byte	0x91
 912 0403 70       		.sleb128 -16
 913 0404 00       		.byte	0
 914 0405 00       		.byte	0
 915 0406 17       		.uleb128 0x17
 916 0407 7F000000 		.4byte	0x7f
 917 040b 16040000 		.4byte	0x416
 918 040f 18       		.uleb128 0x18
 919 0410 72000000 		.4byte	0x72
 920 0414 06       		.byte	0x6
 921 0415 00       		.byte	0
 922 0416 14       		.uleb128 0x14
 923 0417 3E010000 		.4byte	.LASF47
 924 041b 01       		.byte	0x1
 925 041c 45       		.byte	0x45
 926 041d 00000000 		.4byte	.LFB69
 927 0421 64000000 		.4byte	.LFE69-.LFB69
 928 0425 01       		.uleb128 0x1
 929 0426 9C       		.byte	0x9c
 930 0427 B7040000 		.4byte	0x4b7
ARM GAS  C:\Users\Intern\AppData\Local\Temp\cckrkzMe.s 			page 19


 931 042b 0E       		.uleb128 0xe
 932 042c 44030000 		.4byte	.LASF48
 933 0430 01       		.byte	0x1
 934 0431 47       		.byte	0x47
 935 0432 5B010000 		.4byte	0x15b
 936 0436 02       		.uleb128 0x2
 937 0437 91       		.byte	0x91
 938 0438 64       		.sleb128 -28
 939 0439 0E       		.uleb128 0xe
 940 043a CC010000 		.4byte	.LASF38
 941 043e 01       		.byte	0x1
 942 043f 4E       		.byte	0x4e
 943 0440 B7040000 		.4byte	0x4b7
 944 0444 02       		.uleb128 0x2
 945 0445 91       		.byte	0x91
 946 0446 5C       		.sleb128 -36
 947 0447 1B       		.uleb128 0x1b
 948 0448 20000000 		.4byte	.LVL35
 949 044c 62050000 		.4byte	0x562
 950 0450 65040000 		.4byte	0x465
 951 0454 10       		.uleb128 0x10
 952 0455 01       		.uleb128 0x1
 953 0456 50       		.byte	0x50
 954 0457 02       		.uleb128 0x2
 955 0458 75       		.byte	0x75
 956 0459 00       		.sleb128 0
 957 045a 10       		.uleb128 0x10
 958 045b 01       		.uleb128 0x1
 959 045c 51       		.byte	0x51
 960 045d 01       		.uleb128 0x1
 961 045e 30       		.byte	0x30
 962 045f 10       		.uleb128 0x10
 963 0460 01       		.uleb128 0x1
 964 0461 52       		.byte	0x52
 965 0462 01       		.uleb128 0x1
 966 0463 35       		.byte	0x35
 967 0464 00       		.byte	0
 968 0465 1B       		.uleb128 0x1b
 969 0466 26000000 		.4byte	.LVL36
 970 046a C8020000 		.4byte	0x2c8
 971 046e 79040000 		.4byte	0x479
 972 0472 10       		.uleb128 0x10
 973 0473 01       		.uleb128 0x1
 974 0474 50       		.byte	0x50
 975 0475 02       		.uleb128 0x2
 976 0476 75       		.byte	0x75
 977 0477 00       		.sleb128 0
 978 0478 00       		.byte	0
 979 0479 11       		.uleb128 0x11
 980 047a 2A000000 		.4byte	.LVL37
 981 047e 46030000 		.4byte	0x346
 982 0482 1B       		.uleb128 0x1b
 983 0483 44000000 		.4byte	.LVL38
 984 0487 6B050000 		.4byte	0x56b
 985 048b A6040000 		.4byte	0x4a6
 986 048f 10       		.uleb128 0x10
 987 0490 01       		.uleb128 0x1
ARM GAS  C:\Users\Intern\AppData\Local\Temp\cckrkzMe.s 			page 20


 988 0491 50       		.byte	0x50
 989 0492 02       		.uleb128 0x2
 990 0493 74       		.byte	0x74
 991 0494 00       		.sleb128 0
 992 0495 10       		.uleb128 0x10
 993 0496 01       		.uleb128 0x1
 994 0497 51       		.byte	0x51
 995 0498 01       		.uleb128 0x1
 996 0499 30       		.byte	0x30
 997 049a 10       		.uleb128 0x10
 998 049b 01       		.uleb128 0x1
 999 049c 52       		.byte	0x52
 1000 049d 02       		.uleb128 0x2
 1001 049e 75       		.byte	0x75
 1002 049f 00       		.sleb128 0
 1003 04a0 10       		.uleb128 0x10
 1004 04a1 01       		.uleb128 0x1
 1005 04a2 53       		.byte	0x53
 1006 04a3 01       		.uleb128 0x1
 1007 04a4 30       		.byte	0x30
 1008 04a5 00       		.byte	0
 1009 04a6 0F       		.uleb128 0xf
 1010 04a7 52000000 		.4byte	.LVL39
 1011 04ab 77050000 		.4byte	0x577
 1012 04af 10       		.uleb128 0x10
 1013 04b0 01       		.uleb128 0x1
 1014 04b1 51       		.byte	0x51
 1015 04b2 02       		.uleb128 0x2
 1016 04b3 74       		.byte	0x74
 1017 04b4 00       		.sleb128 0
 1018 04b5 00       		.byte	0
 1019 04b6 00       		.byte	0
 1020 04b7 17       		.uleb128 0x17
 1021 04b8 86000000 		.4byte	0x86
 1022 04bc C7040000 		.4byte	0x4c7
 1023 04c0 18       		.uleb128 0x18
 1024 04c1 72000000 		.4byte	0x72
 1025 04c5 04       		.byte	0x4
 1026 04c6 00       		.byte	0
 1027 04c7 1C       		.uleb128 0x1c
 1028 04c8 02020000 		.4byte	.LASF49
 1029 04cc 05       		.byte	0x5
 1030 04cd B30A     		.2byte	0xab3
 1031 04cf 92010000 		.4byte	0x192
 1032 04d3 1C       		.uleb128 0x1c
 1033 04d4 48010000 		.4byte	.LASF50
 1034 04d8 05       		.byte	0x5
 1035 04d9 B40A     		.2byte	0xab4
 1036 04db E2000000 		.4byte	0xe2
 1037 04df 17       		.uleb128 0x17
 1038 04e0 EF040000 		.4byte	0x4ef
 1039 04e4 EF040000 		.4byte	0x4ef
 1040 04e8 18       		.uleb128 0x18
 1041 04e9 72000000 		.4byte	0x72
 1042 04ed 0B       		.byte	0xb
 1043 04ee 00       		.byte	0
 1044 04ef 1D       		.uleb128 0x1d
ARM GAS  C:\Users\Intern\AppData\Local\Temp\cckrkzMe.s 			page 21


 1045 04f0 92000000 		.4byte	0x92
 1046 04f4 1C       		.uleb128 0x1c
 1047 04f5 39000000 		.4byte	.LASF51
 1048 04f9 06       		.byte	0x6
 1049 04fa E001     		.2byte	0x1e0
 1050 04fc 00050000 		.4byte	0x500
 1051 0500 1D       		.uleb128 0x1d
 1052 0501 DF040000 		.4byte	0x4df
 1053 0505 1E       		.uleb128 0x1e
 1054 0506 E8010000 		.4byte	.LASF52
 1055 050a 07       		.byte	0x7
 1056 050b 0A       		.byte	0xa
 1057 050c 10050000 		.4byte	0x510
 1058 0510 1D       		.uleb128 0x1d
 1059 0511 9E000000 		.4byte	0x9e
 1060 0515 1E       		.uleb128 0x1e
 1061 0516 1A040000 		.4byte	.LASF53
 1062 051a 07       		.byte	0x7
 1063 051b 0B       		.byte	0xb
 1064 051c 10050000 		.4byte	0x510
 1065 0520 1E       		.uleb128 0x1e
 1066 0521 D3020000 		.4byte	.LASF54
 1067 0525 07       		.byte	0x7
 1068 0526 0C       		.byte	0xc
 1069 0527 10050000 		.4byte	0x510
 1070 052b 1E       		.uleb128 0x1e
 1071 052c BC010000 		.4byte	.LASF55
 1072 0530 07       		.byte	0x7
 1073 0531 10       		.byte	0x10
 1074 0532 86000000 		.4byte	0x86
 1075 0536 1F       		.uleb128 0x1f
 1076 0537 40040000 		.4byte	.LASF56
 1077 053b 40040000 		.4byte	.LASF56
 1078 053f 07       		.byte	0x7
 1079 0540 2B       		.byte	0x2b
 1080 0541 1F       		.uleb128 0x1f
 1081 0542 D2010000 		.4byte	.LASF57
 1082 0546 D2010000 		.4byte	.LASF57
 1083 054a 08       		.byte	0x8
 1084 054b E7       		.byte	0xe7
 1085 054c 1F       		.uleb128 0x1f
 1086 054d 13000000 		.4byte	.LASF58
 1087 0551 13000000 		.4byte	.LASF58
 1088 0555 09       		.byte	0x9
 1089 0556 21       		.byte	0x21
 1090 0557 1F       		.uleb128 0x1f
 1091 0558 21010000 		.4byte	.LASF59
 1092 055c 21010000 		.4byte	.LASF59
 1093 0560 01       		.byte	0x1
 1094 0561 40       		.byte	0x40
 1095 0562 20       		.uleb128 0x20
 1096 0563 F1030000 		.4byte	.LASF65
 1097 0567 F1030000 		.4byte	.LASF65
 1098 056b 21       		.uleb128 0x21
 1099 056c 1A000000 		.4byte	.LASF60
 1100 0570 1A000000 		.4byte	.LASF60
 1101 0574 0A       		.byte	0xa
ARM GAS  C:\Users\Intern\AppData\Local\Temp\cckrkzMe.s 			page 22


 1102 0575 8401     		.2byte	0x184
 1103 0577 1F       		.uleb128 0x1f
 1104 0578 02040000 		.4byte	.LASF61
 1105 057c 02040000 		.4byte	.LASF61
 1106 0580 04       		.byte	0x4
 1107 0581 F2       		.byte	0xf2
 1108 0582 00       		.byte	0
 1109              		.section	.debug_abbrev,"",%progbits
 1110              	.Ldebug_abbrev0:
 1111 0000 01       		.uleb128 0x1
 1112 0001 11       		.uleb128 0x11
 1113 0002 01       		.byte	0x1
 1114 0003 25       		.uleb128 0x25
 1115 0004 0E       		.uleb128 0xe
 1116 0005 13       		.uleb128 0x13
 1117 0006 0B       		.uleb128 0xb
 1118 0007 03       		.uleb128 0x3
 1119 0008 0E       		.uleb128 0xe
 1120 0009 1B       		.uleb128 0x1b
 1121 000a 0E       		.uleb128 0xe
 1122 000b 55       		.uleb128 0x55
 1123 000c 17       		.uleb128 0x17
 1124 000d 11       		.uleb128 0x11
 1125 000e 01       		.uleb128 0x1
 1126 000f 10       		.uleb128 0x10
 1127 0010 17       		.uleb128 0x17
 1128 0011 00       		.byte	0
 1129 0012 00       		.byte	0
 1130 0013 02       		.uleb128 0x2
 1131 0014 24       		.uleb128 0x24
 1132 0015 00       		.byte	0
 1133 0016 0B       		.uleb128 0xb
 1134 0017 0B       		.uleb128 0xb
 1135 0018 3E       		.uleb128 0x3e
 1136 0019 0B       		.uleb128 0xb
 1137 001a 03       		.uleb128 0x3
 1138 001b 08       		.uleb128 0x8
 1139 001c 00       		.byte	0
 1140 001d 00       		.byte	0
 1141 001e 03       		.uleb128 0x3
 1142 001f 24       		.uleb128 0x24
 1143 0020 00       		.byte	0
 1144 0021 0B       		.uleb128 0xb
 1145 0022 0B       		.uleb128 0xb
 1146 0023 3E       		.uleb128 0x3e
 1147 0024 0B       		.uleb128 0xb
 1148 0025 03       		.uleb128 0x3
 1149 0026 0E       		.uleb128 0xe
 1150 0027 00       		.byte	0
 1151 0028 00       		.byte	0
 1152 0029 04       		.uleb128 0x4
 1153 002a 0F       		.uleb128 0xf
 1154 002b 00       		.byte	0
 1155 002c 0B       		.uleb128 0xb
 1156 002d 0B       		.uleb128 0xb
 1157 002e 49       		.uleb128 0x49
 1158 002f 13       		.uleb128 0x13
ARM GAS  C:\Users\Intern\AppData\Local\Temp\cckrkzMe.s 			page 23


 1159 0030 00       		.byte	0
 1160 0031 00       		.byte	0
 1161 0032 05       		.uleb128 0x5
 1162 0033 16       		.uleb128 0x16
 1163 0034 00       		.byte	0
 1164 0035 03       		.uleb128 0x3
 1165 0036 0E       		.uleb128 0xe
 1166 0037 3A       		.uleb128 0x3a
 1167 0038 0B       		.uleb128 0xb
 1168 0039 3B       		.uleb128 0x3b
 1169 003a 05       		.uleb128 0x5
 1170 003b 49       		.uleb128 0x49
 1171 003c 13       		.uleb128 0x13
 1172 003d 00       		.byte	0
 1173 003e 00       		.byte	0
 1174 003f 06       		.uleb128 0x6
 1175 0040 13       		.uleb128 0x13
 1176 0041 01       		.byte	0x1
 1177 0042 0B       		.uleb128 0xb
 1178 0043 0B       		.uleb128 0xb
 1179 0044 3A       		.uleb128 0x3a
 1180 0045 0B       		.uleb128 0xb
 1181 0046 3B       		.uleb128 0x3b
 1182 0047 05       		.uleb128 0x5
 1183 0048 01       		.uleb128 0x1
 1184 0049 13       		.uleb128 0x13
 1185 004a 00       		.byte	0
 1186 004b 00       		.byte	0
 1187 004c 07       		.uleb128 0x7
 1188 004d 0D       		.uleb128 0xd
 1189 004e 00       		.byte	0
 1190 004f 03       		.uleb128 0x3
 1191 0050 0E       		.uleb128 0xe
 1192 0051 3A       		.uleb128 0x3a
 1193 0052 0B       		.uleb128 0xb
 1194 0053 3B       		.uleb128 0x3b
 1195 0054 05       		.uleb128 0x5
 1196 0055 49       		.uleb128 0x49
 1197 0056 13       		.uleb128 0x13
 1198 0057 38       		.uleb128 0x38
 1199 0058 0B       		.uleb128 0xb
 1200 0059 00       		.byte	0
 1201 005a 00       		.byte	0
 1202 005b 08       		.uleb128 0x8
 1203 005c 0D       		.uleb128 0xd
 1204 005d 00       		.byte	0
 1205 005e 03       		.uleb128 0x3
 1206 005f 08       		.uleb128 0x8
 1207 0060 3A       		.uleb128 0x3a
 1208 0061 0B       		.uleb128 0xb
 1209 0062 3B       		.uleb128 0x3b
 1210 0063 05       		.uleb128 0x5
 1211 0064 49       		.uleb128 0x49
 1212 0065 13       		.uleb128 0x13
 1213 0066 38       		.uleb128 0x38
 1214 0067 0B       		.uleb128 0xb
 1215 0068 00       		.byte	0
ARM GAS  C:\Users\Intern\AppData\Local\Temp\cckrkzMe.s 			page 24


 1216 0069 00       		.byte	0
 1217 006a 09       		.uleb128 0x9
 1218 006b 16       		.uleb128 0x16
 1219 006c 00       		.byte	0
 1220 006d 03       		.uleb128 0x3
 1221 006e 0E       		.uleb128 0xe
 1222 006f 3A       		.uleb128 0x3a
 1223 0070 0B       		.uleb128 0xb
 1224 0071 3B       		.uleb128 0x3b
 1225 0072 0B       		.uleb128 0xb
 1226 0073 49       		.uleb128 0x49
 1227 0074 13       		.uleb128 0x13
 1228 0075 00       		.byte	0
 1229 0076 00       		.byte	0
 1230 0077 0A       		.uleb128 0xa
 1231 0078 04       		.uleb128 0x4
 1232 0079 01       		.byte	0x1
 1233 007a 0B       		.uleb128 0xb
 1234 007b 0B       		.uleb128 0xb
 1235 007c 49       		.uleb128 0x49
 1236 007d 13       		.uleb128 0x13
 1237 007e 3A       		.uleb128 0x3a
 1238 007f 0B       		.uleb128 0xb
 1239 0080 3B       		.uleb128 0x3b
 1240 0081 05       		.uleb128 0x5
 1241 0082 01       		.uleb128 0x1
 1242 0083 13       		.uleb128 0x13
 1243 0084 00       		.byte	0
 1244 0085 00       		.byte	0
 1245 0086 0B       		.uleb128 0xb
 1246 0087 28       		.uleb128 0x28
 1247 0088 00       		.byte	0
 1248 0089 03       		.uleb128 0x3
 1249 008a 0E       		.uleb128 0xe
 1250 008b 1C       		.uleb128 0x1c
 1251 008c 0B       		.uleb128 0xb
 1252 008d 00       		.byte	0
 1253 008e 00       		.byte	0
 1254 008f 0C       		.uleb128 0xc
 1255 0090 2E       		.uleb128 0x2e
 1256 0091 01       		.byte	0x1
 1257 0092 3F       		.uleb128 0x3f
 1258 0093 19       		.uleb128 0x19
 1259 0094 03       		.uleb128 0x3
 1260 0095 0E       		.uleb128 0xe
 1261 0096 3A       		.uleb128 0x3a
 1262 0097 0B       		.uleb128 0xb
 1263 0098 3B       		.uleb128 0x3b
 1264 0099 0B       		.uleb128 0xb
 1265 009a 27       		.uleb128 0x27
 1266 009b 19       		.uleb128 0x19
 1267 009c 49       		.uleb128 0x49
 1268 009d 13       		.uleb128 0x13
 1269 009e 11       		.uleb128 0x11
 1270 009f 01       		.uleb128 0x1
 1271 00a0 12       		.uleb128 0x12
 1272 00a1 06       		.uleb128 0x6
ARM GAS  C:\Users\Intern\AppData\Local\Temp\cckrkzMe.s 			page 25


 1273 00a2 40       		.uleb128 0x40
 1274 00a3 18       		.uleb128 0x18
 1275 00a4 9642     		.uleb128 0x2116
 1276 00a6 19       		.uleb128 0x19
 1277 00a7 01       		.uleb128 0x1
 1278 00a8 13       		.uleb128 0x13
 1279 00a9 00       		.byte	0
 1280 00aa 00       		.byte	0
 1281 00ab 0D       		.uleb128 0xd
 1282 00ac 34       		.uleb128 0x34
 1283 00ad 00       		.byte	0
 1284 00ae 03       		.uleb128 0x3
 1285 00af 0E       		.uleb128 0xe
 1286 00b0 3A       		.uleb128 0x3a
 1287 00b1 0B       		.uleb128 0xb
 1288 00b2 3B       		.uleb128 0x3b
 1289 00b3 0B       		.uleb128 0xb
 1290 00b4 49       		.uleb128 0x49
 1291 00b5 13       		.uleb128 0x13
 1292 00b6 02       		.uleb128 0x2
 1293 00b7 17       		.uleb128 0x17
 1294 00b8 00       		.byte	0
 1295 00b9 00       		.byte	0
 1296 00ba 0E       		.uleb128 0xe
 1297 00bb 34       		.uleb128 0x34
 1298 00bc 00       		.byte	0
 1299 00bd 03       		.uleb128 0x3
 1300 00be 0E       		.uleb128 0xe
 1301 00bf 3A       		.uleb128 0x3a
 1302 00c0 0B       		.uleb128 0xb
 1303 00c1 3B       		.uleb128 0x3b
 1304 00c2 0B       		.uleb128 0xb
 1305 00c3 49       		.uleb128 0x49
 1306 00c4 13       		.uleb128 0x13
 1307 00c5 02       		.uleb128 0x2
 1308 00c6 18       		.uleb128 0x18
 1309 00c7 00       		.byte	0
 1310 00c8 00       		.byte	0
 1311 00c9 0F       		.uleb128 0xf
 1312 00ca 898201   		.uleb128 0x4109
 1313 00cd 01       		.byte	0x1
 1314 00ce 11       		.uleb128 0x11
 1315 00cf 01       		.uleb128 0x1
 1316 00d0 31       		.uleb128 0x31
 1317 00d1 13       		.uleb128 0x13
 1318 00d2 00       		.byte	0
 1319 00d3 00       		.byte	0
 1320 00d4 10       		.uleb128 0x10
 1321 00d5 8A8201   		.uleb128 0x410a
 1322 00d8 00       		.byte	0
 1323 00d9 02       		.uleb128 0x2
 1324 00da 18       		.uleb128 0x18
 1325 00db 9142     		.uleb128 0x2111
 1326 00dd 18       		.uleb128 0x18
 1327 00de 00       		.byte	0
 1328 00df 00       		.byte	0
 1329 00e0 11       		.uleb128 0x11
ARM GAS  C:\Users\Intern\AppData\Local\Temp\cckrkzMe.s 			page 26


 1330 00e1 898201   		.uleb128 0x4109
 1331 00e4 00       		.byte	0
 1332 00e5 11       		.uleb128 0x11
 1333 00e6 01       		.uleb128 0x1
 1334 00e7 31       		.uleb128 0x31
 1335 00e8 13       		.uleb128 0x13
 1336 00e9 00       		.byte	0
 1337 00ea 00       		.byte	0
 1338 00eb 12       		.uleb128 0x12
 1339 00ec 2E       		.uleb128 0x2e
 1340 00ed 01       		.byte	0x1
 1341 00ee 3F       		.uleb128 0x3f
 1342 00ef 19       		.uleb128 0x19
 1343 00f0 03       		.uleb128 0x3
 1344 00f1 0E       		.uleb128 0xe
 1345 00f2 3A       		.uleb128 0x3a
 1346 00f3 0B       		.uleb128 0xb
 1347 00f4 3B       		.uleb128 0x3b
 1348 00f5 0B       		.uleb128 0xb
 1349 00f6 27       		.uleb128 0x27
 1350 00f7 19       		.uleb128 0x19
 1351 00f8 11       		.uleb128 0x11
 1352 00f9 01       		.uleb128 0x1
 1353 00fa 12       		.uleb128 0x12
 1354 00fb 06       		.uleb128 0x6
 1355 00fc 40       		.uleb128 0x40
 1356 00fd 18       		.uleb128 0x18
 1357 00fe 9642     		.uleb128 0x2116
 1358 0100 19       		.uleb128 0x19
 1359 0101 01       		.uleb128 0x1
 1360 0102 13       		.uleb128 0x13
 1361 0103 00       		.byte	0
 1362 0104 00       		.byte	0
 1363 0105 13       		.uleb128 0x13
 1364 0106 05       		.uleb128 0x5
 1365 0107 00       		.byte	0
 1366 0108 03       		.uleb128 0x3
 1367 0109 0E       		.uleb128 0xe
 1368 010a 3A       		.uleb128 0x3a
 1369 010b 0B       		.uleb128 0xb
 1370 010c 3B       		.uleb128 0x3b
 1371 010d 0B       		.uleb128 0xb
 1372 010e 49       		.uleb128 0x49
 1373 010f 13       		.uleb128 0x13
 1374 0110 02       		.uleb128 0x2
 1375 0111 17       		.uleb128 0x17
 1376 0112 00       		.byte	0
 1377 0113 00       		.byte	0
 1378 0114 14       		.uleb128 0x14
 1379 0115 2E       		.uleb128 0x2e
 1380 0116 01       		.byte	0x1
 1381 0117 3F       		.uleb128 0x3f
 1382 0118 19       		.uleb128 0x19
 1383 0119 03       		.uleb128 0x3
 1384 011a 0E       		.uleb128 0xe
 1385 011b 3A       		.uleb128 0x3a
 1386 011c 0B       		.uleb128 0xb
ARM GAS  C:\Users\Intern\AppData\Local\Temp\cckrkzMe.s 			page 27


 1387 011d 3B       		.uleb128 0x3b
 1388 011e 0B       		.uleb128 0xb
 1389 011f 27       		.uleb128 0x27
 1390 0120 19       		.uleb128 0x19
 1391 0121 11       		.uleb128 0x11
 1392 0122 01       		.uleb128 0x1
 1393 0123 12       		.uleb128 0x12
 1394 0124 06       		.uleb128 0x6
 1395 0125 40       		.uleb128 0x40
 1396 0126 18       		.uleb128 0x18
 1397 0127 9742     		.uleb128 0x2117
 1398 0129 19       		.uleb128 0x19
 1399 012a 01       		.uleb128 0x1
 1400 012b 13       		.uleb128 0x13
 1401 012c 00       		.byte	0
 1402 012d 00       		.byte	0
 1403 012e 15       		.uleb128 0x15
 1404 012f 0B       		.uleb128 0xb
 1405 0130 01       		.byte	0x1
 1406 0131 11       		.uleb128 0x11
 1407 0132 01       		.uleb128 0x1
 1408 0133 12       		.uleb128 0x12
 1409 0134 06       		.uleb128 0x6
 1410 0135 01       		.uleb128 0x1
 1411 0136 13       		.uleb128 0x13
 1412 0137 00       		.byte	0
 1413 0138 00       		.byte	0
 1414 0139 16       		.uleb128 0x16
 1415 013a 34       		.uleb128 0x34
 1416 013b 00       		.byte	0
 1417 013c 03       		.uleb128 0x3
 1418 013d 08       		.uleb128 0x8
 1419 013e 3A       		.uleb128 0x3a
 1420 013f 0B       		.uleb128 0xb
 1421 0140 3B       		.uleb128 0x3b
 1422 0141 0B       		.uleb128 0xb
 1423 0142 49       		.uleb128 0x49
 1424 0143 13       		.uleb128 0x13
 1425 0144 02       		.uleb128 0x2
 1426 0145 17       		.uleb128 0x17
 1427 0146 00       		.byte	0
 1428 0147 00       		.byte	0
 1429 0148 17       		.uleb128 0x17
 1430 0149 01       		.uleb128 0x1
 1431 014a 01       		.byte	0x1
 1432 014b 49       		.uleb128 0x49
 1433 014c 13       		.uleb128 0x13
 1434 014d 01       		.uleb128 0x1
 1435 014e 13       		.uleb128 0x13
 1436 014f 00       		.byte	0
 1437 0150 00       		.byte	0
 1438 0151 18       		.uleb128 0x18
 1439 0152 21       		.uleb128 0x21
 1440 0153 00       		.byte	0
 1441 0154 49       		.uleb128 0x49
 1442 0155 13       		.uleb128 0x13
 1443 0156 2F       		.uleb128 0x2f
ARM GAS  C:\Users\Intern\AppData\Local\Temp\cckrkzMe.s 			page 28


 1444 0157 0B       		.uleb128 0xb
 1445 0158 00       		.byte	0
 1446 0159 00       		.byte	0
 1447 015a 19       		.uleb128 0x19
 1448 015b 2E       		.uleb128 0x2e
 1449 015c 01       		.byte	0x1
 1450 015d 3F       		.uleb128 0x3f
 1451 015e 19       		.uleb128 0x19
 1452 015f 03       		.uleb128 0x3
 1453 0160 0E       		.uleb128 0xe
 1454 0161 3A       		.uleb128 0x3a
 1455 0162 0B       		.uleb128 0xb
 1456 0163 3B       		.uleb128 0x3b
 1457 0164 0B       		.uleb128 0xb
 1458 0165 49       		.uleb128 0x49
 1459 0166 13       		.uleb128 0x13
 1460 0167 3C       		.uleb128 0x3c
 1461 0168 19       		.uleb128 0x19
 1462 0169 01       		.uleb128 0x1
 1463 016a 13       		.uleb128 0x13
 1464 016b 00       		.byte	0
 1465 016c 00       		.byte	0
 1466 016d 1A       		.uleb128 0x1a
 1467 016e 18       		.uleb128 0x18
 1468 016f 00       		.byte	0
 1469 0170 00       		.byte	0
 1470 0171 00       		.byte	0
 1471 0172 1B       		.uleb128 0x1b
 1472 0173 898201   		.uleb128 0x4109
 1473 0176 01       		.byte	0x1
 1474 0177 11       		.uleb128 0x11
 1475 0178 01       		.uleb128 0x1
 1476 0179 31       		.uleb128 0x31
 1477 017a 13       		.uleb128 0x13
 1478 017b 01       		.uleb128 0x1
 1479 017c 13       		.uleb128 0x13
 1480 017d 00       		.byte	0
 1481 017e 00       		.byte	0
 1482 017f 1C       		.uleb128 0x1c
 1483 0180 34       		.uleb128 0x34
 1484 0181 00       		.byte	0
 1485 0182 03       		.uleb128 0x3
 1486 0183 0E       		.uleb128 0xe
 1487 0184 3A       		.uleb128 0x3a
 1488 0185 0B       		.uleb128 0xb
 1489 0186 3B       		.uleb128 0x3b
 1490 0187 05       		.uleb128 0x5
 1491 0188 49       		.uleb128 0x49
 1492 0189 13       		.uleb128 0x13
 1493 018a 3F       		.uleb128 0x3f
 1494 018b 19       		.uleb128 0x19
 1495 018c 3C       		.uleb128 0x3c
 1496 018d 19       		.uleb128 0x19
 1497 018e 00       		.byte	0
 1498 018f 00       		.byte	0
 1499 0190 1D       		.uleb128 0x1d
 1500 0191 26       		.uleb128 0x26
ARM GAS  C:\Users\Intern\AppData\Local\Temp\cckrkzMe.s 			page 29


 1501 0192 00       		.byte	0
 1502 0193 49       		.uleb128 0x49
 1503 0194 13       		.uleb128 0x13
 1504 0195 00       		.byte	0
 1505 0196 00       		.byte	0
 1506 0197 1E       		.uleb128 0x1e
 1507 0198 34       		.uleb128 0x34
 1508 0199 00       		.byte	0
 1509 019a 03       		.uleb128 0x3
 1510 019b 0E       		.uleb128 0xe
 1511 019c 3A       		.uleb128 0x3a
 1512 019d 0B       		.uleb128 0xb
 1513 019e 3B       		.uleb128 0x3b
 1514 019f 0B       		.uleb128 0xb
 1515 01a0 49       		.uleb128 0x49
 1516 01a1 13       		.uleb128 0x13
 1517 01a2 3F       		.uleb128 0x3f
 1518 01a3 19       		.uleb128 0x19
 1519 01a4 3C       		.uleb128 0x3c
 1520 01a5 19       		.uleb128 0x19
 1521 01a6 00       		.byte	0
 1522 01a7 00       		.byte	0
 1523 01a8 1F       		.uleb128 0x1f
 1524 01a9 2E       		.uleb128 0x2e
 1525 01aa 00       		.byte	0
 1526 01ab 3F       		.uleb128 0x3f
 1527 01ac 19       		.uleb128 0x19
 1528 01ad 3C       		.uleb128 0x3c
 1529 01ae 19       		.uleb128 0x19
 1530 01af 6E       		.uleb128 0x6e
 1531 01b0 0E       		.uleb128 0xe
 1532 01b1 03       		.uleb128 0x3
 1533 01b2 0E       		.uleb128 0xe
 1534 01b3 3A       		.uleb128 0x3a
 1535 01b4 0B       		.uleb128 0xb
 1536 01b5 3B       		.uleb128 0x3b
 1537 01b6 0B       		.uleb128 0xb
 1538 01b7 00       		.byte	0
 1539 01b8 00       		.byte	0
 1540 01b9 20       		.uleb128 0x20
 1541 01ba 2E       		.uleb128 0x2e
 1542 01bb 00       		.byte	0
 1543 01bc 3F       		.uleb128 0x3f
 1544 01bd 19       		.uleb128 0x19
 1545 01be 3C       		.uleb128 0x3c
 1546 01bf 19       		.uleb128 0x19
 1547 01c0 6E       		.uleb128 0x6e
 1548 01c1 0E       		.uleb128 0xe
 1549 01c2 03       		.uleb128 0x3
 1550 01c3 0E       		.uleb128 0xe
 1551 01c4 00       		.byte	0
 1552 01c5 00       		.byte	0
 1553 01c6 21       		.uleb128 0x21
 1554 01c7 2E       		.uleb128 0x2e
 1555 01c8 00       		.byte	0
 1556 01c9 3F       		.uleb128 0x3f
 1557 01ca 19       		.uleb128 0x19
ARM GAS  C:\Users\Intern\AppData\Local\Temp\cckrkzMe.s 			page 30


 1558 01cb 3C       		.uleb128 0x3c
 1559 01cc 19       		.uleb128 0x19
 1560 01cd 6E       		.uleb128 0x6e
 1561 01ce 0E       		.uleb128 0xe
 1562 01cf 03       		.uleb128 0x3
 1563 01d0 0E       		.uleb128 0xe
 1564 01d1 3A       		.uleb128 0x3a
 1565 01d2 0B       		.uleb128 0xb
 1566 01d3 3B       		.uleb128 0x3b
 1567 01d4 05       		.uleb128 0x5
 1568 01d5 00       		.byte	0
 1569 01d6 00       		.byte	0
 1570 01d7 00       		.byte	0
 1571              		.section	.debug_loc,"",%progbits
 1572              	.Ldebug_loc0:
 1573              	.LLST0:
 1574 0000 0C000000 		.4byte	.LVL1
 1575 0004 13000000 		.4byte	.LVL2-1
 1576 0008 0100     		.2byte	0x1
 1577 000a 50       		.byte	0x50
 1578 000b 00000000 		.4byte	0
 1579 000f 00000000 		.4byte	0
 1580              	.LLST1:
 1581 0013 06000000 		.4byte	.LVL4
 1582 0017 0D000000 		.4byte	.LVL5-1
 1583 001b 0100     		.2byte	0x1
 1584 001d 50       		.byte	0x50
 1585 001e 00000000 		.4byte	0
 1586 0022 00000000 		.4byte	0
 1587              	.LLST2:
 1588 0026 0E000000 		.4byte	.LVL5
 1589 002a 15000000 		.4byte	.LVL6-1
 1590 002e 0100     		.2byte	0x1
 1591 0030 50       		.byte	0x50
 1592 0031 00000000 		.4byte	0
 1593 0035 00000000 		.4byte	0
 1594              	.LLST3:
 1595 0039 16000000 		.4byte	.LVL6
 1596 003d 1B000000 		.4byte	.LVL7-1
 1597 0041 0100     		.2byte	0x1
 1598 0043 50       		.byte	0x50
 1599 0044 00000000 		.4byte	0
 1600 0048 00000000 		.4byte	0
 1601              	.LLST4:
 1602 004c 06000000 		.4byte	.LVL8
 1603 0050 0B000000 		.4byte	.LVL9-1
 1604 0054 0100     		.2byte	0x1
 1605 0056 50       		.byte	0x50
 1606 0057 00000000 		.4byte	0
 1607 005b 00000000 		.4byte	0
 1608              	.LLST5:
 1609 005f 00000000 		.4byte	.LVL10
 1610 0063 07000000 		.4byte	.LVL11-1
 1611 0067 0100     		.2byte	0x1
 1612 0069 50       		.byte	0x50
 1613 006a 07000000 		.4byte	.LVL11-1
 1614 006e 18000000 		.4byte	.LVL14
ARM GAS  C:\Users\Intern\AppData\Local\Temp\cckrkzMe.s 			page 31


 1615 0072 0100     		.2byte	0x1
 1616 0074 54       		.byte	0x54
 1617 0075 18000000 		.4byte	.LVL14
 1618 0079 20000000 		.4byte	.LFE66
 1619 007d 0400     		.2byte	0x4
 1620 007f F3       		.byte	0xf3
 1621 0080 01       		.uleb128 0x1
 1622 0081 50       		.byte	0x50
 1623 0082 9F       		.byte	0x9f
 1624 0083 00000000 		.4byte	0
 1625 0087 00000000 		.4byte	0
 1626              	.LLST6:
 1627 008b 08000000 		.4byte	.LVL11
 1628 008f 0B000000 		.4byte	.LVL12-1
 1629 0093 0100     		.2byte	0x1
 1630 0095 50       		.byte	0x50
 1631 0096 00000000 		.4byte	0
 1632 009a 00000000 		.4byte	0
 1633              	.LLST7:
 1634 009e 00000000 		.4byte	.LVL15
 1635 00a2 08000000 		.4byte	.LVL16
 1636 00a6 0100     		.2byte	0x1
 1637 00a8 50       		.byte	0x50
 1638 00a9 08000000 		.4byte	.LVL16
 1639 00ad 26000000 		.4byte	.LVL23
 1640 00b1 0100     		.2byte	0x1
 1641 00b3 55       		.byte	0x55
 1642 00b4 26000000 		.4byte	.LVL23
 1643 00b8 28000000 		.4byte	.LFE67
 1644 00bc 0400     		.2byte	0x4
 1645 00be F3       		.byte	0xf3
 1646 00bf 01       		.uleb128 0x1
 1647 00c0 50       		.byte	0x50
 1648 00c1 9F       		.byte	0x9f
 1649 00c2 00000000 		.4byte	0
 1650 00c6 00000000 		.4byte	0
 1651              	.LLST8:
 1652 00ca 0C000000 		.4byte	.LVL17
 1653 00ce 10000000 		.4byte	.LVL18
 1654 00d2 0200     		.2byte	0x2
 1655 00d4 30       		.byte	0x30
 1656 00d5 9F       		.byte	0x9f
 1657 00d6 10000000 		.4byte	.LVL18
 1658 00da 18000000 		.4byte	.LVL19
 1659 00de 0100     		.2byte	0x1
 1660 00e0 54       		.byte	0x54
 1661 00e1 1A000000 		.4byte	.LVL20
 1662 00e5 26000000 		.4byte	.LVL22
 1663 00e9 0100     		.2byte	0x1
 1664 00eb 54       		.byte	0x54
 1665 00ec 00000000 		.4byte	0
 1666 00f0 00000000 		.4byte	0
 1667              	.LLST9:
 1668 00f4 14000000 		.4byte	.LVL25
 1669 00f8 18000000 		.4byte	.LVL26
 1670 00fc 0200     		.2byte	0x2
 1671 00fe 31       		.byte	0x31
ARM GAS  C:\Users\Intern\AppData\Local\Temp\cckrkzMe.s 			page 32


 1672 00ff 9F       		.byte	0x9f
 1673 0100 18000000 		.4byte	.LVL26
 1674 0104 30000000 		.4byte	.LVL29
 1675 0108 0100     		.2byte	0x1
 1676 010a 54       		.byte	0x54
 1677 010b 00000000 		.4byte	0
 1678 010f 00000000 		.4byte	0
 1679              	.LLST10:
 1680 0113 32000000 		.4byte	.LVL30
 1681 0117 48000000 		.4byte	.LVL34
 1682 011b 0100     		.2byte	0x1
 1683 011d 54       		.byte	0x54
 1684 011e 00000000 		.4byte	0
 1685 0122 00000000 		.4byte	0
 1686              		.section	.debug_aranges,"",%progbits
 1687 0000 4C000000 		.4byte	0x4c
 1688 0004 0200     		.2byte	0x2
 1689 0006 00000000 		.4byte	.Ldebug_info0
 1690 000a 04       		.byte	0x4
 1691 000b 00       		.byte	0
 1692 000c 0000     		.2byte	0
 1693 000e 0000     		.2byte	0
 1694 0010 00000000 		.4byte	.LFB63
 1695 0014 24000000 		.4byte	.LFE63-.LFB63
 1696 0018 00000000 		.4byte	.LFB64
 1697 001c 2C000000 		.4byte	.LFE64-.LFB64
 1698 0020 00000000 		.4byte	.LFB65
 1699 0024 14000000 		.4byte	.LFE65-.LFB65
 1700 0028 00000000 		.4byte	.LFB66
 1701 002c 20000000 		.4byte	.LFE66-.LFB66
 1702 0030 00000000 		.4byte	.LFB67
 1703 0034 28000000 		.4byte	.LFE67-.LFB67
 1704 0038 00000000 		.4byte	.LFB68
 1705 003c 4A000000 		.4byte	.LFE68-.LFB68
 1706 0040 00000000 		.4byte	.LFB69
 1707 0044 64000000 		.4byte	.LFE69-.LFB69
 1708 0048 00000000 		.4byte	0
 1709 004c 00000000 		.4byte	0
 1710              		.section	.debug_ranges,"",%progbits
 1711              	.Ldebug_ranges0:
 1712 0000 00000000 		.4byte	.LFB63
 1713 0004 24000000 		.4byte	.LFE63
 1714 0008 00000000 		.4byte	.LFB64
 1715 000c 2C000000 		.4byte	.LFE64
 1716 0010 00000000 		.4byte	.LFB65
 1717 0014 14000000 		.4byte	.LFE65
 1718 0018 00000000 		.4byte	.LFB66
 1719 001c 20000000 		.4byte	.LFE66
 1720 0020 00000000 		.4byte	.LFB67
 1721 0024 28000000 		.4byte	.LFE67
 1722 0028 00000000 		.4byte	.LFB68
 1723 002c 4A000000 		.4byte	.LFE68
 1724 0030 00000000 		.4byte	.LFB69
 1725 0034 64000000 		.4byte	.LFE69
 1726 0038 00000000 		.4byte	0
 1727 003c 00000000 		.4byte	0
 1728              		.section	.debug_line,"",%progbits
ARM GAS  C:\Users\Intern\AppData\Local\Temp\cckrkzMe.s 			page 33


 1729              	.Ldebug_line0:
 1730 0000 F2010000 		.section	.debug_str,"MS",%progbits,1
 1730      02002A01 
 1730      00000201 
 1730      FB0E0D00 
 1730      01010101 
 1731              	.LASF5:
 1732 0000 73686F72 		.ascii	"short int\000"
 1732      7420696E 
 1732      7400
 1733              	.LASF10:
 1734 000a 73697A65 		.ascii	"sizetype\000"
 1734      74797065 
 1734      00
 1735              	.LASF58:
 1736 0013 7374726C 		.ascii	"strlen\000"
 1736      656E00
 1737              	.LASF60:
 1738 001a 4379426C 		.ascii	"CyBle_GattsWriteAttributeValue\000"
 1738      655F4761 
 1738      74747357 
 1738      72697465 
 1738      41747472 
 1739              	.LASF51:
 1740 0039 5254435F 		.ascii	"RTC_daysBeforeMonthTbl\000"
 1740      64617973 
 1740      4265666F 
 1740      72654D6F 
 1740      6E746854 
 1741              	.LASF2:
 1742 0050 6C6F6E67 		.ascii	"long double\000"
 1742      20646F75 
 1742      626C6500 
 1743              	.LASF26:
 1744 005c 4359424C 		.ascii	"CYBLE_STATE_STOPPED\000"
 1744      455F5354 
 1744      4154455F 
 1744      53544F50 
 1744      50454400 
 1745              	.LASF28:
 1746 0070 4359424C 		.ascii	"CYBLE_STATE_CONNECTED\000"
 1746      455F5354 
 1746      4154455F 
 1746      434F4E4E 
 1746      45435445 
 1747              	.LASF22:
 1748 0086 76616C75 		.ascii	"value\000"
 1748      6500
 1749              	.LASF13:
 1750 008c 75696E74 		.ascii	"uint16\000"
 1750      313600
 1751              	.LASF62:
 1752 0093 474E5520 		.ascii	"GNU C11 5.4.1 20160609 (release) [ARM/embedded-5-br"
 1752      43313120 
 1752      352E342E 
 1752      31203230 
 1752      31363036 
ARM GAS  C:\Users\Intern\AppData\Local\Temp\cckrkzMe.s 			page 34


 1753 00c6 616E6368 		.ascii	"anch revision 237715] -mcpu=cortex-m0 -mthumb -g -O"
 1753      20726576 
 1753      6973696F 
 1753      6E203233 
 1753      37373135 
 1754 00f9 67202D66 		.ascii	"g -ffunction-sections -ffat-lto-objects\000"
 1754      66756E63 
 1754      74696F6E 
 1754      2D736563 
 1754      74696F6E 
 1755              	.LASF59:
 1756 0121 55415254 		.ascii	"UART_UartPutChar\000"
 1756      5F556172 
 1756      74507574 
 1756      43686172 
 1756      00
 1757              	.LASF40:
 1758 0132 696E6465 		.ascii	"index\000"
 1758      7800
 1759              	.LASF12:
 1760 0138 75696E74 		.ascii	"uint8\000"
 1760      3800
 1761              	.LASF47:
 1762 013e 75706461 		.ascii	"update_UV\000"
 1762      74655F55 
 1762      5600
 1763              	.LASF50:
 1764 0148 6379426C 		.ascii	"cyBle_connHandle\000"
 1764      655F636F 
 1764      6E6E4861 
 1764      6E646C65 
 1764      00
 1765              	.LASF17:
 1766 0159 62644861 		.ascii	"bdHandle\000"
 1766      6E646C65 
 1766      00
 1767              	.LASF14:
 1768 0162 666C6F61 		.ascii	"float\000"
 1768      7400
 1769              	.LASF1:
 1770 0168 6C6F6E67 		.ascii	"long long int\000"
 1770      206C6F6E 
 1770      6720696E 
 1770      7400
 1771              	.LASF25:
 1772 0176 4359424C 		.ascii	"CYBLE_GATTS_HANDLE_VALUE_NTF_T\000"
 1772      455F4741 
 1772      5454535F 
 1772      48414E44 
 1772      4C455F56 
 1773              	.LASF32:
 1774 0195 6164635F 		.ascii	"adc_counts_float\000"
 1774      636F756E 
 1774      74735F66 
 1774      6C6F6174 
 1774      00
 1775              	.LASF7:
ARM GAS  C:\Users\Intern\AppData\Local\Temp\cckrkzMe.s 			page 35


 1776 01a6 6C6F6E67 		.ascii	"long int\000"
 1776      20696E74 
 1776      00
 1777              	.LASF42:
 1778 01af 75765F67 		.ascii	"uv_get_uint8\000"
 1778      65745F75 
 1778      696E7438 
 1778      00
 1779              	.LASF55:
 1780 01bc 75765F50 		.ascii	"uv_Power_Notify\000"
 1780      6F776572 
 1780      5F4E6F74 
 1780      69667900 
 1781              	.LASF38:
 1782 01cc 75765F70 		.ascii	"uv_pd\000"
 1782      6400
 1783              	.LASF57:
 1784 01d2 73707269 		.ascii	"sprintf\000"
 1784      6E746600 
 1785              	.LASF4:
 1786 01da 756E7369 		.ascii	"unsigned char\000"
 1786      676E6564 
 1786      20636861 
 1786      7200
 1787              	.LASF52:
 1788 01e8 7664645F 		.ascii	"vdd_calibration\000"
 1788      63616C69 
 1788      62726174 
 1788      696F6E00 
 1789              	.LASF35:
 1790 01f8 75765F67 		.ascii	"uv_get_pd\000"
 1790      65745F70 
 1790      6400
 1791              	.LASF49:
 1792 0202 6379426C 		.ascii	"cyBle_state\000"
 1792      655F7374 
 1792      61746500 
 1793              	.LASF46:
 1794 020e 75765F75 		.ascii	"uv_uart_string\000"
 1794      6172745F 
 1794      73747269 
 1794      6E6700
 1795              	.LASF63:
 1796 021d 75762E63 		.ascii	"uv.c\000"
 1796      00
 1797              	.LASF3:
 1798 0222 7369676E 		.ascii	"signed char\000"
 1798      65642063 
 1798      68617200 
 1799              	.LASF9:
 1800 022e 6C6F6E67 		.ascii	"long long unsigned int\000"
 1800      206C6F6E 
 1800      6720756E 
 1800      7369676E 
 1800      65642069 
 1801              	.LASF43:
 1802 0245 75765F70 		.ascii	"uv_pd_string\000"
ARM GAS  C:\Users\Intern\AppData\Local\Temp\cckrkzMe.s 			page 36


 1802      645F7374 
 1802      72696E67 
 1802      00
 1803              	.LASF0:
 1804 0252 756E7369 		.ascii	"unsigned int\000"
 1804      676E6564 
 1804      20696E74 
 1804      00
 1805              	.LASF64:
 1806 025f 433A5C55 		.ascii	"C:\\Users\\Intern\\Documents\\GitHub\\UV-Sticker\\P"
 1806      73657273 
 1806      5C496E74 
 1806      65726E5C 
 1806      446F6375 
 1807 028c 736F635C 		.ascii	"soc\\UV-Project\\UV-SG-TEMP.cydsn\000"
 1807      55562D50 
 1807      726F6A65 
 1807      63745C55 
 1807      562D5347 
 1808              	.LASF30:
 1809 02ac 4359424C 		.ascii	"CYBLE_STATE_DISCONNECTED\000"
 1809      455F5354 
 1809      4154455F 
 1809      44495343 
 1809      4F4E4E45 
 1810              	.LASF31:
 1811 02c5 4359424C 		.ascii	"CYBLE_STATE_T\000"
 1811      455F5354 
 1811      4154455F 
 1811      5400
 1812              	.LASF54:
 1813 02d3 75765F72 		.ascii	"uv_respons\000"
 1813      6573706F 
 1813      6E7300
 1814              	.LASF6:
 1815 02de 73686F72 		.ascii	"short unsigned int\000"
 1815      7420756E 
 1815      7369676E 
 1815      65642069 
 1815      6E7400
 1816              	.LASF11:
 1817 02f1 63686172 		.ascii	"char\000"
 1817      00
 1818              	.LASF21:
 1819 02f6 4359424C 		.ascii	"CYBLE_GATT_VALUE_T\000"
 1819      455F4741 
 1819      54545F56 
 1819      414C5545 
 1819      5F5400
 1820              	.LASF27:
 1821 0309 4359424C 		.ascii	"CYBLE_STATE_INITIALIZING\000"
 1821      455F5354 
 1821      4154455F 
 1821      494E4954 
 1821      49414C49 
 1822              	.LASF34:
 1823 0322 75765F6D 		.ascii	"uv_measure\000"
ARM GAS  C:\Users\Intern\AppData\Local\Temp\cckrkzMe.s 			page 37


 1823      65617375 
 1823      726500
 1824              	.LASF33:
 1825 032d 6D696C6C 		.ascii	"milli_volts\000"
 1825      695F766F 
 1825      6C747300 
 1826              	.LASF37:
 1827 0339 75765F63 		.ascii	"uv_current\000"
 1827      75727265 
 1827      6E7400
 1828              	.LASF48:
 1829 0344 74656D70 		.ascii	"tempHandle\000"
 1829      48616E64 
 1829      6C6500
 1830              	.LASF36:
 1831 034f 75765F6D 		.ascii	"uv_mv\000"
 1831      7600
 1832              	.LASF29:
 1833 0355 4359424C 		.ascii	"CYBLE_STATE_ADVERTISING\000"
 1833      455F5354 
 1833      4154455F 
 1833      41445645 
 1833      52544953 
 1834              	.LASF16:
 1835 036d 4359424C 		.ascii	"CYBLE_GATT_DB_ATTR_HANDLE_T\000"
 1835      455F4741 
 1835      54545F44 
 1835      425F4154 
 1835      54525F48 
 1836              	.LASF8:
 1837 0389 6C6F6E67 		.ascii	"long unsigned int\000"
 1837      20756E73 
 1837      69676E65 
 1837      6420696E 
 1837      7400
 1838              	.LASF23:
 1839 039b 61747472 		.ascii	"attrHandle\000"
 1839      48616E64 
 1839      6C6500
 1840              	.LASF15:
 1841 03a6 646F7562 		.ascii	"double\000"
 1841      6C6500
 1842              	.LASF41:
 1843 03ad 75765F67 		.ascii	"uv_get_pd_string\000"
 1843      65745F70 
 1843      645F7374 
 1843      72696E67 
 1843      00
 1844              	.LASF19:
 1845 03be 4359424C 		.ascii	"CYBLE_CONN_HANDLE_T\000"
 1845      455F434F 
 1845      4E4E5F48 
 1845      414E444C 
 1845      455F5400 
 1846              	.LASF24:
 1847 03d2 4359424C 		.ascii	"CYBLE_GATT_HANDLE_VALUE_PAIR_T\000"
 1847      455F4741 
ARM GAS  C:\Users\Intern\AppData\Local\Temp\cckrkzMe.s 			page 38


 1847      54545F48 
 1847      414E444C 
 1847      455F5641 
 1848              	.LASF65:
 1849 03f1 6D656D73 		.ascii	"memset\000"
 1849      657400
 1850              	.LASF20:
 1851 03f8 61637475 		.ascii	"actualLen\000"
 1851      616C4C65 
 1851      6E00
 1852              	.LASF61:
 1853 0402 4379426C 		.ascii	"CyBle_GattsNotification\000"
 1853      655F4761 
 1853      7474734E 
 1853      6F746966 
 1853      69636174 
 1854              	.LASF53:
 1855 041a 75765F67 		.ascii	"uv_gain\000"
 1855      61696E00 
 1856              	.LASF39:
 1857 0422 75765F67 		.ascii	"uv_get_index\000"
 1857      65745F69 
 1857      6E646578 
 1857      00
 1858              	.LASF44:
 1859 042f 75765F75 		.ascii	"uv_uint8\000"
 1859      696E7438 
 1859      00
 1860              	.LASF45:
 1861 0438 75765F75 		.ascii	"uv_uart\000"
 1861      61727400 
 1862              	.LASF56:
 1863 0440 6164635F 		.ascii	"adc_acquire_channel\000"
 1863      61637175 
 1863      6972655F 
 1863      6368616E 
 1863      6E656C00 
 1864              	.LASF18:
 1865 0454 61747449 		.ascii	"attId\000"
 1865      6400
 1866              		.ident	"GCC: (GNU Tools for ARM Embedded Processors) 5.4.1 20160609 (release) [ARM/embedded-5-bran
