ARM GAS  C:\Users\Intern\AppData\Local\Temp\ccbbKiKJ.s 			page 1


   1              		.syntax unified
   2              		.cpu cortex-m0
   3              		.fpu softvfp
   4              		.eabi_attribute 20, 1
   5              		.eabi_attribute 21, 1
   6              		.eabi_attribute 23, 3
   7              		.eabi_attribute 24, 1
   8              		.eabi_attribute 25, 1
   9              		.eabi_attribute 26, 1
  10              		.eabi_attribute 30, 6
  11              		.eabi_attribute 34, 0
  12              		.eabi_attribute 18, 4
  13              		.thumb
  14              		.syntax unified
  15              		.file	"cyfitter_cfg.c"
  16              		.text
  17              	.Ltext0:
  18              		.cfi_sections	.debug_frame
  19              		.section	.text.CYMEMZERO,"ax",%progbits
  20              		.align	2
  21              		.code	16
  22              		.thumb_func
  23              		.type	CYMEMZERO, %function
  24              	CYMEMZERO:
  25              	.LFB2:
  26              		.file 1 "Generated_Source\\PSoC4\\cyfitter_cfg.c"
   1:Generated_Source\PSoC4/cyfitter_cfg.c **** 
   2:Generated_Source\PSoC4/cyfitter_cfg.c **** /*******************************************************************************
   3:Generated_Source\PSoC4/cyfitter_cfg.c **** * File Name: cyfitter_cfg.c
   4:Generated_Source\PSoC4/cyfitter_cfg.c **** * 
   5:Generated_Source\PSoC4/cyfitter_cfg.c **** * PSoC Creator  4.2
   6:Generated_Source\PSoC4/cyfitter_cfg.c **** *
   7:Generated_Source\PSoC4/cyfitter_cfg.c **** * Description:
   8:Generated_Source\PSoC4/cyfitter_cfg.c **** * This file contains device initialization code.
   9:Generated_Source\PSoC4/cyfitter_cfg.c **** * Except for the user defined sections in CyClockStartupError(), this file should not be modified.
  10:Generated_Source\PSoC4/cyfitter_cfg.c **** * This file is automatically generated by PSoC Creator.
  11:Generated_Source\PSoC4/cyfitter_cfg.c **** *
  12:Generated_Source\PSoC4/cyfitter_cfg.c **** ********************************************************************************
  13:Generated_Source\PSoC4/cyfitter_cfg.c **** * Copyright (c) 2007-2018 Cypress Semiconductor.  All rights reserved.
  14:Generated_Source\PSoC4/cyfitter_cfg.c **** * You may use this file only in accordance with the license, terms, conditions, 
  15:Generated_Source\PSoC4/cyfitter_cfg.c **** * disclaimers, and limitations in the end user license agreement accompanying 
  16:Generated_Source\PSoC4/cyfitter_cfg.c **** * the software package with which this file was provided.
  17:Generated_Source\PSoC4/cyfitter_cfg.c **** ********************************************************************************/
  18:Generated_Source\PSoC4/cyfitter_cfg.c **** 
  19:Generated_Source\PSoC4/cyfitter_cfg.c **** #include <string.h>
  20:Generated_Source\PSoC4/cyfitter_cfg.c **** #include "cytypes.h"
  21:Generated_Source\PSoC4/cyfitter_cfg.c **** #include "cydevice_trm.h"
  22:Generated_Source\PSoC4/cyfitter_cfg.c **** #include "cyfitter.h"
  23:Generated_Source\PSoC4/cyfitter_cfg.c **** #include "CyLib.h"
  24:Generated_Source\PSoC4/cyfitter_cfg.c **** #include "CyLFClk.h"
  25:Generated_Source\PSoC4/cyfitter_cfg.c **** #include "cyfitter_cfg.h"
  26:Generated_Source\PSoC4/cyfitter_cfg.c **** #include "cyapicallbacks.h"
  27:Generated_Source\PSoC4/cyfitter_cfg.c **** 
  28:Generated_Source\PSoC4/cyfitter_cfg.c **** 
  29:Generated_Source\PSoC4/cyfitter_cfg.c **** #if defined(__GNUC__) || defined(__ARMCC_VERSION)
  30:Generated_Source\PSoC4/cyfitter_cfg.c ****     #define CYPACKED 
  31:Generated_Source\PSoC4/cyfitter_cfg.c ****     #define CYPACKED_ATTR __attribute__ ((packed))
ARM GAS  C:\Users\Intern\AppData\Local\Temp\ccbbKiKJ.s 			page 2


  32:Generated_Source\PSoC4/cyfitter_cfg.c ****     #define CYALIGNED __attribute__ ((aligned))
  33:Generated_Source\PSoC4/cyfitter_cfg.c ****     #define CY_CFG_UNUSED __attribute__ ((unused))
  34:Generated_Source\PSoC4/cyfitter_cfg.c ****     #ifndef CY_CFG_SECTION
  35:Generated_Source\PSoC4/cyfitter_cfg.c ****         #define CY_CFG_SECTION __attribute__ ((section(".psocinit")))
  36:Generated_Source\PSoC4/cyfitter_cfg.c ****     #endif
  37:Generated_Source\PSoC4/cyfitter_cfg.c ****     
  38:Generated_Source\PSoC4/cyfitter_cfg.c ****     #if defined(__ARMCC_VERSION)
  39:Generated_Source\PSoC4/cyfitter_cfg.c ****         #define CY_CFG_MEMORY_BARRIER() __memory_changed()
  40:Generated_Source\PSoC4/cyfitter_cfg.c ****     #else
  41:Generated_Source\PSoC4/cyfitter_cfg.c ****         #define CY_CFG_MEMORY_BARRIER() __sync_synchronize()
  42:Generated_Source\PSoC4/cyfitter_cfg.c ****     #endif
  43:Generated_Source\PSoC4/cyfitter_cfg.c ****     
  44:Generated_Source\PSoC4/cyfitter_cfg.c **** #elif defined(__ICCARM__)
  45:Generated_Source\PSoC4/cyfitter_cfg.c ****     #include <intrinsics.h>
  46:Generated_Source\PSoC4/cyfitter_cfg.c **** 
  47:Generated_Source\PSoC4/cyfitter_cfg.c ****     #define CYPACKED __packed
  48:Generated_Source\PSoC4/cyfitter_cfg.c ****     #define CYPACKED_ATTR 
  49:Generated_Source\PSoC4/cyfitter_cfg.c ****     #define CYALIGNED _Pragma("data_alignment=4")
  50:Generated_Source\PSoC4/cyfitter_cfg.c ****     #define CY_CFG_UNUSED _Pragma("diag_suppress=Pe177")
  51:Generated_Source\PSoC4/cyfitter_cfg.c ****     #define CY_CFG_SECTION _Pragma("location=\".psocinit\"")
  52:Generated_Source\PSoC4/cyfitter_cfg.c ****     
  53:Generated_Source\PSoC4/cyfitter_cfg.c ****     #define CY_CFG_MEMORY_BARRIER() __DMB()
  54:Generated_Source\PSoC4/cyfitter_cfg.c ****     
  55:Generated_Source\PSoC4/cyfitter_cfg.c **** #else
  56:Generated_Source\PSoC4/cyfitter_cfg.c ****     #error Unsupported toolchain
  57:Generated_Source\PSoC4/cyfitter_cfg.c **** #endif
  58:Generated_Source\PSoC4/cyfitter_cfg.c **** 
  59:Generated_Source\PSoC4/cyfitter_cfg.c **** #ifndef CYCODE
  60:Generated_Source\PSoC4/cyfitter_cfg.c ****     #define CYCODE
  61:Generated_Source\PSoC4/cyfitter_cfg.c **** #endif
  62:Generated_Source\PSoC4/cyfitter_cfg.c **** #ifndef CYDATA
  63:Generated_Source\PSoC4/cyfitter_cfg.c ****     #define CYDATA
  64:Generated_Source\PSoC4/cyfitter_cfg.c **** #endif
  65:Generated_Source\PSoC4/cyfitter_cfg.c **** #ifndef CYFAR
  66:Generated_Source\PSoC4/cyfitter_cfg.c ****     #define CYFAR
  67:Generated_Source\PSoC4/cyfitter_cfg.c **** #endif
  68:Generated_Source\PSoC4/cyfitter_cfg.c **** #ifndef CYXDATA
  69:Generated_Source\PSoC4/cyfitter_cfg.c ****     #define CYXDATA
  70:Generated_Source\PSoC4/cyfitter_cfg.c **** #endif
  71:Generated_Source\PSoC4/cyfitter_cfg.c **** 
  72:Generated_Source\PSoC4/cyfitter_cfg.c **** 
  73:Generated_Source\PSoC4/cyfitter_cfg.c **** CY_CFG_UNUSED
  74:Generated_Source\PSoC4/cyfitter_cfg.c **** static void CYMEMZERO(void *s, size_t n);
  75:Generated_Source\PSoC4/cyfitter_cfg.c **** CY_CFG_UNUSED
  76:Generated_Source\PSoC4/cyfitter_cfg.c **** static void CYMEMZERO(void *s, size_t n)
  77:Generated_Source\PSoC4/cyfitter_cfg.c **** {
  27              		.loc 1 77 0
  28              		.cfi_startproc
  29              		@ args = 0, pretend = 0, frame = 8
  30              		@ frame_needed = 1, uses_anonymous_args = 0
  31 0000 80B5     		push	{r7, lr}
  32              		.cfi_def_cfa_offset 8
  33              		.cfi_offset 7, -8
  34              		.cfi_offset 14, -4
  35 0002 82B0     		sub	sp, sp, #8
  36              		.cfi_def_cfa_offset 16
  37 0004 00AF     		add	r7, sp, #0
ARM GAS  C:\Users\Intern\AppData\Local\Temp\ccbbKiKJ.s 			page 3


  38              		.cfi_def_cfa_register 7
  39 0006 7860     		str	r0, [r7, #4]
  40 0008 3960     		str	r1, [r7]
  78:Generated_Source\PSoC4/cyfitter_cfg.c **** 	(void)memset(s, 0, n);
  41              		.loc 1 78 0
  42 000a 3A68     		ldr	r2, [r7]
  43 000c 7B68     		ldr	r3, [r7, #4]
  44 000e 0021     		movs	r1, #0
  45 0010 1800     		movs	r0, r3
  46 0012 FFF7FEFF 		bl	memset
  79:Generated_Source\PSoC4/cyfitter_cfg.c **** }
  47              		.loc 1 79 0
  48 0016 C046     		nop
  49 0018 BD46     		mov	sp, r7
  50 001a 02B0     		add	sp, sp, #8
  51              		@ sp needed
  52 001c 80BD     		pop	{r7, pc}
  53              		.cfi_endproc
  54              	.LFE2:
  55              		.size	CYMEMZERO, .-CYMEMZERO
  56 001e C046     		.section	.text.CYCONFIGCPY,"ax",%progbits
  57              		.align	2
  58              		.code	16
  59              		.thumb_func
  60              		.type	CYCONFIGCPY, %function
  61              	CYCONFIGCPY:
  62              	.LFB3:
  80:Generated_Source\PSoC4/cyfitter_cfg.c **** CY_CFG_UNUSED
  81:Generated_Source\PSoC4/cyfitter_cfg.c **** static void CYCONFIGCPY(void *dest, const void *src, size_t n);
  82:Generated_Source\PSoC4/cyfitter_cfg.c **** CY_CFG_UNUSED
  83:Generated_Source\PSoC4/cyfitter_cfg.c **** static void CYCONFIGCPY(void *dest, const void *src, size_t n)
  84:Generated_Source\PSoC4/cyfitter_cfg.c **** {
  63              		.loc 1 84 0
  64              		.cfi_startproc
  65              		@ args = 0, pretend = 0, frame = 16
  66              		@ frame_needed = 1, uses_anonymous_args = 0
  67 0000 80B5     		push	{r7, lr}
  68              		.cfi_def_cfa_offset 8
  69              		.cfi_offset 7, -8
  70              		.cfi_offset 14, -4
  71 0002 84B0     		sub	sp, sp, #16
  72              		.cfi_def_cfa_offset 24
  73 0004 00AF     		add	r7, sp, #0
  74              		.cfi_def_cfa_register 7
  75 0006 F860     		str	r0, [r7, #12]
  76 0008 B960     		str	r1, [r7, #8]
  77 000a 7A60     		str	r2, [r7, #4]
  85:Generated_Source\PSoC4/cyfitter_cfg.c **** 	(void)memcpy(dest, src, n);
  78              		.loc 1 85 0
  79 000c 7A68     		ldr	r2, [r7, #4]
  80 000e B968     		ldr	r1, [r7, #8]
  81 0010 FB68     		ldr	r3, [r7, #12]
  82 0012 1800     		movs	r0, r3
  83 0014 FFF7FEFF 		bl	memcpy
  86:Generated_Source\PSoC4/cyfitter_cfg.c **** }
  84              		.loc 1 86 0
  85 0018 C046     		nop
ARM GAS  C:\Users\Intern\AppData\Local\Temp\ccbbKiKJ.s 			page 4


  86 001a BD46     		mov	sp, r7
  87 001c 04B0     		add	sp, sp, #16
  88              		@ sp needed
  89 001e 80BD     		pop	{r7, pc}
  90              		.cfi_endproc
  91              	.LFE3:
  92              		.size	CYCONFIGCPY, .-CYCONFIGCPY
  93              		.section	.text.CYCONFIGCPYCODE,"ax",%progbits
  94              		.align	2
  95              		.code	16
  96              		.thumb_func
  97              		.type	CYCONFIGCPYCODE, %function
  98              	CYCONFIGCPYCODE:
  99              	.LFB4:
  87:Generated_Source\PSoC4/cyfitter_cfg.c **** CY_CFG_UNUSED
  88:Generated_Source\PSoC4/cyfitter_cfg.c **** static void CYCONFIGCPYCODE(void *dest, const void *src, size_t n);
  89:Generated_Source\PSoC4/cyfitter_cfg.c **** CY_CFG_UNUSED
  90:Generated_Source\PSoC4/cyfitter_cfg.c **** static void CYCONFIGCPYCODE(void *dest, const void *src, size_t n)
  91:Generated_Source\PSoC4/cyfitter_cfg.c **** {
 100              		.loc 1 91 0
 101              		.cfi_startproc
 102              		@ args = 0, pretend = 0, frame = 16
 103              		@ frame_needed = 1, uses_anonymous_args = 0
 104 0000 80B5     		push	{r7, lr}
 105              		.cfi_def_cfa_offset 8
 106              		.cfi_offset 7, -8
 107              		.cfi_offset 14, -4
 108 0002 84B0     		sub	sp, sp, #16
 109              		.cfi_def_cfa_offset 24
 110 0004 00AF     		add	r7, sp, #0
 111              		.cfi_def_cfa_register 7
 112 0006 F860     		str	r0, [r7, #12]
 113 0008 B960     		str	r1, [r7, #8]
 114 000a 7A60     		str	r2, [r7, #4]
  92:Generated_Source\PSoC4/cyfitter_cfg.c **** 	(void)memcpy(dest, src, n);
 115              		.loc 1 92 0
 116 000c 7A68     		ldr	r2, [r7, #4]
 117 000e B968     		ldr	r1, [r7, #8]
 118 0010 FB68     		ldr	r3, [r7, #12]
 119 0012 1800     		movs	r0, r3
 120 0014 FFF7FEFF 		bl	memcpy
  93:Generated_Source\PSoC4/cyfitter_cfg.c **** }
 121              		.loc 1 93 0
 122 0018 C046     		nop
 123 001a BD46     		mov	sp, r7
 124 001c 04B0     		add	sp, sp, #16
 125              		@ sp needed
 126 001e 80BD     		pop	{r7, pc}
 127              		.cfi_endproc
 128              	.LFE4:
 129              		.size	CYCONFIGCPYCODE, .-CYCONFIGCPYCODE
 130              		.section	.psocinit,"ax",%progbits
 131              		.align	2
 132              		.code	16
 133              		.thumb_func
 134              		.type	ClockSetup, %function
 135              	ClockSetup:
ARM GAS  C:\Users\Intern\AppData\Local\Temp\ccbbKiKJ.s 			page 5


 136              	.LFB5:
  94:Generated_Source\PSoC4/cyfitter_cfg.c **** 
  95:Generated_Source\PSoC4/cyfitter_cfg.c **** 
  96:Generated_Source\PSoC4/cyfitter_cfg.c **** 
  97:Generated_Source\PSoC4/cyfitter_cfg.c **** 
  98:Generated_Source\PSoC4/cyfitter_cfg.c **** /* Clock startup error codes                                                   */
  99:Generated_Source\PSoC4/cyfitter_cfg.c **** #define CYCLOCKSTART_NO_ERROR    0u
 100:Generated_Source\PSoC4/cyfitter_cfg.c **** #define CYCLOCKSTART_XTAL_ERROR  1u
 101:Generated_Source\PSoC4/cyfitter_cfg.c **** #define CYCLOCKSTART_32KHZ_ERROR 2u
 102:Generated_Source\PSoC4/cyfitter_cfg.c **** #define CYCLOCKSTART_PLL_ERROR   3u
 103:Generated_Source\PSoC4/cyfitter_cfg.c **** #define CYCLOCKSTART_FLL_ERROR   4u
 104:Generated_Source\PSoC4/cyfitter_cfg.c **** #define CYCLOCKSTART_WCO_ERROR   5u
 105:Generated_Source\PSoC4/cyfitter_cfg.c **** 
 106:Generated_Source\PSoC4/cyfitter_cfg.c **** 
 107:Generated_Source\PSoC4/cyfitter_cfg.c **** #ifdef CY_NEED_CYCLOCKSTARTUPERROR
 108:Generated_Source\PSoC4/cyfitter_cfg.c **** /*******************************************************************************
 109:Generated_Source\PSoC4/cyfitter_cfg.c **** * Function Name: CyClockStartupError
 110:Generated_Source\PSoC4/cyfitter_cfg.c **** ********************************************************************************
 111:Generated_Source\PSoC4/cyfitter_cfg.c **** * Summary:
 112:Generated_Source\PSoC4/cyfitter_cfg.c **** *  If an error is encountered during clock configuration (crystal startup error,
 113:Generated_Source\PSoC4/cyfitter_cfg.c **** *  PLL lock error, etc.), the system will end up here.  Unless reimplemented by
 114:Generated_Source\PSoC4/cyfitter_cfg.c **** *  the customer, this function will stop in an infinite loop.
 115:Generated_Source\PSoC4/cyfitter_cfg.c **** *
 116:Generated_Source\PSoC4/cyfitter_cfg.c **** * Parameters:
 117:Generated_Source\PSoC4/cyfitter_cfg.c **** *   void
 118:Generated_Source\PSoC4/cyfitter_cfg.c **** *
 119:Generated_Source\PSoC4/cyfitter_cfg.c **** * Return:
 120:Generated_Source\PSoC4/cyfitter_cfg.c **** *   void
 121:Generated_Source\PSoC4/cyfitter_cfg.c **** *
 122:Generated_Source\PSoC4/cyfitter_cfg.c **** *******************************************************************************/
 123:Generated_Source\PSoC4/cyfitter_cfg.c **** CY_CFG_UNUSED
 124:Generated_Source\PSoC4/cyfitter_cfg.c **** static void CyClockStartupError(uint8 errorCode);
 125:Generated_Source\PSoC4/cyfitter_cfg.c **** CY_CFG_UNUSED
 126:Generated_Source\PSoC4/cyfitter_cfg.c **** static void CyClockStartupError(uint8 errorCode)
 127:Generated_Source\PSoC4/cyfitter_cfg.c **** {
 128:Generated_Source\PSoC4/cyfitter_cfg.c ****     /* To remove the compiler warning if errorCode not used.                */
 129:Generated_Source\PSoC4/cyfitter_cfg.c ****     errorCode = errorCode;
 130:Generated_Source\PSoC4/cyfitter_cfg.c **** 
 131:Generated_Source\PSoC4/cyfitter_cfg.c ****     /* If we have a clock startup error (bad MHz crystal, PLL lock, etc.),  */
 132:Generated_Source\PSoC4/cyfitter_cfg.c ****     /* we will end up here to allow the customer to implement something to  */
 133:Generated_Source\PSoC4/cyfitter_cfg.c ****     /* deal with the clock condition.                                       */
 134:Generated_Source\PSoC4/cyfitter_cfg.c **** 
 135:Generated_Source\PSoC4/cyfitter_cfg.c **** #ifdef CY_CFG_CLOCK_STARTUP_ERROR_CALLBACK
 136:Generated_Source\PSoC4/cyfitter_cfg.c ****     CY_CFG_Clock_Startup_ErrorCallback();
 137:Generated_Source\PSoC4/cyfitter_cfg.c **** #else
 138:Generated_Source\PSoC4/cyfitter_cfg.c ****     /*  If not using CY_CFG_CLOCK_STARTUP_ERROR_CALLBACK, place your clock startup code here. */
 139:Generated_Source\PSoC4/cyfitter_cfg.c ****     /* `#START CyClockStartupError` */
 140:Generated_Source\PSoC4/cyfitter_cfg.c **** 
 141:Generated_Source\PSoC4/cyfitter_cfg.c **** 
 142:Generated_Source\PSoC4/cyfitter_cfg.c **** 
 143:Generated_Source\PSoC4/cyfitter_cfg.c ****     /* `#END` */
 144:Generated_Source\PSoC4/cyfitter_cfg.c **** 
 145:Generated_Source\PSoC4/cyfitter_cfg.c ****     while(1) {}
 146:Generated_Source\PSoC4/cyfitter_cfg.c **** #endif /* CY_CFG_CLOCK_STARTUP_ERROR_CALLBACK */
 147:Generated_Source\PSoC4/cyfitter_cfg.c **** }
 148:Generated_Source\PSoC4/cyfitter_cfg.c **** #endif
 149:Generated_Source\PSoC4/cyfitter_cfg.c **** 
ARM GAS  C:\Users\Intern\AppData\Local\Temp\ccbbKiKJ.s 			page 6


 150:Generated_Source\PSoC4/cyfitter_cfg.c **** 
 151:Generated_Source\PSoC4/cyfitter_cfg.c **** 
 152:Generated_Source\PSoC4/cyfitter_cfg.c **** /*******************************************************************************
 153:Generated_Source\PSoC4/cyfitter_cfg.c **** * Function Name: ClockSetup
 154:Generated_Source\PSoC4/cyfitter_cfg.c **** ********************************************************************************
 155:Generated_Source\PSoC4/cyfitter_cfg.c **** *
 156:Generated_Source\PSoC4/cyfitter_cfg.c **** * Summary:
 157:Generated_Source\PSoC4/cyfitter_cfg.c **** *   Performs the initialization of all of the clocks in the device based on the
 158:Generated_Source\PSoC4/cyfitter_cfg.c **** *   settings in the Clock tab of the DWR.  This includes enabling the requested
 159:Generated_Source\PSoC4/cyfitter_cfg.c **** *   clocks and setting the necessary dividers to produce the desired frequency. 
 160:Generated_Source\PSoC4/cyfitter_cfg.c **** *
 161:Generated_Source\PSoC4/cyfitter_cfg.c **** * Parameters:
 162:Generated_Source\PSoC4/cyfitter_cfg.c **** *   void
 163:Generated_Source\PSoC4/cyfitter_cfg.c **** *
 164:Generated_Source\PSoC4/cyfitter_cfg.c **** * Return:
 165:Generated_Source\PSoC4/cyfitter_cfg.c **** *   void
 166:Generated_Source\PSoC4/cyfitter_cfg.c **** *
 167:Generated_Source\PSoC4/cyfitter_cfg.c **** *******************************************************************************/
 168:Generated_Source\PSoC4/cyfitter_cfg.c **** static void ClockSetup(void);
 169:Generated_Source\PSoC4/cyfitter_cfg.c **** CY_CFG_SECTION
 170:Generated_Source\PSoC4/cyfitter_cfg.c **** static void ClockSetup(void)
 171:Generated_Source\PSoC4/cyfitter_cfg.c **** {
 137              		.loc 1 171 0
 138              		.cfi_startproc
 139              		@ args = 0, pretend = 0, frame = 0
 140              		@ frame_needed = 1, uses_anonymous_args = 0
 141 0000 80B5     		push	{r7, lr}
 142              		.cfi_def_cfa_offset 8
 143              		.cfi_offset 7, -8
 144              		.cfi_offset 14, -4
 145 0002 00AF     		add	r7, sp, #0
 146              		.cfi_def_cfa_register 7
 172:Generated_Source\PSoC4/cyfitter_cfg.c **** 
 173:Generated_Source\PSoC4/cyfitter_cfg.c **** 	/* Set Flash Cycles based on max possible frequency in case a glitch occurs during ClockSetup(). *
 174:Generated_Source\PSoC4/cyfitter_cfg.c **** 	CY_SET_REG32((void CYXDATA *)(CYREG_CPUSS_FLASH_CTL), (0x0012u));
 147              		.loc 1 174 0
 148 0004 374B     		ldr	r3, .L5
 149 0006 1222     		movs	r2, #18
 150 0008 1A60     		str	r2, [r3]
 175:Generated_Source\PSoC4/cyfitter_cfg.c **** 
 176:Generated_Source\PSoC4/cyfitter_cfg.c **** 	/* Start the WCO */
 177:Generated_Source\PSoC4/cyfitter_cfg.c **** 	CySysClkWcoStart();
 151              		.loc 1 177 0
 152 000a FFF7FEFF 		bl	CySysClkWcoStart
 178:Generated_Source\PSoC4/cyfitter_cfg.c **** 	CyDelayCycles(12000000u); /* WCO may take up to 500ms to start */
 153              		.loc 1 178 0
 154 000e 364B     		ldr	r3, .L5+4
 155 0010 1800     		movs	r0, r3
 156 0012 FFF7FEFF 		bl	CyDelayCycles
 179:Generated_Source\PSoC4/cyfitter_cfg.c **** 	(void)CySysClkWcoSetPowerMode(CY_SYS_CLK_WCO_LPM);    /* Switch to the low power mode */
 157              		.loc 1 179 0
 158 0016 0120     		movs	r0, #1
 159 0018 FFF7FEFF 		bl	CySysClkWcoSetPowerMode
 180:Generated_Source\PSoC4/cyfitter_cfg.c **** 
 181:Generated_Source\PSoC4/cyfitter_cfg.c **** 	/* Setup and trim IMO based on desired frequency. */
 182:Generated_Source\PSoC4/cyfitter_cfg.c **** 	CySysClkWriteImoFreq(48u);
 160              		.loc 1 182 0
ARM GAS  C:\Users\Intern\AppData\Local\Temp\ccbbKiKJ.s 			page 7


 161 001c 3020     		movs	r0, #48
 162 001e FFF7FEFF 		bl	CySysClkWriteImoFreq
 183:Generated_Source\PSoC4/cyfitter_cfg.c **** 	/* CYDEV_CLK_ILO_CONFIG Starting address: CYDEV_CLK_ILO_CONFIG */
 184:Generated_Source\PSoC4/cyfitter_cfg.c **** 	CY_SET_REG32((void *)(CYREG_CLK_ILO_CONFIG), 0x80000006u);
 163              		.loc 1 184 0
 164 0022 324B     		ldr	r3, .L5+8
 165 0024 324A     		ldr	r2, .L5+12
 166 0026 1A60     		str	r2, [r3]
 185:Generated_Source\PSoC4/cyfitter_cfg.c **** 
 186:Generated_Source\PSoC4/cyfitter_cfg.c **** 	/* CYDEV_WDT_CONFIG Starting address: CYDEV_WDT_CONFIG */
 187:Generated_Source\PSoC4/cyfitter_cfg.c **** 	CY_SET_REG32((void *)(CYREG_WDT_CONFIG), 0x40000000u);
 167              		.loc 1 187 0
 168 0028 324B     		ldr	r3, .L5+16
 169 002a 8022     		movs	r2, #128
 170 002c D205     		lsls	r2, r2, #23
 171 002e 1A60     		str	r2, [r3]
 188:Generated_Source\PSoC4/cyfitter_cfg.c **** 
 189:Generated_Source\PSoC4/cyfitter_cfg.c **** 
 190:Generated_Source\PSoC4/cyfitter_cfg.c **** 	/* Enable fast start mode for XO */
 191:Generated_Source\PSoC4/cyfitter_cfg.c **** 	CY_SET_REG32((void*)CYREG_BLE_BLERD_BB_XO, CY_GET_REG32((void*)CYREG_BLE_BLERD_BB_XO) | (uint32)0x
 172              		.loc 1 191 0
 173 0030 314B     		ldr	r3, .L5+20
 174 0032 314A     		ldr	r2, .L5+20
 175 0034 1268     		ldr	r2, [r2]
 176 0036 0221     		movs	r1, #2
 177 0038 0A43     		orrs	r2, r1
 178 003a 1A60     		str	r2, [r3]
 192:Generated_Source\PSoC4/cyfitter_cfg.c **** 	CY_SET_REG32((void *)(CYREG_BLE_BLERD_BB_XO_CAPTRIM), 0x00007171u);
 179              		.loc 1 192 0
 180 003c 2F4B     		ldr	r3, .L5+24
 181 003e 304A     		ldr	r2, .L5+28
 182 0040 1A60     		str	r2, [r3]
 193:Generated_Source\PSoC4/cyfitter_cfg.c **** 	/*Set XTAL(ECO) divider*/
 194:Generated_Source\PSoC4/cyfitter_cfg.c **** 	CY_SET_REG32((void *)(CYREG_BLE_BLESS_XTAL_CLK_DIV_CONFIG), 0x00000000u);
 183              		.loc 1 194 0
 184 0042 304B     		ldr	r3, .L5+32
 185 0044 0022     		movs	r2, #0
 186 0046 1A60     		str	r2, [r3]
 195:Generated_Source\PSoC4/cyfitter_cfg.c **** 	/* Disable Crystal Stable Interrupt before enabling ECO */
 196:Generated_Source\PSoC4/cyfitter_cfg.c **** 	CY_SET_REG32((void*)CYREG_BLE_BLESS_LL_DSM_CTRL, CY_GET_REG32((void*)CYREG_BLE_BLESS_LL_DSM_CTRL) 
 187              		.loc 1 196 0
 188 0048 2F4B     		ldr	r3, .L5+36
 189 004a 2F4A     		ldr	r2, .L5+36
 190 004c 1268     		ldr	r2, [r2]
 191 004e 0821     		movs	r1, #8
 192 0050 8A43     		bics	r2, r1
 193 0052 1A60     		str	r2, [r3]
 197:Generated_Source\PSoC4/cyfitter_cfg.c **** 	/* Start the ECO and do not check status since it is not needed for HFCLK */
 198:Generated_Source\PSoC4/cyfitter_cfg.c **** 	(void)CySysClkEcoStart(2000u);
 194              		.loc 1 198 0
 195 0054 FA23     		movs	r3, #250
 196 0056 DB00     		lsls	r3, r3, #3
 197 0058 1800     		movs	r0, r3
 198 005a FFF7FEFF 		bl	CySysClkEcoStart
 199:Generated_Source\PSoC4/cyfitter_cfg.c **** 	CyDelayUs(1500u); /* Wait to stabilize */
 199              		.loc 1 199 0
 200 005e 2B4B     		ldr	r3, .L5+40
ARM GAS  C:\Users\Intern\AppData\Local\Temp\ccbbKiKJ.s 			page 8


 201 0060 1800     		movs	r0, r3
 202 0062 FFF7FEFF 		bl	CyDelayUs
 200:Generated_Source\PSoC4/cyfitter_cfg.c **** 
 201:Generated_Source\PSoC4/cyfitter_cfg.c **** 	/* Setup phase aligned clocks */
 202:Generated_Source\PSoC4/cyfitter_cfg.c **** 	CY_SET_REG32((void *)CYREG_PERI_DIV_16_CTL3, 0x0005DB00u);
 203              		.loc 1 202 0
 204 0066 2A4B     		ldr	r3, .L5+44
 205 0068 2A4A     		ldr	r2, .L5+48
 206 006a 1A60     		str	r2, [r3]
 203:Generated_Source\PSoC4/cyfitter_cfg.c **** 	CY_SET_REG32((void *)CYREG_PERI_DIV_CMD, 0x8000FF43u);
 207              		.loc 1 203 0
 208 006c 2A4B     		ldr	r3, .L5+52
 209 006e 2B4A     		ldr	r2, .L5+56
 210 0070 1A60     		str	r2, [r3]
 204:Generated_Source\PSoC4/cyfitter_cfg.c **** 	CY_SET_REG32((void *)CYREG_PERI_DIV_16_CTL0, 0x00000A00u);
 211              		.loc 1 204 0
 212 0072 2B4B     		ldr	r3, .L5+60
 213 0074 A022     		movs	r2, #160
 214 0076 1201     		lsls	r2, r2, #4
 215 0078 1A60     		str	r2, [r3]
 205:Generated_Source\PSoC4/cyfitter_cfg.c **** 	CY_SET_REG32((void *)CYREG_PERI_DIV_CMD, 0x8000FF40u);
 216              		.loc 1 205 0
 217 007a 274B     		ldr	r3, .L5+52
 218 007c 294A     		ldr	r2, .L5+64
 219 007e 1A60     		str	r2, [r3]
 206:Generated_Source\PSoC4/cyfitter_cfg.c **** 	CY_SET_REG32((void *)CYREG_PERI_DIV_16_CTL1, 0x00001D00u);
 220              		.loc 1 206 0
 221 0080 294B     		ldr	r3, .L5+68
 222 0082 E822     		movs	r2, #232
 223 0084 5201     		lsls	r2, r2, #5
 224 0086 1A60     		str	r2, [r3]
 207:Generated_Source\PSoC4/cyfitter_cfg.c **** 	CY_SET_REG32((void *)CYREG_PERI_DIV_CMD, 0x8000FF41u);
 225              		.loc 1 207 0
 226 0088 234B     		ldr	r3, .L5+52
 227 008a 284A     		ldr	r2, .L5+72
 228 008c 1A60     		str	r2, [r3]
 208:Generated_Source\PSoC4/cyfitter_cfg.c **** 	CY_SET_REG32((void *)CYREG_PERI_DIV_16_CTL2, 0x00002200u);
 229              		.loc 1 208 0
 230 008e 284B     		ldr	r3, .L5+76
 231 0090 8822     		movs	r2, #136
 232 0092 9201     		lsls	r2, r2, #6
 233 0094 1A60     		str	r2, [r3]
 209:Generated_Source\PSoC4/cyfitter_cfg.c **** 	CY_SET_REG32((void *)CYREG_PERI_DIV_CMD, 0x8000FF42u);
 234              		.loc 1 209 0
 235 0096 204B     		ldr	r3, .L5+52
 236 0098 264A     		ldr	r2, .L5+80
 237 009a 1A60     		str	r2, [r3]
 210:Generated_Source\PSoC4/cyfitter_cfg.c **** 
 211:Generated_Source\PSoC4/cyfitter_cfg.c **** 	/* CYDEV_CLK_IMO_CONFIG Starting address: CYDEV_CLK_IMO_CONFIG */
 212:Generated_Source\PSoC4/cyfitter_cfg.c **** 	CY_SET_REG32((void *)(CYREG_CLK_IMO_CONFIG), 0x82000000u);
 238              		.loc 1 212 0
 239 009c 264B     		ldr	r3, .L5+84
 240 009e 8222     		movs	r2, #130
 241 00a0 1206     		lsls	r2, r2, #24
 242 00a2 1A60     		str	r2, [r3]
 213:Generated_Source\PSoC4/cyfitter_cfg.c **** 
 214:Generated_Source\PSoC4/cyfitter_cfg.c **** 	/* CYDEV_CLK_SELECT Starting address: CYDEV_CLK_SELECT */
ARM GAS  C:\Users\Intern\AppData\Local\Temp\ccbbKiKJ.s 			page 9


 215:Generated_Source\PSoC4/cyfitter_cfg.c **** 	CY_SET_REG32((void *)(CYREG_CLK_SELECT), 0x00040000u);
 243              		.loc 1 215 0
 244 00a4 254B     		ldr	r3, .L5+88
 245 00a6 8022     		movs	r2, #128
 246 00a8 D202     		lsls	r2, r2, #11
 247 00aa 1A60     		str	r2, [r3]
 216:Generated_Source\PSoC4/cyfitter_cfg.c **** 
 217:Generated_Source\PSoC4/cyfitter_cfg.c **** 	/* CYDEV_PERI_PCLK_CTL7 Starting address: CYDEV_PERI_PCLK_CTL7 */
 218:Generated_Source\PSoC4/cyfitter_cfg.c **** 	CY_SET_REG32((void *)(CYREG_PERI_PCLK_CTL7), 0x00000043u);
 248              		.loc 1 218 0
 249 00ac 244B     		ldr	r3, .L5+92
 250 00ae 4322     		movs	r2, #67
 251 00b0 1A60     		str	r2, [r3]
 219:Generated_Source\PSoC4/cyfitter_cfg.c **** 
 220:Generated_Source\PSoC4/cyfitter_cfg.c **** 	/* CYDEV_PERI_PCLK_CTL6 Starting address: CYDEV_PERI_PCLK_CTL6 */
 221:Generated_Source\PSoC4/cyfitter_cfg.c **** 	CY_SET_REG32((void *)(CYREG_PERI_PCLK_CTL6), 0x00000040u);
 252              		.loc 1 221 0
 253 00b2 244B     		ldr	r3, .L5+96
 254 00b4 4022     		movs	r2, #64
 255 00b6 1A60     		str	r2, [r3]
 222:Generated_Source\PSoC4/cyfitter_cfg.c **** 
 223:Generated_Source\PSoC4/cyfitter_cfg.c **** 	/* CYDEV_PERI_PCLK_CTL2 Starting address: CYDEV_PERI_PCLK_CTL2 */
 224:Generated_Source\PSoC4/cyfitter_cfg.c **** 	CY_SET_REG32((void *)(CYREG_PERI_PCLK_CTL2), 0x00000041u);
 256              		.loc 1 224 0
 257 00b8 234B     		ldr	r3, .L5+100
 258 00ba 4122     		movs	r2, #65
 259 00bc 1A60     		str	r2, [r3]
 225:Generated_Source\PSoC4/cyfitter_cfg.c **** 
 226:Generated_Source\PSoC4/cyfitter_cfg.c **** 	/* CYDEV_PERI_PCLK_CTL1 Starting address: CYDEV_PERI_PCLK_CTL1 */
 227:Generated_Source\PSoC4/cyfitter_cfg.c **** 	CY_SET_REG32((void *)(CYREG_PERI_PCLK_CTL1), 0x00000042u);
 260              		.loc 1 227 0
 261 00be 234B     		ldr	r3, .L5+104
 262 00c0 4222     		movs	r2, #66
 263 00c2 1A60     		str	r2, [r3]
 228:Generated_Source\PSoC4/cyfitter_cfg.c **** 
 229:Generated_Source\PSoC4/cyfitter_cfg.c **** 	(void)CyIntSetVector(8u, &CySysWdtIsr);
 264              		.loc 1 229 0
 265 00c4 224B     		ldr	r3, .L5+108
 266 00c6 1900     		movs	r1, r3
 267 00c8 0820     		movs	r0, #8
 268 00ca FFF7FEFF 		bl	CyIntSetVector
 230:Generated_Source\PSoC4/cyfitter_cfg.c **** 	CyIntEnable(8u);
 269              		.loc 1 230 0
 270 00ce 0820     		movs	r0, #8
 271 00d0 FFF7FEFF 		bl	CyIntEnable
 231:Generated_Source\PSoC4/cyfitter_cfg.c **** 	CY_SET_REG32((void *)(CYREG_WDT_CONFIG), 0x40000000u);
 272              		.loc 1 231 0
 273 00d4 074B     		ldr	r3, .L5+16
 274 00d6 8022     		movs	r2, #128
 275 00d8 D205     		lsls	r2, r2, #23
 276 00da 1A60     		str	r2, [r3]
 232:Generated_Source\PSoC4/cyfitter_cfg.c **** }
 277              		.loc 1 232 0
 278 00dc C046     		nop
 279 00de BD46     		mov	sp, r7
 280              		@ sp needed
 281 00e0 80BD     		pop	{r7, pc}
ARM GAS  C:\Users\Intern\AppData\Local\Temp\ccbbKiKJ.s 			page 10


 282              	.L6:
 283 00e2 C046     		.align	2
 284              	.L5:
 285 00e4 30001040 		.word	1074790448
 286 00e8 001BB700 		.word	12000000
 287 00ec 04010B40 		.word	1074462980
 288 00f0 06000080 		.word	-2147483642
 289 00f4 0C020B40 		.word	1074463244
 290 00f8 78002E40 		.word	1076756600
 291 00fc 7C002E40 		.word	1076756604
 292 0100 71710000 		.word	29041
 293 0104 64F02E40 		.word	1076818020
 294 0108 6CF02E40 		.word	1076818028
 295 010c DC050000 		.word	1500
 296 0110 0C030140 		.word	1073808140
 297 0114 00DB0500 		.word	383744
 298 0118 00000140 		.word	1073807360
 299 011c 43FF0080 		.word	-2147418301
 300 0120 00030140 		.word	1073808128
 301 0124 40FF0080 		.word	-2147418304
 302 0128 04030140 		.word	1073808132
 303 012c 41FF0080 		.word	-2147418303
 304 0130 08030140 		.word	1073808136
 305 0134 42FF0080 		.word	-2147418302
 306 0138 08010B40 		.word	1074462984
 307 013c 00010B40 		.word	1074462976
 308 0140 1C010140 		.word	1073807644
 309 0144 18010140 		.word	1073807640
 310 0148 08010140 		.word	1073807624
 311 014c 04010140 		.word	1073807620
 312 0150 00000000 		.word	CySysWdtIsr
 313              		.cfi_endproc
 314              	.LFE5:
 315              		.size	ClockSetup, .-ClockSetup
 316              		.section	.text.AnalogSetDefault,"ax",%progbits
 317              		.align	2
 318              		.code	16
 319              		.thumb_func
 320              		.type	AnalogSetDefault, %function
 321              	AnalogSetDefault:
 322              	.LFB6:
 233:Generated_Source\PSoC4/cyfitter_cfg.c **** 
 234:Generated_Source\PSoC4/cyfitter_cfg.c **** 
 235:Generated_Source\PSoC4/cyfitter_cfg.c **** /* Analog API Functions */
 236:Generated_Source\PSoC4/cyfitter_cfg.c **** 
 237:Generated_Source\PSoC4/cyfitter_cfg.c **** 
 238:Generated_Source\PSoC4/cyfitter_cfg.c **** /*******************************************************************************
 239:Generated_Source\PSoC4/cyfitter_cfg.c **** * Function Name: AnalogSetDefault
 240:Generated_Source\PSoC4/cyfitter_cfg.c **** ********************************************************************************
 241:Generated_Source\PSoC4/cyfitter_cfg.c **** *
 242:Generated_Source\PSoC4/cyfitter_cfg.c **** * Summary:
 243:Generated_Source\PSoC4/cyfitter_cfg.c **** *  Sets up the analog portions of the chip to default values based on chip
 244:Generated_Source\PSoC4/cyfitter_cfg.c **** *  configuration options from the project.
 245:Generated_Source\PSoC4/cyfitter_cfg.c **** *
 246:Generated_Source\PSoC4/cyfitter_cfg.c **** * Parameters:
 247:Generated_Source\PSoC4/cyfitter_cfg.c **** *  void
 248:Generated_Source\PSoC4/cyfitter_cfg.c **** *
ARM GAS  C:\Users\Intern\AppData\Local\Temp\ccbbKiKJ.s 			page 11


 249:Generated_Source\PSoC4/cyfitter_cfg.c **** * Return:
 250:Generated_Source\PSoC4/cyfitter_cfg.c **** *  void
 251:Generated_Source\PSoC4/cyfitter_cfg.c **** *
 252:Generated_Source\PSoC4/cyfitter_cfg.c **** *******************************************************************************/
 253:Generated_Source\PSoC4/cyfitter_cfg.c **** static void AnalogSetDefault(void);
 254:Generated_Source\PSoC4/cyfitter_cfg.c **** static void AnalogSetDefault(void)
 255:Generated_Source\PSoC4/cyfitter_cfg.c **** {
 323              		.loc 1 255 0
 324              		.cfi_startproc
 325              		@ args = 0, pretend = 0, frame = 0
 326              		@ frame_needed = 1, uses_anonymous_args = 0
 327 0000 80B5     		push	{r7, lr}
 328              		.cfi_def_cfa_offset 8
 329              		.cfi_offset 7, -8
 330              		.cfi_offset 14, -4
 331 0002 00AF     		add	r7, sp, #0
 332              		.cfi_def_cfa_register 7
 256:Generated_Source\PSoC4/cyfitter_cfg.c **** 	CY_SET_XTND_REG32((void CYFAR *)CYREG_CTBM0_DFT_CTRL, 0x00000003u);
 333              		.loc 1 256 0
 334 0004 0A4B     		ldr	r3, .L8
 335 0006 0322     		movs	r2, #3
 336 0008 1A60     		str	r2, [r3]
 257:Generated_Source\PSoC4/cyfitter_cfg.c **** 	CY_SET_XTND_REG32((void CYFAR *)CYREG_CTBM1_DFT_CTRL, 0x00000003u);
 337              		.loc 1 257 0
 338 000a 0A4B     		ldr	r3, .L8+4
 339 000c 0322     		movs	r2, #3
 340 000e 1A60     		str	r2, [r3]
 258:Generated_Source\PSoC4/cyfitter_cfg.c **** 	CY_SET_XTND_REG32((void CYFAR *)CYREG_SAR_CTRL, 0x80000000u);
 341              		.loc 1 258 0
 342 0010 094B     		ldr	r3, .L8+8
 343 0012 8022     		movs	r2, #128
 344 0014 1206     		lsls	r2, r2, #24
 345 0016 1A60     		str	r2, [r3]
 259:Generated_Source\PSoC4/cyfitter_cfg.c **** 	CY_SET_XTND_REG32((void CYFAR *)CYREG_SAR_MUX_SWITCH0, 0x00000080u);
 346              		.loc 1 259 0
 347 0018 084B     		ldr	r3, .L8+12
 348 001a 8022     		movs	r2, #128
 349 001c 1A60     		str	r2, [r3]
 260:Generated_Source\PSoC4/cyfitter_cfg.c **** 	CY_SET_XTND_REG32((void CYFAR *)CYREG_PASS_DSAB_DSAB_CTRL, 0x00000000u);
 350              		.loc 1 260 0
 351 001e 084B     		ldr	r3, .L8+16
 352 0020 0022     		movs	r2, #0
 353 0022 1A60     		str	r2, [r3]
 261:Generated_Source\PSoC4/cyfitter_cfg.c **** 	SetAnalogRoutingPumps(1);
 354              		.loc 1 261 0
 355 0024 0120     		movs	r0, #1
 356 0026 FFF7FEFF 		bl	SetAnalogRoutingPumps
 262:Generated_Source\PSoC4/cyfitter_cfg.c **** }
 357              		.loc 1 262 0
 358 002a C046     		nop
 359 002c BD46     		mov	sp, r7
 360              		@ sp needed
 361 002e 80BD     		pop	{r7, pc}
 362              	.L9:
 363              		.align	2
 364              	.L8:
 365 0030 30003040 		.word	1076887600
ARM GAS  C:\Users\Intern\AppData\Local\Temp\ccbbKiKJ.s 			page 12


 366 0034 30003140 		.word	1076953136
 367 0038 00003A40 		.word	1077542912
 368 003c 00033A40 		.word	1077543680
 369 0040 000E3F40 		.word	1077874176
 370              		.cfi_endproc
 371              	.LFE6:
 372              		.size	AnalogSetDefault, .-AnalogSetDefault
 373              		.section	.text.SetAnalogRoutingPumps,"ax",%progbits
 374              		.align	2
 375              		.global	SetAnalogRoutingPumps
 376              		.code	16
 377              		.thumb_func
 378              		.type	SetAnalogRoutingPumps, %function
 379              	SetAnalogRoutingPumps:
 380              	.LFB7:
 263:Generated_Source\PSoC4/cyfitter_cfg.c **** 
 264:Generated_Source\PSoC4/cyfitter_cfg.c **** 
 265:Generated_Source\PSoC4/cyfitter_cfg.c **** /*******************************************************************************
 266:Generated_Source\PSoC4/cyfitter_cfg.c **** * Function Name: SetAnalogRoutingPumps
 267:Generated_Source\PSoC4/cyfitter_cfg.c **** ********************************************************************************
 268:Generated_Source\PSoC4/cyfitter_cfg.c **** *
 269:Generated_Source\PSoC4/cyfitter_cfg.c **** * Summary:
 270:Generated_Source\PSoC4/cyfitter_cfg.c **** * Enables or disables the analog pumps feeding analog routing switches.
 271:Generated_Source\PSoC4/cyfitter_cfg.c **** * Intended to be called at startup, based on the Vdda system configuration;
 272:Generated_Source\PSoC4/cyfitter_cfg.c **** * may be called during operation when the user informs us that the Vdda voltage crossed the pump th
 273:Generated_Source\PSoC4/cyfitter_cfg.c **** *
 274:Generated_Source\PSoC4/cyfitter_cfg.c **** * Parameters:
 275:Generated_Source\PSoC4/cyfitter_cfg.c **** *  enabled - 1 to enable the pumps, 0 to disable the pumps
 276:Generated_Source\PSoC4/cyfitter_cfg.c **** *
 277:Generated_Source\PSoC4/cyfitter_cfg.c **** * Return:
 278:Generated_Source\PSoC4/cyfitter_cfg.c **** *  void
 279:Generated_Source\PSoC4/cyfitter_cfg.c **** *
 280:Generated_Source\PSoC4/cyfitter_cfg.c **** *******************************************************************************/
 281:Generated_Source\PSoC4/cyfitter_cfg.c **** void SetAnalogRoutingPumps(uint8 enabled)
 282:Generated_Source\PSoC4/cyfitter_cfg.c **** {
 381              		.loc 1 282 0
 382              		.cfi_startproc
 383              		@ args = 0, pretend = 0, frame = 16
 384              		@ frame_needed = 1, uses_anonymous_args = 0
 385 0000 80B5     		push	{r7, lr}
 386              		.cfi_def_cfa_offset 8
 387              		.cfi_offset 7, -8
 388              		.cfi_offset 14, -4
 389 0002 84B0     		sub	sp, sp, #16
 390              		.cfi_def_cfa_offset 24
 391 0004 00AF     		add	r7, sp, #0
 392              		.cfi_def_cfa_register 7
 393 0006 0200     		movs	r2, r0
 394 0008 FB1D     		adds	r3, r7, #7
 395 000a 1A70     		strb	r2, [r3]
 283:Generated_Source\PSoC4/cyfitter_cfg.c **** 	uint32 regValue = CY_GET_XTND_REG32((void *)(CYREG_SAR_PUMP_CTRL));
 396              		.loc 1 283 0
 397 000c 0B4B     		ldr	r3, .L13
 398 000e 1B68     		ldr	r3, [r3]
 399 0010 FB60     		str	r3, [r7, #12]
 284:Generated_Source\PSoC4/cyfitter_cfg.c **** 	if (enabled != 0u)
 400              		.loc 1 284 0
ARM GAS  C:\Users\Intern\AppData\Local\Temp\ccbbKiKJ.s 			page 13


 401 0012 FB1D     		adds	r3, r7, #7
 402 0014 1B78     		ldrb	r3, [r3]
 403 0016 002B     		cmp	r3, #0
 404 0018 05D0     		beq	.L11
 285:Generated_Source\PSoC4/cyfitter_cfg.c **** 	{
 286:Generated_Source\PSoC4/cyfitter_cfg.c **** 		regValue |= 0x80000000u;
 405              		.loc 1 286 0
 406 001a FB68     		ldr	r3, [r7, #12]
 407 001c 8022     		movs	r2, #128
 408 001e 1206     		lsls	r2, r2, #24
 409 0020 1343     		orrs	r3, r2
 410 0022 FB60     		str	r3, [r7, #12]
 411 0024 03E0     		b	.L12
 412              	.L11:
 287:Generated_Source\PSoC4/cyfitter_cfg.c **** 	}
 288:Generated_Source\PSoC4/cyfitter_cfg.c **** 	else
 289:Generated_Source\PSoC4/cyfitter_cfg.c **** 	{
 290:Generated_Source\PSoC4/cyfitter_cfg.c **** 		regValue &= ~0x80000000u;
 413              		.loc 1 290 0
 414 0026 FB68     		ldr	r3, [r7, #12]
 415 0028 5B00     		lsls	r3, r3, #1
 416 002a 5B08     		lsrs	r3, r3, #1
 417 002c FB60     		str	r3, [r7, #12]
 418              	.L12:
 291:Generated_Source\PSoC4/cyfitter_cfg.c **** 	}
 292:Generated_Source\PSoC4/cyfitter_cfg.c **** 	CY_SET_XTND_REG32((void *)(CYREG_SAR_PUMP_CTRL), regValue);
 419              		.loc 1 292 0
 420 002e 034B     		ldr	r3, .L13
 421 0030 FA68     		ldr	r2, [r7, #12]
 422 0032 1A60     		str	r2, [r3]
 293:Generated_Source\PSoC4/cyfitter_cfg.c **** }
 423              		.loc 1 293 0
 424 0034 C046     		nop
 425 0036 BD46     		mov	sp, r7
 426 0038 04B0     		add	sp, sp, #16
 427              		@ sp needed
 428 003a 80BD     		pop	{r7, pc}
 429              	.L14:
 430              		.align	2
 431              	.L13:
 432 003c 80033A40 		.word	1077543808
 433              		.cfi_endproc
 434              	.LFE7:
 435              		.size	SetAnalogRoutingPumps, .-SetAnalogRoutingPumps
 436              		.section	.psocinit
 437              		.align	2
 438              		.global	cyfitter_cfg
 439              		.code	16
 440              		.thumb_func
 441              		.type	cyfitter_cfg, %function
 442              	cyfitter_cfg:
 443              	.LFB8:
 294:Generated_Source\PSoC4/cyfitter_cfg.c **** 
 295:Generated_Source\PSoC4/cyfitter_cfg.c **** 
 296:Generated_Source\PSoC4/cyfitter_cfg.c **** 
 297:Generated_Source\PSoC4/cyfitter_cfg.c **** 
 298:Generated_Source\PSoC4/cyfitter_cfg.c **** /*******************************************************************************
ARM GAS  C:\Users\Intern\AppData\Local\Temp\ccbbKiKJ.s 			page 14


 299:Generated_Source\PSoC4/cyfitter_cfg.c **** * Function Name: cyfitter_cfg
 300:Generated_Source\PSoC4/cyfitter_cfg.c **** ********************************************************************************
 301:Generated_Source\PSoC4/cyfitter_cfg.c **** * Summary:
 302:Generated_Source\PSoC4/cyfitter_cfg.c **** *  This function is called by the start-up code for the selected device. It
 303:Generated_Source\PSoC4/cyfitter_cfg.c **** *  performs all of the necessary device configuration based on the design
 304:Generated_Source\PSoC4/cyfitter_cfg.c **** *  settings.  This includes settings from the Design Wide Resources (DWR) such
 305:Generated_Source\PSoC4/cyfitter_cfg.c **** *  as Clocks and Pins as well as any component configuration that is necessary.
 306:Generated_Source\PSoC4/cyfitter_cfg.c **** *
 307:Generated_Source\PSoC4/cyfitter_cfg.c **** * Parameters:
 308:Generated_Source\PSoC4/cyfitter_cfg.c **** *   void
 309:Generated_Source\PSoC4/cyfitter_cfg.c **** *
 310:Generated_Source\PSoC4/cyfitter_cfg.c **** * Return:
 311:Generated_Source\PSoC4/cyfitter_cfg.c **** *   void
 312:Generated_Source\PSoC4/cyfitter_cfg.c **** *
 313:Generated_Source\PSoC4/cyfitter_cfg.c **** *******************************************************************************/
 314:Generated_Source\PSoC4/cyfitter_cfg.c **** CY_CFG_SECTION
 315:Generated_Source\PSoC4/cyfitter_cfg.c **** void cyfitter_cfg(void)
 316:Generated_Source\PSoC4/cyfitter_cfg.c **** {
 444              		.loc 1 316 0
 445              		.cfi_startproc
 446              		@ args = 0, pretend = 0, frame = 8
 447              		@ frame_needed = 1, uses_anonymous_args = 0
 448 0154 80B5     		push	{r7, lr}
 449              		.cfi_def_cfa_offset 8
 450              		.cfi_offset 7, -8
 451              		.cfi_offset 14, -4
 452 0156 82B0     		sub	sp, sp, #8
 453              		.cfi_def_cfa_offset 16
 454 0158 00AF     		add	r7, sp, #0
 455              		.cfi_def_cfa_register 7
 317:Generated_Source\PSoC4/cyfitter_cfg.c **** 	/* Disable interrupts by default. Let user enable if/when they want. */
 318:Generated_Source\PSoC4/cyfitter_cfg.c **** 	CyGlobalIntDisable;
 456              		.loc 1 318 0
 457              		.syntax divided
 458              	@ 318 "Generated_Source\PSoC4\cyfitter_cfg.c" 1
 459 015a 72B6     		CPSID   i
 460              	@ 0 "" 2
 319:Generated_Source\PSoC4/cyfitter_cfg.c **** 
 320:Generated_Source\PSoC4/cyfitter_cfg.c **** 	CY_SET_REG32((void *)(CYREG_BLE_BLESS_LL_DSM_CTRL), 0x00000000u);
 461              		.loc 1 320 0
 462              		.thumb
 463              		.syntax unified
 464 015c 374B     		ldr	r3, .L18
 465 015e 0022     		movs	r2, #0
 466 0160 1A60     		str	r2, [r3]
 467              	.LBB2:
 321:Generated_Source\PSoC4/cyfitter_cfg.c **** 
 322:Generated_Source\PSoC4/cyfitter_cfg.c **** 	{
 323:Generated_Source\PSoC4/cyfitter_cfg.c **** 
 324:Generated_Source\PSoC4/cyfitter_cfg.c **** 		CYPACKED typedef struct {
 325:Generated_Source\PSoC4/cyfitter_cfg.c **** 			void CYFAR *address;
 326:Generated_Source\PSoC4/cyfitter_cfg.c **** 			uint16 size;
 327:Generated_Source\PSoC4/cyfitter_cfg.c **** 		} CYPACKED_ATTR cfg_memset_t;
 328:Generated_Source\PSoC4/cyfitter_cfg.c **** 
 329:Generated_Source\PSoC4/cyfitter_cfg.c **** 		static const cfg_memset_t CYCODE cfg_memset_list[] = {
 330:Generated_Source\PSoC4/cyfitter_cfg.c **** 			/* address, size */
 331:Generated_Source\PSoC4/cyfitter_cfg.c **** 			{(void CYFAR *)(CYDEV_UDB_P0_U0_BASE), 1024u},
ARM GAS  C:\Users\Intern\AppData\Local\Temp\ccbbKiKJ.s 			page 15


 332:Generated_Source\PSoC4/cyfitter_cfg.c **** 			{(void CYFAR *)(CYDEV_UDB_DSI0_BASE), 1024u},
 333:Generated_Source\PSoC4/cyfitter_cfg.c **** 		};
 334:Generated_Source\PSoC4/cyfitter_cfg.c **** 
 335:Generated_Source\PSoC4/cyfitter_cfg.c **** 		uint8 CYDATA i;
 336:Generated_Source\PSoC4/cyfitter_cfg.c **** 
 337:Generated_Source\PSoC4/cyfitter_cfg.c **** 		/* Zero out critical memory blocks before beginning configuration */
 338:Generated_Source\PSoC4/cyfitter_cfg.c **** 		for (i = 0u; i < (sizeof(cfg_memset_list)/sizeof(cfg_memset_list[0])); i++)
 468              		.loc 1 338 0
 469 0162 FB1D     		adds	r3, r7, #7
 470 0164 0022     		movs	r2, #0
 471 0166 1A70     		strb	r2, [r3]
 472 0168 22E0     		b	.L16
 473              	.L17:
 474              	.LBB3:
 339:Generated_Source\PSoC4/cyfitter_cfg.c **** 		{
 340:Generated_Source\PSoC4/cyfitter_cfg.c **** 			const cfg_memset_t CYCODE * CYDATA ms = &cfg_memset_list[i];
 475              		.loc 1 340 0 discriminator 3
 476 016a FB1D     		adds	r3, r7, #7
 477 016c 1A78     		ldrb	r2, [r3]
 478 016e 1300     		movs	r3, r2
 479 0170 5B00     		lsls	r3, r3, #1
 480 0172 9B18     		adds	r3, r3, r2
 481 0174 5B00     		lsls	r3, r3, #1
 482 0176 324A     		ldr	r2, .L18+4
 483 0178 9B18     		adds	r3, r3, r2
 484 017a 3B60     		str	r3, [r7]
 341:Generated_Source\PSoC4/cyfitter_cfg.c **** 			CYMEMZERO(ms->address, (size_t)(uint32)(ms->size));
 485              		.loc 1 341 0 discriminator 3
 486 017c 3B68     		ldr	r3, [r7]
 487 017e 1A78     		ldrb	r2, [r3]
 488 0180 5978     		ldrb	r1, [r3, #1]
 489 0182 0902     		lsls	r1, r1, #8
 490 0184 0A43     		orrs	r2, r1
 491 0186 9978     		ldrb	r1, [r3, #2]
 492 0188 0904     		lsls	r1, r1, #16
 493 018a 0A43     		orrs	r2, r1
 494 018c DB78     		ldrb	r3, [r3, #3]
 495 018e 1B06     		lsls	r3, r3, #24
 496 0190 1343     		orrs	r3, r2
 497 0192 1800     		movs	r0, r3
 498 0194 3B68     		ldr	r3, [r7]
 499 0196 1A79     		ldrb	r2, [r3, #4]
 500 0198 5B79     		ldrb	r3, [r3, #5]
 501 019a 1B02     		lsls	r3, r3, #8
 502 019c 1343     		orrs	r3, r2
 503 019e 9BB2     		uxth	r3, r3
 504 01a0 1900     		movs	r1, r3
 505 01a2 FFF7FEFF 		bl	CYMEMZERO
 506              	.LBE3:
 338:Generated_Source\PSoC4/cyfitter_cfg.c **** 		{
 507              		.loc 1 338 0 discriminator 3
 508 01a6 FB1D     		adds	r3, r7, #7
 509 01a8 1A78     		ldrb	r2, [r3]
 510 01aa FB1D     		adds	r3, r7, #7
 511 01ac 0132     		adds	r2, r2, #1
 512 01ae 1A70     		strb	r2, [r3]
 513              	.L16:
ARM GAS  C:\Users\Intern\AppData\Local\Temp\ccbbKiKJ.s 			page 16


 338:Generated_Source\PSoC4/cyfitter_cfg.c **** 		{
 514              		.loc 1 338 0 is_stmt 0 discriminator 1
 515 01b0 FB1D     		adds	r3, r7, #7
 516 01b2 1B78     		ldrb	r3, [r3]
 517 01b4 012B     		cmp	r3, #1
 518 01b6 D8D9     		bls	.L17
 342:Generated_Source\PSoC4/cyfitter_cfg.c **** 		}
 343:Generated_Source\PSoC4/cyfitter_cfg.c **** 
 344:Generated_Source\PSoC4/cyfitter_cfg.c **** 		/* HSIOM Starting address: CYDEV_HSIOM_BASE */
 345:Generated_Source\PSoC4/cyfitter_cfg.c **** 		CY_SET_REG32((void *)(CYDEV_HSIOM_BASE), 0xEE990000u);
 519              		.loc 1 345 0 is_stmt 1
 520 01b8 224B     		ldr	r3, .L18+8
 521 01ba 234A     		ldr	r2, .L18+12
 522 01bc 1A60     		str	r2, [r3]
 346:Generated_Source\PSoC4/cyfitter_cfg.c **** 		CY_SET_REG32((void *)(CYREG_HSIOM_PORT_SEL3), 0x00EE0000u);
 523              		.loc 1 346 0
 524 01be 234B     		ldr	r3, .L18+16
 525 01c0 EE22     		movs	r2, #238
 526 01c2 1204     		lsls	r2, r2, #16
 527 01c4 1A60     		str	r2, [r3]
 347:Generated_Source\PSoC4/cyfitter_cfg.c **** 
 348:Generated_Source\PSoC4/cyfitter_cfg.c **** 		/* UDB_PA_0 Starting address: CYDEV_UDB_PA0_BASE */
 349:Generated_Source\PSoC4/cyfitter_cfg.c **** 		CY_SET_REG32((void *)(CYDEV_UDB_PA0_BASE), 0x00990000u);
 528              		.loc 1 349 0
 529 01c6 224B     		ldr	r3, .L18+20
 530 01c8 9922     		movs	r2, #153
 531 01ca 1204     		lsls	r2, r2, #16
 532 01cc 1A60     		str	r2, [r3]
 350:Generated_Source\PSoC4/cyfitter_cfg.c **** 
 351:Generated_Source\PSoC4/cyfitter_cfg.c **** 		/* UDB_PA_1 Starting address: CYDEV_UDB_PA1_BASE */
 352:Generated_Source\PSoC4/cyfitter_cfg.c **** 		CY_SET_REG32((void *)(CYDEV_UDB_PA1_BASE), 0x00990000u);
 533              		.loc 1 352 0
 534 01ce 214B     		ldr	r3, .L18+24
 535 01d0 9922     		movs	r2, #153
 536 01d2 1204     		lsls	r2, r2, #16
 537 01d4 1A60     		str	r2, [r3]
 353:Generated_Source\PSoC4/cyfitter_cfg.c **** 
 354:Generated_Source\PSoC4/cyfitter_cfg.c **** 		/* UDB_PA_3 Starting address: CYDEV_UDB_PA3_BASE */
 355:Generated_Source\PSoC4/cyfitter_cfg.c **** 		CY_SET_REG32((void *)(CYDEV_UDB_PA3_BASE), 0x00990000u);
 538              		.loc 1 355 0
 539 01d6 204B     		ldr	r3, .L18+28
 540 01d8 9922     		movs	r2, #153
 541 01da 1204     		lsls	r2, r2, #16
 542 01dc 1A60     		str	r2, [r3]
 356:Generated_Source\PSoC4/cyfitter_cfg.c **** 
 357:Generated_Source\PSoC4/cyfitter_cfg.c **** 		/* Enable digital routing */
 358:Generated_Source\PSoC4/cyfitter_cfg.c **** 		CY_SET_XTND_REG8((void *)CYREG_UDB_UDBIF_BANK_CTL, (uint8)(CY_GET_XTND_REG8((void *)CYREG_UDB_UDB
 543              		.loc 1 358 0
 544 01de 1F4A     		ldr	r2, .L18+32
 545 01e0 1E4B     		ldr	r3, .L18+32
 546 01e2 1B78     		ldrb	r3, [r3]
 547 01e4 DBB2     		uxtb	r3, r3
 548 01e6 0621     		movs	r1, #6
 549 01e8 0B43     		orrs	r3, r1
 550 01ea DBB2     		uxtb	r3, r3
 551 01ec 1370     		strb	r3, [r2]
 552              	.LBE2:
ARM GAS  C:\Users\Intern\AppData\Local\Temp\ccbbKiKJ.s 			page 17


 359:Generated_Source\PSoC4/cyfitter_cfg.c **** 	}
 360:Generated_Source\PSoC4/cyfitter_cfg.c **** 
 361:Generated_Source\PSoC4/cyfitter_cfg.c **** 	/* Perform second pass device configuration. These items must be configured in specific order afte
 362:Generated_Source\PSoC4/cyfitter_cfg.c **** 	/* IOPINS0_0 Starting address: CYDEV_GPIO_PRT0_BASE */
 363:Generated_Source\PSoC4/cyfitter_cfg.c **** 	CY_SET_REG32((void *)(CYDEV_GPIO_PRT0_BASE), 0x00000020u);
 553              		.loc 1 363 0
 554 01ee 1C4B     		ldr	r3, .L18+36
 555 01f0 2022     		movs	r2, #32
 556 01f2 1A60     		str	r2, [r3]
 364:Generated_Source\PSoC4/cyfitter_cfg.c **** 	CY_SET_REG32((void *)(CYREG_GPIO_PRT0_PC), 0x00DB1000u);
 557              		.loc 1 364 0
 558 01f4 1B4B     		ldr	r3, .L18+40
 559 01f6 1C4A     		ldr	r2, .L18+44
 560 01f8 1A60     		str	r2, [r3]
 365:Generated_Source\PSoC4/cyfitter_cfg.c **** 	CY_SET_REG32((void *)(CYREG_GPIO_PRT0_PC2), 0x00000020u);
 561              		.loc 1 365 0
 562 01fa 1C4B     		ldr	r3, .L18+48
 563 01fc 2022     		movs	r2, #32
 564 01fe 1A60     		str	r2, [r3]
 366:Generated_Source\PSoC4/cyfitter_cfg.c **** 
 367:Generated_Source\PSoC4/cyfitter_cfg.c **** 	/* IOPINS0_1 Starting address: CYDEV_GPIO_PRT1_BASE */
 368:Generated_Source\PSoC4/cyfitter_cfg.c **** 	CY_SET_REG32((void *)(CYDEV_GPIO_PRT1_BASE), 0x000000F0u);
 565              		.loc 1 368 0
 566 0200 1B4B     		ldr	r3, .L18+52
 567 0202 F022     		movs	r2, #240
 568 0204 1A60     		str	r2, [r3]
 369:Generated_Source\PSoC4/cyfitter_cfg.c **** 	CY_SET_REG32((void *)(CYREG_GPIO_PRT1_PC), 0x00492000u);
 569              		.loc 1 369 0
 570 0206 1B4B     		ldr	r3, .L18+56
 571 0208 1B4A     		ldr	r2, .L18+60
 572 020a 1A60     		str	r2, [r3]
 370:Generated_Source\PSoC4/cyfitter_cfg.c **** 
 371:Generated_Source\PSoC4/cyfitter_cfg.c **** 	/* IOPINS0_3 Starting address: CYDEV_GPIO_PRT3_BASE */
 372:Generated_Source\PSoC4/cyfitter_cfg.c **** 	CY_SET_REG32((void *)(CYDEV_GPIO_PRT3_BASE), 0x000000F0u);
 573              		.loc 1 372 0
 574 020c 1B4B     		ldr	r3, .L18+64
 575 020e F022     		movs	r2, #240
 576 0210 1A60     		str	r2, [r3]
 373:Generated_Source\PSoC4/cyfitter_cfg.c **** 	CY_SET_REG32((void *)(CYREG_GPIO_PRT3_PC), 0x000A4000u);
 577              		.loc 1 373 0
 578 0212 1B4B     		ldr	r3, .L18+68
 579 0214 A422     		movs	r2, #164
 580 0216 1203     		lsls	r2, r2, #12
 581 0218 1A60     		str	r2, [r3]
 374:Generated_Source\PSoC4/cyfitter_cfg.c **** 	CY_SET_REG32((void *)(CYREG_GPIO_PRT3_PC2), 0x00000080u);
 582              		.loc 1 374 0
 583 021a 1A4B     		ldr	r3, .L18+72
 584 021c 8022     		movs	r2, #128
 585 021e 1A60     		str	r2, [r3]
 375:Generated_Source\PSoC4/cyfitter_cfg.c **** 
 376:Generated_Source\PSoC4/cyfitter_cfg.c **** 	/* IOPINS0_4 Starting address: CYDEV_GPIO_PRT4_BASE */
 377:Generated_Source\PSoC4/cyfitter_cfg.c **** 	CY_SET_REG32((void *)(CYDEV_GPIO_PRT4_BASE), 0x00000003u);
 586              		.loc 1 377 0
 587 0220 194B     		ldr	r3, .L18+76
 588 0222 0322     		movs	r2, #3
 589 0224 1A60     		str	r2, [r3]
 378:Generated_Source\PSoC4/cyfitter_cfg.c **** 	CY_SET_REG32((void *)(CYREG_GPIO_PRT4_PC), 0x00000024u);
ARM GAS  C:\Users\Intern\AppData\Local\Temp\ccbbKiKJ.s 			page 18


 590              		.loc 1 378 0
 591 0226 194B     		ldr	r3, .L18+80
 592 0228 2422     		movs	r2, #36
 593 022a 1A60     		str	r2, [r3]
 379:Generated_Source\PSoC4/cyfitter_cfg.c **** 
 380:Generated_Source\PSoC4/cyfitter_cfg.c **** 
 381:Generated_Source\PSoC4/cyfitter_cfg.c **** 	/* Setup clocks based on selections from Clock DWR */
 382:Generated_Source\PSoC4/cyfitter_cfg.c **** 	ClockSetup();
 594              		.loc 1 382 0
 595 022c FFF7E8FE 		bl	ClockSetup
 383:Generated_Source\PSoC4/cyfitter_cfg.c **** 
 384:Generated_Source\PSoC4/cyfitter_cfg.c **** 	/* Perform basic analog initialization to defaults */
 385:Generated_Source\PSoC4/cyfitter_cfg.c **** 	AnalogSetDefault();
 596              		.loc 1 385 0
 597 0230 FFF7FEFF 		bl	AnalogSetDefault
 386:Generated_Source\PSoC4/cyfitter_cfg.c **** 
 387:Generated_Source\PSoC4/cyfitter_cfg.c **** }
 598              		.loc 1 387 0
 599 0234 C046     		nop
 600 0236 BD46     		mov	sp, r7
 601 0238 02B0     		add	sp, sp, #8
 602              		@ sp needed
 603 023a 80BD     		pop	{r7, pc}
 604              	.L19:
 605              		.align	2
 606              	.L18:
 607 023c 6CF02E40 		.word	1076818028
 608 0240 00000000 		.word	cfg_memset_list.4899
 609 0244 00000240 		.word	1073872896
 610 0248 000099EE 		.word	-291962880
 611 024c 00030240 		.word	1073873664
 612 0250 00500F40 		.word	1074745344
 613 0254 10500F40 		.word	1074745360
 614 0258 30500F40 		.word	1074745392
 615 025c 00700F40 		.word	1074753536
 616 0260 00000440 		.word	1074003968
 617 0264 08000440 		.word	1074003976
 618 0268 0010DB00 		.word	14356480
 619 026c 18000440 		.word	1074003992
 620 0270 00010440 		.word	1074004224
 621 0274 08010440 		.word	1074004232
 622 0278 00204900 		.word	4792320
 623 027c 00030440 		.word	1074004736
 624 0280 08030440 		.word	1074004744
 625 0284 18030440 		.word	1074004760
 626 0288 00040440 		.word	1074004992
 627 028c 08040440 		.word	1074005000
 628              		.cfi_endproc
 629              	.LFE8:
 630              		.size	cyfitter_cfg, .-cyfitter_cfg
 631              		.section	.rodata
 632              		.align	2
 633              		.type	cfg_memset_list.4899, %object
 634              		.size	cfg_memset_list.4899, 12
 635              	cfg_memset_list.4899:
 636 0000 00300F40 		.word	1074737152
 637 0004 0004     		.short	1024
ARM GAS  C:\Users\Intern\AppData\Local\Temp\ccbbKiKJ.s 			page 19


 638 0006 00400F40 		.4byte	1074741248
 639 000a 0004     		.short	1024
 640              		.text
 641              	.Letext0:
 642              		.file 2 "c:\\program files (x86)\\cypress\\psoc creator\\4.2\\psoc creator\\import\\gnu\\arm\\5.4.
 643              		.file 3 "Generated_Source\\PSoC4\\cytypes.h"
 644              		.section	.debug_info,"",%progbits
 645              	.Ldebug_info0:
 646 0000 8A020000 		.4byte	0x28a
 647 0004 0400     		.2byte	0x4
 648 0006 00000000 		.4byte	.Ldebug_abbrev0
 649 000a 04       		.byte	0x4
 650 000b 01       		.uleb128 0x1
 651 000c E6000000 		.4byte	.LASF32
 652 0010 0C       		.byte	0xc
 653 0011 47020000 		.4byte	.LASF33
 654 0015 67000000 		.4byte	.LASF34
 655 0019 00000000 		.4byte	.Ldebug_ranges0+0
 656 001d 00000000 		.4byte	0
 657 0021 00000000 		.4byte	.Ldebug_line0
 658 0025 02       		.uleb128 0x2
 659 0026 04       		.byte	0x4
 660 0027 05       		.byte	0x5
 661 0028 696E7400 		.ascii	"int\000"
 662 002c 03       		.uleb128 0x3
 663 002d 16000000 		.4byte	.LASF12
 664 0031 02       		.byte	0x2
 665 0032 D8       		.byte	0xd8
 666 0033 37000000 		.4byte	0x37
 667 0037 04       		.uleb128 0x4
 668 0038 04       		.byte	0x4
 669 0039 07       		.byte	0x7
 670 003a BA010000 		.4byte	.LASF0
 671 003e 04       		.uleb128 0x4
 672 003f 08       		.byte	0x8
 673 0040 05       		.byte	0x5
 674 0041 01020000 		.4byte	.LASF1
 675 0045 04       		.uleb128 0x4
 676 0046 08       		.byte	0x8
 677 0047 04       		.byte	0x4
 678 0048 2F020000 		.4byte	.LASF2
 679 004c 04       		.uleb128 0x4
 680 004d 01       		.byte	0x1
 681 004e 06       		.byte	0x6
 682 004f 3B020000 		.4byte	.LASF3
 683 0053 04       		.uleb128 0x4
 684 0054 01       		.byte	0x1
 685 0055 08       		.byte	0x8
 686 0056 8A010000 		.4byte	.LASF4
 687 005a 04       		.uleb128 0x4
 688 005b 02       		.byte	0x2
 689 005c 05       		.byte	0x5
 690 005d 14020000 		.4byte	.LASF5
 691 0061 04       		.uleb128 0x4
 692 0062 02       		.byte	0x2
 693 0063 07       		.byte	0x7
 694 0064 49000000 		.4byte	.LASF6
ARM GAS  C:\Users\Intern\AppData\Local\Temp\ccbbKiKJ.s 			page 20


 695 0068 04       		.uleb128 0x4
 696 0069 04       		.byte	0x4
 697 006a 05       		.byte	0x5
 698 006b 26020000 		.4byte	.LASF7
 699 006f 04       		.uleb128 0x4
 700 0070 04       		.byte	0x4
 701 0071 07       		.byte	0x7
 702 0072 C4000000 		.4byte	.LASF8
 703 0076 04       		.uleb128 0x4
 704 0077 08       		.byte	0x8
 705 0078 07       		.byte	0x7
 706 0079 D4010000 		.4byte	.LASF9
 707 007d 04       		.uleb128 0x4
 708 007e 04       		.byte	0x4
 709 007f 07       		.byte	0x7
 710 0080 F8010000 		.4byte	.LASF10
 711 0084 05       		.uleb128 0x5
 712 0085 04       		.byte	0x4
 713 0086 04       		.uleb128 0x4
 714 0087 01       		.byte	0x1
 715 0088 08       		.byte	0x8
 716 0089 0F020000 		.4byte	.LASF11
 717 008d 06       		.uleb128 0x6
 718 008e D6000000 		.4byte	.LASF13
 719 0092 03       		.byte	0x3
 720 0093 E401     		.2byte	0x1e4
 721 0095 53000000 		.4byte	0x53
 722 0099 06       		.uleb128 0x6
 723 009a AC010000 		.4byte	.LASF14
 724 009e 03       		.byte	0x3
 725 009f E501     		.2byte	0x1e5
 726 00a1 61000000 		.4byte	0x61
 727 00a5 06       		.uleb128 0x6
 728 00a6 B3010000 		.4byte	.LASF15
 729 00aa 03       		.byte	0x3
 730 00ab E601     		.2byte	0x1e6
 731 00ad 6F000000 		.4byte	0x6f
 732 00b1 04       		.uleb128 0x4
 733 00b2 04       		.byte	0x4
 734 00b3 04       		.byte	0x4
 735 00b4 5C000000 		.4byte	.LASF16
 736 00b8 04       		.uleb128 0x4
 737 00b9 08       		.byte	0x8
 738 00ba 04       		.byte	0x4
 739 00bb 98010000 		.4byte	.LASF17
 740 00bf 06       		.uleb128 0x6
 741 00c0 BF000000 		.4byte	.LASF18
 742 00c4 03       		.byte	0x3
 743 00c5 8E02     		.2byte	0x28e
 744 00c7 CB000000 		.4byte	0xcb
 745 00cb 07       		.uleb128 0x7
 746 00cc 8D000000 		.4byte	0x8d
 747 00d0 06       		.uleb128 0x6
 748 00d1 10000000 		.4byte	.LASF19
 749 00d5 03       		.byte	0x3
 750 00d6 9002     		.2byte	0x290
 751 00d8 DC000000 		.4byte	0xdc
ARM GAS  C:\Users\Intern\AppData\Local\Temp\ccbbKiKJ.s 			page 21


 752 00dc 07       		.uleb128 0x7
 753 00dd A5000000 		.4byte	0xa5
 754 00e1 08       		.uleb128 0x8
 755 00e2 DC000000 		.4byte	.LASF20
 756 00e6 01       		.byte	0x1
 757 00e7 4C       		.byte	0x4c
 758 00e8 00000000 		.4byte	.LFB2
 759 00ec 1E000000 		.4byte	.LFE2-.LFB2
 760 00f0 01       		.uleb128 0x1
 761 00f1 9C       		.byte	0x9c
 762 00f2 0F010000 		.4byte	0x10f
 763 00f6 09       		.uleb128 0x9
 764 00f7 7300     		.ascii	"s\000"
 765 00f9 01       		.byte	0x1
 766 00fa 4C       		.byte	0x4c
 767 00fb 84000000 		.4byte	0x84
 768 00ff 02       		.uleb128 0x2
 769 0100 91       		.byte	0x91
 770 0101 74       		.sleb128 -12
 771 0102 09       		.uleb128 0x9
 772 0103 6E00     		.ascii	"n\000"
 773 0105 01       		.byte	0x1
 774 0106 4C       		.byte	0x4c
 775 0107 2C000000 		.4byte	0x2c
 776 010b 02       		.uleb128 0x2
 777 010c 91       		.byte	0x91
 778 010d 70       		.sleb128 -16
 779 010e 00       		.byte	0
 780 010f 08       		.uleb128 0x8
 781 0110 76020000 		.4byte	.LASF21
 782 0114 01       		.byte	0x1
 783 0115 53       		.byte	0x53
 784 0116 00000000 		.4byte	.LFB3
 785 011a 20000000 		.4byte	.LFE3-.LFB3
 786 011e 01       		.uleb128 0x1
 787 011f 9C       		.byte	0x9c
 788 0120 4D010000 		.4byte	0x14d
 789 0124 0A       		.uleb128 0xa
 790 0125 62000000 		.4byte	.LASF22
 791 0129 01       		.byte	0x1
 792 012a 53       		.byte	0x53
 793 012b 84000000 		.4byte	0x84
 794 012f 02       		.uleb128 0x2
 795 0130 91       		.byte	0x91
 796 0131 74       		.sleb128 -12
 797 0132 09       		.uleb128 0x9
 798 0133 73726300 		.ascii	"src\000"
 799 0137 01       		.byte	0x1
 800 0138 53       		.byte	0x53
 801 0139 4D010000 		.4byte	0x14d
 802 013d 02       		.uleb128 0x2
 803 013e 91       		.byte	0x91
 804 013f 70       		.sleb128 -16
 805 0140 09       		.uleb128 0x9
 806 0141 6E00     		.ascii	"n\000"
 807 0143 01       		.byte	0x1
 808 0144 53       		.byte	0x53
ARM GAS  C:\Users\Intern\AppData\Local\Temp\ccbbKiKJ.s 			page 22


 809 0145 2C000000 		.4byte	0x2c
 810 0149 02       		.uleb128 0x2
 811 014a 91       		.byte	0x91
 812 014b 6C       		.sleb128 -20
 813 014c 00       		.byte	0
 814 014d 0B       		.uleb128 0xb
 815 014e 04       		.byte	0x4
 816 014f 53010000 		.4byte	0x153
 817 0153 0C       		.uleb128 0xc
 818 0154 08       		.uleb128 0x8
 819 0155 00000000 		.4byte	.LASF23
 820 0159 01       		.byte	0x1
 821 015a 5A       		.byte	0x5a
 822 015b 00000000 		.4byte	.LFB4
 823 015f 20000000 		.4byte	.LFE4-.LFB4
 824 0163 01       		.uleb128 0x1
 825 0164 9C       		.byte	0x9c
 826 0165 92010000 		.4byte	0x192
 827 0169 0A       		.uleb128 0xa
 828 016a 62000000 		.4byte	.LASF22
 829 016e 01       		.byte	0x1
 830 016f 5A       		.byte	0x5a
 831 0170 84000000 		.4byte	0x84
 832 0174 02       		.uleb128 0x2
 833 0175 91       		.byte	0x91
 834 0176 74       		.sleb128 -12
 835 0177 09       		.uleb128 0x9
 836 0178 73726300 		.ascii	"src\000"
 837 017c 01       		.byte	0x1
 838 017d 5A       		.byte	0x5a
 839 017e 4D010000 		.4byte	0x14d
 840 0182 02       		.uleb128 0x2
 841 0183 91       		.byte	0x91
 842 0184 70       		.sleb128 -16
 843 0185 09       		.uleb128 0x9
 844 0186 6E00     		.ascii	"n\000"
 845 0188 01       		.byte	0x1
 846 0189 5A       		.byte	0x5a
 847 018a 2C000000 		.4byte	0x2c
 848 018e 02       		.uleb128 0x2
 849 018f 91       		.byte	0x91
 850 0190 6C       		.sleb128 -20
 851 0191 00       		.byte	0
 852 0192 0D       		.uleb128 0xd
 853 0193 3E000000 		.4byte	.LASF24
 854 0197 01       		.byte	0x1
 855 0198 AA       		.byte	0xaa
 856 0199 00000000 		.4byte	.LFB5
 857 019d 54010000 		.4byte	.LFE5-.LFB5
 858 01a1 01       		.uleb128 0x1
 859 01a2 9C       		.byte	0x9c
 860 01a3 0D       		.uleb128 0xd
 861 01a4 1D000000 		.4byte	.LASF25
 862 01a8 01       		.byte	0x1
 863 01a9 FE       		.byte	0xfe
 864 01aa 00000000 		.4byte	.LFB6
 865 01ae 44000000 		.4byte	.LFE6-.LFB6
ARM GAS  C:\Users\Intern\AppData\Local\Temp\ccbbKiKJ.s 			page 23


 866 01b2 01       		.uleb128 0x1
 867 01b3 9C       		.byte	0x9c
 868 01b4 0E       		.uleb128 0xe
 869 01b5 74010000 		.4byte	.LASF35
 870 01b9 01       		.byte	0x1
 871 01ba 1901     		.2byte	0x119
 872 01bc 00000000 		.4byte	.LFB7
 873 01c0 40000000 		.4byte	.LFE7-.LFB7
 874 01c4 01       		.uleb128 0x1
 875 01c5 9C       		.byte	0x9c
 876 01c6 E9010000 		.4byte	0x1e9
 877 01ca 0F       		.uleb128 0xf
 878 01cb 1E020000 		.4byte	.LASF26
 879 01cf 01       		.byte	0x1
 880 01d0 1901     		.2byte	0x119
 881 01d2 8D000000 		.4byte	0x8d
 882 01d6 02       		.uleb128 0x2
 883 01d7 91       		.byte	0x91
 884 01d8 6F       		.sleb128 -17
 885 01d9 10       		.uleb128 0x10
 886 01da 6D020000 		.4byte	.LASF30
 887 01de 01       		.byte	0x1
 888 01df 1B01     		.2byte	0x11b
 889 01e1 A5000000 		.4byte	0xa5
 890 01e5 02       		.uleb128 0x2
 891 01e6 91       		.byte	0x91
 892 01e7 74       		.sleb128 -12
 893 01e8 00       		.byte	0
 894 01e9 11       		.uleb128 0x11
 895 01ea 9F010000 		.4byte	.LASF36
 896 01ee 01       		.byte	0x1
 897 01ef 3B01     		.2byte	0x13b
 898 01f1 54010000 		.4byte	.LFB8
 899 01f5 3C010000 		.4byte	.LFE8-.LFB8
 900 01f9 01       		.uleb128 0x1
 901 01fa 9C       		.byte	0x9c
 902 01fb 12       		.uleb128 0x12
 903 01fc 62010000 		.4byte	.LBB2
 904 0200 8C000000 		.4byte	.LBE2-.LBB2
 905 0204 13       		.uleb128 0x13
 906 0205 06       		.byte	0x6
 907 0206 01       		.byte	0x1
 908 0207 4401     		.2byte	0x144
 909 0209 28020000 		.4byte	0x228
 910 020d 14       		.uleb128 0x14
 911 020e CC010000 		.4byte	.LASF27
 912 0212 01       		.byte	0x1
 913 0213 4501     		.2byte	0x145
 914 0215 84000000 		.4byte	0x84
 915 0219 00       		.byte	0
 916 021a 14       		.uleb128 0x14
 917 021b C7010000 		.4byte	.LASF28
 918 021f 01       		.byte	0x1
 919 0220 4601     		.2byte	0x146
 920 0222 99000000 		.4byte	0x99
 921 0226 04       		.byte	0x4
 922 0227 00       		.byte	0
ARM GAS  C:\Users\Intern\AppData\Local\Temp\ccbbKiKJ.s 			page 24


 923 0228 06       		.uleb128 0x6
 924 0229 EB010000 		.4byte	.LASF29
 925 022d 01       		.byte	0x1
 926 022e 4701     		.2byte	0x147
 927 0230 04020000 		.4byte	0x204
 928 0234 15       		.uleb128 0x15
 929 0235 44020000 		.4byte	0x244
 930 0239 44020000 		.4byte	0x244
 931 023d 16       		.uleb128 0x16
 932 023e 7D000000 		.4byte	0x7d
 933 0242 01       		.byte	0x1
 934 0243 00       		.byte	0
 935 0244 17       		.uleb128 0x17
 936 0245 28020000 		.4byte	0x228
 937 0249 10       		.uleb128 0x10
 938 024a 2E000000 		.4byte	.LASF31
 939 024e 01       		.byte	0x1
 940 024f 4901     		.2byte	0x149
 941 0251 5B020000 		.4byte	0x25b
 942 0255 05       		.uleb128 0x5
 943 0256 03       		.byte	0x3
 944 0257 00000000 		.4byte	cfg_memset_list.4899
 945 025b 17       		.uleb128 0x17
 946 025c 34020000 		.4byte	0x234
 947 0260 18       		.uleb128 0x18
 948 0261 6900     		.ascii	"i\000"
 949 0263 01       		.byte	0x1
 950 0264 4F01     		.2byte	0x14f
 951 0266 8D000000 		.4byte	0x8d
 952 026a 02       		.uleb128 0x2
 953 026b 91       		.byte	0x91
 954 026c 77       		.sleb128 -9
 955 026d 12       		.uleb128 0x12
 956 026e 6A010000 		.4byte	.LBB3
 957 0272 3C000000 		.4byte	.LBE3-.LBB3
 958 0276 18       		.uleb128 0x18
 959 0277 6D7300   		.ascii	"ms\000"
 960 027a 01       		.byte	0x1
 961 027b 5401     		.2byte	0x154
 962 027d 84020000 		.4byte	0x284
 963 0281 02       		.uleb128 0x2
 964 0282 91       		.byte	0x91
 965 0283 70       		.sleb128 -16
 966 0284 0B       		.uleb128 0xb
 967 0285 04       		.byte	0x4
 968 0286 44020000 		.4byte	0x244
 969 028a 00       		.byte	0
 970 028b 00       		.byte	0
 971 028c 00       		.byte	0
 972 028d 00       		.byte	0
 973              		.section	.debug_abbrev,"",%progbits
 974              	.Ldebug_abbrev0:
 975 0000 01       		.uleb128 0x1
 976 0001 11       		.uleb128 0x11
 977 0002 01       		.byte	0x1
 978 0003 25       		.uleb128 0x25
 979 0004 0E       		.uleb128 0xe
ARM GAS  C:\Users\Intern\AppData\Local\Temp\ccbbKiKJ.s 			page 25


 980 0005 13       		.uleb128 0x13
 981 0006 0B       		.uleb128 0xb
 982 0007 03       		.uleb128 0x3
 983 0008 0E       		.uleb128 0xe
 984 0009 1B       		.uleb128 0x1b
 985 000a 0E       		.uleb128 0xe
 986 000b 55       		.uleb128 0x55
 987 000c 17       		.uleb128 0x17
 988 000d 11       		.uleb128 0x11
 989 000e 01       		.uleb128 0x1
 990 000f 10       		.uleb128 0x10
 991 0010 17       		.uleb128 0x17
 992 0011 00       		.byte	0
 993 0012 00       		.byte	0
 994 0013 02       		.uleb128 0x2
 995 0014 24       		.uleb128 0x24
 996 0015 00       		.byte	0
 997 0016 0B       		.uleb128 0xb
 998 0017 0B       		.uleb128 0xb
 999 0018 3E       		.uleb128 0x3e
 1000 0019 0B       		.uleb128 0xb
 1001 001a 03       		.uleb128 0x3
 1002 001b 08       		.uleb128 0x8
 1003 001c 00       		.byte	0
 1004 001d 00       		.byte	0
 1005 001e 03       		.uleb128 0x3
 1006 001f 16       		.uleb128 0x16
 1007 0020 00       		.byte	0
 1008 0021 03       		.uleb128 0x3
 1009 0022 0E       		.uleb128 0xe
 1010 0023 3A       		.uleb128 0x3a
 1011 0024 0B       		.uleb128 0xb
 1012 0025 3B       		.uleb128 0x3b
 1013 0026 0B       		.uleb128 0xb
 1014 0027 49       		.uleb128 0x49
 1015 0028 13       		.uleb128 0x13
 1016 0029 00       		.byte	0
 1017 002a 00       		.byte	0
 1018 002b 04       		.uleb128 0x4
 1019 002c 24       		.uleb128 0x24
 1020 002d 00       		.byte	0
 1021 002e 0B       		.uleb128 0xb
 1022 002f 0B       		.uleb128 0xb
 1023 0030 3E       		.uleb128 0x3e
 1024 0031 0B       		.uleb128 0xb
 1025 0032 03       		.uleb128 0x3
 1026 0033 0E       		.uleb128 0xe
 1027 0034 00       		.byte	0
 1028 0035 00       		.byte	0
 1029 0036 05       		.uleb128 0x5
 1030 0037 0F       		.uleb128 0xf
 1031 0038 00       		.byte	0
 1032 0039 0B       		.uleb128 0xb
 1033 003a 0B       		.uleb128 0xb
 1034 003b 00       		.byte	0
 1035 003c 00       		.byte	0
 1036 003d 06       		.uleb128 0x6
ARM GAS  C:\Users\Intern\AppData\Local\Temp\ccbbKiKJ.s 			page 26


 1037 003e 16       		.uleb128 0x16
 1038 003f 00       		.byte	0
 1039 0040 03       		.uleb128 0x3
 1040 0041 0E       		.uleb128 0xe
 1041 0042 3A       		.uleb128 0x3a
 1042 0043 0B       		.uleb128 0xb
 1043 0044 3B       		.uleb128 0x3b
 1044 0045 05       		.uleb128 0x5
 1045 0046 49       		.uleb128 0x49
 1046 0047 13       		.uleb128 0x13
 1047 0048 00       		.byte	0
 1048 0049 00       		.byte	0
 1049 004a 07       		.uleb128 0x7
 1050 004b 35       		.uleb128 0x35
 1051 004c 00       		.byte	0
 1052 004d 49       		.uleb128 0x49
 1053 004e 13       		.uleb128 0x13
 1054 004f 00       		.byte	0
 1055 0050 00       		.byte	0
 1056 0051 08       		.uleb128 0x8
 1057 0052 2E       		.uleb128 0x2e
 1058 0053 01       		.byte	0x1
 1059 0054 03       		.uleb128 0x3
 1060 0055 0E       		.uleb128 0xe
 1061 0056 3A       		.uleb128 0x3a
 1062 0057 0B       		.uleb128 0xb
 1063 0058 3B       		.uleb128 0x3b
 1064 0059 0B       		.uleb128 0xb
 1065 005a 27       		.uleb128 0x27
 1066 005b 19       		.uleb128 0x19
 1067 005c 11       		.uleb128 0x11
 1068 005d 01       		.uleb128 0x1
 1069 005e 12       		.uleb128 0x12
 1070 005f 06       		.uleb128 0x6
 1071 0060 40       		.uleb128 0x40
 1072 0061 18       		.uleb128 0x18
 1073 0062 9642     		.uleb128 0x2116
 1074 0064 19       		.uleb128 0x19
 1075 0065 01       		.uleb128 0x1
 1076 0066 13       		.uleb128 0x13
 1077 0067 00       		.byte	0
 1078 0068 00       		.byte	0
 1079 0069 09       		.uleb128 0x9
 1080 006a 05       		.uleb128 0x5
 1081 006b 00       		.byte	0
 1082 006c 03       		.uleb128 0x3
 1083 006d 08       		.uleb128 0x8
 1084 006e 3A       		.uleb128 0x3a
 1085 006f 0B       		.uleb128 0xb
 1086 0070 3B       		.uleb128 0x3b
 1087 0071 0B       		.uleb128 0xb
 1088 0072 49       		.uleb128 0x49
 1089 0073 13       		.uleb128 0x13
 1090 0074 02       		.uleb128 0x2
 1091 0075 18       		.uleb128 0x18
 1092 0076 00       		.byte	0
 1093 0077 00       		.byte	0
ARM GAS  C:\Users\Intern\AppData\Local\Temp\ccbbKiKJ.s 			page 27


 1094 0078 0A       		.uleb128 0xa
 1095 0079 05       		.uleb128 0x5
 1096 007a 00       		.byte	0
 1097 007b 03       		.uleb128 0x3
 1098 007c 0E       		.uleb128 0xe
 1099 007d 3A       		.uleb128 0x3a
 1100 007e 0B       		.uleb128 0xb
 1101 007f 3B       		.uleb128 0x3b
 1102 0080 0B       		.uleb128 0xb
 1103 0081 49       		.uleb128 0x49
 1104 0082 13       		.uleb128 0x13
 1105 0083 02       		.uleb128 0x2
 1106 0084 18       		.uleb128 0x18
 1107 0085 00       		.byte	0
 1108 0086 00       		.byte	0
 1109 0087 0B       		.uleb128 0xb
 1110 0088 0F       		.uleb128 0xf
 1111 0089 00       		.byte	0
 1112 008a 0B       		.uleb128 0xb
 1113 008b 0B       		.uleb128 0xb
 1114 008c 49       		.uleb128 0x49
 1115 008d 13       		.uleb128 0x13
 1116 008e 00       		.byte	0
 1117 008f 00       		.byte	0
 1118 0090 0C       		.uleb128 0xc
 1119 0091 26       		.uleb128 0x26
 1120 0092 00       		.byte	0
 1121 0093 00       		.byte	0
 1122 0094 00       		.byte	0
 1123 0095 0D       		.uleb128 0xd
 1124 0096 2E       		.uleb128 0x2e
 1125 0097 00       		.byte	0
 1126 0098 03       		.uleb128 0x3
 1127 0099 0E       		.uleb128 0xe
 1128 009a 3A       		.uleb128 0x3a
 1129 009b 0B       		.uleb128 0xb
 1130 009c 3B       		.uleb128 0x3b
 1131 009d 0B       		.uleb128 0xb
 1132 009e 27       		.uleb128 0x27
 1133 009f 19       		.uleb128 0x19
 1134 00a0 11       		.uleb128 0x11
 1135 00a1 01       		.uleb128 0x1
 1136 00a2 12       		.uleb128 0x12
 1137 00a3 06       		.uleb128 0x6
 1138 00a4 40       		.uleb128 0x40
 1139 00a5 18       		.uleb128 0x18
 1140 00a6 9642     		.uleb128 0x2116
 1141 00a8 19       		.uleb128 0x19
 1142 00a9 00       		.byte	0
 1143 00aa 00       		.byte	0
 1144 00ab 0E       		.uleb128 0xe
 1145 00ac 2E       		.uleb128 0x2e
 1146 00ad 01       		.byte	0x1
 1147 00ae 3F       		.uleb128 0x3f
 1148 00af 19       		.uleb128 0x19
 1149 00b0 03       		.uleb128 0x3
 1150 00b1 0E       		.uleb128 0xe
ARM GAS  C:\Users\Intern\AppData\Local\Temp\ccbbKiKJ.s 			page 28


 1151 00b2 3A       		.uleb128 0x3a
 1152 00b3 0B       		.uleb128 0xb
 1153 00b4 3B       		.uleb128 0x3b
 1154 00b5 05       		.uleb128 0x5
 1155 00b6 27       		.uleb128 0x27
 1156 00b7 19       		.uleb128 0x19
 1157 00b8 11       		.uleb128 0x11
 1158 00b9 01       		.uleb128 0x1
 1159 00ba 12       		.uleb128 0x12
 1160 00bb 06       		.uleb128 0x6
 1161 00bc 40       		.uleb128 0x40
 1162 00bd 18       		.uleb128 0x18
 1163 00be 9742     		.uleb128 0x2117
 1164 00c0 19       		.uleb128 0x19
 1165 00c1 01       		.uleb128 0x1
 1166 00c2 13       		.uleb128 0x13
 1167 00c3 00       		.byte	0
 1168 00c4 00       		.byte	0
 1169 00c5 0F       		.uleb128 0xf
 1170 00c6 05       		.uleb128 0x5
 1171 00c7 00       		.byte	0
 1172 00c8 03       		.uleb128 0x3
 1173 00c9 0E       		.uleb128 0xe
 1174 00ca 3A       		.uleb128 0x3a
 1175 00cb 0B       		.uleb128 0xb
 1176 00cc 3B       		.uleb128 0x3b
 1177 00cd 05       		.uleb128 0x5
 1178 00ce 49       		.uleb128 0x49
 1179 00cf 13       		.uleb128 0x13
 1180 00d0 02       		.uleb128 0x2
 1181 00d1 18       		.uleb128 0x18
 1182 00d2 00       		.byte	0
 1183 00d3 00       		.byte	0
 1184 00d4 10       		.uleb128 0x10
 1185 00d5 34       		.uleb128 0x34
 1186 00d6 00       		.byte	0
 1187 00d7 03       		.uleb128 0x3
 1188 00d8 0E       		.uleb128 0xe
 1189 00d9 3A       		.uleb128 0x3a
 1190 00da 0B       		.uleb128 0xb
 1191 00db 3B       		.uleb128 0x3b
 1192 00dc 05       		.uleb128 0x5
 1193 00dd 49       		.uleb128 0x49
 1194 00de 13       		.uleb128 0x13
 1195 00df 02       		.uleb128 0x2
 1196 00e0 18       		.uleb128 0x18
 1197 00e1 00       		.byte	0
 1198 00e2 00       		.byte	0
 1199 00e3 11       		.uleb128 0x11
 1200 00e4 2E       		.uleb128 0x2e
 1201 00e5 01       		.byte	0x1
 1202 00e6 3F       		.uleb128 0x3f
 1203 00e7 19       		.uleb128 0x19
 1204 00e8 03       		.uleb128 0x3
 1205 00e9 0E       		.uleb128 0xe
 1206 00ea 3A       		.uleb128 0x3a
 1207 00eb 0B       		.uleb128 0xb
ARM GAS  C:\Users\Intern\AppData\Local\Temp\ccbbKiKJ.s 			page 29


 1208 00ec 3B       		.uleb128 0x3b
 1209 00ed 05       		.uleb128 0x5
 1210 00ee 27       		.uleb128 0x27
 1211 00ef 19       		.uleb128 0x19
 1212 00f0 11       		.uleb128 0x11
 1213 00f1 01       		.uleb128 0x1
 1214 00f2 12       		.uleb128 0x12
 1215 00f3 06       		.uleb128 0x6
 1216 00f4 40       		.uleb128 0x40
 1217 00f5 18       		.uleb128 0x18
 1218 00f6 9642     		.uleb128 0x2116
 1219 00f8 19       		.uleb128 0x19
 1220 00f9 00       		.byte	0
 1221 00fa 00       		.byte	0
 1222 00fb 12       		.uleb128 0x12
 1223 00fc 0B       		.uleb128 0xb
 1224 00fd 01       		.byte	0x1
 1225 00fe 11       		.uleb128 0x11
 1226 00ff 01       		.uleb128 0x1
 1227 0100 12       		.uleb128 0x12
 1228 0101 06       		.uleb128 0x6
 1229 0102 00       		.byte	0
 1230 0103 00       		.byte	0
 1231 0104 13       		.uleb128 0x13
 1232 0105 13       		.uleb128 0x13
 1233 0106 01       		.byte	0x1
 1234 0107 0B       		.uleb128 0xb
 1235 0108 0B       		.uleb128 0xb
 1236 0109 3A       		.uleb128 0x3a
 1237 010a 0B       		.uleb128 0xb
 1238 010b 3B       		.uleb128 0x3b
 1239 010c 05       		.uleb128 0x5
 1240 010d 01       		.uleb128 0x1
 1241 010e 13       		.uleb128 0x13
 1242 010f 00       		.byte	0
 1243 0110 00       		.byte	0
 1244 0111 14       		.uleb128 0x14
 1245 0112 0D       		.uleb128 0xd
 1246 0113 00       		.byte	0
 1247 0114 03       		.uleb128 0x3
 1248 0115 0E       		.uleb128 0xe
 1249 0116 3A       		.uleb128 0x3a
 1250 0117 0B       		.uleb128 0xb
 1251 0118 3B       		.uleb128 0x3b
 1252 0119 05       		.uleb128 0x5
 1253 011a 49       		.uleb128 0x49
 1254 011b 13       		.uleb128 0x13
 1255 011c 38       		.uleb128 0x38
 1256 011d 0B       		.uleb128 0xb
 1257 011e 00       		.byte	0
 1258 011f 00       		.byte	0
 1259 0120 15       		.uleb128 0x15
 1260 0121 01       		.uleb128 0x1
 1261 0122 01       		.byte	0x1
 1262 0123 49       		.uleb128 0x49
 1263 0124 13       		.uleb128 0x13
 1264 0125 01       		.uleb128 0x1
ARM GAS  C:\Users\Intern\AppData\Local\Temp\ccbbKiKJ.s 			page 30


 1265 0126 13       		.uleb128 0x13
 1266 0127 00       		.byte	0
 1267 0128 00       		.byte	0
 1268 0129 16       		.uleb128 0x16
 1269 012a 21       		.uleb128 0x21
 1270 012b 00       		.byte	0
 1271 012c 49       		.uleb128 0x49
 1272 012d 13       		.uleb128 0x13
 1273 012e 2F       		.uleb128 0x2f
 1274 012f 0B       		.uleb128 0xb
 1275 0130 00       		.byte	0
 1276 0131 00       		.byte	0
 1277 0132 17       		.uleb128 0x17
 1278 0133 26       		.uleb128 0x26
 1279 0134 00       		.byte	0
 1280 0135 49       		.uleb128 0x49
 1281 0136 13       		.uleb128 0x13
 1282 0137 00       		.byte	0
 1283 0138 00       		.byte	0
 1284 0139 18       		.uleb128 0x18
 1285 013a 34       		.uleb128 0x34
 1286 013b 00       		.byte	0
 1287 013c 03       		.uleb128 0x3
 1288 013d 08       		.uleb128 0x8
 1289 013e 3A       		.uleb128 0x3a
 1290 013f 0B       		.uleb128 0xb
 1291 0140 3B       		.uleb128 0x3b
 1292 0141 05       		.uleb128 0x5
 1293 0142 49       		.uleb128 0x49
 1294 0143 13       		.uleb128 0x13
 1295 0144 02       		.uleb128 0x2
 1296 0145 18       		.uleb128 0x18
 1297 0146 00       		.byte	0
 1298 0147 00       		.byte	0
 1299 0148 00       		.byte	0
 1300              		.section	.debug_aranges,"",%progbits
 1301 0000 4C000000 		.4byte	0x4c
 1302 0004 0200     		.2byte	0x2
 1303 0006 00000000 		.4byte	.Ldebug_info0
 1304 000a 04       		.byte	0x4
 1305 000b 00       		.byte	0
 1306 000c 0000     		.2byte	0
 1307 000e 0000     		.2byte	0
 1308 0010 00000000 		.4byte	.LFB2
 1309 0014 1E000000 		.4byte	.LFE2-.LFB2
 1310 0018 00000000 		.4byte	.LFB3
 1311 001c 20000000 		.4byte	.LFE3-.LFB3
 1312 0020 00000000 		.4byte	.LFB4
 1313 0024 20000000 		.4byte	.LFE4-.LFB4
 1314 0028 00000000 		.4byte	.LFB5
 1315 002c 54010000 		.4byte	.LFE5-.LFB5
 1316 0030 00000000 		.4byte	.LFB6
 1317 0034 44000000 		.4byte	.LFE6-.LFB6
 1318 0038 00000000 		.4byte	.LFB7
 1319 003c 40000000 		.4byte	.LFE7-.LFB7
 1320 0040 54010000 		.4byte	.LFB8
 1321 0044 3C010000 		.4byte	.LFE8-.LFB8
ARM GAS  C:\Users\Intern\AppData\Local\Temp\ccbbKiKJ.s 			page 31


 1322 0048 00000000 		.4byte	0
 1323 004c 00000000 		.4byte	0
 1324              		.section	.debug_ranges,"",%progbits
 1325              	.Ldebug_ranges0:
 1326 0000 00000000 		.4byte	.LFB2
 1327 0004 1E000000 		.4byte	.LFE2
 1328 0008 00000000 		.4byte	.LFB3
 1329 000c 20000000 		.4byte	.LFE3
 1330 0010 00000000 		.4byte	.LFB4
 1331 0014 20000000 		.4byte	.LFE4
 1332 0018 00000000 		.4byte	.LFB5
 1333 001c 54010000 		.4byte	.LFE5
 1334 0020 00000000 		.4byte	.LFB6
 1335 0024 44000000 		.4byte	.LFE6
 1336 0028 00000000 		.4byte	.LFB7
 1337 002c 40000000 		.4byte	.LFE7
 1338 0030 54010000 		.4byte	.LFB8
 1339 0034 90020000 		.4byte	.LFE8
 1340 0038 00000000 		.4byte	0
 1341 003c 00000000 		.4byte	0
 1342              		.section	.debug_line,"",%progbits
 1343              	.Ldebug_line0:
 1344 0000 98010000 		.section	.debug_str,"MS",%progbits,1
 1344      0200CB00 
 1344      00000201 
 1344      FB0E0D00 
 1344      01010101 
 1345              	.LASF23:
 1346 0000 4359434F 		.ascii	"CYCONFIGCPYCODE\000"
 1346      4E464947 
 1346      43505943 
 1346      4F444500 
 1347              	.LASF19:
 1348 0010 72656733 		.ascii	"reg32\000"
 1348      3200
 1349              	.LASF12:
 1350 0016 73697A65 		.ascii	"size_t\000"
 1350      5F7400
 1351              	.LASF25:
 1352 001d 416E616C 		.ascii	"AnalogSetDefault\000"
 1352      6F675365 
 1352      74446566 
 1352      61756C74 
 1352      00
 1353              	.LASF31:
 1354 002e 6366675F 		.ascii	"cfg_memset_list\000"
 1354      6D656D73 
 1354      65745F6C 
 1354      69737400 
 1355              	.LASF24:
 1356 003e 436C6F63 		.ascii	"ClockSetup\000"
 1356      6B536574 
 1356      757000
 1357              	.LASF6:
 1358 0049 73686F72 		.ascii	"short unsigned int\000"
 1358      7420756E 
 1358      7369676E 
ARM GAS  C:\Users\Intern\AppData\Local\Temp\ccbbKiKJ.s 			page 32


 1358      65642069 
 1358      6E7400
 1359              	.LASF16:
 1360 005c 666C6F61 		.ascii	"float\000"
 1360      7400
 1361              	.LASF22:
 1362 0062 64657374 		.ascii	"dest\000"
 1362      00
 1363              	.LASF34:
 1364 0067 433A5C55 		.ascii	"C:\\Users\\Intern\\Documents\\GitHub\\UV-Sticker\\P"
 1364      73657273 
 1364      5C496E74 
 1364      65726E5C 
 1364      446F6375 
 1365 0094 736F635C 		.ascii	"soc\\UV-Project\\UV-Watch_1\\UV-Watch_1.cydsn\000"
 1365      55562D50 
 1365      726F6A65 
 1365      63745C55 
 1365      562D5761 
 1366              	.LASF18:
 1367 00bf 72656738 		.ascii	"reg8\000"
 1367      00
 1368              	.LASF8:
 1369 00c4 6C6F6E67 		.ascii	"long unsigned int\000"
 1369      20756E73 
 1369      69676E65 
 1369      6420696E 
 1369      7400
 1370              	.LASF13:
 1371 00d6 75696E74 		.ascii	"uint8\000"
 1371      3800
 1372              	.LASF20:
 1373 00dc 43594D45 		.ascii	"CYMEMZERO\000"
 1373      4D5A4552 
 1373      4F00
 1374              	.LASF32:
 1375 00e6 474E5520 		.ascii	"GNU C11 5.4.1 20160609 (release) [ARM/embedded-5-br"
 1375      43313120 
 1375      352E342E 
 1375      31203230 
 1375      31363036 
 1376 0119 616E6368 		.ascii	"anch revision 237715] -mcpu=cortex-m0 -mthumb -g -O"
 1376      20726576 
 1376      6973696F 
 1376      6E203233 
 1376      37373135 
 1377 014c 30202D66 		.ascii	"0 -ffunction-sections -ffat-lto-objects\000"
 1377      66756E63 
 1377      74696F6E 
 1377      2D736563 
 1377      74696F6E 
 1378              	.LASF35:
 1379 0174 53657441 		.ascii	"SetAnalogRoutingPumps\000"
 1379      6E616C6F 
 1379      67526F75 
 1379      74696E67 
 1379      50756D70 
ARM GAS  C:\Users\Intern\AppData\Local\Temp\ccbbKiKJ.s 			page 33


 1380              	.LASF4:
 1381 018a 756E7369 		.ascii	"unsigned char\000"
 1381      676E6564 
 1381      20636861 
 1381      7200
 1382              	.LASF17:
 1383 0198 646F7562 		.ascii	"double\000"
 1383      6C6500
 1384              	.LASF36:
 1385 019f 63796669 		.ascii	"cyfitter_cfg\000"
 1385      74746572 
 1385      5F636667 
 1385      00
 1386              	.LASF14:
 1387 01ac 75696E74 		.ascii	"uint16\000"
 1387      313600
 1388              	.LASF15:
 1389 01b3 75696E74 		.ascii	"uint32\000"
 1389      333200
 1390              	.LASF0:
 1391 01ba 756E7369 		.ascii	"unsigned int\000"
 1391      676E6564 
 1391      20696E74 
 1391      00
 1392              	.LASF28:
 1393 01c7 73697A65 		.ascii	"size\000"
 1393      00
 1394              	.LASF27:
 1395 01cc 61646472 		.ascii	"address\000"
 1395      65737300 
 1396              	.LASF9:
 1397 01d4 6C6F6E67 		.ascii	"long long unsigned int\000"
 1397      206C6F6E 
 1397      6720756E 
 1397      7369676E 
 1397      65642069 
 1398              	.LASF29:
 1399 01eb 6366675F 		.ascii	"cfg_memset_t\000"
 1399      6D656D73 
 1399      65745F74 
 1399      00
 1400              	.LASF10:
 1401 01f8 73697A65 		.ascii	"sizetype\000"
 1401      74797065 
 1401      00
 1402              	.LASF1:
 1403 0201 6C6F6E67 		.ascii	"long long int\000"
 1403      206C6F6E 
 1403      6720696E 
 1403      7400
 1404              	.LASF11:
 1405 020f 63686172 		.ascii	"char\000"
 1405      00
 1406              	.LASF5:
 1407 0214 73686F72 		.ascii	"short int\000"
 1407      7420696E 
 1407      7400
ARM GAS  C:\Users\Intern\AppData\Local\Temp\ccbbKiKJ.s 			page 34


 1408              	.LASF26:
 1409 021e 656E6162 		.ascii	"enabled\000"
 1409      6C656400 
 1410              	.LASF7:
 1411 0226 6C6F6E67 		.ascii	"long int\000"
 1411      20696E74 
 1411      00
 1412              	.LASF2:
 1413 022f 6C6F6E67 		.ascii	"long double\000"
 1413      20646F75 
 1413      626C6500 
 1414              	.LASF3:
 1415 023b 7369676E 		.ascii	"signed char\000"
 1415      65642063 
 1415      68617200 
 1416              	.LASF33:
 1417 0247 47656E65 		.ascii	"Generated_Source\\PSoC4\\cyfitter_cfg.c\000"
 1417      72617465 
 1417      645F536F 
 1417      75726365 
 1417      5C50536F 
 1418              	.LASF30:
 1419 026d 72656756 		.ascii	"regValue\000"
 1419      616C7565 
 1419      00
 1420              	.LASF21:
 1421 0276 4359434F 		.ascii	"CYCONFIGCPY\000"
 1421      4E464947 
 1421      43505900 
 1422              		.ident	"GCC: (GNU Tools for ARM Embedded Processors) 5.4.1 20160609 (release) [ARM/embedded-5-bran
