#***************************************************************************

#sjplacer

#Version:            1.1

#Build Date:         Jul 19 2017 14:31:00

#File Generated:     Sep 21 2017 15:39:45

#Purpose:            

#Copyright (C) 2010-2011 by Softjin Technologies Pvt Ltd. All rights reserved.

#***************************************************************************

Executing : C:\Program Files (x86)\Cypress\PSoC Creator\4.1\PSoC Creator\bin/sjplacer.exe --proj-name UV-BB --netlist-vh2 UV-BB_p.vh2 --arch p4_udb2x2 --arch-file C:\Program Files (x86)\Cypress\PSoC Creator\4.1\PSoC Creator\dev\arch/udbdsi_2x2_04.cydata --ip-file C:\Program Files (x86)\Cypress\PSoC Creator\4.1\PSoC Creator\dev\psoc4/3/128k/ip_blocks.cydata --rrg-file C:\Program Files (x86)\Cypress\PSoC Creator\4.1\PSoC Creator\dev\psoc4/3/128k/route_arch-rrg.cydata --irq-file C:\Program Files (x86)\Cypress\PSoC Creator\4.1\PSoC Creator\dev\psoc4/3/irqconn.cydata --dsi-conn-file C:\Program Files (x86)\Cypress\PSoC Creator\4.1\PSoC Creator\dev\psoc4/3/dsiconn.cydata --pins-file pins_56-QFN.xml --lib-file UV-BB_p.lib --sdc-file UV-BB.sdc --io-pcf UV-BB.pci --outdir .

		Softjin Techologies Placer, Version 1.1

Build Date : Jul 19 2017	14:29:55

D2004: Option and Settings Summary
=============================================================
Netlist vh2 file          - UV-BB_p.vh2
Architecture file         - C:\Program Files (x86)\Cypress\PSoC Creator\4.1\PSoC Creator\dev\arch/udbdsi_2x2_04.cydata
Package                   - 
Defparam file             - 
SDC file                  - UV-BB.sdc
Output directory          - .
Timing library            - UV-BB_p.lib
IO Placement file         - UV-BB.pci

D2050: Starting reading inputs for placer
=============================================================
D2065: Reading netlist file : "UV-BB_p.vh2"
D2065: Reading arch file : "C:\Program Files (x86)\Cypress\PSoC Creator\4.1\PSoC Creator\dev\arch/udbdsi_2x2_04.cydata"
D2051: Reading of inputs for placer completed successfully

D2053: Starting placement of the design
=============================================================

Phase 2
Phase 3
I2659: No Constrained paths were found. The placer will run in non-timing driven mode.

Design Statistics after Packing
    Number of Combinational MCs 	:	1
    Number of Sequential MCs    	:	0
    Number of DPs               	:	0
    Number of Controls          	:	0
    Number of Status            	:	0
    Number of SyncCells         	:	0
    Number of count7cells       	:	0

Device Utilization Summary after Packing
    Macrocells                  :	1/32
    UDBS                        :	1/4
    IOs                         :	23/38


D2088: Phase 3, elapsed time : 0.0 (sec)

Phase 4
D2088: Phase 4, elapsed time : 0.0 (sec)

Phase 6
D2088: Phase 6, elapsed time : 0.0 (sec)

Phase 7
D2088: Phase 7, elapsed time : 0.0 (sec)

Final Design Statistics
    Number of Combinational MCs 	:	1
    Number of Sequential MCs    	:	0
    Number of DPs               	:	0
    Number of Controls          	:	0
    Number of Status            	:	0
    Number of SyncCells         	:	0
    Number of count7cells       	:	0
    Number of IOs       	:	23

Device Utilization Summary
    Macrocells                  :	1/32
    IOs                         :	23/38


Phase 8
D2088: Phase 8, elapsed time : 0.0 (sec)

D2054: Placement of the design completed successfully

I2076: Total run-time: 0.3 sec.

