Change Component Footprint: Designator=C1 Old Footprint=CAP_0201(0603)_M New Footprint=CAPC0301X04L_flex
Change Component Footprint: Designator=C15 Old Footprint=CAP_0201(0603)_M New Footprint=CAPC0301X04L_flex
Change Component Footprint: Designator=C17 Old Footprint=CAP_0201(0603)_M New Footprint=CAPC0301X04L_flex
Change Component Footprint: Designator=C18 Old Footprint=CAP_0201(0603)_M New Footprint=CAPC0301X04L_flex
Change Component Footprint: Designator=C21 Old Footprint=CAP_0201(0603)_M New Footprint=CAPC0301X04L_flex
Change Component Footprint: Designator=C23 Old Footprint=CAP_0201(0603)_M New Footprint=CAPC0301X04L_flex
Change Component Footprint: Designator=C27 Old Footprint=CAP_0201(0603)_M New Footprint=CAPC0301X04L_flex
Change Component Footprint: Designator=C28 Old Footprint=CAP_0201(0603)_M New Footprint=CAPC0301X04L_flex
Change Component Footprint: Designator=C34 Old Footprint=CAP_0201(0603)_M New Footprint=CAPC0301X04L_flex
Change Component Footprint: Designator=C35 Old Footprint=CAP_0201(0603)_M New Footprint=CAPC0301X04L_flex
Change Component Footprint: Designator=C40 Old Footprint=CAP_0201(0603)_M New Footprint=CAPC0301X04L_flex
Change Component Footprint: Designator=C41 Old Footprint=CAP_0201(0603)_M New Footprint=CAPC0301X04L_flex
Change Component Footprint: Designator=C42 Old Footprint=CAP_0201(0603)_M New Footprint=CAPC0301X04L_flex
Change Component Comment : Designator=C6 Old Comment=0.5pF New Comment=Capacitance
Change Component Comment : Designator=R6 Old Comment=0mR New Comment=Resistance
Change Component Comment : Designator=R8 Old Comment=0mR New Comment=Resistance
Change Component Comment : Designator=C1 Old Comment=1uF New Comment=Capacitance
Change Component Comment : Designator=C15 Old Comment=1uF New Comment=Capacitance
Change Component Comment : Designator=C18 Old Comment=1uF New Comment=Capacitance
Change Component Comment : Designator=C21 Old Comment=1uF New Comment=Capacitance
Change Component Comment : Designator=C23 Old Comment=1uF New Comment=Capacitance
Change Component Comment : Designator=C27 Old Comment=1uF New Comment=Capacitance
Change Component Comment : Designator=C28 Old Comment=1uF New Comment=Capacitance
Change Component Comment : Designator=C40 Old Comment=1uF New Comment=Capacitance
Change Component Comment : Designator=C42 Old Comment=1uF New Comment=Capacitance
Change Component Comment : Designator=L2 Old Comment=1uh New Comment=Inductance
Change Component Comment : Designator=L1 Old Comment=2nh New Comment=Inductance
Change Component Comment : Designator=C7 Old Comment=2pF New Comment=Capacitance
Change Component Comment : Designator=R2 Old Comment=4.7kR New Comment=Resistance
Change Component Comment : Designator=R3 Old Comment=4.7kR New Comment=Resistance
Change Component Comment : Designator=R7 Old Comment=4.7kR New Comment=Resistance
Change Component Comment : Designator=R11 Old Comment=4.7kR New Comment=Resistance
Change Component Comment : Designator=L3 Old Comment=9nh New Comment=Inductance
Change Component Comment : Designator=C2 Old Comment=10uF New Comment=Capacitance
Change Component Comment : Designator=C3 Old Comment=10uF New Comment=Capacitance
Change Component Comment : Designator=C4 Old Comment=10uF New Comment=Capacitance
Change Component Comment : Designator=C5 Old Comment=10uF New Comment=Capacitance
Change Component Comment : Designator=C9 Old Comment=18pF New Comment=Capacitance
Change Component Comment : Designator=R5 Old Comment=30kR New Comment=Resistance
Change Component Comment : Designator=C8 Old Comment=39pF New Comment=Capacitance
Change Component Comment : Designator=R4 Old Comment=100kR New Comment=Resistance
Change Component Comment : Designator=C17 Old Comment=100nF New Comment=Capacitance
Change Component Comment : Designator=C34 Old Comment=100nF New Comment=Capacitance
Change Component Comment : Designator=C41 Old Comment=100nF New Comment=Capacitance
Change Component Comment : Designator=C35 Old Comment=100pF New Comment=Capacitance
Change Component Comment : Designator=R1 Old Comment=270R New Comment=Resistance
Change Component Comment : Designator=J8 Old Comment=Battery_Connector New Comment=*
Change Component Comment : Designator=J9 Old Comment=Battery_Connector New Comment=*
Change Component Comment : Designator=U7 Old Comment=CY8C4127FNI-BL483 New Comment=*
Change Component Comment : Designator=U6 Old Comment=GUVB-C31SM New Comment=*
Change Component Comment : Designator=J11 Old Comment=Probe-CLOCK New Comment=*
Change Component Comment : Designator=J12 Old Comment=Probe-CLOCK New Comment=*
Change Component Comment : Designator=J13 Old Comment=Probe-CLOCK New Comment=*
Change Component Comment : Designator=J14 Old Comment=Probe-CLOCK New Comment=*
Change Component Comment : Designator=GND Old Comment=Probe-Pin Pad New Comment=*
Change Component Comment : Designator=SCL Old Comment=Probe-Pin Pad New Comment=*
Change Component Comment : Designator=SDA Old Comment=Probe-Pin Pad New Comment=*
Change Component Comment : Designator=SWD_CLK Old Comment=Probe-Pin Pad New Comment=*
Change Component Comment : Designator=SWD_DATA Old Comment=Probe-Pin Pad New Comment=*
Change Component Comment : Designator=V_BATT Old Comment=Probe-Pin Pad New Comment=*
Change Component Comment : Designator=VCC Old Comment=Probe-Pin Pad New Comment=*
Change Component Comment : Designator=XRES Old Comment=Probe-Pin Pad New Comment=*
Change Component Comment : Designator=D1 Old Comment=Red New Comment=#NAME?
Change Component Comment : Designator=U4 Old Comment=TMP116 New Comment=*
Change component parameters: Designator = "L3"; Footprint = "IND_0402(1005)_M"; UniqueID = "\VAISXLQG"
Change component parameters. Clean all parameters for all variants
Change component parameters: Designator = "C1"; Footprint = "CAPC0301X04L_flex"; UniqueID = "\QLSOJXJL"
Change component parameters. Clean all parameters for all variants
Change component parameters: Designator = "C2"; Footprint = "CAP_0402(1005)_M"; UniqueID = "\AVCMVHEP"
Change component parameters. Clean all parameters for all variants
Change component parameters: Designator = "C3"; Footprint = "CAP_0402(1005)_M"; UniqueID = "\PIQIUALC"
Change component parameters. Clean all parameters for all variants
Change component parameters: Designator = "C4"; Footprint = "CAP_0402(1005)_M"; UniqueID = "\MITWUXTN"
Change component parameters. Clean all parameters for all variants
Change component parameters: Designator = "C5"; Footprint = "CAP_0402(1005)_M"; UniqueID = "\SQEIUSYW"
Change component parameters. Clean all parameters for all variants
Change component parameters: Designator = "C15"; Footprint = "CAPC0301X04L_flex"; UniqueID = "\PBOSQTOW"
Change component parameters. Clean all parameters for all variants
Change component parameters: Designator = "C18"; Footprint = "CAPC0301X04L_flex"; UniqueID = "\PQOVHMSF"
Change component parameters. Clean all parameters for all variants
Change component parameters: Designator = "C21"; Footprint = "CAPC0301X04L_flex"; UniqueID = "\UEMSCHWR"
Change component parameters. Clean all parameters for all variants
Change component parameters: Designator = "C23"; Footprint = "CAPC0301X04L_flex"; UniqueID = "\UDPPOEGL"
Change component parameters. Clean all parameters for all variants
Change component parameters: Designator = "C27"; Footprint = "CAPC0301X04L_flex"; UniqueID = "\FFLWVONV"
Change component parameters. Clean all parameters for all variants
Change component parameters: Designator = "C28"; Footprint = "CAPC0301X04L_flex"; UniqueID = "\GPFLDEEG"
Change component parameters. Clean all parameters for all variants
Change component parameters: Designator = "C40"; Footprint = "CAPC0301X04L_flex"; UniqueID = "\VHVUKOVS"
Change component parameters. Clean all parameters for all variants
Change component parameters: Designator = "C42"; Footprint = "CAPC0301X04L_flex"; UniqueID = "\IXANOSAN"
Change component parameters. Clean all parameters for all variants
Change component parameters: Designator = "C8"; Footprint = "CAP_0402(1005)_M"; UniqueID = "\FLSPPQII"
Change component parameters. Clean all parameters for all variants
Change component parameters: Designator = "R1"; Footprint = "RES_0201(0603)_M"; UniqueID = "\IRANEWLN"
Change component parameters. Clean all parameters for all variants
Change component parameters: Designator = "C17"; Footprint = "CAPC0301X04L_flex"; UniqueID = "\TEVMGAIU"
Change component parameters. Clean all parameters for all variants
Change component parameters: Designator = "C34"; Footprint = "CAPC0301X04L_flex"; UniqueID = "\BQCMANPG"
Change component parameters. Clean all parameters for all variants
Change component parameters: Designator = "C41"; Footprint = "CAPC0301X04L_flex"; UniqueID = "\AOPSSWRM"
Change component parameters. Clean all parameters for all variants
Change component parameters: Designator = "C9"; Footprint = "CAP_0402(1005)_M"; UniqueID = "\NOWWVEFW"
Change component parameters. Clean all parameters for all variants
Change component parameters: Designator = "C6"; Footprint = "CAP_0402(1005)_M"; UniqueID = "\HTKMBRNI"
Change component parameters. Clean all parameters for all variants
Change component parameters: Designator = "L2"; Footprint = "IND_0402(1005)_M"; UniqueID = "\KTNOQFHS"
Change component parameters. Clean all parameters for all variants
Change component parameters: Designator = "R2"; Footprint = "RES_0201(0603)_M"; UniqueID = "\NWWPHQQB"
Change component parameters. Clean all parameters for all variants
Change component parameters: Designator = "R3"; Footprint = "RES_0201(0603)_M"; UniqueID = "\TBWNFBKR"
Change component parameters. Clean all parameters for all variants
Change component parameters: Designator = "R7"; Footprint = "RES_0201(0603)_M"; UniqueID = "\AACSQTPV"
Change component parameters. Clean all parameters for all variants
Change component parameters: Designator = "R11"; Footprint = "RES_0201(0603)_M"; UniqueID = "\CBTKPXXN"
Change component parameters. Clean all parameters for all variants
Change component parameters: Designator = "C35"; Footprint = "CAPC0301X04L_flex"; UniqueID = "\OXKRUTDC"
Change component parameters. Clean all parameters for all variants
Change component parameters: Designator = "C7"; Footprint = "CAP_0402(1005)_M"; UniqueID = "\NPIGLCUS"
Change component parameters. Clean all parameters for all variants
Change component parameters: Designator = "R5"; Footprint = "RES_0201(0603)_M"; UniqueID = "\WRAFWBOO"
Change component parameters. Clean all parameters for all variants
Change component parameters: Designator = "D1"; Footprint = "LED_0402(1005)"; UniqueID = "\QEHYRGFD"
Change component parameters. Clean all parameters for all variants
Change component parameters: Designator = "L1"; Footprint = "IND_0402(1005)_M"; UniqueID = "\BVALECFN"
Change component parameters. Clean all parameters for all variants
Change component parameters: Designator = "R4"; Footprint = "RES_0201(0603)_M"; UniqueID = "\EJGMNXNF"
Change component parameters. Clean all parameters for all variants
Change component parameters: Designator = "R6"; Footprint = "RES_0402(1005)_M"; UniqueID = "\DBXOLUCS"
Change component parameters. Clean all parameters for all variants
Change component parameters: Designator = "R8"; Footprint = "RES_0402(1005)_M"; UniqueID = "\QOYWOROX"
Change component parameters. Clean all parameters for all variants
Added Pin To Net: NetName=VCCD Pin=C1-1
Added Pin To Net: NetName=GND Pin=C1-2
Added Pin To Net: NetName=VCC Pin=C2-1
Added Pin To Net: NetName=GND Pin=C2-2
Added Pin To Net: NetName=VCC Pin=C3-1
Added Pin To Net: NetName=GND Pin=C3-2
Added Pin To Net: NetName=V_BATT Pin=C4-1
Added Pin To Net: NetName=GND Pin=C4-2
Added Pin To Net: NetName=V_BATT Pin=C5-1
Added Pin To Net: NetName=GND Pin=C5-2
Added Pin To Net: NetName=NetC6_1 Pin=C6-1
Added Pin To Net: NetName=NetC6_2 Pin=C6-2
Added Pin To Net: NetName=NetC6_2 Pin=C7-1
Added Pin To Net: NetName=GND Pin=C7-2
Added Pin To Net: NetName=XTAL_LF_P Pin=C8-1
Added Pin To Net: NetName=GND Pin=C8-2
Added Pin To Net: NetName=XTAL_LF_N Pin=C9-1
Added Pin To Net: NetName=GND Pin=C9-2
Added Pin To Net: NetName=VREF Pin=C15-1
Added Pin To Net: NetName=GND Pin=C15-2
Added Pin To Net: NetName=VCC Pin=C17-1
Added Pin To Net: NetName=GND Pin=C17-2
Added Pin To Net: NetName=VCC Pin=C18-1
Added Pin To Net: NetName=GND Pin=C18-2
Added Pin To Net: NetName=VCC Pin=C21-1
Added Pin To Net: NetName=GND Pin=C21-2
Added Pin To Net: NetName=VCC Pin=C23-1
Added Pin To Net: NetName=GND Pin=C23-2
Added Pin To Net: NetName=V_BATT Pin=C27-1
Added Pin To Net: NetName=GND Pin=C27-2
Added Pin To Net: NetName=V_BATT Pin=C28-1
Added Pin To Net: NetName=GND Pin=C28-2
Added Pin To Net: NetName=NetC34_1 Pin=C34-1
Added Pin To Net: NetName=GND Pin=C34-2
Added Pin To Net: NetName=XRES Pin=C35-1
Added Pin To Net: NetName=GND Pin=C35-2
Added Pin To Net: NetName=GND Pin=C40-1
Added Pin To Net: NetName=VCC Pin=C40-2
Added Pin To Net: NetName=GND Pin=C41-1
Added Pin To Net: NetName=VCC Pin=C41-2
Added Pin To Net: NetName=NetC34_1 Pin=C42-1
Added Pin To Net: NetName=GND Pin=C42-2
Added Pin To Net: NetName=LED_RED Pin=D1-A
Added Pin To Net: NetName=NetD1_K Pin=D1-K
Added Pin To Net: NetName=NetE2_1 Pin=E2-1
Added Pin To Net: NetName=GND Pin=GND-1
Added Pin To Net: NetName=V_BATT Pin=J8-1
Added Pin To Net: NetName=GND Pin=J9-1
Added Pin To Net: NetName=XTAL_LF_P Pin=J11-1
Added Pin To Net: NetName=XTAL_LF_N Pin=J12-1
Added Pin To Net: NetName=XTAL_HF_P Pin=J13-1
Added Pin To Net: NetName=XTAL_HF_N Pin=J14-1
Added Pin To Net: NetName=GND Pin=L1-1
Added Pin To Net: NetName=NetC6_2 Pin=L1-2
Added Pin To Net: NetName=NetC34_1 Pin=L2-1
Added Pin To Net: NetName=VCC Pin=L2-2
Added Pin To Net: NetName=NetC6_2 Pin=L3-1
Added Pin To Net: NetName=NetE2_1 Pin=L3-2
Added Pin To Net: NetName=NetD1_K Pin=R1-1
Added Pin To Net: NetName=GND Pin=R1-2
Added Pin To Net: NetName=VCC Pin=R2-1
Added Pin To Net: NetName=SDA Pin=R2-2
Added Pin To Net: NetName=VCC Pin=R3-1
Added Pin To Net: NetName=SCL Pin=R3-2
Added Pin To Net: NetName=V_BATT Pin=R4-1
Added Pin To Net: NetName=BATTERY_LEVEL Pin=R4-2
Added Pin To Net: NetName=BATTERY_LEVEL Pin=R5-1
Added Pin To Net: NetName=GND Pin=R5-2
Added Pin To Net: NetName=V_BATT Pin=R6-1
Added Pin To Net: NetName=NetC34_1 Pin=R6-2
Added Pin To Net: NetName=ALERT Pin=R7-1
Added Pin To Net: NetName=VCC Pin=R7-2
Added Pin To Net: NetName=ANTENNA Pin=R8-1
Added Pin To Net: NetName=NetC6_1 Pin=R8-2
Added Pin To Net: NetName=VCC Pin=R11-1
Added Pin To Net: NetName=XRES Pin=R11-2
Added Pin To Net: NetName=SCL Pin=SCL-1
Added Pin To Net: NetName=SDA Pin=SDA-1
Added Pin To Net: NetName=SWD_CLK Pin=SWD_CLK-1
Added Pin To Net: NetName=SWD_DATA Pin=SWD_DATA-1
Added Pin To Net: NetName=SCL Pin=U4-1
Added Pin To Net: NetName=GND Pin=U4-2
Added Pin To Net: NetName=ALERT Pin=U4-3
Added Pin To Net: NetName=GND Pin=U4-4
Added Pin To Net: NetName=VCC Pin=U4-5
Added Pin To Net: NetName=SDA Pin=U4-6
Added Pin To Net: NetName=GND Pin=U4-7
Added Pin To Net: NetName=V_BATT Pin=U5-A1
Added Pin To Net: NetName=NetC34_1 Pin=U5-A2
Added Pin To Net: NetName=V_BATT Pin=U5-B1
Added Pin To Net: NetName=GND Pin=U5-B2
Added Pin To Net: NetName=GND Pin=U6-1
Added Pin To Net: NetName=SDA Pin=U6-2
Added Pin To Net: NetName=SCL Pin=U6-3
Added Pin To Net: NetName=VCC Pin=U6-4
Added Pin To Net: NetName=VREF Pin=U7-A1
Added Pin To Net: NetName=GND Pin=U7-A2
Added Pin To Net: NetName=BATTERY_LEVEL Pin=U7-A4
Added Pin To Net: NetName=GND Pin=U7-A5
Added Pin To Net: NetName=GND Pin=U7-A6
Added Pin To Net: NetName=VCCD Pin=U7-A7
Added Pin To Net: NetName=VCC Pin=U7-A8
Added Pin To Net: NetName=ALERT Pin=U7-B1
Added Pin To Net: NetName=GND Pin=U7-B2
Added Pin To Net: NetName=XTAL_LF_N Pin=U7-B7
Added Pin To Net: NetName=XTAL_LF_P Pin=U7-B8
Added Pin To Net: NetName=GND Pin=U7-C1
Added Pin To Net: NetName=XRES Pin=U7-C7
Added Pin To Net: NetName=LED_RED Pin=U7-D1
Added Pin To Net: NetName=VCC Pin=U7-D2
Added Pin To Net: NetName=GND Pin=U7-D6
Added Pin To Net: NetName=GND Pin=U7-E8
Added Pin To Net: NetName=GND Pin=U7-F1
Added Pin To Net: NetName=SWD_CLK Pin=U7-F2
Added Pin To Net: NetName=GND Pin=U7-F6
Added Pin To Net: NetName=GND Pin=U7-F7
Added Pin To Net: NetName=VCC Pin=U7-F8
Added Pin To Net: NetName=SWD_DATA Pin=U7-G1
Added Pin To Net: NetName=VCC Pin=U7-G2
Added Pin To Net: NetName=GND Pin=U7-G4
Added Pin To Net: NetName=GND Pin=U7-G5
Added Pin To Net: NetName=GND Pin=U7-G6
Added Pin To Net: NetName=GND Pin=U7-G7
Added Pin To Net: NetName=GND Pin=U7-G8
Added Pin To Net: NetName=SCL Pin=U7-H1
Added Pin To Net: NetName=XTAL_HF_N Pin=U7-H3
Added Pin To Net: NetName=XTAL_HF_P Pin=U7-H4
Added Pin To Net: NetName=GND Pin=U7-H5
Added Pin To Net: NetName=GND Pin=U7-H6
Added Pin To Net: NetName=ANTENNA Pin=U7-H7
Added Pin To Net: NetName=SDA Pin=U7-J1
Added Pin To Net: NetName=VCC Pin=U7-J3
Added Pin To Net: NetName=VCC Pin=U7-J6
Added Pin To Net: NetName=V_BATT Pin=V_BATT-1
Added Pin To Net: NetName=VCC Pin=VCC-1
Added Pin To Net: NetName=XRES Pin=XRES-1
Added Pin To Net: NetName=XTAL_HF_P Pin=Y3-1
Added Pin To Net: NetName=GND Pin=Y3-2
Added Pin To Net: NetName=XTAL_HF_N Pin=Y3-3
Added Pin To Net: NetName=GND Pin=Y3-4
Added Pin To Net: NetName=XTAL_LF_P Pin=Y4-1
Added Pin To Net: NetName=XTAL_LF_N Pin=Y4-2
