Added Net: Name=ALERT
Added Net: Name=ANTENNA
Added Net: Name=BATTERY_LEVEL
Added Net: Name=GND
Added Net: Name=LED_RED
Added Net: Name=NetC6_1
Added Net: Name=NetC6_2
Added Net: Name=NetC34_1
Added Net: Name=NetD1_K
Added Net: Name=NetE2_1
Added Net: Name=SCL
Added Net: Name=SDA
Added Net: Name=SWD_CLK
Added Net: Name=SWD_DATA
Added Net: Name=V_BATT
Added Net: Name=VCCD
Added Net: Name=VCC
Added Net: Name=VREF
Added Net: Name=XRES
Added Net: Name=XTAL_HF_N
Added Net: Name=XTAL_HF_P
Added Net: Name=XTAL_LF_N
Added Net: Name=XTAL_LF_P
Added Class: Name=fullflex-1
