Replace Part C1 C-0201(0603) in C:\Users\jesss\Documents\code\UV-Sticker\PCB\Flex-PCB\Full-Flex\fullflex-1.SchDoc with C-0201(0603) from tempsensor.SCHLIB
Replace Part C2 C-0402(1005) in C:\Users\jesss\Documents\code\UV-Sticker\PCB\Flex-PCB\Full-Flex\fullflex-1.SchDoc with C-0402(1005) from tempsensor.SCHLIB
Replace Part C3 C-0402(1005) in C:\Users\jesss\Documents\code\UV-Sticker\PCB\Flex-PCB\Full-Flex\fullflex-1.SchDoc with C-0402(1005) from tempsensor.SCHLIB
Replace Part C4 C-0402(1005) in C:\Users\jesss\Documents\code\UV-Sticker\PCB\Flex-PCB\Full-Flex\fullflex-1.SchDoc with C-0402(1005) from tempsensor.SCHLIB
Replace Part C5 C-0402(1005) in C:\Users\jesss\Documents\code\UV-Sticker\PCB\Flex-PCB\Full-Flex\fullflex-1.SchDoc with C-0402(1005) from tempsensor.SCHLIB
Replace Part C6 C-0402(1005) in C:\Users\jesss\Documents\code\UV-Sticker\PCB\Flex-PCB\Full-Flex\fullflex-1.SchDoc with C-0402(1005) from tempsensor.SCHLIB
Replace Part C7 C-0402(1005) in C:\Users\jesss\Documents\code\UV-Sticker\PCB\Flex-PCB\Full-Flex\fullflex-1.SchDoc with C-0402(1005) from tempsensor.SCHLIB
Replace Part C8 C-0402(1005) in C:\Users\jesss\Documents\code\UV-Sticker\PCB\Flex-PCB\Full-Flex\fullflex-1.SchDoc with C-0402(1005) from tempsensor.SCHLIB
Replace Part C9 C-0402(1005) in C:\Users\jesss\Documents\code\UV-Sticker\PCB\Flex-PCB\Full-Flex\fullflex-1.SchDoc with C-0402(1005) from tempsensor.SCHLIB
Replace Part C15 C-0201(0603) in C:\Users\jesss\Documents\code\UV-Sticker\PCB\Flex-PCB\Full-Flex\fullflex-1.SchDoc with C-0201(0603) from tempsensor.SCHLIB
Replace Part C17 C-0201(0603) in C:\Users\jesss\Documents\code\UV-Sticker\PCB\Flex-PCB\Full-Flex\fullflex-1.SchDoc with C-0201(0603) from tempsensor.SCHLIB
Replace Part C18 C-0201(0603) in C:\Users\jesss\Documents\code\UV-Sticker\PCB\Flex-PCB\Full-Flex\fullflex-1.SchDoc with C-0201(0603) from tempsensor.SCHLIB
Replace Part C21 C-0201(0603) in C:\Users\jesss\Documents\code\UV-Sticker\PCB\Flex-PCB\Full-Flex\fullflex-1.SchDoc with C-0201(0603) from tempsensor.SCHLIB
Replace Part C23 C-0201(0603) in C:\Users\jesss\Documents\code\UV-Sticker\PCB\Flex-PCB\Full-Flex\fullflex-1.SchDoc with C-0201(0603) from tempsensor.SCHLIB
Replace Part C27 C-0201(0603) in C:\Users\jesss\Documents\code\UV-Sticker\PCB\Flex-PCB\Full-Flex\fullflex-1.SchDoc with C-0201(0603) from tempsensor.SCHLIB
Replace Part C28 C-0201(0603) in C:\Users\jesss\Documents\code\UV-Sticker\PCB\Flex-PCB\Full-Flex\fullflex-1.SchDoc with C-0201(0603) from tempsensor.SCHLIB
Replace Part C34 C-0201(0603) in C:\Users\jesss\Documents\code\UV-Sticker\PCB\Flex-PCB\Full-Flex\fullflex-1.SchDoc with C-0201(0603) from tempsensor.SCHLIB
Replace Part C35 C-0201(0603) in C:\Users\jesss\Documents\code\UV-Sticker\PCB\Flex-PCB\Full-Flex\fullflex-1.SchDoc with C-0201(0603) from tempsensor.SCHLIB
Replace Part C40 C-0201(0603) in C:\Users\jesss\Documents\code\UV-Sticker\PCB\Flex-PCB\Full-Flex\fullflex-1.SchDoc with C-0201(0603) from tempsensor.SCHLIB
Replace Part C41 C-0201(0603) in C:\Users\jesss\Documents\code\UV-Sticker\PCB\Flex-PCB\Full-Flex\fullflex-1.SchDoc with C-0201(0603) from tempsensor.SCHLIB
Replace Part C42 C-0201(0603) in C:\Users\jesss\Documents\code\UV-Sticker\PCB\Flex-PCB\Full-Flex\fullflex-1.SchDoc with C-0201(0603) from tempsensor.SCHLIB
Replace Part D1 LED_0402(1005) in C:\Users\jesss\Documents\code\UV-Sticker\PCB\Flex-PCB\Full-Flex\fullflex-1.SchDoc with LED_0402(1005) from tempsensor.SCHLIB
Replace Part E2 2450AT18B100 in C:\Users\jesss\Documents\code\UV-Sticker\PCB\Flex-PCB\Full-Flex\fullflex-1.SchDoc with 2450AT18B100 from tempsensor.SCHLIB
Replace Part GND Probe-Pin Pad in C:\Users\jesss\Documents\code\UV-Sticker\PCB\Flex-PCB\Full-Flex\fullflex-1.SchDoc with Probe-Pin Pad from tempsensor.SCHLIB
Replace Part J8 Battery_Connector in C:\Users\jesss\Documents\code\UV-Sticker\PCB\Flex-PCB\Full-Flex\fullflex-1.SchDoc with Battery_Connector from tempsensor.SCHLIB
Replace Part J9 Battery_Connector in C:\Users\jesss\Documents\code\UV-Sticker\PCB\Flex-PCB\Full-Flex\fullflex-1.SchDoc with Battery_Connector from tempsensor.SCHLIB
Replace Part J11 Probe-CLOCK in C:\Users\jesss\Documents\code\UV-Sticker\PCB\Flex-PCB\Full-Flex\fullflex-1.SchDoc with Probe-CLOCK from tempsensor.SCHLIB
Replace Part J12 Probe-CLOCK in C:\Users\jesss\Documents\code\UV-Sticker\PCB\Flex-PCB\Full-Flex\fullflex-1.SchDoc with Probe-CLOCK from tempsensor.SCHLIB
Replace Part J13 Probe-CLOCK in C:\Users\jesss\Documents\code\UV-Sticker\PCB\Flex-PCB\Full-Flex\fullflex-1.SchDoc with Probe-CLOCK from tempsensor.SCHLIB
Replace Part J14 Probe-CLOCK in C:\Users\jesss\Documents\code\UV-Sticker\PCB\Flex-PCB\Full-Flex\fullflex-1.SchDoc with Probe-CLOCK from tempsensor.SCHLIB
Replace Part L1 I-0402(1005) in C:\Users\jesss\Documents\code\UV-Sticker\PCB\Flex-PCB\Full-Flex\fullflex-1.SchDoc with I-0402(1005) from tempsensor.SCHLIB
Replace Part L2 Inductor Iron in C:\Users\jesss\Documents\code\UV-Sticker\PCB\Flex-PCB\Full-Flex\fullflex-1.SchDoc with Inductor Iron from tempsensor.SCHLIB
Replace Part L3 I-0402(1005) in C:\Users\jesss\Documents\code\UV-Sticker\PCB\Flex-PCB\Full-Flex\fullflex-1.SchDoc with I-0402(1005) from tempsensor.SCHLIB
Replace Part R1 R-0201(0603) in C:\Users\jesss\Documents\code\UV-Sticker\PCB\Flex-PCB\Full-Flex\fullflex-1.SchDoc with R-0201(0603) from tempsensor.SCHLIB
Replace Part R2 R-0201(0603) in C:\Users\jesss\Documents\code\UV-Sticker\PCB\Flex-PCB\Full-Flex\fullflex-1.SchDoc with R-0201(0603) from tempsensor.SCHLIB
Replace Part R3 R-0201(0603) in C:\Users\jesss\Documents\code\UV-Sticker\PCB\Flex-PCB\Full-Flex\fullflex-1.SchDoc with R-0201(0603) from tempsensor.SCHLIB
Replace Part R4 R-0201(0603) in C:\Users\jesss\Documents\code\UV-Sticker\PCB\Flex-PCB\Full-Flex\fullflex-1.SchDoc with R-0201(0603) from tempsensor.SCHLIB
Replace Part R5 R-0201(0603) in C:\Users\jesss\Documents\code\UV-Sticker\PCB\Flex-PCB\Full-Flex\fullflex-1.SchDoc with R-0201(0603) from tempsensor.SCHLIB
Replace Part R6 R-0402(1005) in C:\Users\jesss\Documents\code\UV-Sticker\PCB\Flex-PCB\Full-Flex\fullflex-1.SchDoc with R-0402(1005) from tempsensor.SCHLIB
Replace Part R7 R-0201(0603) in C:\Users\jesss\Documents\code\UV-Sticker\PCB\Flex-PCB\Full-Flex\fullflex-1.SchDoc with R-0201(0603) from tempsensor.SCHLIB
Replace Part R8 R-0402(1005) in C:\Users\jesss\Documents\code\UV-Sticker\PCB\Flex-PCB\Full-Flex\fullflex-1.SchDoc with R-0402(1005) from tempsensor.SCHLIB
Replace Part R11 R-0201(0603) in C:\Users\jesss\Documents\code\UV-Sticker\PCB\Flex-PCB\Full-Flex\fullflex-1.SchDoc with R-0201(0603) from tempsensor.SCHLIB
Replace Part SCL Probe-Pin Pad in C:\Users\jesss\Documents\code\UV-Sticker\PCB\Flex-PCB\Full-Flex\fullflex-1.SchDoc with Probe-Pin Pad from tempsensor.SCHLIB
Replace Part SDA Probe-Pin Pad in C:\Users\jesss\Documents\code\UV-Sticker\PCB\Flex-PCB\Full-Flex\fullflex-1.SchDoc with Probe-Pin Pad from tempsensor.SCHLIB
Replace Part SWD_CLK Probe-Pin Pad in C:\Users\jesss\Documents\code\UV-Sticker\PCB\Flex-PCB\Full-Flex\fullflex-1.SchDoc with Probe-Pin Pad from tempsensor.SCHLIB
Replace Part SWD_DATA Probe-Pin Pad in C:\Users\jesss\Documents\code\UV-Sticker\PCB\Flex-PCB\Full-Flex\fullflex-1.SchDoc with Probe-Pin Pad from tempsensor.SCHLIB
Replace Part U4 TMP116 in C:\Users\jesss\Documents\code\UV-Sticker\PCB\Flex-PCB\Full-Flex\fullflex-1.SchDoc with TMP116 from tempsensor.SCHLIB
Replace Part U5 ADP172 in C:\Users\jesss\Documents\code\UV-Sticker\PCB\Flex-PCB\Full-Flex\fullflex-1.SchDoc with ADP172 from tempsensor.SCHLIB
Replace Part U6 GUVB-C31SM in C:\Users\jesss\Documents\code\UV-Sticker\PCB\Flex-PCB\Full-Flex\fullflex-1.SchDoc with GUVB-C31SM from tempsensor.SCHLIB
Replace Part U7 CY8C4127FNI-BL483 in C:\Users\jesss\Documents\code\UV-Sticker\PCB\Flex-PCB\Full-Flex\fullflex-1.SchDoc with CY8C4127FNI-BL483 from tempsensor.SCHLIB
Replace Part V_BATT Probe-Pin Pad in C:\Users\jesss\Documents\code\UV-Sticker\PCB\Flex-PCB\Full-Flex\fullflex-1.SchDoc with Probe-Pin Pad from tempsensor.SCHLIB
Replace Part VCC Probe-Pin Pad in C:\Users\jesss\Documents\code\UV-Sticker\PCB\Flex-PCB\Full-Flex\fullflex-1.SchDoc with Probe-Pin Pad from tempsensor.SCHLIB
Replace Part XRES Probe-Pin Pad in C:\Users\jesss\Documents\code\UV-Sticker\PCB\Flex-PCB\Full-Flex\fullflex-1.SchDoc with Probe-Pin Pad from tempsensor.SCHLIB
Replace Part Y3 ECX-2236 in C:\Users\jesss\Documents\code\UV-Sticker\PCB\Flex-PCB\Full-Flex\fullflex-1.SchDoc with ECX-2236 from tempsensor.SCHLIB
Replace Part Y4 ABS05 in C:\Users\jesss\Documents\code\UV-Sticker\PCB\Flex-PCB\Full-Flex\fullflex-1.SchDoc with ABS05 from tempsensor.SCHLIB
