--------------- Build Started: 09/21/2017 15:39:38 Project: UV-BB, Configuration: ARM GCC 5.4-2016-q2-update Debug ---------------
cydsfit.exe -.appdatapath "C:\Users\Intern\AppData\Local\Cypress Semiconductor\PSoC Creator\4.1" -.fdsnotice -.fdswarpdepfile=warp_dependencies.txt -.fdselabdepfile=elab_dependencies.txt -.fdsbldfile=generated_files.txt -.fdsreffile=referenced_files.txt -p C:\Users\Intern\Documents\GitHub\UV-Sticker\Psoc\UV-Project\UV-BB.cydsn\UV-BB.cyprj -d CY8C4247LQI-BL483 -s C:\Users\Intern\Documents\GitHub\UV-Sticker\Psoc\UV-Project\UV-BB.cydsn\Generated_Source\PSoC4 -- -yv2 -q10 -ygs -o2 -v3 -.fftcfgtype=LE
Elaborating Design...
HDL Generation...
Synthesis...
Tech Mapping...
Analog Placement...
Info: plm.M0038: The pin named \UART:rx(0)\ at location [IOP=(1)][IoId=(4)] prevents usage of special purposes: F(OA,3). (App=cydsfit)
Info: plm.M0038: The pin named UVD_4A(0) at location [IOP=(1)][IoId=(1)] prevents usage of special purposes: F(OA,2). (App=cydsfit)
Analog Routing...
Analog Code Generation...
Digital Placement...
Digital Routing...
Bitstream Generation...
Bitstream Verification...
Static timing analysis...
API Generation...
Dependency Generation...
Cleanup...
arm-none-eabi-gcc.exe -mcpu=cortex-m0 -mthumb -I. -IGenerated_Source\PSoC4 -Wa,-alh=.\CortexM0\ARM_GCC_541\Debug/main.lst -g -D DEBUG -D CY_CORE_ID=0 -Wall -ffunction-sections -ffat-lto-objects -Og -c main.c -o .\CortexM0\ARM_GCC_541\Debug\main.o
main.c: In function 'main':
main.c:36:5: warning: implicit declaration of function 'Pin_SW2_Int_StartEx' [-Wimplicit-function-declaration]
     Pin_SW2_Int_StartEx(Pin_SW2_Handler); //Initialize Internal Interrupt on SW2 Pin
     ^
main.c: At top level:
main.c:66:20: fatal error: common.h: No such file or directory
compilation terminated.
The command 'arm-none-eabi-gcc.exe' failed with exit code '1'.
--------------- Build Failed: 09/21/2017 15:39:53 ---------------
