--------------- Clean Started: 08/26/2017 21:08:51 Project: UV-BB, Configuration: ARM GCC 5.4-2016-q2-update Debug ---------------
Deleting file ".\CortexM0\ARM_GCC_541\Debug\main.o"
Deleting file ".\CortexM0\ARM_GCC_541\Debug\cyfitter_cfg.o"
Deleting file ".\CortexM0\ARM_GCC_541\Debug\cymetadata.o"
Deleting file ".\CortexM0\ARM_GCC_541\Debug\SG.o"
Deleting file ".\CortexM0\ARM_GCC_541\Debug\SG_PM.o"
Deleting file ".\CortexM0\ARM_GCC_541\Debug\SG1_A.o"
Deleting file ".\CortexM0\ARM_GCC_541\Debug\SG1_A_PM.o"
Deleting file ".\CortexM0\ARM_GCC_541\Debug\SG2_A.o"
Deleting file ".\CortexM0\ARM_GCC_541\Debug\SG2_A_PM.o"
Deleting file ".\CortexM0\ARM_GCC_541\Debug\GAIN.o"
Deleting file ".\CortexM0\ARM_GCC_541\Debug\GAIN_PM.o"
Deleting file ".\CortexM0\ARM_GCC_541\Debug\UART.o"
Deleting file ".\CortexM0\ARM_GCC_541\Debug\UART_SPI_UART.o"
Deleting file ".\CortexM0\ARM_GCC_541\Debug\UART_SPI_UART_INT.o"
Deleting file ".\CortexM0\ARM_GCC_541\Debug\UART_PM.o"
Deleting file ".\CortexM0\ARM_GCC_541\Debug\UART_UART.o"
Deleting file ".\CortexM0\ARM_GCC_541\Debug\UART_BOOT.o"
Deleting file ".\CortexM0\ARM_GCC_541\Debug\UART_UART_BOOT.o"
Deleting file ".\CortexM0\ARM_GCC_541\Debug\BLE.o"
Deleting file ".\CortexM0\ARM_GCC_541\Debug\BLE_gatt.o"
Deleting file ".\CortexM0\ARM_GCC_541\Debug\BLE_eventHandler.o"
Deleting file ".\CortexM0\ARM_GCC_541\Debug\BLE_HAL_INT.o"
Deleting file ".\CortexM0\ARM_GCC_541\Debug\BLE_HAL_PVT.o"
Deleting file ".\CortexM0\ARM_GCC_541\Debug\BLE_ans.o"
Deleting file ".\CortexM0\ARM_GCC_541\Debug\ADC.o"
Deleting file ".\CortexM0\ARM_GCC_541\Debug\ADC_PM.o"
Deleting file ".\CortexM0\ARM_GCC_541\Debug\ADC_INT.o"
Deleting file ".\CortexM0\ARM_GCC_541\Debug\UV5.o"
Deleting file ".\CortexM0\ARM_GCC_541\Debug\UV5_PM.o"
Deleting file ".\CortexM0\ARM_GCC_541\Debug\A_GUVA.o"
Deleting file ".\CortexM0\ARM_GCC_541\Debug\A_GUVA_PM.o"
Deleting file ".\CortexM0\ARM_GCC_541\Debug\A_ML8511.o"
Deleting file ".\CortexM0\ARM_GCC_541\Debug\A_ML8511_PM.o"
Deleting file ".\CortexM0\ARM_GCC_541\Debug\UART_SCBCLK.o"
Deleting file ".\CortexM0\ARM_GCC_541\Debug\UART_tx.o"
Deleting file ".\CortexM0\ARM_GCC_541\Debug\UART_tx_PM.o"
Deleting file ".\CortexM0\ARM_GCC_541\Debug\UART_rx.o"
Deleting file ".\CortexM0\ARM_GCC_541\Debug\UART_rx_PM.o"
Deleting file ".\CortexM0\ARM_GCC_541\Debug\BLE_bless_isr.o"
Deleting file ".\CortexM0\ARM_GCC_541\Debug\ADC_IRQ.o"
Deleting file ".\CortexM0\ARM_GCC_541\Debug\ADC_intClock.o"
Deleting file ".\CortexM0\ARM_GCC_541\Debug\Cm0Start.o"
Deleting file ".\CortexM0\ARM_GCC_541\Debug\CyFlash.o"
Deleting file ".\CortexM0\ARM_GCC_541\Debug\CyLib.o"
Deleting file ".\CortexM0\ARM_GCC_541\Debug\cyPm.o"
Deleting file ".\CortexM0\ARM_GCC_541\Debug\cyutils.o"
Deleting file ".\CortexM0\ARM_GCC_541\Debug\CyBootAsmGnu.o"
Deleting file ".\CortexM0\ARM_GCC_541\Debug\CyDMA.o"
Deleting file ".\CortexM0\ARM_GCC_541\Debug\CyLFClk.o"
Deleting file ".\CortexM0\ARM_GCC_541\Debug\RED_LED.o"
Deleting file ".\CortexM0\ARM_GCC_541\Debug\RED_LED_PM.o"
Deleting file ".\CortexM0\ARM_GCC_541\Debug\BLUE_LED.o"
Deleting file ".\CortexM0\ARM_GCC_541\Debug\BLUE_LED_PM.o"
Deleting file ".\CortexM0\ARM_GCC_541\Debug\GREEN_LED.o"
Deleting file ".\CortexM0\ARM_GCC_541\Debug\GREEN_LED_PM.o"
Deleting file ".\CortexM0\ARM_GCC_541\Debug\Pin_SW2.o"
Deleting file ".\CortexM0\ARM_GCC_541\Debug\Pin_SW2_PM.o"
Deleting file ".\CortexM0\ARM_GCC_541\Debug\Pin_SW2_Int.o"
Deleting file ".\CortexM0\ARM_GCC_541\Debug\EN_ML8511.o"
Deleting file ".\CortexM0\ARM_GCC_541\Debug\EN_ML8511_PM.o"
Deleting file ".\CortexM0\ARM_GCC_541\Debug\UVD_2A.o"
Deleting file ".\CortexM0\ARM_GCC_541\Debug\UVD_2A_PM.o"
Deleting file ".\CortexM0\ARM_GCC_541\Debug\UVD_3A.o"
Deleting file ".\CortexM0\ARM_GCC_541\Debug\UVD_3A_PM.o"
Deleting file ".\CortexM0\ARM_GCC_541\Debug\A_TEMP.o"
Deleting file ".\CortexM0\ARM_GCC_541\Debug\A_TEMP_PM.o"
Deleting file ".\CortexM0\ARM_GCC_541\Debug\UVD_1A.o"
Deleting file ".\CortexM0\ARM_GCC_541\Debug\UVD_1A_PM.o"
Deleting file ".\CortexM0\ARM_GCC_541\Debug\UVD_5NEG.o"
Deleting file ".\CortexM0\ARM_GCC_541\Debug\UVD_5NEG_PM.o"
Deleting file ".\CortexM0\ARM_GCC_541\Debug\UVD_5POS.o"
Deleting file ".\CortexM0\ARM_GCC_541\Debug\UVD_5POS_PM.o"
Deleting file ".\CortexM0\ARM_GCC_541\Debug\UVD_5GAIN.o"
Deleting file ".\CortexM0\ARM_GCC_541\Debug\UVD_5GAIN_PM.o"
Deleting file ".\CortexM0\ARM_GCC_541\Debug\I2C_1.o"
Deleting file ".\CortexM0\ARM_GCC_541\Debug\I2C_1_I2C_INT.o"
Deleting file ".\CortexM0\ARM_GCC_541\Debug\I2C_1_I2C.o"
Deleting file ".\CortexM0\ARM_GCC_541\Debug\I2C_1_I2C_BOOT.o"
Deleting file ".\CortexM0\ARM_GCC_541\Debug\I2C_1_I2C_SLAVE.o"
Deleting file ".\CortexM0\ARM_GCC_541\Debug\I2C_1_PM.o"
Deleting file ".\CortexM0\ARM_GCC_541\Debug\I2C_1_BOOT.o"
Deleting file ".\CortexM0\ARM_GCC_541\Debug\UVD_4A.o"
Deleting file ".\CortexM0\ARM_GCC_541\Debug\UVD_4A_PM.o"
Deleting file ".\CortexM0\ARM_GCC_541\Debug\I2C_1_SCBCLK.o"
Deleting file ".\CortexM0\ARM_GCC_541\Debug\I2C_1_sda.o"
Deleting file ".\CortexM0\ARM_GCC_541\Debug\I2C_1_sda_PM.o"
Deleting file ".\CortexM0\ARM_GCC_541\Debug\I2C_1_scl.o"
Deleting file ".\CortexM0\ARM_GCC_541\Debug\I2C_1_scl_PM.o"
Deleting file ".\CortexM0\ARM_GCC_541\Debug\I2C_1_SCB_IRQ.o"
Deleting file ".\CortexM0\ARM_GCC_541\Debug\ALERT.o"
Deleting file ".\CortexM0\ARM_GCC_541\Debug\ALERT_PM.o"
Deleting file ".\CortexM0\ARM_GCC_541\Debug\UV-BB.hex"
Deleting file ".\CortexM0\ARM_GCC_541\Debug\UV-BB.elf"
Deleting file ".\CortexM0\ARM_GCC_541\Debug\UV-BB.map"
Deleting file ".\UV-BB.cycdx"
Deleting file ".\UV-BB.svd"
Deleting file ".\UV-BB.rpt"
Deleting file ".\UV-BB_timing.html"
Deleting file ".\CortexM0\ARM_GCC_541\Debug\.deps\SOURCE_C__ARM_GCC_GENERIC.P"
Deleting file ".\CortexM0\ARM_GCC_541\Debug\.deps\SOURCE_ASM__ARM_GCC_GENERIC.P"
--------------- Clean Succeeded: 08/26/2017 21:08:51 ---------------
