ARM GAS  C:\Users\Intern\AppData\Local\Temp\ccyrKIUj.s 			page 1


   1              		.syntax unified
   2              		.cpu cortex-m0
   3              		.fpu softvfp
   4              		.eabi_attribute 20, 1
   5              		.eabi_attribute 21, 1
   6              		.eabi_attribute 23, 3
   7              		.eabi_attribute 24, 1
   8              		.eabi_attribute 25, 1
   9              		.eabi_attribute 26, 1
  10              		.eabi_attribute 30, 1
  11              		.eabi_attribute 34, 0
  12              		.eabi_attribute 18, 4
  13              		.thumb
  14              		.syntax unified
  15              		.file	"main.c"
  16              		.text
  17              	.Ltext0:
  18              		.cfi_sections	.debug_frame
  19              		.section	.text.Pin_SW2_Handler,"ax",%progbits
  20              		.align	2
  21              		.global	Pin_SW2_Handler
  22              		.code	16
  23              		.thumb_func
  24              		.type	Pin_SW2_Handler, %function
  25              	Pin_SW2_Handler:
  26              	.LFB36:
  27              		.file 1 "main.c"
   1:main.c        **** 
   2:main.c        **** #include "lmt70.h"
   3:main.c        **** #include "system.h"
   4:main.c        **** #include "tmp116.h"
   5:main.c        **** #include "uv.h"
   6:main.c        **** #include "adafruit_guva.h"
   7:main.c        **** 
   8:main.c        **** /* Macro definitions */
   9:main.c        **** #define LOW                 (0u)
  10:main.c        **** #define HIGH                (1u)
  11:main.c        **** #define D1                  (1u)
  12:main.c        **** #define D2                  (2u)
  13:main.c        **** #define D3                  (3u)
  14:main.c        **** #define D4                  (4u)
  15:main.c        **** #define D5                  (5u)
  16:main.c        **** #define NO_OF_CHANNELS      (4u)
  17:main.c        **** #define CLEAR_SCREEN        (0x0C)
  18:main.c        **** #define CONVERT_TO_ASCII    (0x30u)
  19:main.c        **** 
  20:main.c        **** //char lmt70_temperature[6];
  21:main.c        **** 
  22:main.c        **** CY_ISR(Pin_SW2_Handler)
  23:main.c        **** {
  28              		.loc 1 23 0
  29              		.cfi_startproc
  30              		@ args = 0, pretend = 0, frame = 0
  31              		@ frame_needed = 0, uses_anonymous_args = 0
  32 0000 10B5     		push	{r4, lr}
  33              		.cfi_def_cfa_offset 8
  34              		.cfi_offset 4, -8
ARM GAS  C:\Users\Intern\AppData\Local\Temp\ccyrKIUj.s 			page 2


  35              		.cfi_offset 14, -4
  24:main.c        ****     RED_LED_Write(~RED_LED_Read()); //Blinks On
  36              		.loc 1 24 0
  37 0002 FFF7FEFF 		bl	RED_LED_Read
  38              	.LVL0:
  39 0006 C043     		mvns	r0, r0
  40 0008 C0B2     		uxtb	r0, r0
  41 000a FFF7FEFF 		bl	RED_LED_Write
  42              	.LVL1:
  25:main.c        ****     CyDelay(500); //Waits half a second
  43              		.loc 1 25 0
  44 000e FA20     		movs	r0, #250
  45 0010 4000     		lsls	r0, r0, #1
  46 0012 FFF7FEFF 		bl	CyDelay
  47              	.LVL2:
  26:main.c        ****     RED_LED_Write(~RED_LED_Read()); //Blinks Off
  48              		.loc 1 26 0
  49 0016 FFF7FEFF 		bl	RED_LED_Read
  50              	.LVL3:
  51 001a C043     		mvns	r0, r0
  52 001c C0B2     		uxtb	r0, r0
  53 001e FFF7FEFF 		bl	RED_LED_Write
  54              	.LVL4:
  27:main.c        ****     Pin_SW2_ClearInterrupt(); //Clears the interrupt on the pin
  55              		.loc 1 27 0
  56 0022 FFF7FEFF 		bl	Pin_SW2_ClearInterrupt
  57              	.LVL5:
  28:main.c        **** }
  58              		.loc 1 28 0
  59              		@ sp needed
  60 0026 10BD     		pop	{r4, pc}
  61              		.cfi_endproc
  62              	.LFE36:
  63              		.size	Pin_SW2_Handler, .-Pin_SW2_Handler
  64              		.section	.text.main,"ax",%progbits
  65              		.align	2
  66              		.global	main
  67              		.code	16
  68              		.thumb_func
  69              		.type	main, %function
  70              	main:
  71              	.LFB37:
  29:main.c        **** 
  30:main.c        **** int main(void)
  31:main.c        **** {    
  72              		.loc 1 31 0
  73              		.cfi_startproc
  74              		@ args = 0, pretend = 0, frame = 0
  75              		@ frame_needed = 0, uses_anonymous_args = 0
  76 0000 10B5     		push	{r4, lr}
  77              		.cfi_def_cfa_offset 8
  78              		.cfi_offset 4, -8
  79              		.cfi_offset 14, -4
  32:main.c        ****     system_enable_interrupts(); /* Enable global interrupts. */
  80              		.loc 1 32 0
  81 0002 FFF7FEFF 		bl	system_enable_interrupts
  82              	.LVL6:
ARM GAS  C:\Users\Intern\AppData\Local\Temp\ccyrKIUj.s 			page 3


  33:main.c        ****     
  34:main.c        ****     init_hardware(); //Initializing All Internal Hardware Components
  83              		.loc 1 34 0
  84 0006 FFF7FEFF 		bl	init_hardware
  85              	.LVL7:
  35:main.c        ****     
  36:main.c        ****     Pin_SW2_Int_StartEx(Pin_SW2_Handler); //Initialize Internal Interrupt on SW2 Pin
  86              		.loc 1 36 0
  87 000a 0C48     		ldr	r0, .L4
  88 000c FFF7FEFF 		bl	Pin_SW2_Int_StartEx
  89              	.LVL8:
  90              	.L3:
  91              	.LBB2:
  37:main.c        ****     
  38:main.c        ****     for(;;)
  39:main.c        ****     {   
  40:main.c        **** //        UART_UartPutChar('s'); //Just Sending the Letter 's' to break up UART communication
  41:main.c        **** //        lmt70_uart(); //Sending the value of the LMT70 over UART
  42:main.c        **** //               
  43:main.c        **** //        UART_UartPutChar('s'); //Just Sending the Letter 's' to break up UART communication
  44:main.c        **** //        tmp116_uart();
  45:main.c        **** //        for(unsigned int i=1; i<=5;i++)
  46:main.c        **** //        {
  47:main.c        **** ////            unsigned int bb1 = adc_acquire_channel(3+i);
  48:main.c        **** ////            char part1 = bb1 & 0xFF;
  49:main.c        **** ////            char part2 = (bb1 >> 8) & 0xFF;
  50:main.c        **** ////            UART_UartPutChar(part1);
  51:main.c        **** ////            UART_UartPutChar(part2);
  52:main.c        **** //            uv_uart(i);
  53:main.c        **** //        }
  54:main.c        **** 
  55:main.c        ****         unsigned int bb1 = adc_acquire_channel(8);
  92              		.loc 1 55 0 discriminator 1
  93 0010 0820     		movs	r0, #8
  94 0012 FFF7FEFF 		bl	adc_acquire_channel
  95              	.LVL9:
  96 0016 0300     		movs	r3, r0
  97              	.LVL10:
  56:main.c        ****         char part1 = bb1 & 0xFF;
  98              		.loc 1 56 0 discriminator 1
  99 0018 C0B2     		uxtb	r0, r0
 100              	.LVL11:
  57:main.c        ****         char part2 = (bb1 >> 8) & 0xFF;
 101              		.loc 1 57 0 discriminator 1
 102 001a 1C0A     		lsrs	r4, r3, #8
 103              	.LVL12:
  58:main.c        ****         UART_UartPutChar(part1);
 104              		.loc 1 58 0 discriminator 1
 105 001c FFF7FEFF 		bl	UART_SpiUartWriteTxData
 106              	.LVL13:
  59:main.c        ****         UART_UartPutChar(part2);
 107              		.loc 1 59 0 discriminator 1
 108 0020 FF20     		movs	r0, #255
 109 0022 2040     		ands	r0, r4
 110 0024 FFF7FEFF 		bl	UART_SpiUartWriteTxData
 111              	.LVL14:
  60:main.c        ****         uv_uart(5);
ARM GAS  C:\Users\Intern\AppData\Local\Temp\ccyrKIUj.s 			page 4


 112              		.loc 1 60 0 discriminator 1
 113 0028 0520     		movs	r0, #5
 114 002a FFF7FEFF 		bl	uv_uart
 115              	.LVL15:
  61:main.c        ****         adafruit_guva_uart();
 116              		.loc 1 61 0 discriminator 1
 117 002e FFF7FEFF 		bl	adafruit_guva_uart
 118              	.LVL16:
  62:main.c        ****         CyDelay(500); //Delay by half a second 
 119              		.loc 1 62 0 discriminator 1
 120 0032 FA20     		movs	r0, #250
 121 0034 4000     		lsls	r0, r0, #1
 122 0036 FFF7FEFF 		bl	CyDelay
 123              	.LVL17:
 124 003a E9E7     		b	.L3
 125              	.L5:
 126              		.align	2
 127              	.L4:
 128 003c 00000000 		.word	Pin_SW2_Handler
 129              	.LBE2:
 130              		.cfi_endproc
 131              	.LFE37:
 132              		.size	main, .-main
 133              		.text
 134              	.Letext0:
 135              		.file 2 "Generated_Source\\PSoC4/RED_LED.h"
 136              		.file 3 "Generated_Source\\PSoC4/CyLib.h"
 137              		.file 4 "Generated_Source\\PSoC4/Pin_SW2.h"
 138              		.file 5 "system.h"
 139              		.file 6 "Generated_Source\\PSoC4/UART_SPI_UART.h"
 140              		.file 7 "uv.h"
 141              		.file 8 "adafruit_guva.h"
 142              		.file 9 "Generated_Source\\PSoC4/Pin_SW2_Int.h"
 143              		.file 10 "Generated_Source\\PSoC4/cytypes.h"
 144              		.section	.debug_info,"",%progbits
 145              	.Ldebug_info0:
 146 0000 41020000 		.4byte	0x241
 147 0004 0400     		.2byte	0x4
 148 0006 00000000 		.4byte	.Ldebug_abbrev0
 149 000a 04       		.byte	0x4
 150 000b 01       		.uleb128 0x1
 151 000c BA000000 		.4byte	.LASF27
 152 0010 0C       		.byte	0xc
 153 0011 BE010000 		.4byte	.LASF28
 154 0015 48010000 		.4byte	.LASF29
 155 0019 00000000 		.4byte	.Ldebug_ranges0+0
 156 001d 00000000 		.4byte	0
 157 0021 00000000 		.4byte	.Ldebug_line0
 158 0025 02       		.uleb128 0x2
 159 0026 04       		.byte	0x4
 160 0027 05       		.byte	0x5
 161 0028 696E7400 		.ascii	"int\000"
 162 002c 03       		.uleb128 0x3
 163 002d 04       		.byte	0x4
 164 002e 07       		.byte	0x7
 165 002f A8000000 		.4byte	.LASF0
 166 0033 03       		.uleb128 0x3
ARM GAS  C:\Users\Intern\AppData\Local\Temp\ccyrKIUj.s 			page 5


 167 0034 08       		.byte	0x8
 168 0035 05       		.byte	0x5
 169 0036 B0010000 		.4byte	.LASF1
 170 003a 03       		.uleb128 0x3
 171 003b 08       		.byte	0x8
 172 003c 04       		.byte	0x4
 173 003d 02020000 		.4byte	.LASF2
 174 0041 03       		.uleb128 0x3
 175 0042 01       		.byte	0x1
 176 0043 06       		.byte	0x6
 177 0044 26000000 		.4byte	.LASF3
 178 0048 03       		.uleb128 0x3
 179 0049 01       		.byte	0x1
 180 004a 08       		.byte	0x8
 181 004b 32000000 		.4byte	.LASF4
 182 004f 03       		.uleb128 0x3
 183 0050 02       		.byte	0x2
 184 0051 05       		.byte	0x5
 185 0052 D9010000 		.4byte	.LASF5
 186 0056 03       		.uleb128 0x3
 187 0057 02       		.byte	0x2
 188 0058 07       		.byte	0x7
 189 0059 52000000 		.4byte	.LASF6
 190 005d 03       		.uleb128 0x3
 191 005e 04       		.byte	0x4
 192 005f 05       		.byte	0x5
 193 0060 F9010000 		.4byte	.LASF7
 194 0064 03       		.uleb128 0x3
 195 0065 04       		.byte	0x4
 196 0066 07       		.byte	0x7
 197 0067 40000000 		.4byte	.LASF8
 198 006b 03       		.uleb128 0x3
 199 006c 08       		.byte	0x8
 200 006d 07       		.byte	0x7
 201 006e 47020000 		.4byte	.LASF9
 202 0072 03       		.uleb128 0x3
 203 0073 04       		.byte	0x4
 204 0074 07       		.byte	0x7
 205 0075 90010000 		.4byte	.LASF10
 206 0079 03       		.uleb128 0x3
 207 007a 01       		.byte	0x1
 208 007b 08       		.byte	0x8
 209 007c B5000000 		.4byte	.LASF11
 210 0080 04       		.uleb128 0x4
 211 0081 A1000000 		.4byte	.LASF30
 212 0085 0A       		.byte	0xa
 213 0086 D401     		.2byte	0x1d4
 214 0088 64000000 		.4byte	0x64
 215 008c 03       		.uleb128 0x3
 216 008d 04       		.byte	0x4
 217 008e 04       		.byte	0x4
 218 008f 20000000 		.4byte	.LASF12
 219 0093 03       		.uleb128 0x3
 220 0094 08       		.byte	0x8
 221 0095 04       		.byte	0x4
 222 0096 82000000 		.4byte	.LASF13
 223 009a 05       		.uleb128 0x5
ARM GAS  C:\Users\Intern\AppData\Local\Temp\ccyrKIUj.s 			page 6


 224 009b 72000000 		.4byte	.LASF31
 225 009f 01       		.byte	0x1
 226 00a0 16       		.byte	0x16
 227 00a1 00000000 		.4byte	.LFB36
 228 00a5 28000000 		.4byte	.LFE36-.LFB36
 229 00a9 01       		.uleb128 0x1
 230 00aa 9C       		.byte	0x9c
 231 00ab F2000000 		.4byte	0xf2
 232 00af 06       		.uleb128 0x6
 233 00b0 06000000 		.4byte	.LVL0
 234 00b4 CA010000 		.4byte	0x1ca
 235 00b8 06       		.uleb128 0x6
 236 00b9 0E000000 		.4byte	.LVL1
 237 00bd D5010000 		.4byte	0x1d5
 238 00c1 07       		.uleb128 0x7
 239 00c2 16000000 		.4byte	.LVL2
 240 00c6 E0010000 		.4byte	0x1e0
 241 00ca D6000000 		.4byte	0xd6
 242 00ce 08       		.uleb128 0x8
 243 00cf 01       		.uleb128 0x1
 244 00d0 50       		.byte	0x50
 245 00d1 03       		.uleb128 0x3
 246 00d2 0A       		.byte	0xa
 247 00d3 F401     		.2byte	0x1f4
 248 00d5 00       		.byte	0
 249 00d6 06       		.uleb128 0x6
 250 00d7 1A000000 		.4byte	.LVL3
 251 00db CA010000 		.4byte	0x1ca
 252 00df 06       		.uleb128 0x6
 253 00e0 22000000 		.4byte	.LVL4
 254 00e4 D5010000 		.4byte	0x1d5
 255 00e8 06       		.uleb128 0x6
 256 00e9 26000000 		.4byte	.LVL5
 257 00ed EB010000 		.4byte	0x1eb
 258 00f1 00       		.byte	0
 259 00f2 09       		.uleb128 0x9
 260 00f3 9C000000 		.4byte	.LASF32
 261 00f7 01       		.byte	0x1
 262 00f8 1E       		.byte	0x1e
 263 00f9 25000000 		.4byte	0x25
 264 00fd 00000000 		.4byte	.LFB37
 265 0101 40000000 		.4byte	.LFE37-.LFB37
 266 0105 01       		.uleb128 0x1
 267 0106 9C       		.byte	0x9c
 268 0107 CA010000 		.4byte	0x1ca
 269 010b 0A       		.uleb128 0xa
 270 010c 10000000 		.4byte	.LBB2
 271 0110 30000000 		.4byte	.LBE2-.LBB2
 272 0114 A4010000 		.4byte	0x1a4
 273 0118 0B       		.uleb128 0xb
 274 0119 62623100 		.ascii	"bb1\000"
 275 011d 01       		.byte	0x1
 276 011e 37       		.byte	0x37
 277 011f 2C000000 		.4byte	0x2c
 278 0123 00000000 		.4byte	.LLST0
 279 0127 0C       		.uleb128 0xc
 280 0128 0E020000 		.4byte	.LASF14
ARM GAS  C:\Users\Intern\AppData\Local\Temp\ccyrKIUj.s 			page 7


 281 012c 01       		.byte	0x1
 282 012d 38       		.byte	0x38
 283 012e 79000000 		.4byte	0x79
 284 0132 1E000000 		.4byte	.LLST1
 285 0136 0D       		.uleb128 0xd
 286 0137 14020000 		.4byte	.LASF15
 287 013b 01       		.byte	0x1
 288 013c 39       		.byte	0x39
 289 013d 79000000 		.4byte	0x79
 290 0141 01       		.uleb128 0x1
 291 0142 54       		.byte	0x54
 292 0143 07       		.uleb128 0x7
 293 0144 16000000 		.4byte	.LVL9
 294 0148 F6010000 		.4byte	0x1f6
 295 014c 56010000 		.4byte	0x156
 296 0150 08       		.uleb128 0x8
 297 0151 01       		.uleb128 0x1
 298 0152 50       		.byte	0x50
 299 0153 01       		.uleb128 0x1
 300 0154 38       		.byte	0x38
 301 0155 00       		.byte	0
 302 0156 06       		.uleb128 0x6
 303 0157 20000000 		.4byte	.LVL13
 304 015b 01020000 		.4byte	0x201
 305 015f 07       		.uleb128 0x7
 306 0160 28000000 		.4byte	.LVL14
 307 0164 01020000 		.4byte	0x201
 308 0168 76010000 		.4byte	0x176
 309 016c 08       		.uleb128 0x8
 310 016d 01       		.uleb128 0x1
 311 016e 50       		.byte	0x50
 312 016f 05       		.uleb128 0x5
 313 0170 74       		.byte	0x74
 314 0171 00       		.sleb128 0
 315 0172 08       		.byte	0x8
 316 0173 FF       		.byte	0xff
 317 0174 1A       		.byte	0x1a
 318 0175 00       		.byte	0
 319 0176 07       		.uleb128 0x7
 320 0177 2E000000 		.4byte	.LVL15
 321 017b 0D020000 		.4byte	0x20d
 322 017f 89010000 		.4byte	0x189
 323 0183 08       		.uleb128 0x8
 324 0184 01       		.uleb128 0x1
 325 0185 50       		.byte	0x50
 326 0186 01       		.uleb128 0x1
 327 0187 35       		.byte	0x35
 328 0188 00       		.byte	0
 329 0189 06       		.uleb128 0x6
 330 018a 32000000 		.4byte	.LVL16
 331 018e 18020000 		.4byte	0x218
 332 0192 0E       		.uleb128 0xe
 333 0193 3A000000 		.4byte	.LVL17
 334 0197 E0010000 		.4byte	0x1e0
 335 019b 08       		.uleb128 0x8
 336 019c 01       		.uleb128 0x1
 337 019d 50       		.byte	0x50
ARM GAS  C:\Users\Intern\AppData\Local\Temp\ccyrKIUj.s 			page 8


 338 019e 03       		.uleb128 0x3
 339 019f 0A       		.byte	0xa
 340 01a0 F401     		.2byte	0x1f4
 341 01a2 00       		.byte	0
 342 01a3 00       		.byte	0
 343 01a4 06       		.uleb128 0x6
 344 01a5 06000000 		.4byte	.LVL6
 345 01a9 23020000 		.4byte	0x223
 346 01ad 06       		.uleb128 0x6
 347 01ae 0A000000 		.4byte	.LVL7
 348 01b2 2E020000 		.4byte	0x22e
 349 01b6 0E       		.uleb128 0xe
 350 01b7 10000000 		.4byte	.LVL8
 351 01bb 39020000 		.4byte	0x239
 352 01bf 08       		.uleb128 0x8
 353 01c0 01       		.uleb128 0x1
 354 01c1 50       		.byte	0x50
 355 01c2 05       		.uleb128 0x5
 356 01c3 03       		.byte	0x3
 357 01c4 00000000 		.4byte	Pin_SW2_Handler
 358 01c8 00       		.byte	0
 359 01c9 00       		.byte	0
 360 01ca 0F       		.uleb128 0xf
 361 01cb 65000000 		.4byte	.LASF16
 362 01cf 65000000 		.4byte	.LASF16
 363 01d3 02       		.byte	0x2
 364 01d4 32       		.byte	0x32
 365 01d5 0F       		.uleb128 0xf
 366 01d6 E3010000 		.4byte	.LASF17
 367 01da E3010000 		.4byte	.LASF17
 368 01de 02       		.byte	0x2
 369 01df 33       		.byte	0x33
 370 01e0 0F       		.uleb128 0xf
 371 01e1 18000000 		.4byte	.LASF18
 372 01e5 18000000 		.4byte	.LASF18
 373 01e9 03       		.byte	0x3
 374 01ea D9       		.byte	0xd9
 375 01eb 0F       		.uleb128 0xf
 376 01ec 99010000 		.4byte	.LASF19
 377 01f0 99010000 		.4byte	.LASF19
 378 01f4 04       		.byte	0x4
 379 01f5 39       		.byte	0x39
 380 01f6 0F       		.uleb128 0xf
 381 01f7 C5010000 		.4byte	.LASF20
 382 01fb C5010000 		.4byte	.LASF20
 383 01ff 05       		.byte	0x5
 384 0200 13       		.byte	0x13
 385 0201 10       		.uleb128 0x10
 386 0202 00000000 		.4byte	.LASF21
 387 0206 00000000 		.4byte	.LASF21
 388 020a 06       		.byte	0x6
 389 020b 3A03     		.2byte	0x33a
 390 020d 0F       		.uleb128 0xf
 391 020e F1010000 		.4byte	.LASF22
 392 0212 F1010000 		.4byte	.LASF22
 393 0216 07       		.byte	0x7
 394 0217 07       		.byte	0x7
ARM GAS  C:\Users\Intern\AppData\Local\Temp\ccyrKIUj.s 			page 9


 395 0218 0F       		.uleb128 0xf
 396 0219 89000000 		.4byte	.LASF23
 397 021d 89000000 		.4byte	.LASF23
 398 0221 08       		.byte	0x8
 399 0222 07       		.byte	0x7
 400 0223 0F       		.uleb128 0xf
 401 0224 1A020000 		.4byte	.LASF24
 402 0228 1A020000 		.4byte	.LASF24
 403 022c 05       		.byte	0x5
 404 022d 19       		.byte	0x19
 405 022e 0F       		.uleb128 0xf
 406 022f 5E020000 		.4byte	.LASF25
 407 0233 5E020000 		.4byte	.LASF25
 408 0237 05       		.byte	0x5
 409 0238 0F       		.byte	0xf
 410 0239 0F       		.uleb128 0xf
 411 023a 33020000 		.4byte	.LASF26
 412 023e 33020000 		.4byte	.LASF26
 413 0242 09       		.byte	0x9
 414 0243 18       		.byte	0x18
 415 0244 00       		.byte	0
 416              		.section	.debug_abbrev,"",%progbits
 417              	.Ldebug_abbrev0:
 418 0000 01       		.uleb128 0x1
 419 0001 11       		.uleb128 0x11
 420 0002 01       		.byte	0x1
 421 0003 25       		.uleb128 0x25
 422 0004 0E       		.uleb128 0xe
 423 0005 13       		.uleb128 0x13
 424 0006 0B       		.uleb128 0xb
 425 0007 03       		.uleb128 0x3
 426 0008 0E       		.uleb128 0xe
 427 0009 1B       		.uleb128 0x1b
 428 000a 0E       		.uleb128 0xe
 429 000b 55       		.uleb128 0x55
 430 000c 17       		.uleb128 0x17
 431 000d 11       		.uleb128 0x11
 432 000e 01       		.uleb128 0x1
 433 000f 10       		.uleb128 0x10
 434 0010 17       		.uleb128 0x17
 435 0011 00       		.byte	0
 436 0012 00       		.byte	0
 437 0013 02       		.uleb128 0x2
 438 0014 24       		.uleb128 0x24
 439 0015 00       		.byte	0
 440 0016 0B       		.uleb128 0xb
 441 0017 0B       		.uleb128 0xb
 442 0018 3E       		.uleb128 0x3e
 443 0019 0B       		.uleb128 0xb
 444 001a 03       		.uleb128 0x3
 445 001b 08       		.uleb128 0x8
 446 001c 00       		.byte	0
 447 001d 00       		.byte	0
 448 001e 03       		.uleb128 0x3
 449 001f 24       		.uleb128 0x24
 450 0020 00       		.byte	0
 451 0021 0B       		.uleb128 0xb
ARM GAS  C:\Users\Intern\AppData\Local\Temp\ccyrKIUj.s 			page 10


 452 0022 0B       		.uleb128 0xb
 453 0023 3E       		.uleb128 0x3e
 454 0024 0B       		.uleb128 0xb
 455 0025 03       		.uleb128 0x3
 456 0026 0E       		.uleb128 0xe
 457 0027 00       		.byte	0
 458 0028 00       		.byte	0
 459 0029 04       		.uleb128 0x4
 460 002a 16       		.uleb128 0x16
 461 002b 00       		.byte	0
 462 002c 03       		.uleb128 0x3
 463 002d 0E       		.uleb128 0xe
 464 002e 3A       		.uleb128 0x3a
 465 002f 0B       		.uleb128 0xb
 466 0030 3B       		.uleb128 0x3b
 467 0031 05       		.uleb128 0x5
 468 0032 49       		.uleb128 0x49
 469 0033 13       		.uleb128 0x13
 470 0034 00       		.byte	0
 471 0035 00       		.byte	0
 472 0036 05       		.uleb128 0x5
 473 0037 2E       		.uleb128 0x2e
 474 0038 01       		.byte	0x1
 475 0039 3F       		.uleb128 0x3f
 476 003a 19       		.uleb128 0x19
 477 003b 03       		.uleb128 0x3
 478 003c 0E       		.uleb128 0xe
 479 003d 3A       		.uleb128 0x3a
 480 003e 0B       		.uleb128 0xb
 481 003f 3B       		.uleb128 0x3b
 482 0040 0B       		.uleb128 0xb
 483 0041 27       		.uleb128 0x27
 484 0042 19       		.uleb128 0x19
 485 0043 11       		.uleb128 0x11
 486 0044 01       		.uleb128 0x1
 487 0045 12       		.uleb128 0x12
 488 0046 06       		.uleb128 0x6
 489 0047 40       		.uleb128 0x40
 490 0048 18       		.uleb128 0x18
 491 0049 9742     		.uleb128 0x2117
 492 004b 19       		.uleb128 0x19
 493 004c 01       		.uleb128 0x1
 494 004d 13       		.uleb128 0x13
 495 004e 00       		.byte	0
 496 004f 00       		.byte	0
 497 0050 06       		.uleb128 0x6
 498 0051 898201   		.uleb128 0x4109
 499 0054 00       		.byte	0
 500 0055 11       		.uleb128 0x11
 501 0056 01       		.uleb128 0x1
 502 0057 31       		.uleb128 0x31
 503 0058 13       		.uleb128 0x13
 504 0059 00       		.byte	0
 505 005a 00       		.byte	0
 506 005b 07       		.uleb128 0x7
 507 005c 898201   		.uleb128 0x4109
 508 005f 01       		.byte	0x1
ARM GAS  C:\Users\Intern\AppData\Local\Temp\ccyrKIUj.s 			page 11


 509 0060 11       		.uleb128 0x11
 510 0061 01       		.uleb128 0x1
 511 0062 31       		.uleb128 0x31
 512 0063 13       		.uleb128 0x13
 513 0064 01       		.uleb128 0x1
 514 0065 13       		.uleb128 0x13
 515 0066 00       		.byte	0
 516 0067 00       		.byte	0
 517 0068 08       		.uleb128 0x8
 518 0069 8A8201   		.uleb128 0x410a
 519 006c 00       		.byte	0
 520 006d 02       		.uleb128 0x2
 521 006e 18       		.uleb128 0x18
 522 006f 9142     		.uleb128 0x2111
 523 0071 18       		.uleb128 0x18
 524 0072 00       		.byte	0
 525 0073 00       		.byte	0
 526 0074 09       		.uleb128 0x9
 527 0075 2E       		.uleb128 0x2e
 528 0076 01       		.byte	0x1
 529 0077 3F       		.uleb128 0x3f
 530 0078 19       		.uleb128 0x19
 531 0079 03       		.uleb128 0x3
 532 007a 0E       		.uleb128 0xe
 533 007b 3A       		.uleb128 0x3a
 534 007c 0B       		.uleb128 0xb
 535 007d 3B       		.uleb128 0x3b
 536 007e 0B       		.uleb128 0xb
 537 007f 27       		.uleb128 0x27
 538 0080 19       		.uleb128 0x19
 539 0081 49       		.uleb128 0x49
 540 0082 13       		.uleb128 0x13
 541 0083 8701     		.uleb128 0x87
 542 0085 19       		.uleb128 0x19
 543 0086 11       		.uleb128 0x11
 544 0087 01       		.uleb128 0x1
 545 0088 12       		.uleb128 0x12
 546 0089 06       		.uleb128 0x6
 547 008a 40       		.uleb128 0x40
 548 008b 18       		.uleb128 0x18
 549 008c 9742     		.uleb128 0x2117
 550 008e 19       		.uleb128 0x19
 551 008f 01       		.uleb128 0x1
 552 0090 13       		.uleb128 0x13
 553 0091 00       		.byte	0
 554 0092 00       		.byte	0
 555 0093 0A       		.uleb128 0xa
 556 0094 0B       		.uleb128 0xb
 557 0095 01       		.byte	0x1
 558 0096 11       		.uleb128 0x11
 559 0097 01       		.uleb128 0x1
 560 0098 12       		.uleb128 0x12
 561 0099 06       		.uleb128 0x6
 562 009a 01       		.uleb128 0x1
 563 009b 13       		.uleb128 0x13
 564 009c 00       		.byte	0
 565 009d 00       		.byte	0
ARM GAS  C:\Users\Intern\AppData\Local\Temp\ccyrKIUj.s 			page 12


 566 009e 0B       		.uleb128 0xb
 567 009f 34       		.uleb128 0x34
 568 00a0 00       		.byte	0
 569 00a1 03       		.uleb128 0x3
 570 00a2 08       		.uleb128 0x8
 571 00a3 3A       		.uleb128 0x3a
 572 00a4 0B       		.uleb128 0xb
 573 00a5 3B       		.uleb128 0x3b
 574 00a6 0B       		.uleb128 0xb
 575 00a7 49       		.uleb128 0x49
 576 00a8 13       		.uleb128 0x13
 577 00a9 02       		.uleb128 0x2
 578 00aa 17       		.uleb128 0x17
 579 00ab 00       		.byte	0
 580 00ac 00       		.byte	0
 581 00ad 0C       		.uleb128 0xc
 582 00ae 34       		.uleb128 0x34
 583 00af 00       		.byte	0
 584 00b0 03       		.uleb128 0x3
 585 00b1 0E       		.uleb128 0xe
 586 00b2 3A       		.uleb128 0x3a
 587 00b3 0B       		.uleb128 0xb
 588 00b4 3B       		.uleb128 0x3b
 589 00b5 0B       		.uleb128 0xb
 590 00b6 49       		.uleb128 0x49
 591 00b7 13       		.uleb128 0x13
 592 00b8 02       		.uleb128 0x2
 593 00b9 17       		.uleb128 0x17
 594 00ba 00       		.byte	0
 595 00bb 00       		.byte	0
 596 00bc 0D       		.uleb128 0xd
 597 00bd 34       		.uleb128 0x34
 598 00be 00       		.byte	0
 599 00bf 03       		.uleb128 0x3
 600 00c0 0E       		.uleb128 0xe
 601 00c1 3A       		.uleb128 0x3a
 602 00c2 0B       		.uleb128 0xb
 603 00c3 3B       		.uleb128 0x3b
 604 00c4 0B       		.uleb128 0xb
 605 00c5 49       		.uleb128 0x49
 606 00c6 13       		.uleb128 0x13
 607 00c7 02       		.uleb128 0x2
 608 00c8 18       		.uleb128 0x18
 609 00c9 00       		.byte	0
 610 00ca 00       		.byte	0
 611 00cb 0E       		.uleb128 0xe
 612 00cc 898201   		.uleb128 0x4109
 613 00cf 01       		.byte	0x1
 614 00d0 11       		.uleb128 0x11
 615 00d1 01       		.uleb128 0x1
 616 00d2 31       		.uleb128 0x31
 617 00d3 13       		.uleb128 0x13
 618 00d4 00       		.byte	0
 619 00d5 00       		.byte	0
 620 00d6 0F       		.uleb128 0xf
 621 00d7 2E       		.uleb128 0x2e
 622 00d8 00       		.byte	0
ARM GAS  C:\Users\Intern\AppData\Local\Temp\ccyrKIUj.s 			page 13


 623 00d9 3F       		.uleb128 0x3f
 624 00da 19       		.uleb128 0x19
 625 00db 3C       		.uleb128 0x3c
 626 00dc 19       		.uleb128 0x19
 627 00dd 6E       		.uleb128 0x6e
 628 00de 0E       		.uleb128 0xe
 629 00df 03       		.uleb128 0x3
 630 00e0 0E       		.uleb128 0xe
 631 00e1 3A       		.uleb128 0x3a
 632 00e2 0B       		.uleb128 0xb
 633 00e3 3B       		.uleb128 0x3b
 634 00e4 0B       		.uleb128 0xb
 635 00e5 00       		.byte	0
 636 00e6 00       		.byte	0
 637 00e7 10       		.uleb128 0x10
 638 00e8 2E       		.uleb128 0x2e
 639 00e9 00       		.byte	0
 640 00ea 3F       		.uleb128 0x3f
 641 00eb 19       		.uleb128 0x19
 642 00ec 3C       		.uleb128 0x3c
 643 00ed 19       		.uleb128 0x19
 644 00ee 6E       		.uleb128 0x6e
 645 00ef 0E       		.uleb128 0xe
 646 00f0 03       		.uleb128 0x3
 647 00f1 0E       		.uleb128 0xe
 648 00f2 3A       		.uleb128 0x3a
 649 00f3 0B       		.uleb128 0xb
 650 00f4 3B       		.uleb128 0x3b
 651 00f5 05       		.uleb128 0x5
 652 00f6 00       		.byte	0
 653 00f7 00       		.byte	0
 654 00f8 00       		.byte	0
 655              		.section	.debug_loc,"",%progbits
 656              	.Ldebug_loc0:
 657              	.LLST0:
 658 0000 18000000 		.4byte	.LVL10
 659 0004 1A000000 		.4byte	.LVL11
 660 0008 0100     		.2byte	0x1
 661 000a 50       		.byte	0x50
 662 000b 1A000000 		.4byte	.LVL11
 663 000f 1F000000 		.4byte	.LVL13-1
 664 0013 0100     		.2byte	0x1
 665 0015 53       		.byte	0x53
 666 0016 00000000 		.4byte	0
 667 001a 00000000 		.4byte	0
 668              	.LLST1:
 669 001e 1A000000 		.4byte	.LVL11
 670 0022 1F000000 		.4byte	.LVL13-1
 671 0026 0100     		.2byte	0x1
 672 0028 50       		.byte	0x50
 673 0029 00000000 		.4byte	0
 674 002d 00000000 		.4byte	0
 675              		.section	.debug_aranges,"",%progbits
 676 0000 24000000 		.4byte	0x24
 677 0004 0200     		.2byte	0x2
 678 0006 00000000 		.4byte	.Ldebug_info0
 679 000a 04       		.byte	0x4
ARM GAS  C:\Users\Intern\AppData\Local\Temp\ccyrKIUj.s 			page 14


 680 000b 00       		.byte	0
 681 000c 0000     		.2byte	0
 682 000e 0000     		.2byte	0
 683 0010 00000000 		.4byte	.LFB36
 684 0014 28000000 		.4byte	.LFE36-.LFB36
 685 0018 00000000 		.4byte	.LFB37
 686 001c 40000000 		.4byte	.LFE37-.LFB37
 687 0020 00000000 		.4byte	0
 688 0024 00000000 		.4byte	0
 689              		.section	.debug_ranges,"",%progbits
 690              	.Ldebug_ranges0:
 691 0000 00000000 		.4byte	.LFB36
 692 0004 28000000 		.4byte	.LFE36
 693 0008 00000000 		.4byte	.LFB37
 694 000c 40000000 		.4byte	.LFE37
 695 0010 00000000 		.4byte	0
 696 0014 00000000 		.4byte	0
 697              		.section	.debug_line,"",%progbits
 698              	.Ldebug_line0:
 699 0000 07010000 		.section	.debug_str,"MS",%progbits,1
 699      0200B100 
 699      00000201 
 699      FB0E0D00 
 699      01010101 
 700              	.LASF21:
 701 0000 55415254 		.ascii	"UART_SpiUartWriteTxData\000"
 701      5F537069 
 701      55617274 
 701      57726974 
 701      65547844 
 702              	.LASF18:
 703 0018 43794465 		.ascii	"CyDelay\000"
 703      6C617900 
 704              	.LASF12:
 705 0020 666C6F61 		.ascii	"float\000"
 705      7400
 706              	.LASF3:
 707 0026 7369676E 		.ascii	"signed char\000"
 707      65642063 
 707      68617200 
 708              	.LASF4:
 709 0032 756E7369 		.ascii	"unsigned char\000"
 709      676E6564 
 709      20636861 
 709      7200
 710              	.LASF8:
 711 0040 6C6F6E67 		.ascii	"long unsigned int\000"
 711      20756E73 
 711      69676E65 
 711      6420696E 
 711      7400
 712              	.LASF6:
 713 0052 73686F72 		.ascii	"short unsigned int\000"
 713      7420756E 
 713      7369676E 
 713      65642069 
 713      6E7400
ARM GAS  C:\Users\Intern\AppData\Local\Temp\ccyrKIUj.s 			page 15


 714              	.LASF16:
 715 0065 5245445F 		.ascii	"RED_LED_Read\000"
 715      4C45445F 
 715      52656164 
 715      00
 716              	.LASF31:
 717 0072 50696E5F 		.ascii	"Pin_SW2_Handler\000"
 717      5357325F 
 717      48616E64 
 717      6C657200 
 718              	.LASF13:
 719 0082 646F7562 		.ascii	"double\000"
 719      6C6500
 720              	.LASF23:
 721 0089 61646166 		.ascii	"adafruit_guva_uart\000"
 721      72756974 
 721      5F677576 
 721      615F7561 
 721      727400
 722              	.LASF32:
 723 009c 6D61696E 		.ascii	"main\000"
 723      00
 724              	.LASF30:
 725 00a1 75696E74 		.ascii	"uint32\000"
 725      333200
 726              	.LASF0:
 727 00a8 756E7369 		.ascii	"unsigned int\000"
 727      676E6564 
 727      20696E74 
 727      00
 728              	.LASF11:
 729 00b5 63686172 		.ascii	"char\000"
 729      00
 730              	.LASF27:
 731 00ba 474E5520 		.ascii	"GNU C11 5.4.1 20160609 (release) [ARM/embedded-5-br"
 731      43313120 
 731      352E342E 
 731      31203230 
 731      31363036 
 732 00ed 616E6368 		.ascii	"anch revision 237715] -mcpu=cortex-m0 -mthumb -g -O"
 732      20726576 
 732      6973696F 
 732      6E203233 
 732      37373135 
 733 0120 67202D66 		.ascii	"g -ffunction-sections -ffat-lto-objects\000"
 733      66756E63 
 733      74696F6E 
 733      2D736563 
 733      74696F6E 
 734              	.LASF29:
 735 0148 433A5C55 		.ascii	"C:\\Users\\Intern\\Documents\\GitHub\\UV-Sticker\\P"
 735      73657273 
 735      5C496E74 
 735      65726E5C 
 735      446F6375 
 736 0175 736F635C 		.ascii	"soc\\UV-Project\\UV-BB.cydsn\000"
 736      55562D50 
ARM GAS  C:\Users\Intern\AppData\Local\Temp\ccyrKIUj.s 			page 16


 736      726F6A65 
 736      63745C55 
 736      562D4242 
 737              	.LASF10:
 738 0190 73697A65 		.ascii	"sizetype\000"
 738      74797065 
 738      00
 739              	.LASF19:
 740 0199 50696E5F 		.ascii	"Pin_SW2_ClearInterrupt\000"
 740      5357325F 
 740      436C6561 
 740      72496E74 
 740      65727275 
 741              	.LASF1:
 742 01b0 6C6F6E67 		.ascii	"long long int\000"
 742      206C6F6E 
 742      6720696E 
 742      7400
 743              	.LASF28:
 744 01be 6D61696E 		.ascii	"main.c\000"
 744      2E6300
 745              	.LASF20:
 746 01c5 6164635F 		.ascii	"adc_acquire_channel\000"
 746      61637175 
 746      6972655F 
 746      6368616E 
 746      6E656C00 
 747              	.LASF5:
 748 01d9 73686F72 		.ascii	"short int\000"
 748      7420696E 
 748      7400
 749              	.LASF17:
 750 01e3 5245445F 		.ascii	"RED_LED_Write\000"
 750      4C45445F 
 750      57726974 
 750      6500
 751              	.LASF22:
 752 01f1 75765F75 		.ascii	"uv_uart\000"
 752      61727400 
 753              	.LASF7:
 754 01f9 6C6F6E67 		.ascii	"long int\000"
 754      20696E74 
 754      00
 755              	.LASF2:
 756 0202 6C6F6E67 		.ascii	"long double\000"
 756      20646F75 
 756      626C6500 
 757              	.LASF14:
 758 020e 70617274 		.ascii	"part1\000"
 758      3100
 759              	.LASF15:
 760 0214 70617274 		.ascii	"part2\000"
 760      3200
 761              	.LASF24:
 762 021a 73797374 		.ascii	"system_enable_interrupts\000"
 762      656D5F65 
 762      6E61626C 
ARM GAS  C:\Users\Intern\AppData\Local\Temp\ccyrKIUj.s 			page 17


 762      655F696E 
 762      74657272 
 763              	.LASF26:
 764 0233 50696E5F 		.ascii	"Pin_SW2_Int_StartEx\000"
 764      5357325F 
 764      496E745F 
 764      53746172 
 764      74457800 
 765              	.LASF9:
 766 0247 6C6F6E67 		.ascii	"long long unsigned int\000"
 766      206C6F6E 
 766      6720756E 
 766      7369676E 
 766      65642069 
 767              	.LASF25:
 768 025e 696E6974 		.ascii	"init_hardware\000"
 768      5F686172 
 768      64776172 
 768      6500
 769              		.ident	"GCC: (GNU Tools for ARM Embedded Processors) 5.4.1 20160609 (release) [ARM/embedded-5-bran
