ARM GAS  C:\Users\Intern\AppData\Local\Temp\ccokdkmG.s 			page 1


   1              		.syntax unified
   2              		.cpu cortex-m0
   3              		.fpu softvfp
   4              		.eabi_attribute 20, 1
   5              		.eabi_attribute 21, 1
   6              		.eabi_attribute 23, 3
   7              		.eabi_attribute 24, 1
   8              		.eabi_attribute 25, 1
   9              		.eabi_attribute 26, 1
  10              		.eabi_attribute 30, 1
  11              		.eabi_attribute 34, 0
  12              		.eabi_attribute 18, 4
  13              		.thumb
  14              		.syntax unified
  15              		.file	"system.c"
  16              		.text
  17              	.Ltext0:
  18              		.cfi_sections	.debug_frame
  19              		.section	.text.init_hardware,"ax",%progbits
  20              		.align	2
  21              		.global	init_hardware
  22              		.code	16
  23              		.thumb_func
  24              		.type	init_hardware, %function
  25              	init_hardware:
  26              	.LFB36:
  27              		.file 1 "system.c"
   1:system.c      **** #include "system.h"
   2:system.c      **** 
   3:system.c      **** const float vdd_calibration = 3255.01064;   
   4:system.c      **** const float uv_gain[] = {9.94, 9.94, 10.02, 9.91, 10.01}; //Gain Resistor Values for Each Photodiod
   5:system.c      **** const float uv_respons[] = {113, 69, 69, 181, 181}; //Responsitivity of Photodiode in nA / mW/cm^2
   6:system.c      **** const float amp_iov[] = {1, 1, 1, 1, 1}; //Input Offset Voltage of Amplifiers
   7:system.c      **** const float amp_ibc[] = {1, 1, 1, 1, 1}; //Input Bias Current of Amplifiers
   8:system.c      **** const float sg_resistors[] = {1.024, 0.023, 1.02, 1.001, 1.02, 1.02, 1.02, 3300, 3300}; //Resistors
   9:system.c      **** 
  10:system.c      **** void init_hardware(void)
  11:system.c      **** {
  28              		.loc 1 11 0
  29              		.cfi_startproc
  30              		@ args = 0, pretend = 0, frame = 0
  31              		@ frame_needed = 0, uses_anonymous_args = 0
  32 0000 10B5     		push	{r4, lr}
  33              		.cfi_def_cfa_offset 8
  34              		.cfi_offset 4, -8
  35              		.cfi_offset 14, -4
  12:system.c      ****     UART_Start(); //Starting UART internal communication
  36              		.loc 1 12 0
  37 0002 FFF7FEFF 		bl	UART_Start
  38              	.LVL0:
  13:system.c      ****     I2C_TMP116_Start(); //Starting the I2C communication for TMP116 
  39              		.loc 1 13 0
  40 0006 FFF7FEFF 		bl	I2C_TMP116_Start
  41              	.LVL1:
  14:system.c      ****     //SG_AMP_Start(); //Starting internal Op-amp titled SG_AMP
  15:system.c      ****     UV5_AMP_Start(); //Starting internal Op-amp titled UV5_AMP
  42              		.loc 1 15 0
ARM GAS  C:\Users\Intern\AppData\Local\Temp\ccokdkmG.s 			page 2


  43 000a FFF7FEFF 		bl	UV5_AMP_Start
  44              	.LVL2:
  16:system.c      ****     ADC_Start(); //Starting ADC
  45              		.loc 1 16 0
  46 000e FFF7FEFF 		bl	ADC_Start
  47              	.LVL3:
  17:system.c      **** }
  48              		.loc 1 17 0
  49              		@ sp needed
  50 0012 10BD     		pop	{r4, pc}
  51              		.cfi_endproc
  52              	.LFE36:
  53              		.size	init_hardware, .-init_hardware
  54              		.section	.text.system_enable_interrupts,"ax",%progbits
  55              		.align	2
  56              		.global	system_enable_interrupts
  57              		.code	16
  58              		.thumb_func
  59              		.type	system_enable_interrupts, %function
  60              	system_enable_interrupts:
  61              	.LFB37:
  18:system.c      **** 
  19:system.c      **** void system_enable_interrupts(void)
  20:system.c      **** {
  62              		.loc 1 20 0
  63              		.cfi_startproc
  64              		@ args = 0, pretend = 0, frame = 0
  65              		@ frame_needed = 0, uses_anonymous_args = 0
  66              		@ link register save eliminated.
  21:system.c      ****     CyGlobalIntEnable;
  67              		.loc 1 21 0
  68              		.syntax divided
  69              	@ 21 "system.c" 1
  70 0000 62B6     		CPSIE   i
  71              	@ 0 "" 2
  22:system.c      **** }
  72              		.loc 1 22 0
  73              		.thumb
  74              		.syntax unified
  75              		@ sp needed
  76 0002 7047     		bx	lr
  77              		.cfi_endproc
  78              	.LFE37:
  79              		.size	system_enable_interrupts, .-system_enable_interrupts
  80              		.section	.text.system_disable_interrupts,"ax",%progbits
  81              		.align	2
  82              		.global	system_disable_interrupts
  83              		.code	16
  84              		.thumb_func
  85              		.type	system_disable_interrupts, %function
  86              	system_disable_interrupts:
  87              	.LFB38:
  23:system.c      **** 
  24:system.c      **** void system_disable_interrupts(void)
  25:system.c      **** {
  88              		.loc 1 25 0
  89              		.cfi_startproc
ARM GAS  C:\Users\Intern\AppData\Local\Temp\ccokdkmG.s 			page 3


  90              		@ args = 0, pretend = 0, frame = 0
  91              		@ frame_needed = 0, uses_anonymous_args = 0
  92              		@ link register save eliminated.
  26:system.c      ****     CyGlobalIntDisable;
  93              		.loc 1 26 0
  94              		.syntax divided
  95              	@ 26 "system.c" 1
  96 0000 72B6     		CPSID   i
  97              	@ 0 "" 2
  27:system.c      **** }
  98              		.loc 1 27 0
  99              		.thumb
 100              		.syntax unified
 101              		@ sp needed
 102 0002 7047     		bx	lr
 103              		.cfi_endproc
 104              	.LFE38:
 105              		.size	system_disable_interrupts, .-system_disable_interrupts
 106              		.section	.text.adc_conversion,"ax",%progbits
 107              		.align	2
 108              		.global	adc_conversion
 109              		.code	16
 110              		.thumb_func
 111              		.type	adc_conversion, %function
 112              	adc_conversion:
 113              	.LFB39:
  28:system.c      **** 
  29:system.c      **** void adc_conversion(void)
  30:system.c      **** {
 114              		.loc 1 30 0
 115              		.cfi_startproc
 116              		@ args = 0, pretend = 0, frame = 0
 117              		@ frame_needed = 0, uses_anonymous_args = 0
 118 0000 10B5     		push	{r4, lr}
 119              		.cfi_def_cfa_offset 8
 120              		.cfi_offset 4, -8
 121              		.cfi_offset 14, -4
  31:system.c      ****     ADC_StartConvert();
 122              		.loc 1 31 0
 123 0002 FFF7FEFF 		bl	ADC_StartConvert
 124              	.LVL4:
  32:system.c      ****     ADC_IsEndConversion(ADC_WAIT_FOR_RESULT);
 125              		.loc 1 32 0
 126 0006 0220     		movs	r0, #2
 127 0008 FFF7FEFF 		bl	ADC_IsEndConversion
 128              	.LVL5:
  33:system.c      ****     ADC_StopConvert();   
 129              		.loc 1 33 0
 130 000c FFF7FEFF 		bl	ADC_StopConvert
 131              	.LVL6:
  34:system.c      **** }
 132              		.loc 1 34 0
 133              		@ sp needed
 134 0010 10BD     		pop	{r4, pc}
 135              		.cfi_endproc
 136              	.LFE39:
 137              		.size	adc_conversion, .-adc_conversion
ARM GAS  C:\Users\Intern\AppData\Local\Temp\ccokdkmG.s 			page 4


 138 0012 C046     		.section	.text.adc_acquire_channel,"ax",%progbits
 139              		.align	2
 140              		.global	adc_acquire_channel
 141              		.code	16
 142              		.thumb_func
 143              		.type	adc_acquire_channel, %function
 144              	adc_acquire_channel:
 145              	.LFB40:
  35:system.c      **** 
  36:system.c      **** uint16 adc_acquire_channel(uint32 channel)
  37:system.c      **** {
 146              		.loc 1 37 0
 147              		.cfi_startproc
 148              		@ args = 0, pretend = 0, frame = 0
 149              		@ frame_needed = 0, uses_anonymous_args = 0
 150              	.LVL7:
 151 0000 10B5     		push	{r4, lr}
 152              		.cfi_def_cfa_offset 8
 153              		.cfi_offset 4, -8
 154              		.cfi_offset 14, -4
 155 0002 0400     		movs	r4, r0
  38:system.c      ****     adc_conversion();
 156              		.loc 1 38 0
 157 0004 FFF7FEFF 		bl	adc_conversion
 158              	.LVL8:
  39:system.c      ****     uint16 adc_counts = (uint16) ADC_GetResult16(channel);
 159              		.loc 1 39 0
 160 0008 2000     		movs	r0, r4
 161 000a FFF7FEFF 		bl	ADC_GetResult16
 162              	.LVL9:
 163 000e 80B2     		uxth	r0, r0
 164              	.LVL10:
  40:system.c      ****     return adc_counts;
  41:system.c      **** }
 165              		.loc 1 41 0
 166              		@ sp needed
 167              	.LVL11:
 168 0010 10BD     		pop	{r4, pc}
 169              		.cfi_endproc
 170              	.LFE40:
 171              		.size	adc_acquire_channel, .-adc_acquire_channel
 172 0012 C046     		.section	.text.adc_sleep,"ax",%progbits
 173              		.align	2
 174              		.global	adc_sleep
 175              		.code	16
 176              		.thumb_func
 177              		.type	adc_sleep, %function
 178              	adc_sleep:
 179              	.LFB41:
  42:system.c      **** 
  43:system.c      **** void adc_sleep(void)
  44:system.c      **** {
 180              		.loc 1 44 0
 181              		.cfi_startproc
 182              		@ args = 0, pretend = 0, frame = 0
 183              		@ frame_needed = 0, uses_anonymous_args = 0
 184 0000 10B5     		push	{r4, lr}
ARM GAS  C:\Users\Intern\AppData\Local\Temp\ccokdkmG.s 			page 5


 185              		.cfi_def_cfa_offset 8
 186              		.cfi_offset 4, -8
 187              		.cfi_offset 14, -4
  45:system.c      ****     if (ADC_SAR_CTRL_REG  & ADC_ENABLE) 
 188              		.loc 1 45 0
 189 0002 034B     		ldr	r3, .L8
 190 0004 1B68     		ldr	r3, [r3]
 191 0006 002B     		cmp	r3, #0
 192 0008 01DA     		bge	.L6
  46:system.c      ****     { 
  47:system.c      ****         ADC_Sleep(); 
 193              		.loc 1 47 0
 194 000a FFF7FEFF 		bl	ADC_Sleep
 195              	.LVL12:
 196              	.L6:
  48:system.c      ****     }     
  49:system.c      **** }
 197              		.loc 1 49 0
 198              		@ sp needed
 199 000e 10BD     		pop	{r4, pc}
 200              	.L9:
 201              		.align	2
 202              	.L8:
 203 0010 00003A40 		.word	1077542912
 204              		.cfi_endproc
 205              	.LFE41:
 206              		.size	adc_sleep, .-adc_sleep
 207              		.section	.text.adc_wakeup,"ax",%progbits
 208              		.align	2
 209              		.global	adc_wakeup
 210              		.code	16
 211              		.thumb_func
 212              		.type	adc_wakeup, %function
 213              	adc_wakeup:
 214              	.LFB42:
  50:system.c      **** 
  51:system.c      **** void adc_wakeup(void)
  52:system.c      **** {
 215              		.loc 1 52 0
 216              		.cfi_startproc
 217              		@ args = 0, pretend = 0, frame = 0
 218              		@ frame_needed = 0, uses_anonymous_args = 0
 219 0000 10B5     		push	{r4, lr}
 220              		.cfi_def_cfa_offset 8
 221              		.cfi_offset 4, -8
 222              		.cfi_offset 14, -4
  53:system.c      ****     ADC_Wakeup();    
 223              		.loc 1 53 0
 224 0002 FFF7FEFF 		bl	ADC_Wakeup
 225              	.LVL13:
  54:system.c      **** }
 226              		.loc 1 54 0
 227              		@ sp needed
 228 0006 10BD     		pop	{r4, pc}
 229              		.cfi_endproc
 230              	.LFE42:
 231              		.size	adc_wakeup, .-adc_wakeup
ARM GAS  C:\Users\Intern\AppData\Local\Temp\ccokdkmG.s 			page 6


 232              		.section	.text.system_sleep,"ax",%progbits
 233              		.align	2
 234              		.global	system_sleep
 235              		.code	16
 236              		.thumb_func
 237              		.type	system_sleep, %function
 238              	system_sleep:
 239              	.LFB43:
  55:system.c      **** 
  56:system.c      **** void system_sleep(void)
  57:system.c      **** {
 240              		.loc 1 57 0
 241              		.cfi_startproc
 242              		@ args = 0, pretend = 0, frame = 0
 243              		@ frame_needed = 0, uses_anonymous_args = 0
 244 0000 10B5     		push	{r4, lr}
 245              		.cfi_def_cfa_offset 8
 246              		.cfi_offset 4, -8
 247              		.cfi_offset 14, -4
  58:system.c      ****     CySysPmSleep();
 248              		.loc 1 58 0
 249 0002 FFF7FEFF 		bl	CySysPmSleep
 250              	.LVL14:
  59:system.c      **** }
 251              		.loc 1 59 0
 252              		@ sp needed
 253 0006 10BD     		pop	{r4, pc}
 254              		.cfi_endproc
 255              	.LFE43:
 256              		.size	system_sleep, .-system_sleep
 257              		.section	.text.system_deepsleep,"ax",%progbits
 258              		.align	2
 259              		.global	system_deepsleep
 260              		.code	16
 261              		.thumb_func
 262              		.type	system_deepsleep, %function
 263              	system_deepsleep:
 264              	.LFB44:
  60:system.c      **** 
  61:system.c      **** void system_deepsleep(void)
  62:system.c      **** {
 265              		.loc 1 62 0
 266              		.cfi_startproc
 267              		@ args = 0, pretend = 0, frame = 0
 268              		@ frame_needed = 0, uses_anonymous_args = 0
 269 0000 10B5     		push	{r4, lr}
 270              		.cfi_def_cfa_offset 8
 271              		.cfi_offset 4, -8
 272              		.cfi_offset 14, -4
  63:system.c      ****     CySysPmDeepSleep();
 273              		.loc 1 63 0
 274 0002 FFF7FEFF 		bl	CySysPmDeepSleep
 275              	.LVL15:
  64:system.c      **** }
 276              		.loc 1 64 0
 277              		@ sp needed
 278 0006 10BD     		pop	{r4, pc}
ARM GAS  C:\Users\Intern\AppData\Local\Temp\ccokdkmG.s 			page 7


 279              		.cfi_endproc
 280              	.LFE44:
 281              		.size	system_deepsleep, .-system_deepsleep
 282              		.section	.text.system_stop_eco,"ax",%progbits
 283              		.align	2
 284              		.global	system_stop_eco
 285              		.code	16
 286              		.thumb_func
 287              		.type	system_stop_eco, %function
 288              	system_stop_eco:
 289              	.LFB45:
  65:system.c      **** 
  66:system.c      **** void system_stop_eco(void)
  67:system.c      **** {
 290              		.loc 1 67 0
 291              		.cfi_startproc
 292              		@ args = 0, pretend = 0, frame = 0
 293              		@ frame_needed = 0, uses_anonymous_args = 0
 294 0000 10B5     		push	{r4, lr}
 295              		.cfi_def_cfa_offset 8
 296              		.cfi_offset 4, -8
 297              		.cfi_offset 14, -4
  68:system.c      ****     CySysClkEcoStop();
 298              		.loc 1 68 0
 299 0002 FFF7FEFF 		bl	CySysClkEcoStop
 300              	.LVL16:
  69:system.c      **** }
 301              		.loc 1 69 0
 302              		@ sp needed
 303 0006 10BD     		pop	{r4, pc}
 304              		.cfi_endproc
 305              	.LFE45:
 306              		.size	system_stop_eco, .-system_stop_eco
 307              		.section	.text.system_set_imo,"ax",%progbits
 308              		.align	2
 309              		.global	system_set_imo
 310              		.code	16
 311              		.thumb_func
 312              		.type	system_set_imo, %function
 313              	system_set_imo:
 314              	.LFB46:
  70:system.c      **** 
  71:system.c      **** void system_set_imo(int mhz)
  72:system.c      **** {
 315              		.loc 1 72 0
 316              		.cfi_startproc
 317              		@ args = 0, pretend = 0, frame = 0
 318              		@ frame_needed = 0, uses_anonymous_args = 0
 319              	.LVL17:
 320 0000 10B5     		push	{r4, lr}
 321              		.cfi_def_cfa_offset 8
 322              		.cfi_offset 4, -8
 323              		.cfi_offset 14, -4
  73:system.c      ****     CySysClkWriteImoFreq(mhz);
 324              		.loc 1 73 0
 325 0002 FFF7FEFF 		bl	CySysClkWriteImoFreq
 326              	.LVL18:
ARM GAS  C:\Users\Intern\AppData\Local\Temp\ccokdkmG.s 			page 8


  74:system.c      **** }
 327              		.loc 1 74 0
 328              		@ sp needed
 329 0006 10BD     		pop	{r4, pc}
 330              		.cfi_endproc
 331              	.LFE46:
 332              		.size	system_set_imo, .-system_set_imo
 333              		.global	sg_resistors
 334              		.global	amp_ibc
 335              		.global	amp_iov
 336              		.global	uv_respons
 337              		.global	uv_gain
 338              		.global	vdd_calibration
 339              		.section	.rodata
 340              		.align	2
 341              		.type	sg_resistors, %object
 342              		.size	sg_resistors, 36
 343              	sg_resistors:
 344 0000 6F12833F 		.word	1065554543
 345 0004 7F6ABC3C 		.word	1018980991
 346 0008 5C8F823F 		.word	1065520988
 347 000c C520803F 		.word	1065361605
 348 0010 5C8F823F 		.word	1065520988
 349 0014 5C8F823F 		.word	1065520988
 350 0018 5C8F823F 		.word	1065520988
 351 001c 00404E45 		.word	1162756096
 352 0020 00404E45 		.word	1162756096
 353              		.type	amp_ibc, %object
 354              		.size	amp_ibc, 20
 355              	amp_ibc:
 356 0024 0000803F 		.word	1065353216
 357 0028 0000803F 		.word	1065353216
 358 002c 0000803F 		.word	1065353216
 359 0030 0000803F 		.word	1065353216
 360 0034 0000803F 		.word	1065353216
 361              		.type	amp_iov, %object
 362              		.size	amp_iov, 20
 363              	amp_iov:
 364 0038 0000803F 		.word	1065353216
 365 003c 0000803F 		.word	1065353216
 366 0040 0000803F 		.word	1065353216
 367 0044 0000803F 		.word	1065353216
 368 0048 0000803F 		.word	1065353216
 369              		.type	uv_respons, %object
 370              		.size	uv_respons, 20
 371              	uv_respons:
 372 004c 0000E242 		.word	1122107392
 373 0050 00008A42 		.word	1116340224
 374 0054 00008A42 		.word	1116340224
 375 0058 00003543 		.word	1127546880
 376 005c 00003543 		.word	1127546880
 377              		.type	uv_gain, %object
 378              		.size	uv_gain, 20
 379              	uv_gain:
 380 0060 3D0A1F41 		.word	1092553277
 381 0064 3D0A1F41 		.word	1092553277
 382 0068 EC512041 		.word	1092637164
ARM GAS  C:\Users\Intern\AppData\Local\Temp\ccokdkmG.s 			page 9


 383 006c 5C8F1E41 		.word	1092521820
 384 0070 F6282041 		.word	1092626678
 385              		.type	vdd_calibration, %object
 386              		.size	vdd_calibration, 4
 387              	vdd_calibration:
 388 0074 2C704B45 		.word	1162571820
 389              		.text
 390              	.Letext0:
 391              		.file 2 "Generated_Source\\PSoC4/cytypes.h"
 392              		.file 3 "Generated_Source\\PSoC4/BLE_Stack.h"
 393              		.file 4 "Generated_Source\\PSoC4/BLE_ans.h"
 394              		.file 5 "Generated_Source\\PSoC4/UART.h"
 395              		.file 6 "Generated_Source\\PSoC4/I2C_TMP116.h"
 396              		.file 7 "Generated_Source\\PSoC4/UV5_AMP.h"
 397              		.file 8 "Generated_Source\\PSoC4/ADC.h"
 398              		.file 9 "Generated_Source\\PSoC4/cyPm.h"
 399              		.file 10 "Generated_Source\\PSoC4/CyLib.h"
 400              		.section	.debug_info,"",%progbits
 401              	.Ldebug_info0:
 402 0000 B1050000 		.4byte	0x5b1
 403 0004 0400     		.2byte	0x4
 404 0006 00000000 		.4byte	.Ldebug_abbrev0
 405 000a 04       		.byte	0x4
 406 000b 01       		.uleb128 0x1
 407 000c 6D010000 		.4byte	.LASF128
 408 0010 0C       		.byte	0xc
 409 0011 FF020000 		.4byte	.LASF129
 410 0015 F6070000 		.4byte	.LASF130
 411 0019 00000000 		.4byte	.Ldebug_ranges0+0
 412 001d 00000000 		.4byte	0
 413 0021 00000000 		.4byte	.Ldebug_line0
 414 0025 02       		.uleb128 0x2
 415 0026 04       		.byte	0x4
 416 0027 05       		.byte	0x5
 417 0028 696E7400 		.ascii	"int\000"
 418 002c 03       		.uleb128 0x3
 419 002d 04       		.byte	0x4
 420 002e 07       		.byte	0x7
 421 002f DB040000 		.4byte	.LASF0
 422 0033 03       		.uleb128 0x3
 423 0034 08       		.byte	0x8
 424 0035 05       		.byte	0x5
 425 0036 08030000 		.4byte	.LASF1
 426 003a 03       		.uleb128 0x3
 427 003b 08       		.byte	0x8
 428 003c 04       		.byte	0x4
 429 003d 9A0A0000 		.4byte	.LASF2
 430 0041 03       		.uleb128 0x3
 431 0042 01       		.byte	0x1
 432 0043 06       		.byte	0x6
 433 0044 16030000 		.4byte	.LASF3
 434 0048 03       		.uleb128 0x3
 435 0049 01       		.byte	0x1
 436 004a 08       		.byte	0x8
 437 004b A4090000 		.4byte	.LASF4
 438 004f 03       		.uleb128 0x3
 439 0050 02       		.byte	0x2
ARM GAS  C:\Users\Intern\AppData\Local\Temp\ccokdkmG.s 			page 10


 440 0051 05       		.byte	0x5
 441 0052 D6090000 		.4byte	.LASF5
 442 0056 03       		.uleb128 0x3
 443 0057 02       		.byte	0x2
 444 0058 07       		.byte	0x7
 445 0059 BD050000 		.4byte	.LASF6
 446 005d 03       		.uleb128 0x3
 447 005e 04       		.byte	0x4
 448 005f 05       		.byte	0x5
 449 0060 64010000 		.4byte	.LASF7
 450 0064 03       		.uleb128 0x3
 451 0065 04       		.byte	0x4
 452 0066 07       		.byte	0x7
 453 0067 07050000 		.4byte	.LASF8
 454 006b 03       		.uleb128 0x3
 455 006c 08       		.byte	0x8
 456 006d 07       		.byte	0x7
 457 006e FB010000 		.4byte	.LASF9
 458 0072 03       		.uleb128 0x3
 459 0073 04       		.byte	0x4
 460 0074 07       		.byte	0x7
 461 0075 E3070000 		.4byte	.LASF10
 462 0079 03       		.uleb128 0x3
 463 007a 01       		.byte	0x1
 464 007b 08       		.byte	0x8
 465 007c BE0A0000 		.4byte	.LASF11
 466 0080 04       		.uleb128 0x4
 467 0081 3F000000 		.4byte	.LASF12
 468 0085 02       		.byte	0x2
 469 0086 D301     		.2byte	0x1d3
 470 0088 56000000 		.4byte	0x56
 471 008c 04       		.uleb128 0x4
 472 008d 1E040000 		.4byte	.LASF13
 473 0091 02       		.byte	0x2
 474 0092 D401     		.2byte	0x1d4
 475 0094 64000000 		.4byte	0x64
 476 0098 03       		.uleb128 0x3
 477 0099 04       		.byte	0x4
 478 009a 04       		.byte	0x4
 479 009b 58090000 		.4byte	.LASF14
 480 009f 03       		.uleb128 0x3
 481 00a0 08       		.byte	0x8
 482 00a1 04       		.byte	0x4
 483 00a2 02040000 		.4byte	.LASF15
 484 00a6 04       		.uleb128 0x4
 485 00a7 4A070000 		.4byte	.LASF16
 486 00ab 02       		.byte	0x2
 487 00ac 7E02     		.2byte	0x27e
 488 00ae B2000000 		.4byte	0xb2
 489 00b2 05       		.uleb128 0x5
 490 00b3 8C000000 		.4byte	0x8c
 491 00b7 06       		.uleb128 0x6
 492 00b8 01       		.byte	0x1
 493 00b9 48000000 		.4byte	0x48
 494 00bd 03       		.byte	0x3
 495 00be 4D01     		.2byte	0x14d
 496 00c0 75020000 		.4byte	0x275
ARM GAS  C:\Users\Intern\AppData\Local\Temp\ccokdkmG.s 			page 11


 497 00c4 07       		.uleb128 0x7
 498 00c5 D0050000 		.4byte	.LASF17
 499 00c9 00       		.byte	0
 500 00ca 07       		.uleb128 0x7
 501 00cb 22030000 		.4byte	.LASF18
 502 00cf 01       		.byte	0x1
 503 00d0 07       		.uleb128 0x7
 504 00d1 52010000 		.4byte	.LASF19
 505 00d5 02       		.byte	0x2
 506 00d6 07       		.uleb128 0x7
 507 00d7 830B0000 		.4byte	.LASF20
 508 00db 03       		.byte	0x3
 509 00dc 07       		.uleb128 0x7
 510 00dd 12020000 		.4byte	.LASF21
 511 00e1 04       		.byte	0x4
 512 00e2 07       		.uleb128 0x7
 513 00e3 23000000 		.4byte	.LASF22
 514 00e7 05       		.byte	0x5
 515 00e8 07       		.uleb128 0x7
 516 00e9 05060000 		.4byte	.LASF23
 517 00ed 06       		.byte	0x6
 518 00ee 07       		.uleb128 0x7
 519 00ef 50070000 		.4byte	.LASF24
 520 00f3 20       		.byte	0x20
 521 00f4 07       		.uleb128 0x7
 522 00f5 54030000 		.4byte	.LASF25
 523 00f9 21       		.byte	0x21
 524 00fa 07       		.uleb128 0x7
 525 00fb 3F060000 		.4byte	.LASF26
 526 00ff 22       		.byte	0x22
 527 0100 07       		.uleb128 0x7
 528 0101 ED060000 		.4byte	.LASF27
 529 0105 23       		.byte	0x23
 530 0106 07       		.uleb128 0x7
 531 0107 D3080000 		.4byte	.LASF28
 532 010b 24       		.byte	0x24
 533 010c 07       		.uleb128 0x7
 534 010d 3E080000 		.4byte	.LASF29
 535 0111 25       		.byte	0x25
 536 0112 07       		.uleb128 0x7
 537 0113 BB030000 		.4byte	.LASF30
 538 0117 26       		.byte	0x26
 539 0118 07       		.uleb128 0x7
 540 0119 63060000 		.4byte	.LASF31
 541 011d 27       		.byte	0x27
 542 011e 07       		.uleb128 0x7
 543 011f C30A0000 		.4byte	.LASF32
 544 0123 28       		.byte	0x28
 545 0124 07       		.uleb128 0x7
 546 0125 A9020000 		.4byte	.LASF33
 547 0129 29       		.byte	0x29
 548 012a 07       		.uleb128 0x7
 549 012b 94000000 		.4byte	.LASF34
 550 012f 2A       		.byte	0x2a
 551 0130 07       		.uleb128 0x7
 552 0131 35030000 		.4byte	.LASF35
 553 0135 2B       		.byte	0x2b
ARM GAS  C:\Users\Intern\AppData\Local\Temp\ccokdkmG.s 			page 12


 554 0136 07       		.uleb128 0x7
 555 0137 5D0C0000 		.4byte	.LASF36
 556 013b 2C       		.byte	0x2c
 557 013c 07       		.uleb128 0x7
 558 013d C6020000 		.4byte	.LASF37
 559 0141 2D       		.byte	0x2d
 560 0142 07       		.uleb128 0x7
 561 0143 B2090000 		.4byte	.LASF38
 562 0147 2E       		.byte	0x2e
 563 0148 07       		.uleb128 0x7
 564 0149 DE000000 		.4byte	.LASF39
 565 014d 2F       		.byte	0x2f
 566 014e 07       		.uleb128 0x7
 567 014f 93080000 		.4byte	.LASF40
 568 0153 30       		.byte	0x30
 569 0154 07       		.uleb128 0x7
 570 0155 C80C0000 		.4byte	.LASF41
 571 0159 31       		.byte	0x31
 572 015a 07       		.uleb128 0x7
 573 015b 72080000 		.4byte	.LASF42
 574 015f 32       		.byte	0x32
 575 0160 07       		.uleb128 0x7
 576 0161 730A0000 		.4byte	.LASF43
 577 0165 33       		.byte	0x33
 578 0166 07       		.uleb128 0x7
 579 0167 19050000 		.4byte	.LASF44
 580 016b 34       		.byte	0x34
 581 016c 07       		.uleb128 0x7
 582 016d 80040000 		.4byte	.LASF45
 583 0171 35       		.byte	0x35
 584 0172 07       		.uleb128 0x7
 585 0173 82060000 		.4byte	.LASF46
 586 0177 36       		.byte	0x36
 587 0178 07       		.uleb128 0x7
 588 0179 7F070000 		.4byte	.LASF47
 589 017d 37       		.byte	0x37
 590 017e 07       		.uleb128 0x7
 591 017f 33040000 		.4byte	.LASF48
 592 0183 40       		.byte	0x40
 593 0184 07       		.uleb128 0x7
 594 0185 13070000 		.4byte	.LASF49
 595 0189 41       		.byte	0x41
 596 018a 07       		.uleb128 0x7
 597 018b 70090000 		.4byte	.LASF50
 598 018f 42       		.byte	0x42
 599 0190 07       		.uleb128 0x7
 600 0191 B00B0000 		.4byte	.LASF51
 601 0195 43       		.byte	0x43
 602 0196 07       		.uleb128 0x7
 603 0197 4B050000 		.4byte	.LASF52
 604 019b 44       		.byte	0x44
 605 019c 07       		.uleb128 0x7
 606 019d 31090000 		.4byte	.LASF53
 607 01a1 45       		.byte	0x45
 608 01a2 07       		.uleb128 0x7
 609 01a3 B8060000 		.4byte	.LASF54
 610 01a7 46       		.byte	0x46
ARM GAS  C:\Users\Intern\AppData\Local\Temp\ccokdkmG.s 			page 13


 611 01a8 07       		.uleb128 0x7
 612 01a9 E7050000 		.4byte	.LASF55
 613 01ad 47       		.byte	0x47
 614 01ae 07       		.uleb128 0x7
 615 01af 360C0000 		.4byte	.LASF56
 616 01b3 48       		.byte	0x48
 617 01b4 07       		.uleb128 0x7
 618 01b5 6B030000 		.4byte	.LASF57
 619 01b9 49       		.byte	0x49
 620 01ba 07       		.uleb128 0x7
 621 01bb DE0B0000 		.4byte	.LASF58
 622 01bf 4A       		.byte	0x4a
 623 01c0 07       		.uleb128 0x7
 624 01c1 07010000 		.4byte	.LASF59
 625 01c5 4B       		.byte	0x4b
 626 01c6 07       		.uleb128 0x7
 627 01c7 31050000 		.4byte	.LASF60
 628 01cb 4C       		.byte	0x4c
 629 01cc 07       		.uleb128 0x7
 630 01cd 58080000 		.4byte	.LASF61
 631 01d1 4D       		.byte	0x4d
 632 01d2 07       		.uleb128 0x7
 633 01d3 9D030000 		.4byte	.LASF62
 634 01d7 4E       		.byte	0x4e
 635 01d8 07       		.uleb128 0x7
 636 01d9 1E0A0000 		.4byte	.LASF63
 637 01dd 4F       		.byte	0x4f
 638 01de 07       		.uleb128 0x7
 639 01df 26010000 		.4byte	.LASF64
 640 01e3 50       		.byte	0x50
 641 01e4 07       		.uleb128 0x7
 642 01e5 E3030000 		.4byte	.LASF65
 643 01e9 51       		.byte	0x51
 644 01ea 07       		.uleb128 0x7
 645 01eb EF080000 		.4byte	.LASF66
 646 01ef 52       		.byte	0x52
 647 01f0 07       		.uleb128 0x7
 648 01f1 E0090000 		.4byte	.LASF67
 649 01f5 53       		.byte	0x53
 650 01f6 07       		.uleb128 0x7
 651 01f7 450A0000 		.4byte	.LASF68
 652 01fb 54       		.byte	0x54
 653 01fc 07       		.uleb128 0x7
 654 01fd 69050000 		.4byte	.LASF69
 655 0201 55       		.byte	0x55
 656 0202 07       		.uleb128 0x7
 657 0203 AB040000 		.4byte	.LASF70
 658 0207 56       		.byte	0x56
 659 0208 07       		.uleb128 0x7
 660 0209 E50A0000 		.4byte	.LASF71
 661 020d 57       		.byte	0x57
 662 020e 07       		.uleb128 0x7
 663 020f 8D050000 		.4byte	.LASF72
 664 0213 58       		.byte	0x58
 665 0214 07       		.uleb128 0x7
 666 0215 83020000 		.4byte	.LASF73
 667 0219 70       		.byte	0x70
ARM GAS  C:\Users\Intern\AppData\Local\Temp\ccokdkmG.s 			page 14


 668 021a 07       		.uleb128 0x7
 669 021b A20C0000 		.4byte	.LASF74
 670 021f 71       		.byte	0x71
 671 0220 07       		.uleb128 0x7
 672 0221 2E070000 		.4byte	.LASF75
 673 0225 72       		.byte	0x72
 674 0226 07       		.uleb128 0x7
 675 0227 B4070000 		.4byte	.LASF76
 676 022b 73       		.byte	0x73
 677 022c 07       		.uleb128 0x7
 678 022d 65000000 		.4byte	.LASF77
 679 0231 74       		.byte	0x74
 680 0232 07       		.uleb128 0x7
 681 0233 810C0000 		.4byte	.LASF78
 682 0237 75       		.byte	0x75
 683 0238 07       		.uleb128 0x7
 684 0239 BD000000 		.4byte	.LASF79
 685 023d 76       		.byte	0x76
 686 023e 07       		.uleb128 0x7
 687 023f 46000000 		.4byte	.LASF80
 688 0243 77       		.byte	0x77
 689 0244 07       		.uleb128 0x7
 690 0245 00000000 		.4byte	.LASF81
 691 0249 78       		.byte	0x78
 692 024a 07       		.uleb128 0x7
 693 024b 1D0B0000 		.4byte	.LASF82
 694 024f 79       		.byte	0x79
 695 0250 07       		.uleb128 0x7
 696 0251 5C040000 		.4byte	.LASF83
 697 0255 7A       		.byte	0x7a
 698 0256 07       		.uleb128 0x7
 699 0257 32020000 		.4byte	.LASF84
 700 025b FA       		.byte	0xfa
 701 025c 07       		.uleb128 0x7
 702 025d E8040000 		.4byte	.LASF85
 703 0261 FB       		.byte	0xfb
 704 0262 07       		.uleb128 0x7
 705 0263 010A0000 		.4byte	.LASF86
 706 0267 FC       		.byte	0xfc
 707 0268 07       		.uleb128 0x7
 708 0269 A60A0000 		.4byte	.LASF87
 709 026d FD       		.byte	0xfd
 710 026e 07       		.uleb128 0x7
 711 026f 25040000 		.4byte	.LASF88
 712 0273 FF       		.byte	0xff
 713 0274 00       		.byte	0
 714 0275 08       		.uleb128 0x8
 715 0276 01       		.byte	0x1
 716 0277 48000000 		.4byte	0x48
 717 027b 04       		.byte	0x4
 718 027c 23       		.byte	0x23
 719 027d A6020000 		.4byte	0x2a6
 720 0281 07       		.uleb128 0x7
 721 0282 50020000 		.4byte	.LASF89
 722 0286 00       		.byte	0
 723 0287 07       		.uleb128 0x7
 724 0288 D9060000 		.4byte	.LASF90
ARM GAS  C:\Users\Intern\AppData\Local\Temp\ccokdkmG.s 			page 15


 725 028c 01       		.byte	0x1
 726 028d 07       		.uleb128 0x7
 727 028e 400B0000 		.4byte	.LASF91
 728 0292 02       		.byte	0x2
 729 0293 07       		.uleb128 0x7
 730 0294 650B0000 		.4byte	.LASF92
 731 0298 03       		.byte	0x3
 732 0299 07       		.uleb128 0x7
 733 029a 140C0000 		.4byte	.LASF93
 734 029e 04       		.byte	0x4
 735 029f 07       		.uleb128 0x7
 736 02a0 09040000 		.4byte	.LASF94
 737 02a4 05       		.byte	0x5
 738 02a5 00       		.byte	0
 739 02a6 08       		.uleb128 0x8
 740 02a7 01       		.byte	0x1
 741 02a8 48000000 		.4byte	0x48
 742 02ac 04       		.byte	0x4
 743 02ad 2E       		.byte	0x2e
 744 02ae BF020000 		.4byte	0x2bf
 745 02b2 07       		.uleb128 0x7
 746 02b3 0E0B0000 		.4byte	.LASF95
 747 02b7 00       		.byte	0
 748 02b8 07       		.uleb128 0x7
 749 02b9 8E090000 		.4byte	.LASF96
 750 02bd 01       		.byte	0x1
 751 02be 00       		.byte	0
 752 02bf 09       		.uleb128 0x9
 753 02c0 CD040000 		.4byte	.LASF99
 754 02c4 01       		.byte	0x1
 755 02c5 0A       		.byte	0xa
 756 02c6 00000000 		.4byte	.LFB36
 757 02ca 14000000 		.4byte	.LFE36-.LFB36
 758 02ce 01       		.uleb128 0x1
 759 02cf 9C       		.byte	0x9c
 760 02d0 F9020000 		.4byte	0x2f9
 761 02d4 0A       		.uleb128 0xa
 762 02d5 06000000 		.4byte	.LVL0
 763 02d9 1A050000 		.4byte	0x51a
 764 02dd 0A       		.uleb128 0xa
 765 02de 0A000000 		.4byte	.LVL1
 766 02e2 25050000 		.4byte	0x525
 767 02e6 0A       		.uleb128 0xa
 768 02e7 0E000000 		.4byte	.LVL2
 769 02eb 30050000 		.4byte	0x530
 770 02ef 0A       		.uleb128 0xa
 771 02f0 12000000 		.4byte	.LVL3
 772 02f4 3B050000 		.4byte	0x53b
 773 02f8 00       		.byte	0
 774 02f9 0B       		.uleb128 0xb
 775 02fa 10090000 		.4byte	.LASF97
 776 02fe 01       		.byte	0x1
 777 02ff 13       		.byte	0x13
 778 0300 00000000 		.4byte	.LFB37
 779 0304 04000000 		.4byte	.LFE37-.LFB37
 780 0308 01       		.uleb128 0x1
 781 0309 9C       		.byte	0x9c
ARM GAS  C:\Users\Intern\AppData\Local\Temp\ccokdkmG.s 			page 16


 782 030a 0B       		.uleb128 0xb
 783 030b EC0C0000 		.4byte	.LASF98
 784 030f 01       		.byte	0x1
 785 0310 18       		.byte	0x18
 786 0311 00000000 		.4byte	.LFB38
 787 0315 04000000 		.4byte	.LFE38-.LFB38
 788 0319 01       		.uleb128 0x1
 789 031a 9C       		.byte	0x9c
 790 031b 09       		.uleb128 0x9
 791 031c 8E030000 		.4byte	.LASF100
 792 0320 01       		.byte	0x1
 793 0321 1D       		.byte	0x1d
 794 0322 00000000 		.4byte	.LFB39
 795 0326 12000000 		.4byte	.LFE39-.LFB39
 796 032a 01       		.uleb128 0x1
 797 032b 9C       		.byte	0x9c
 798 032c 56030000 		.4byte	0x356
 799 0330 0A       		.uleb128 0xa
 800 0331 06000000 		.4byte	.LVL4
 801 0335 46050000 		.4byte	0x546
 802 0339 0C       		.uleb128 0xc
 803 033a 0C000000 		.4byte	.LVL5
 804 033e 51050000 		.4byte	0x551
 805 0342 4C030000 		.4byte	0x34c
 806 0346 0D       		.uleb128 0xd
 807 0347 01       		.uleb128 0x1
 808 0348 50       		.byte	0x50
 809 0349 01       		.uleb128 0x1
 810 034a 32       		.byte	0x32
 811 034b 00       		.byte	0
 812 034c 0A       		.uleb128 0xa
 813 034d 10000000 		.4byte	.LVL6
 814 0351 5C050000 		.4byte	0x55c
 815 0355 00       		.byte	0
 816 0356 0E       		.uleb128 0xe
 817 0357 9C0B0000 		.4byte	.LASF131
 818 035b 01       		.byte	0x1
 819 035c 24       		.byte	0x24
 820 035d 80000000 		.4byte	0x80
 821 0361 00000000 		.4byte	.LFB40
 822 0365 12000000 		.4byte	.LFE40-.LFB40
 823 0369 01       		.uleb128 0x1
 824 036a 9C       		.byte	0x9c
 825 036b A5030000 		.4byte	0x3a5
 826 036f 0F       		.uleb128 0xf
 827 0370 3D0A0000 		.4byte	.LASF107
 828 0374 01       		.byte	0x1
 829 0375 24       		.byte	0x24
 830 0376 8C000000 		.4byte	0x8c
 831 037a 00000000 		.4byte	.LLST0
 832 037e 10       		.uleb128 0x10
 833 037f 130A0000 		.4byte	.LASF132
 834 0383 01       		.byte	0x1
 835 0384 27       		.byte	0x27
 836 0385 80000000 		.4byte	0x80
 837 0389 01       		.uleb128 0x1
 838 038a 50       		.byte	0x50
ARM GAS  C:\Users\Intern\AppData\Local\Temp\ccokdkmG.s 			page 17


 839 038b 0A       		.uleb128 0xa
 840 038c 08000000 		.4byte	.LVL8
 841 0390 1B030000 		.4byte	0x31b
 842 0394 11       		.uleb128 0x11
 843 0395 0E000000 		.4byte	.LVL9
 844 0399 67050000 		.4byte	0x567
 845 039d 0D       		.uleb128 0xd
 846 039e 01       		.uleb128 0x1
 847 039f 50       		.byte	0x50
 848 03a0 02       		.uleb128 0x2
 849 03a1 74       		.byte	0x74
 850 03a2 00       		.sleb128 0
 851 03a3 00       		.byte	0
 852 03a4 00       		.byte	0
 853 03a5 09       		.uleb128 0x9
 854 03a6 EC070000 		.4byte	.LASF101
 855 03aa 01       		.byte	0x1
 856 03ab 2B       		.byte	0x2b
 857 03ac 00000000 		.4byte	.LFB41
 858 03b0 14000000 		.4byte	.LFE41-.LFB41
 859 03b4 01       		.uleb128 0x1
 860 03b5 9C       		.byte	0x9c
 861 03b6 C4030000 		.4byte	0x3c4
 862 03ba 0A       		.uleb128 0xa
 863 03bb 0E000000 		.4byte	.LVL12
 864 03bf 72050000 		.4byte	0x572
 865 03c3 00       		.byte	0
 866 03c4 09       		.uleb128 0x9
 867 03c5 160D0000 		.4byte	.LASF102
 868 03c9 01       		.byte	0x1
 869 03ca 33       		.byte	0x33
 870 03cb 00000000 		.4byte	.LFB42
 871 03cf 08000000 		.4byte	.LFE42-.LFB42
 872 03d3 01       		.uleb128 0x1
 873 03d4 9C       		.byte	0x9c
 874 03d5 E3030000 		.4byte	0x3e3
 875 03d9 0A       		.uleb128 0xa
 876 03da 06000000 		.4byte	.LVL13
 877 03de 7D050000 		.4byte	0x57d
 878 03e2 00       		.byte	0
 879 03e3 09       		.uleb128 0x9
 880 03e4 660A0000 		.4byte	.LASF103
 881 03e8 01       		.byte	0x1
 882 03e9 38       		.byte	0x38
 883 03ea 00000000 		.4byte	.LFB43
 884 03ee 08000000 		.4byte	.LFE43-.LFB43
 885 03f2 01       		.uleb128 0x1
 886 03f3 9C       		.byte	0x9c
 887 03f4 02040000 		.4byte	0x402
 888 03f8 0A       		.uleb128 0xa
 889 03f9 06000000 		.4byte	.LVL14
 890 03fd 88050000 		.4byte	0x588
 891 0401 00       		.byte	0
 892 0402 09       		.uleb128 0x9
 893 0403 2E060000 		.4byte	.LASF104
 894 0407 01       		.byte	0x1
 895 0408 3D       		.byte	0x3d
ARM GAS  C:\Users\Intern\AppData\Local\Temp\ccokdkmG.s 			page 18


 896 0409 00000000 		.4byte	.LFB44
 897 040d 08000000 		.4byte	.LFE44-.LFB44
 898 0411 01       		.uleb128 0x1
 899 0412 9C       		.byte	0x9c
 900 0413 21040000 		.4byte	0x421
 901 0417 0A       		.uleb128 0xa
 902 0418 06000000 		.4byte	.LVL15
 903 041c 93050000 		.4byte	0x593
 904 0420 00       		.byte	0
 905 0421 09       		.uleb128 0x9
 906 0422 EF020000 		.4byte	.LASF105
 907 0426 01       		.byte	0x1
 908 0427 42       		.byte	0x42
 909 0428 00000000 		.4byte	.LFB45
 910 042c 08000000 		.4byte	.LFE45-.LFB45
 911 0430 01       		.uleb128 0x1
 912 0431 9C       		.byte	0x9c
 913 0432 40040000 		.4byte	0x440
 914 0436 0A       		.uleb128 0xa
 915 0437 06000000 		.4byte	.LVL16
 916 043b 9E050000 		.4byte	0x59e
 917 043f 00       		.byte	0
 918 0440 09       		.uleb128 0x9
 919 0441 4D040000 		.4byte	.LASF106
 920 0445 01       		.byte	0x1
 921 0446 47       		.byte	0x47
 922 0447 00000000 		.4byte	.LFB46
 923 044b 08000000 		.4byte	.LFE46-.LFB46
 924 044f 01       		.uleb128 0x1
 925 0450 9C       		.byte	0x9c
 926 0451 76040000 		.4byte	0x476
 927 0455 12       		.uleb128 0x12
 928 0456 6D687A00 		.ascii	"mhz\000"
 929 045a 01       		.byte	0x1
 930 045b 47       		.byte	0x47
 931 045c 25000000 		.4byte	0x25
 932 0460 2C000000 		.4byte	.LLST1
 933 0464 11       		.uleb128 0x11
 934 0465 06000000 		.4byte	.LVL18
 935 0469 A9050000 		.4byte	0x5a9
 936 046d 0D       		.uleb128 0xd
 937 046e 01       		.uleb128 0x1
 938 046f 50       		.byte	0x50
 939 0470 03       		.uleb128 0x3
 940 0471 F3       		.byte	0xf3
 941 0472 01       		.uleb128 0x1
 942 0473 50       		.byte	0x50
 943 0474 00       		.byte	0
 944 0475 00       		.byte	0
 945 0476 13       		.uleb128 0x13
 946 0477 FC0B0000 		.4byte	.LASF108
 947 047b 01       		.byte	0x1
 948 047c 03       		.byte	0x3
 949 047d 87040000 		.4byte	0x487
 950 0481 05       		.uleb128 0x5
 951 0482 03       		.byte	0x3
 952 0483 00000000 		.4byte	vdd_calibration
ARM GAS  C:\Users\Intern\AppData\Local\Temp\ccokdkmG.s 			page 19


 953 0487 14       		.uleb128 0x14
 954 0488 98000000 		.4byte	0x98
 955 048c 15       		.uleb128 0x15
 956 048d 87040000 		.4byte	0x487
 957 0491 9C040000 		.4byte	0x49c
 958 0495 16       		.uleb128 0x16
 959 0496 72000000 		.4byte	0x72
 960 049a 04       		.byte	0x4
 961 049b 00       		.byte	0
 962 049c 13       		.uleb128 0x13
 963 049d 29090000 		.4byte	.LASF109
 964 04a1 01       		.byte	0x1
 965 04a2 04       		.byte	0x4
 966 04a3 AD040000 		.4byte	0x4ad
 967 04a7 05       		.uleb128 0x5
 968 04a8 03       		.byte	0x3
 969 04a9 00000000 		.4byte	uv_gain
 970 04ad 14       		.uleb128 0x14
 971 04ae 8C040000 		.4byte	0x48c
 972 04b2 13       		.uleb128 0x13
 973 04b3 74070000 		.4byte	.LASF110
 974 04b7 01       		.byte	0x1
 975 04b8 05       		.byte	0x5
 976 04b9 C3040000 		.4byte	0x4c3
 977 04bd 05       		.uleb128 0x5
 978 04be 03       		.byte	0x3
 979 04bf 00000000 		.4byte	uv_respons
 980 04c3 14       		.uleb128 0x14
 981 04c4 8C040000 		.4byte	0x48c
 982 04c8 13       		.uleb128 0x13
 983 04c9 0C0C0000 		.4byte	.LASF111
 984 04cd 01       		.byte	0x1
 985 04ce 06       		.byte	0x6
 986 04cf D9040000 		.4byte	0x4d9
 987 04d3 05       		.uleb128 0x5
 988 04d4 03       		.byte	0x3
 989 04d5 00000000 		.4byte	amp_iov
 990 04d9 14       		.uleb128 0x14
 991 04da 8C040000 		.4byte	0x48c
 992 04de 13       		.uleb128 0x13
 993 04df 68090000 		.4byte	.LASF112
 994 04e3 01       		.byte	0x1
 995 04e4 07       		.byte	0x7
 996 04e5 EF040000 		.4byte	0x4ef
 997 04e9 05       		.uleb128 0x5
 998 04ea 03       		.byte	0x3
 999 04eb 00000000 		.4byte	amp_ibc
 1000 04ef 14       		.uleb128 0x14
 1001 04f0 8C040000 		.4byte	0x48c
 1002 04f4 15       		.uleb128 0x15
 1003 04f5 87040000 		.4byte	0x487
 1004 04f9 04050000 		.4byte	0x504
 1005 04fd 16       		.uleb128 0x16
 1006 04fe 72000000 		.4byte	0x72
 1007 0502 08       		.byte	0x8
 1008 0503 00       		.byte	0
 1009 0504 13       		.uleb128 0x13
ARM GAS  C:\Users\Intern\AppData\Local\Temp\ccokdkmG.s 			page 20


 1010 0505 45010000 		.4byte	.LASF113
 1011 0509 01       		.byte	0x1
 1012 050a 08       		.byte	0x8
 1013 050b 15050000 		.4byte	0x515
 1014 050f 05       		.uleb128 0x5
 1015 0510 03       		.byte	0x3
 1016 0511 00000000 		.4byte	sg_resistors
 1017 0515 14       		.uleb128 0x14
 1018 0516 F4040000 		.4byte	0x4f4
 1019 051a 17       		.uleb128 0x17
 1020 051b 27020000 		.4byte	.LASF114
 1021 051f 27020000 		.4byte	.LASF114
 1022 0523 05       		.byte	0x5
 1023 0524 6E       		.byte	0x6e
 1024 0525 17       		.uleb128 0x17
 1025 0526 D2070000 		.4byte	.LASF115
 1026 052a D2070000 		.4byte	.LASF115
 1027 052e 06       		.byte	0x6
 1028 052f 6E       		.byte	0x6e
 1029 0530 17       		.uleb128 0x17
 1030 0531 9D040000 		.4byte	.LASF116
 1031 0535 9D040000 		.4byte	.LASF116
 1032 0539 07       		.byte	0x7
 1033 053a 29       		.byte	0x29
 1034 053b 17       		.uleb128 0x17
 1035 053c 84030000 		.4byte	.LASF117
 1036 0540 84030000 		.4byte	.LASF117
 1037 0544 08       		.byte	0x8
 1038 0545 99       		.byte	0x99
 1039 0546 17       		.uleb128 0x17
 1040 0547 72020000 		.4byte	.LASF118
 1041 054b 72020000 		.4byte	.LASF118
 1042 054f 08       		.byte	0x8
 1043 0550 9D       		.byte	0x9d
 1044 0551 17       		.uleb128 0x17
 1045 0552 B4080000 		.4byte	.LASF119
 1046 0556 B4080000 		.4byte	.LASF119
 1047 055a 08       		.byte	0x8
 1048 055b 9F       		.byte	0x9f
 1049 055c 17       		.uleb128 0x17
 1050 055d 1E060000 		.4byte	.LASF120
 1051 0561 1E060000 		.4byte	.LASF120
 1052 0565 08       		.byte	0x8
 1053 0566 9E       		.byte	0x9e
 1054 0567 17       		.uleb128 0x17
 1055 0568 060D0000 		.4byte	.LASF121
 1056 056c 060D0000 		.4byte	.LASF121
 1057 0570 08       		.byte	0x8
 1058 0571 A0       		.byte	0xa0
 1059 0572 17       		.uleb128 0x17
 1060 0573 5E090000 		.4byte	.LASF122
 1061 0577 5E090000 		.4byte	.LASF122
 1062 057b 08       		.byte	0x8
 1063 057c B0       		.byte	0xb0
 1064 057d 17       		.uleb128 0x17
 1065 057e C8080000 		.4byte	.LASF123
 1066 0582 C8080000 		.4byte	.LASF123
ARM GAS  C:\Users\Intern\AppData\Local\Temp\ccokdkmG.s 			page 21


 1067 0586 08       		.byte	0x8
 1068 0587 B1       		.byte	0xb1
 1069 0588 17       		.uleb128 0x17
 1070 0589 B0050000 		.4byte	.LASF124
 1071 058d B0050000 		.4byte	.LASF124
 1072 0591 09       		.byte	0x9
 1073 0592 56       		.byte	0x56
 1074 0593 17       		.uleb128 0x17
 1075 0594 83000000 		.4byte	.LASF125
 1076 0598 83000000 		.4byte	.LASF125
 1077 059c 09       		.byte	0x9
 1078 059d 57       		.byte	0x57
 1079 059e 17       		.uleb128 0x17
 1080 059f CE0B0000 		.4byte	.LASF126
 1081 05a3 CE0B0000 		.4byte	.LASF126
 1082 05a7 0A       		.byte	0xa
 1083 05a8 85       		.byte	0x85
 1084 05a9 17       		.uleb128 0x17
 1085 05aa A3060000 		.4byte	.LASF127
 1086 05ae A3060000 		.4byte	.LASF127
 1087 05b2 0A       		.byte	0xa
 1088 05b3 6C       		.byte	0x6c
 1089 05b4 00       		.byte	0
 1090              		.section	.debug_abbrev,"",%progbits
 1091              	.Ldebug_abbrev0:
 1092 0000 01       		.uleb128 0x1
 1093 0001 11       		.uleb128 0x11
 1094 0002 01       		.byte	0x1
 1095 0003 25       		.uleb128 0x25
 1096 0004 0E       		.uleb128 0xe
 1097 0005 13       		.uleb128 0x13
 1098 0006 0B       		.uleb128 0xb
 1099 0007 03       		.uleb128 0x3
 1100 0008 0E       		.uleb128 0xe
 1101 0009 1B       		.uleb128 0x1b
 1102 000a 0E       		.uleb128 0xe
 1103 000b 55       		.uleb128 0x55
 1104 000c 17       		.uleb128 0x17
 1105 000d 11       		.uleb128 0x11
 1106 000e 01       		.uleb128 0x1
 1107 000f 10       		.uleb128 0x10
 1108 0010 17       		.uleb128 0x17
 1109 0011 00       		.byte	0
 1110 0012 00       		.byte	0
 1111 0013 02       		.uleb128 0x2
 1112 0014 24       		.uleb128 0x24
 1113 0015 00       		.byte	0
 1114 0016 0B       		.uleb128 0xb
 1115 0017 0B       		.uleb128 0xb
 1116 0018 3E       		.uleb128 0x3e
 1117 0019 0B       		.uleb128 0xb
 1118 001a 03       		.uleb128 0x3
 1119 001b 08       		.uleb128 0x8
 1120 001c 00       		.byte	0
 1121 001d 00       		.byte	0
 1122 001e 03       		.uleb128 0x3
 1123 001f 24       		.uleb128 0x24
ARM GAS  C:\Users\Intern\AppData\Local\Temp\ccokdkmG.s 			page 22


 1124 0020 00       		.byte	0
 1125 0021 0B       		.uleb128 0xb
 1126 0022 0B       		.uleb128 0xb
 1127 0023 3E       		.uleb128 0x3e
 1128 0024 0B       		.uleb128 0xb
 1129 0025 03       		.uleb128 0x3
 1130 0026 0E       		.uleb128 0xe
 1131 0027 00       		.byte	0
 1132 0028 00       		.byte	0
 1133 0029 04       		.uleb128 0x4
 1134 002a 16       		.uleb128 0x16
 1135 002b 00       		.byte	0
 1136 002c 03       		.uleb128 0x3
 1137 002d 0E       		.uleb128 0xe
 1138 002e 3A       		.uleb128 0x3a
 1139 002f 0B       		.uleb128 0xb
 1140 0030 3B       		.uleb128 0x3b
 1141 0031 05       		.uleb128 0x5
 1142 0032 49       		.uleb128 0x49
 1143 0033 13       		.uleb128 0x13
 1144 0034 00       		.byte	0
 1145 0035 00       		.byte	0
 1146 0036 05       		.uleb128 0x5
 1147 0037 35       		.uleb128 0x35
 1148 0038 00       		.byte	0
 1149 0039 49       		.uleb128 0x49
 1150 003a 13       		.uleb128 0x13
 1151 003b 00       		.byte	0
 1152 003c 00       		.byte	0
 1153 003d 06       		.uleb128 0x6
 1154 003e 04       		.uleb128 0x4
 1155 003f 01       		.byte	0x1
 1156 0040 0B       		.uleb128 0xb
 1157 0041 0B       		.uleb128 0xb
 1158 0042 49       		.uleb128 0x49
 1159 0043 13       		.uleb128 0x13
 1160 0044 3A       		.uleb128 0x3a
 1161 0045 0B       		.uleb128 0xb
 1162 0046 3B       		.uleb128 0x3b
 1163 0047 05       		.uleb128 0x5
 1164 0048 01       		.uleb128 0x1
 1165 0049 13       		.uleb128 0x13
 1166 004a 00       		.byte	0
 1167 004b 00       		.byte	0
 1168 004c 07       		.uleb128 0x7
 1169 004d 28       		.uleb128 0x28
 1170 004e 00       		.byte	0
 1171 004f 03       		.uleb128 0x3
 1172 0050 0E       		.uleb128 0xe
 1173 0051 1C       		.uleb128 0x1c
 1174 0052 0B       		.uleb128 0xb
 1175 0053 00       		.byte	0
 1176 0054 00       		.byte	0
 1177 0055 08       		.uleb128 0x8
 1178 0056 04       		.uleb128 0x4
 1179 0057 01       		.byte	0x1
 1180 0058 0B       		.uleb128 0xb
ARM GAS  C:\Users\Intern\AppData\Local\Temp\ccokdkmG.s 			page 23


 1181 0059 0B       		.uleb128 0xb
 1182 005a 49       		.uleb128 0x49
 1183 005b 13       		.uleb128 0x13
 1184 005c 3A       		.uleb128 0x3a
 1185 005d 0B       		.uleb128 0xb
 1186 005e 3B       		.uleb128 0x3b
 1187 005f 0B       		.uleb128 0xb
 1188 0060 01       		.uleb128 0x1
 1189 0061 13       		.uleb128 0x13
 1190 0062 00       		.byte	0
 1191 0063 00       		.byte	0
 1192 0064 09       		.uleb128 0x9
 1193 0065 2E       		.uleb128 0x2e
 1194 0066 01       		.byte	0x1
 1195 0067 3F       		.uleb128 0x3f
 1196 0068 19       		.uleb128 0x19
 1197 0069 03       		.uleb128 0x3
 1198 006a 0E       		.uleb128 0xe
 1199 006b 3A       		.uleb128 0x3a
 1200 006c 0B       		.uleb128 0xb
 1201 006d 3B       		.uleb128 0x3b
 1202 006e 0B       		.uleb128 0xb
 1203 006f 27       		.uleb128 0x27
 1204 0070 19       		.uleb128 0x19
 1205 0071 11       		.uleb128 0x11
 1206 0072 01       		.uleb128 0x1
 1207 0073 12       		.uleb128 0x12
 1208 0074 06       		.uleb128 0x6
 1209 0075 40       		.uleb128 0x40
 1210 0076 18       		.uleb128 0x18
 1211 0077 9742     		.uleb128 0x2117
 1212 0079 19       		.uleb128 0x19
 1213 007a 01       		.uleb128 0x1
 1214 007b 13       		.uleb128 0x13
 1215 007c 00       		.byte	0
 1216 007d 00       		.byte	0
 1217 007e 0A       		.uleb128 0xa
 1218 007f 898201   		.uleb128 0x4109
 1219 0082 00       		.byte	0
 1220 0083 11       		.uleb128 0x11
 1221 0084 01       		.uleb128 0x1
 1222 0085 31       		.uleb128 0x31
 1223 0086 13       		.uleb128 0x13
 1224 0087 00       		.byte	0
 1225 0088 00       		.byte	0
 1226 0089 0B       		.uleb128 0xb
 1227 008a 2E       		.uleb128 0x2e
 1228 008b 00       		.byte	0
 1229 008c 3F       		.uleb128 0x3f
 1230 008d 19       		.uleb128 0x19
 1231 008e 03       		.uleb128 0x3
 1232 008f 0E       		.uleb128 0xe
 1233 0090 3A       		.uleb128 0x3a
 1234 0091 0B       		.uleb128 0xb
 1235 0092 3B       		.uleb128 0x3b
 1236 0093 0B       		.uleb128 0xb
 1237 0094 27       		.uleb128 0x27
ARM GAS  C:\Users\Intern\AppData\Local\Temp\ccokdkmG.s 			page 24


 1238 0095 19       		.uleb128 0x19
 1239 0096 11       		.uleb128 0x11
 1240 0097 01       		.uleb128 0x1
 1241 0098 12       		.uleb128 0x12
 1242 0099 06       		.uleb128 0x6
 1243 009a 40       		.uleb128 0x40
 1244 009b 18       		.uleb128 0x18
 1245 009c 9742     		.uleb128 0x2117
 1246 009e 19       		.uleb128 0x19
 1247 009f 00       		.byte	0
 1248 00a0 00       		.byte	0
 1249 00a1 0C       		.uleb128 0xc
 1250 00a2 898201   		.uleb128 0x4109
 1251 00a5 01       		.byte	0x1
 1252 00a6 11       		.uleb128 0x11
 1253 00a7 01       		.uleb128 0x1
 1254 00a8 31       		.uleb128 0x31
 1255 00a9 13       		.uleb128 0x13
 1256 00aa 01       		.uleb128 0x1
 1257 00ab 13       		.uleb128 0x13
 1258 00ac 00       		.byte	0
 1259 00ad 00       		.byte	0
 1260 00ae 0D       		.uleb128 0xd
 1261 00af 8A8201   		.uleb128 0x410a
 1262 00b2 00       		.byte	0
 1263 00b3 02       		.uleb128 0x2
 1264 00b4 18       		.uleb128 0x18
 1265 00b5 9142     		.uleb128 0x2111
 1266 00b7 18       		.uleb128 0x18
 1267 00b8 00       		.byte	0
 1268 00b9 00       		.byte	0
 1269 00ba 0E       		.uleb128 0xe
 1270 00bb 2E       		.uleb128 0x2e
 1271 00bc 01       		.byte	0x1
 1272 00bd 3F       		.uleb128 0x3f
 1273 00be 19       		.uleb128 0x19
 1274 00bf 03       		.uleb128 0x3
 1275 00c0 0E       		.uleb128 0xe
 1276 00c1 3A       		.uleb128 0x3a
 1277 00c2 0B       		.uleb128 0xb
 1278 00c3 3B       		.uleb128 0x3b
 1279 00c4 0B       		.uleb128 0xb
 1280 00c5 27       		.uleb128 0x27
 1281 00c6 19       		.uleb128 0x19
 1282 00c7 49       		.uleb128 0x49
 1283 00c8 13       		.uleb128 0x13
 1284 00c9 11       		.uleb128 0x11
 1285 00ca 01       		.uleb128 0x1
 1286 00cb 12       		.uleb128 0x12
 1287 00cc 06       		.uleb128 0x6
 1288 00cd 40       		.uleb128 0x40
 1289 00ce 18       		.uleb128 0x18
 1290 00cf 9742     		.uleb128 0x2117
 1291 00d1 19       		.uleb128 0x19
 1292 00d2 01       		.uleb128 0x1
 1293 00d3 13       		.uleb128 0x13
 1294 00d4 00       		.byte	0
ARM GAS  C:\Users\Intern\AppData\Local\Temp\ccokdkmG.s 			page 25


 1295 00d5 00       		.byte	0
 1296 00d6 0F       		.uleb128 0xf
 1297 00d7 05       		.uleb128 0x5
 1298 00d8 00       		.byte	0
 1299 00d9 03       		.uleb128 0x3
 1300 00da 0E       		.uleb128 0xe
 1301 00db 3A       		.uleb128 0x3a
 1302 00dc 0B       		.uleb128 0xb
 1303 00dd 3B       		.uleb128 0x3b
 1304 00de 0B       		.uleb128 0xb
 1305 00df 49       		.uleb128 0x49
 1306 00e0 13       		.uleb128 0x13
 1307 00e1 02       		.uleb128 0x2
 1308 00e2 17       		.uleb128 0x17
 1309 00e3 00       		.byte	0
 1310 00e4 00       		.byte	0
 1311 00e5 10       		.uleb128 0x10
 1312 00e6 34       		.uleb128 0x34
 1313 00e7 00       		.byte	0
 1314 00e8 03       		.uleb128 0x3
 1315 00e9 0E       		.uleb128 0xe
 1316 00ea 3A       		.uleb128 0x3a
 1317 00eb 0B       		.uleb128 0xb
 1318 00ec 3B       		.uleb128 0x3b
 1319 00ed 0B       		.uleb128 0xb
 1320 00ee 49       		.uleb128 0x49
 1321 00ef 13       		.uleb128 0x13
 1322 00f0 02       		.uleb128 0x2
 1323 00f1 18       		.uleb128 0x18
 1324 00f2 00       		.byte	0
 1325 00f3 00       		.byte	0
 1326 00f4 11       		.uleb128 0x11
 1327 00f5 898201   		.uleb128 0x4109
 1328 00f8 01       		.byte	0x1
 1329 00f9 11       		.uleb128 0x11
 1330 00fa 01       		.uleb128 0x1
 1331 00fb 31       		.uleb128 0x31
 1332 00fc 13       		.uleb128 0x13
 1333 00fd 00       		.byte	0
 1334 00fe 00       		.byte	0
 1335 00ff 12       		.uleb128 0x12
 1336 0100 05       		.uleb128 0x5
 1337 0101 00       		.byte	0
 1338 0102 03       		.uleb128 0x3
 1339 0103 08       		.uleb128 0x8
 1340 0104 3A       		.uleb128 0x3a
 1341 0105 0B       		.uleb128 0xb
 1342 0106 3B       		.uleb128 0x3b
 1343 0107 0B       		.uleb128 0xb
 1344 0108 49       		.uleb128 0x49
 1345 0109 13       		.uleb128 0x13
 1346 010a 02       		.uleb128 0x2
 1347 010b 17       		.uleb128 0x17
 1348 010c 00       		.byte	0
 1349 010d 00       		.byte	0
 1350 010e 13       		.uleb128 0x13
 1351 010f 34       		.uleb128 0x34
ARM GAS  C:\Users\Intern\AppData\Local\Temp\ccokdkmG.s 			page 26


 1352 0110 00       		.byte	0
 1353 0111 03       		.uleb128 0x3
 1354 0112 0E       		.uleb128 0xe
 1355 0113 3A       		.uleb128 0x3a
 1356 0114 0B       		.uleb128 0xb
 1357 0115 3B       		.uleb128 0x3b
 1358 0116 0B       		.uleb128 0xb
 1359 0117 49       		.uleb128 0x49
 1360 0118 13       		.uleb128 0x13
 1361 0119 3F       		.uleb128 0x3f
 1362 011a 19       		.uleb128 0x19
 1363 011b 02       		.uleb128 0x2
 1364 011c 18       		.uleb128 0x18
 1365 011d 00       		.byte	0
 1366 011e 00       		.byte	0
 1367 011f 14       		.uleb128 0x14
 1368 0120 26       		.uleb128 0x26
 1369 0121 00       		.byte	0
 1370 0122 49       		.uleb128 0x49
 1371 0123 13       		.uleb128 0x13
 1372 0124 00       		.byte	0
 1373 0125 00       		.byte	0
 1374 0126 15       		.uleb128 0x15
 1375 0127 01       		.uleb128 0x1
 1376 0128 01       		.byte	0x1
 1377 0129 49       		.uleb128 0x49
 1378 012a 13       		.uleb128 0x13
 1379 012b 01       		.uleb128 0x1
 1380 012c 13       		.uleb128 0x13
 1381 012d 00       		.byte	0
 1382 012e 00       		.byte	0
 1383 012f 16       		.uleb128 0x16
 1384 0130 21       		.uleb128 0x21
 1385 0131 00       		.byte	0
 1386 0132 49       		.uleb128 0x49
 1387 0133 13       		.uleb128 0x13
 1388 0134 2F       		.uleb128 0x2f
 1389 0135 0B       		.uleb128 0xb
 1390 0136 00       		.byte	0
 1391 0137 00       		.byte	0
 1392 0138 17       		.uleb128 0x17
 1393 0139 2E       		.uleb128 0x2e
 1394 013a 00       		.byte	0
 1395 013b 3F       		.uleb128 0x3f
 1396 013c 19       		.uleb128 0x19
 1397 013d 3C       		.uleb128 0x3c
 1398 013e 19       		.uleb128 0x19
 1399 013f 6E       		.uleb128 0x6e
 1400 0140 0E       		.uleb128 0xe
 1401 0141 03       		.uleb128 0x3
 1402 0142 0E       		.uleb128 0xe
 1403 0143 3A       		.uleb128 0x3a
 1404 0144 0B       		.uleb128 0xb
 1405 0145 3B       		.uleb128 0x3b
 1406 0146 0B       		.uleb128 0xb
 1407 0147 00       		.byte	0
 1408 0148 00       		.byte	0
ARM GAS  C:\Users\Intern\AppData\Local\Temp\ccokdkmG.s 			page 27


 1409 0149 00       		.byte	0
 1410              		.section	.debug_loc,"",%progbits
 1411              	.Ldebug_loc0:
 1412              	.LLST0:
 1413 0000 00000000 		.4byte	.LVL7
 1414 0004 07000000 		.4byte	.LVL8-1
 1415 0008 0100     		.2byte	0x1
 1416 000a 50       		.byte	0x50
 1417 000b 07000000 		.4byte	.LVL8-1
 1418 000f 10000000 		.4byte	.LVL11
 1419 0013 0100     		.2byte	0x1
 1420 0015 54       		.byte	0x54
 1421 0016 10000000 		.4byte	.LVL11
 1422 001a 12000000 		.4byte	.LFE40
 1423 001e 0400     		.2byte	0x4
 1424 0020 F3       		.byte	0xf3
 1425 0021 01       		.uleb128 0x1
 1426 0022 50       		.byte	0x50
 1427 0023 9F       		.byte	0x9f
 1428 0024 00000000 		.4byte	0
 1429 0028 00000000 		.4byte	0
 1430              	.LLST1:
 1431 002c 00000000 		.4byte	.LVL17
 1432 0030 05000000 		.4byte	.LVL18-1
 1433 0034 0100     		.2byte	0x1
 1434 0036 50       		.byte	0x50
 1435 0037 05000000 		.4byte	.LVL18-1
 1436 003b 08000000 		.4byte	.LFE46
 1437 003f 0400     		.2byte	0x4
 1438 0041 F3       		.byte	0xf3
 1439 0042 01       		.uleb128 0x1
 1440 0043 50       		.byte	0x50
 1441 0044 9F       		.byte	0x9f
 1442 0045 00000000 		.4byte	0
 1443 0049 00000000 		.4byte	0
 1444              		.section	.debug_aranges,"",%progbits
 1445 0000 6C000000 		.4byte	0x6c
 1446 0004 0200     		.2byte	0x2
 1447 0006 00000000 		.4byte	.Ldebug_info0
 1448 000a 04       		.byte	0x4
 1449 000b 00       		.byte	0
 1450 000c 0000     		.2byte	0
 1451 000e 0000     		.2byte	0
 1452 0010 00000000 		.4byte	.LFB36
 1453 0014 14000000 		.4byte	.LFE36-.LFB36
 1454 0018 00000000 		.4byte	.LFB37
 1455 001c 04000000 		.4byte	.LFE37-.LFB37
 1456 0020 00000000 		.4byte	.LFB38
 1457 0024 04000000 		.4byte	.LFE38-.LFB38
 1458 0028 00000000 		.4byte	.LFB39
 1459 002c 12000000 		.4byte	.LFE39-.LFB39
 1460 0030 00000000 		.4byte	.LFB40
 1461 0034 12000000 		.4byte	.LFE40-.LFB40
 1462 0038 00000000 		.4byte	.LFB41
 1463 003c 14000000 		.4byte	.LFE41-.LFB41
 1464 0040 00000000 		.4byte	.LFB42
 1465 0044 08000000 		.4byte	.LFE42-.LFB42
ARM GAS  C:\Users\Intern\AppData\Local\Temp\ccokdkmG.s 			page 28


 1466 0048 00000000 		.4byte	.LFB43
 1467 004c 08000000 		.4byte	.LFE43-.LFB43
 1468 0050 00000000 		.4byte	.LFB44
 1469 0054 08000000 		.4byte	.LFE44-.LFB44
 1470 0058 00000000 		.4byte	.LFB45
 1471 005c 08000000 		.4byte	.LFE45-.LFB45
 1472 0060 00000000 		.4byte	.LFB46
 1473 0064 08000000 		.4byte	.LFE46-.LFB46
 1474 0068 00000000 		.4byte	0
 1475 006c 00000000 		.4byte	0
 1476              		.section	.debug_ranges,"",%progbits
 1477              	.Ldebug_ranges0:
 1478 0000 00000000 		.4byte	.LFB36
 1479 0004 14000000 		.4byte	.LFE36
 1480 0008 00000000 		.4byte	.LFB37
 1481 000c 04000000 		.4byte	.LFE37
 1482 0010 00000000 		.4byte	.LFB38
 1483 0014 04000000 		.4byte	.LFE38
 1484 0018 00000000 		.4byte	.LFB39
 1485 001c 12000000 		.4byte	.LFE39
 1486 0020 00000000 		.4byte	.LFB40
 1487 0024 12000000 		.4byte	.LFE40
 1488 0028 00000000 		.4byte	.LFB41
 1489 002c 14000000 		.4byte	.LFE41
 1490 0030 00000000 		.4byte	.LFB42
 1491 0034 08000000 		.4byte	.LFE42
 1492 0038 00000000 		.4byte	.LFB43
 1493 003c 08000000 		.4byte	.LFE43
 1494 0040 00000000 		.4byte	.LFB44
 1495 0044 08000000 		.4byte	.LFE44
 1496 0048 00000000 		.4byte	.LFB45
 1497 004c 08000000 		.4byte	.LFE45
 1498 0050 00000000 		.4byte	.LFB46
 1499 0054 08000000 		.4byte	.LFE46
 1500 0058 00000000 		.4byte	0
 1501 005c 00000000 		.4byte	0
 1502              		.section	.debug_line,"",%progbits
 1503              	.Ldebug_line0:
 1504 0000 6E010000 		.section	.debug_str,"MS",%progbits,1
 1504      0200A400 
 1504      00000201 
 1504      FB0E0D00 
 1504      01010101 
 1505              	.LASF81:
 1506 0000 4359424C 		.ascii	"CYBLE_EVT_L2CAP_CBFC_RX_CREDIT_IND\000"
 1506      455F4556 
 1506      545F4C32 
 1506      4341505F 
 1506      43424643 
 1507              	.LASF22:
 1508 0023 4359424C 		.ascii	"CYBLE_EVT_STACK_BUSY_STATUS\000"
 1508      455F4556 
 1508      545F5354 
 1508      41434B5F 
 1508      42555359 
 1509              	.LASF12:
 1510 003f 75696E74 		.ascii	"uint16\000"
ARM GAS  C:\Users\Intern\AppData\Local\Temp\ccokdkmG.s 			page 29


 1510      313600
 1511              	.LASF80:
 1512 0046 4359424C 		.ascii	"CYBLE_EVT_L2CAP_CBFC_DATA_READ\000"
 1512      455F4556 
 1512      545F4C32 
 1512      4341505F 
 1512      43424643 
 1513              	.LASF77:
 1514 0065 4359424C 		.ascii	"CYBLE_EVT_L2CAP_CBFC_CONN_CNF\000"
 1514      455F4556 
 1514      545F4C32 
 1514      4341505F 
 1514      43424643 
 1515              	.LASF125:
 1516 0083 43795379 		.ascii	"CySysPmDeepSleep\000"
 1516      73506D44 
 1516      65657053 
 1516      6C656570 
 1516      00
 1517              	.LASF34:
 1518 0094 4359424C 		.ascii	"CYBLE_EVT_GAP_CONNECTION_UPDATE_COMPLETE\000"
 1518      455F4556 
 1518      545F4741 
 1518      505F434F 
 1518      4E4E4543 
 1519              	.LASF79:
 1520 00bd 4359424C 		.ascii	"CYBLE_EVT_L2CAP_CBFC_DISCONN_CNF\000"
 1520      455F4556 
 1520      545F4C32 
 1520      4341505F 
 1520      43424643 
 1521              	.LASF39:
 1522 00de 4359424C 		.ascii	"CYBLE_EVT_GAP_OOB_GENERATED_NOTIFICATION\000"
 1522      455F4556 
 1522      545F4741 
 1522      505F4F4F 
 1522      425F4745 
 1523              	.LASF59:
 1524 0107 4359424C 		.ascii	"CYBLE_EVT_GATTC_READ_MULTI_RSP\000"
 1524      455F4556 
 1524      545F4741 
 1524      5454435F 
 1524      52454144 
 1525              	.LASF64:
 1526 0126 4359424C 		.ascii	"CYBLE_EVT_GATTS_EXEC_WRITE_REQ\000"
 1526      455F4556 
 1526      545F4741 
 1526      5454535F 
 1526      45584543 
 1527              	.LASF113:
 1528 0145 73675F72 		.ascii	"sg_resistors\000"
 1528      65736973 
 1528      746F7273 
 1528      00
 1529              	.LASF19:
 1530 0152 4359424C 		.ascii	"CYBLE_EVT_TIMEOUT\000"
 1530      455F4556 
ARM GAS  C:\Users\Intern\AppData\Local\Temp\ccokdkmG.s 			page 30


 1530      545F5449 
 1530      4D454F55 
 1530      5400
 1531              	.LASF7:
 1532 0164 6C6F6E67 		.ascii	"long int\000"
 1532      20696E74 
 1532      00
 1533              	.LASF128:
 1534 016d 474E5520 		.ascii	"GNU C11 5.4.1 20160609 (release) [ARM/embedded-5-br"
 1534      43313120 
 1534      352E342E 
 1534      31203230 
 1534      31363036 
 1535 01a0 616E6368 		.ascii	"anch revision 237715] -mcpu=cortex-m0 -mthumb -g -O"
 1535      20726576 
 1535      6973696F 
 1535      6E203233 
 1535      37373135 
 1536 01d3 67202D66 		.ascii	"g -ffunction-sections -ffat-lto-objects\000"
 1536      66756E63 
 1536      74696F6E 
 1536      2D736563 
 1536      74696F6E 
 1537              	.LASF9:
 1538 01fb 6C6F6E67 		.ascii	"long long unsigned int\000"
 1538      206C6F6E 
 1538      6720756E 
 1538      7369676E 
 1538      65642069 
 1539              	.LASF21:
 1540 0212 4359424C 		.ascii	"CYBLE_EVT_HCI_STATUS\000"
 1540      455F4556 
 1540      545F4843 
 1540      495F5354 
 1540      41545553 
 1541              	.LASF114:
 1542 0227 55415254 		.ascii	"UART_Start\000"
 1542      5F537461 
 1542      727400
 1543              	.LASF84:
 1544 0232 4359424C 		.ascii	"CYBLE_EVT_PENDING_FLASH_WRITE\000"
 1544      455F4556 
 1544      545F5045 
 1544      4E44494E 
 1544      475F464C 
 1545              	.LASF89:
 1546 0250 4359424C 		.ascii	"CYBLE_ANS_SUPPORTED_NEW_ALERT_CAT\000"
 1546      455F414E 
 1546      535F5355 
 1546      50504F52 
 1546      5445445F 
 1547              	.LASF118:
 1548 0272 4144435F 		.ascii	"ADC_StartConvert\000"
 1548      53746172 
 1548      74436F6E 
 1548      76657274 
 1548      00
ARM GAS  C:\Users\Intern\AppData\Local\Temp\ccokdkmG.s 			page 31


 1549              	.LASF73:
 1550 0283 4359424C 		.ascii	"CYBLE_EVT_L2CAP_CONN_PARAM_UPDATE_REQ\000"
 1550      455F4556 
 1550      545F4C32 
 1550      4341505F 
 1550      434F4E4E 
 1551              	.LASF33:
 1552 02a9 4359424C 		.ascii	"CYBLE_EVT_GAP_ENCRYPT_CHANGE\000"
 1552      455F4556 
 1552      545F4741 
 1552      505F454E 
 1552      43525950 
 1553              	.LASF37:
 1554 02c6 4359424C 		.ascii	"CYBLE_EVT_GAP_NUMERIC_COMPARISON_REQUEST\000"
 1554      455F4556 
 1554      545F4741 
 1554      505F4E55 
 1554      4D455249 
 1555              	.LASF105:
 1556 02ef 73797374 		.ascii	"system_stop_eco\000"
 1556      656D5F73 
 1556      746F705F 
 1556      65636F00 
 1557              	.LASF129:
 1558 02ff 73797374 		.ascii	"system.c\000"
 1558      656D2E63 
 1558      00
 1559              	.LASF1:
 1560 0308 6C6F6E67 		.ascii	"long long int\000"
 1560      206C6F6E 
 1560      6720696E 
 1560      7400
 1561              	.LASF3:
 1562 0316 7369676E 		.ascii	"signed char\000"
 1562      65642063 
 1562      68617200 
 1563              	.LASF18:
 1564 0322 4359424C 		.ascii	"CYBLE_EVT_STACK_ON\000"
 1564      455F4556 
 1564      545F5354 
 1564      41434B5F 
 1564      4F4E00
 1565              	.LASF35:
 1566 0335 4359424C 		.ascii	"CYBLE_EVT_GAPC_SCAN_START_STOP\000"
 1566      455F4556 
 1566      545F4741 
 1566      50435F53 
 1566      43414E5F 
 1567              	.LASF25:
 1568 0354 4359424C 		.ascii	"CYBLE_EVT_GAP_AUTH_REQ\000"
 1568      455F4556 
 1568      545F4741 
 1568      505F4155 
 1568      54485F52 
 1569              	.LASF57:
 1570 036b 4359424C 		.ascii	"CYBLE_EVT_GATTC_READ_RSP\000"
 1570      455F4556 
ARM GAS  C:\Users\Intern\AppData\Local\Temp\ccokdkmG.s 			page 32


 1570      545F4741 
 1570      5454435F 
 1570      52454144 
 1571              	.LASF117:
 1572 0384 4144435F 		.ascii	"ADC_Start\000"
 1572      53746172 
 1572      7400
 1573              	.LASF100:
 1574 038e 6164635F 		.ascii	"adc_conversion\000"
 1574      636F6E76 
 1574      65727369 
 1574      6F6E00
 1575              	.LASF62:
 1576 039d 4359424C 		.ascii	"CYBLE_EVT_GATTS_WRITE_CMD_REQ\000"
 1576      455F4556 
 1576      545F4741 
 1576      5454535F 
 1576      57524954 
 1577              	.LASF30:
 1578 03bb 4359424C 		.ascii	"CYBLE_EVT_GAPP_ADVERTISEMENT_START_STOP\000"
 1578      455F4556 
 1578      545F4741 
 1578      50505F41 
 1578      44564552 
 1579              	.LASF65:
 1580 03e3 4359424C 		.ascii	"CYBLE_EVT_GATTC_EXEC_WRITE_RSP\000"
 1580      455F4556 
 1580      545F4741 
 1580      5454435F 
 1580      45584543 
 1581              	.LASF15:
 1582 0402 646F7562 		.ascii	"double\000"
 1582      6C6500
 1583              	.LASF94:
 1584 0409 4359424C 		.ascii	"CYBLE_ANS_CHAR_COUNT\000"
 1584      455F414E 
 1584      535F4348 
 1584      41525F43 
 1584      4F554E54 
 1585              	.LASF13:
 1586 041e 75696E74 		.ascii	"uint32\000"
 1586      333200
 1587              	.LASF88:
 1588 0425 4359424C 		.ascii	"CYBLE_EVT_MAX\000"
 1588      455F4556 
 1588      545F4D41 
 1588      5800
 1589              	.LASF48:
 1590 0433 4359424C 		.ascii	"CYBLE_EVT_GATTC_ERROR_RSP\000"
 1590      455F4556 
 1590      545F4741 
 1590      5454435F 
 1590      4552524F 
 1591              	.LASF106:
 1592 044d 73797374 		.ascii	"system_set_imo\000"
 1592      656D5F73 
 1592      65745F69 
ARM GAS  C:\Users\Intern\AppData\Local\Temp\ccokdkmG.s 			page 33


 1592      6D6F00
 1593              	.LASF83:
 1594 045c 4359424C 		.ascii	"CYBLE_EVT_L2CAP_CBFC_DATA_WRITE_IND\000"
 1594      455F4556 
 1594      545F4C32 
 1594      4341505F 
 1594      43424643 
 1595              	.LASF45:
 1596 0480 4359424C 		.ascii	"CYBLE_EVT_GAP_SCAN_REQ_RECVD\000"
 1596      455F4556 
 1596      545F4741 
 1596      505F5343 
 1596      414E5F52 
 1597              	.LASF116:
 1598 049d 5556355F 		.ascii	"UV5_AMP_Start\000"
 1598      414D505F 
 1598      53746172 
 1598      7400
 1599              	.LASF70:
 1600 04ab 4359424C 		.ascii	"CYBLE_EVT_GATTC_STOP_CMD_COMPLETE\000"
 1600      455F4556 
 1600      545F4741 
 1600      5454435F 
 1600      53544F50 
 1601              	.LASF99:
 1602 04cd 696E6974 		.ascii	"init_hardware\000"
 1602      5F686172 
 1602      64776172 
 1602      6500
 1603              	.LASF0:
 1604 04db 756E7369 		.ascii	"unsigned int\000"
 1604      676E6564 
 1604      20696E74 
 1604      00
 1605              	.LASF85:
 1606 04e8 4359424C 		.ascii	"CYBLE_EVT_LE_PING_AUTH_TIMEOUT\000"
 1606      455F4556 
 1606      545F4C45 
 1606      5F50494E 
 1606      475F4155 
 1607              	.LASF8:
 1608 0507 6C6F6E67 		.ascii	"long unsigned int\000"
 1608      20756E73 
 1608      69676E65 
 1608      6420696E 
 1608      7400
 1609              	.LASF44:
 1610 0519 4359424C 		.ascii	"CYBLE_EVT_GAP_CONN_ESTB\000"
 1610      455F4556 
 1610      545F4741 
 1610      505F434F 
 1610      4E4E5F45 
 1611              	.LASF60:
 1612 0531 4359424C 		.ascii	"CYBLE_EVT_GATTS_WRITE_REQ\000"
 1612      455F4556 
 1612      545F4741 
 1612      5454535F 
ARM GAS  C:\Users\Intern\AppData\Local\Temp\ccokdkmG.s 			page 34


 1612      57524954 
 1613              	.LASF52:
 1614 054b 4359424C 		.ascii	"CYBLE_EVT_GATTC_XCHNG_MTU_RSP\000"
 1614      455F4556 
 1614      545F4741 
 1614      5454435F 
 1614      5843484E 
 1615              	.LASF69:
 1616 0569 4359424C 		.ascii	"CYBLE_EVT_GATTS_DATA_SIGNED_CMD_REQ\000"
 1616      455F4556 
 1616      545F4741 
 1616      5454535F 
 1616      44415441 
 1617              	.LASF72:
 1618 058d 4359424C 		.ascii	"CYBLE_EVT_GATTC_LONG_PROCEDURE_END\000"
 1618      455F4556 
 1618      545F4741 
 1618      5454435F 
 1618      4C4F4E47 
 1619              	.LASF124:
 1620 05b0 43795379 		.ascii	"CySysPmSleep\000"
 1620      73506D53 
 1620      6C656570 
 1620      00
 1621              	.LASF6:
 1622 05bd 73686F72 		.ascii	"short unsigned int\000"
 1622      7420756E 
 1622      7369676E 
 1622      65642069 
 1622      6E7400
 1623              	.LASF17:
 1624 05d0 4359424C 		.ascii	"CYBLE_EVT_HOST_INVALID\000"
 1624      455F4556 
 1624      545F484F 
 1624      53545F49 
 1624      4E56414C 
 1625              	.LASF55:
 1626 05e7 4359424C 		.ascii	"CYBLE_EVT_GATTC_FIND_INFO_RSP\000"
 1626      455F4556 
 1626      545F4741 
 1626      5454435F 
 1626      46494E44 
 1627              	.LASF23:
 1628 0605 4359424C 		.ascii	"CYBLE_EVT_MEMORY_REQUEST\000"
 1628      455F4556 
 1628      545F4D45 
 1628      4D4F5259 
 1628      5F524551 
 1629              	.LASF120:
 1630 061e 4144435F 		.ascii	"ADC_StopConvert\000"
 1630      53746F70 
 1630      436F6E76 
 1630      65727400 
 1631              	.LASF104:
 1632 062e 73797374 		.ascii	"system_deepsleep\000"
 1632      656D5F64 
 1632      65657073 
ARM GAS  C:\Users\Intern\AppData\Local\Temp\ccokdkmG.s 			page 35


 1632      6C656570 
 1632      00
 1633              	.LASF26:
 1634 063f 4359424C 		.ascii	"CYBLE_EVT_GAP_PASSKEY_ENTRY_REQUEST\000"
 1634      455F4556 
 1634      545F4741 
 1634      505F5041 
 1634      53534B45 
 1635              	.LASF31:
 1636 0663 4359424C 		.ascii	"CYBLE_EVT_GAP_DEVICE_CONNECTED\000"
 1636      455F4556 
 1636      545F4741 
 1636      505F4445 
 1636      56494345 
 1637              	.LASF46:
 1638 0682 4359424C 		.ascii	"CYBLE_EVT_GAP_AUTH_REQ_REPLY_ERR\000"
 1638      455F4556 
 1638      545F4741 
 1638      505F4155 
 1638      54485F52 
 1639              	.LASF127:
 1640 06a3 43795379 		.ascii	"CySysClkWriteImoFreq\000"
 1640      73436C6B 
 1640      57726974 
 1640      65496D6F 
 1640      46726571 
 1641              	.LASF54:
 1642 06b8 4359424C 		.ascii	"CYBLE_EVT_GATTC_READ_BY_TYPE_RSP\000"
 1642      455F4556 
 1642      545F4741 
 1642      5454435F 
 1642      52454144 
 1643              	.LASF90:
 1644 06d9 4359424C 		.ascii	"CYBLE_ANS_NEW_ALERT\000"
 1644      455F414E 
 1644      535F4E45 
 1644      575F414C 
 1644      45525400 
 1645              	.LASF27:
 1646 06ed 4359424C 		.ascii	"CYBLE_EVT_GAP_PASSKEY_DISPLAY_REQUEST\000"
 1646      455F4556 
 1646      545F4741 
 1646      505F5041 
 1646      53534B45 
 1647              	.LASF49:
 1648 0713 4359424C 		.ascii	"CYBLE_EVT_GATT_CONNECT_IND\000"
 1648      455F4556 
 1648      545F4741 
 1648      54545F43 
 1648      4F4E4E45 
 1649              	.LASF75:
 1650 072e 4359424C 		.ascii	"CYBLE_EVT_L2CAP_COMMAND_REJ\000"
 1650      455F4556 
 1650      545F4C32 
 1650      4341505F 
 1650      434F4D4D 
 1651              	.LASF16:
ARM GAS  C:\Users\Intern\AppData\Local\Temp\ccokdkmG.s 			page 36


 1652 074a 72656733 		.ascii	"reg32\000"
 1652      3200
 1653              	.LASF24:
 1654 0750 4359424C 		.ascii	"CYBLE_EVT_GAPC_SCAN_PROGRESS_RESULT\000"
 1654      455F4556 
 1654      545F4741 
 1654      50435F53 
 1654      43414E5F 
 1655              	.LASF110:
 1656 0774 75765F72 		.ascii	"uv_respons\000"
 1656      6573706F 
 1656      6E7300
 1657              	.LASF47:
 1658 077f 4359424C 		.ascii	"CYBLE_EVT_GAP_SMP_LOC_P256_KEYS_GEN_AND_SET_COMPLET"
 1658      455F4556 
 1658      545F4741 
 1658      505F534D 
 1658      505F4C4F 
 1659 07b2 4500     		.ascii	"E\000"
 1660              	.LASF76:
 1661 07b4 4359424C 		.ascii	"CYBLE_EVT_L2CAP_CBFC_CONN_IND\000"
 1661      455F4556 
 1661      545F4C32 
 1661      4341505F 
 1661      43424643 
 1662              	.LASF115:
 1663 07d2 4932435F 		.ascii	"I2C_TMP116_Start\000"
 1663      544D5031 
 1663      31365F53 
 1663      74617274 
 1663      00
 1664              	.LASF10:
 1665 07e3 73697A65 		.ascii	"sizetype\000"
 1665      74797065 
 1665      00
 1666              	.LASF101:
 1667 07ec 6164635F 		.ascii	"adc_sleep\000"
 1667      736C6565 
 1667      7000
 1668              	.LASF130:
 1669 07f6 433A5C55 		.ascii	"C:\\Users\\Intern\\Documents\\GitHub\\UV-Sticker\\P"
 1669      73657273 
 1669      5C496E74 
 1669      65726E5C 
 1669      446F6375 
 1670 0823 736F635C 		.ascii	"soc\\UV-Project\\UV-BB.cydsn\000"
 1670      55562D50 
 1670      726F6A65 
 1670      63745C55 
 1670      562D4242 
 1671              	.LASF29:
 1672 083e 4359424C 		.ascii	"CYBLE_EVT_GAP_AUTH_FAILED\000"
 1672      455F4556 
 1672      545F4741 
 1672      505F4155 
 1672      54485F46 
 1673              	.LASF61:
ARM GAS  C:\Users\Intern\AppData\Local\Temp\ccokdkmG.s 			page 37


 1674 0858 4359424C 		.ascii	"CYBLE_EVT_GATTC_WRITE_RSP\000"
 1674      455F4556 
 1674      545F4741 
 1674      5454435F 
 1674      57524954 
 1675              	.LASF42:
 1676 0872 4359424C 		.ascii	"CYBLE_EVT_GAPC_DIRECT_ADV_REPORT\000"
 1676      455F4556 
 1676      545F4741 
 1676      50435F44 
 1676      49524543 
 1677              	.LASF40:
 1678 0893 4359424C 		.ascii	"CYBLE_EVT_GAP_DATA_LENGTH_CHANGE\000"
 1678      455F4556 
 1678      545F4741 
 1678      505F4441 
 1678      54415F4C 
 1679              	.LASF119:
 1680 08b4 4144435F 		.ascii	"ADC_IsEndConversion\000"
 1680      4973456E 
 1680      64436F6E 
 1680      76657273 
 1680      696F6E00 
 1681              	.LASF123:
 1682 08c8 4144435F 		.ascii	"ADC_Wakeup\000"
 1682      57616B65 
 1682      757000
 1683              	.LASF28:
 1684 08d3 4359424C 		.ascii	"CYBLE_EVT_GAP_AUTH_COMPLETE\000"
 1684      455F4556 
 1684      545F4741 
 1684      505F4155 
 1684      54485F43 
 1685              	.LASF66:
 1686 08ef 4359424C 		.ascii	"CYBLE_EVT_GATTC_HANDLE_VALUE_NTF\000"
 1686      455F4556 
 1686      545F4741 
 1686      5454435F 
 1686      48414E44 
 1687              	.LASF97:
 1688 0910 73797374 		.ascii	"system_enable_interrupts\000"
 1688      656D5F65 
 1688      6E61626C 
 1688      655F696E 
 1688      74657272 
 1689              	.LASF109:
 1690 0929 75765F67 		.ascii	"uv_gain\000"
 1690      61696E00 
 1691              	.LASF53:
 1692 0931 4359424C 		.ascii	"CYBLE_EVT_GATTC_READ_BY_GROUP_TYPE_RSP\000"
 1692      455F4556 
 1692      545F4741 
 1692      5454435F 
 1692      52454144 
 1693              	.LASF14:
 1694 0958 666C6F61 		.ascii	"float\000"
 1694      7400
ARM GAS  C:\Users\Intern\AppData\Local\Temp\ccokdkmG.s 			page 38


 1695              	.LASF122:
 1696 095e 4144435F 		.ascii	"ADC_Sleep\000"
 1696      536C6565 
 1696      7000
 1697              	.LASF112:
 1698 0968 616D705F 		.ascii	"amp_ibc\000"
 1698      69626300 
 1699              	.LASF50:
 1700 0970 4359424C 		.ascii	"CYBLE_EVT_GATT_DISCONNECT_IND\000"
 1700      455F4556 
 1700      545F4741 
 1700      54545F44 
 1700      4953434F 
 1701              	.LASF96:
 1702 098e 4359424C 		.ascii	"CYBLE_ANS_DESCR_COUNT\000"
 1702      455F414E 
 1702      535F4445 
 1702      5343525F 
 1702      434F554E 
 1703              	.LASF4:
 1704 09a4 756E7369 		.ascii	"unsigned char\000"
 1704      676E6564 
 1704      20636861 
 1704      7200
 1705              	.LASF38:
 1706 09b2 4359424C 		.ascii	"CYBLE_EVT_GAP_KEYPRESS_NOTIFICATION\000"
 1706      455F4556 
 1706      545F4741 
 1706      505F4B45 
 1706      59505245 
 1707              	.LASF5:
 1708 09d6 73686F72 		.ascii	"short int\000"
 1708      7420696E 
 1708      7400
 1709              	.LASF67:
 1710 09e0 4359424C 		.ascii	"CYBLE_EVT_GATTC_HANDLE_VALUE_IND\000"
 1710      455F4556 
 1710      545F4741 
 1710      5454435F 
 1710      48414E44 
 1711              	.LASF86:
 1712 0a01 4359424C 		.ascii	"CYBLE_EVT_HCI_PKT\000"
 1712      455F4556 
 1712      545F4843 
 1712      495F504B 
 1712      5400
 1713              	.LASF132:
 1714 0a13 6164635F 		.ascii	"adc_counts\000"
 1714      636F756E 
 1714      747300
 1715              	.LASF63:
 1716 0a1e 4359424C 		.ascii	"CYBLE_EVT_GATTS_PREP_WRITE_REQ\000"
 1716      455F4556 
 1716      545F4741 
 1716      5454535F 
 1716      50524550 
 1717              	.LASF107:
ARM GAS  C:\Users\Intern\AppData\Local\Temp\ccokdkmG.s 			page 39


 1718 0a3d 6368616E 		.ascii	"channel\000"
 1718      6E656C00 
 1719              	.LASF68:
 1720 0a45 4359424C 		.ascii	"CYBLE_EVT_GATTS_HANDLE_VALUE_CNF\000"
 1720      455F4556 
 1720      545F4741 
 1720      5454535F 
 1720      48414E44 
 1721              	.LASF103:
 1722 0a66 73797374 		.ascii	"system_sleep\000"
 1722      656D5F73 
 1722      6C656570 
 1722      00
 1723              	.LASF43:
 1724 0a73 4359424C 		.ascii	"CYBLE_EVT_GAP_SMP_NEGOTIATED_AUTH_INFO\000"
 1724      455F4556 
 1724      545F4741 
 1724      505F534D 
 1724      505F4E45 
 1725              	.LASF2:
 1726 0a9a 6C6F6E67 		.ascii	"long double\000"
 1726      20646F75 
 1726      626C6500 
 1727              	.LASF87:
 1728 0aa6 4359424C 		.ascii	"CYBLE_EVT_FLASH_CORRUPT\000"
 1728      455F4556 
 1728      545F464C 
 1728      4153485F 
 1728      434F5252 
 1729              	.LASF11:
 1730 0abe 63686172 		.ascii	"char\000"
 1730      00
 1731              	.LASF32:
 1732 0ac3 4359424C 		.ascii	"CYBLE_EVT_GAP_DEVICE_DISCONNECTED\000"
 1732      455F4556 
 1732      545F4741 
 1732      505F4445 
 1732      56494345 
 1733              	.LASF71:
 1734 0ae5 4359424C 		.ascii	"CYBLE_EVT_GATTS_READ_CHAR_VAL_ACCESS_REQ\000"
 1734      455F4556 
 1734      545F4741 
 1734      5454535F 
 1734      52454144 
 1735              	.LASF95:
 1736 0b0e 4359424C 		.ascii	"CYBLE_ANS_CCCD\000"
 1736      455F414E 
 1736      535F4343 
 1736      434400
 1737              	.LASF82:
 1738 0b1d 4359424C 		.ascii	"CYBLE_EVT_L2CAP_CBFC_TX_CREDIT_IND\000"
 1738      455F4556 
 1738      545F4C32 
 1738      4341505F 
 1738      43424643 
 1739              	.LASF91:
 1740 0b40 4359424C 		.ascii	"CYBLE_ANS_SUPPORTED_UNREAD_ALERT_CAT\000"
ARM GAS  C:\Users\Intern\AppData\Local\Temp\ccokdkmG.s 			page 40


 1740      455F414E 
 1740      535F5355 
 1740      50504F52 
 1740      5445445F 
 1741              	.LASF92:
 1742 0b65 4359424C 		.ascii	"CYBLE_ANS_UNREAD_ALERT_STATUS\000"
 1742      455F414E 
 1742      535F554E 
 1742      52454144 
 1742      5F414C45 
 1743              	.LASF20:
 1744 0b83 4359424C 		.ascii	"CYBLE_EVT_HARDWARE_ERROR\000"
 1744      455F4556 
 1744      545F4841 
 1744      52445741 
 1744      52455F45 
 1745              	.LASF131:
 1746 0b9c 6164635F 		.ascii	"adc_acquire_channel\000"
 1746      61637175 
 1746      6972655F 
 1746      6368616E 
 1746      6E656C00 
 1747              	.LASF51:
 1748 0bb0 4359424C 		.ascii	"CYBLE_EVT_GATTS_XCNHG_MTU_REQ\000"
 1748      455F4556 
 1748      545F4741 
 1748      5454535F 
 1748      58434E48 
 1749              	.LASF126:
 1750 0bce 43795379 		.ascii	"CySysClkEcoStop\000"
 1750      73436C6B 
 1750      45636F53 
 1750      746F7000 
 1751              	.LASF58:
 1752 0bde 4359424C 		.ascii	"CYBLE_EVT_GATTC_READ_BLOB_RSP\000"
 1752      455F4556 
 1752      545F4741 
 1752      5454435F 
 1752      52454144 
 1753              	.LASF108:
 1754 0bfc 7664645F 		.ascii	"vdd_calibration\000"
 1754      63616C69 
 1754      62726174 
 1754      696F6E00 
 1755              	.LASF111:
 1756 0c0c 616D705F 		.ascii	"amp_iov\000"
 1756      696F7600 
 1757              	.LASF93:
 1758 0c14 4359424C 		.ascii	"CYBLE_ANS_ALERT_NTF_CONTROL_POINT\000"
 1758      455F414E 
 1758      535F414C 
 1758      4552545F 
 1758      4E54465F 
 1759              	.LASF56:
 1760 0c36 4359424C 		.ascii	"CYBLE_EVT_GATTC_FIND_BY_TYPE_VALUE_RSP\000"
 1760      455F4556 
 1760      545F4741 
ARM GAS  C:\Users\Intern\AppData\Local\Temp\ccokdkmG.s 			page 41


 1760      5454435F 
 1760      46494E44 
 1761              	.LASF36:
 1762 0c5d 4359424C 		.ascii	"CYBLE_EVT_GAP_KEYINFO_EXCHNGE_CMPLT\000"
 1762      455F4556 
 1762      545F4741 
 1762      505F4B45 
 1762      59494E46 
 1763              	.LASF78:
 1764 0c81 4359424C 		.ascii	"CYBLE_EVT_L2CAP_CBFC_DISCONN_IND\000"
 1764      455F4556 
 1764      545F4C32 
 1764      4341505F 
 1764      43424643 
 1765              	.LASF74:
 1766 0ca2 4359424C 		.ascii	"CYBLE_EVT_L2CAP_CONN_PARAM_UPDATE_RSP\000"
 1766      455F4556 
 1766      545F4C32 
 1766      4341505F 
 1766      434F4E4E 
 1767              	.LASF41:
 1768 0cc8 4359424C 		.ascii	"CYBLE_EVT_GAP_ENHANCE_CONN_COMPLETE\000"
 1768      455F4556 
 1768      545F4741 
 1768      505F454E 
 1768      48414E43 
 1769              	.LASF98:
 1770 0cec 73797374 		.ascii	"system_disable_interrupts\000"
 1770      656D5F64 
 1770      69736162 
 1770      6C655F69 
 1770      6E746572 
 1771              	.LASF121:
 1772 0d06 4144435F 		.ascii	"ADC_GetResult16\000"
 1772      47657452 
 1772      6573756C 
 1772      74313600 
 1773              	.LASF102:
 1774 0d16 6164635F 		.ascii	"adc_wakeup\000"
 1774      77616B65 
 1774      757000
 1775              		.ident	"GCC: (GNU Tools for ARM Embedded Processors) 5.4.1 20160609 (release) [ARM/embedded-5-bran
