--------------- Clean Started: 01/20/2018 13:54:15 Project: UV-SG-TEMP, Configuration: ARM GCC 5.4-2016-q2-update Debug ---------------
Deleting file ".\CortexM0\ARM_GCC_541\Debug\main.o"
Deleting file ".\CortexM0\ARM_GCC_541\Debug\tmp116.o"
Deleting file ".\CortexM0\ARM_GCC_541\Debug\bluetooth.o"
Deleting file ".\CortexM0\ARM_GCC_541\Debug\lmt70.o"
Deleting file ".\CortexM0\ARM_GCC_541\Debug\system.o"
Deleting file ".\CortexM0\ARM_GCC_541\Debug\uv.o"
Deleting file ".\CortexM0\ARM_GCC_541\Debug\adafruit_guva.o"
Deleting file ".\CortexM0\ARM_GCC_541\Debug\sg.o"
Deleting file ".\CortexM0\ARM_GCC_541\Debug\watchdog.o"
Deleting file ".\CortexM0\ARM_GCC_541\Debug\led.o"
Deleting file ".\CortexM0\ARM_GCC_541\Debug\battery.o"
Deleting file ".\CortexM0\ARM_GCC_541\Debug\cyfitter_cfg.o"
Deleting file ".\CortexM0\ARM_GCC_541\Debug\cymetadata.o"
Deleting file ".\CortexM0\ARM_GCC_541\Debug\SG1_A.o"
Deleting file ".\CortexM0\ARM_GCC_541\Debug\SG1_A_PM.o"
Deleting file ".\CortexM0\ARM_GCC_541\Debug\SG2_A.o"
Deleting file ".\CortexM0\ARM_GCC_541\Debug\SG2_A_PM.o"
Deleting file ".\CortexM0\ARM_GCC_541\Debug\GAIN.o"
Deleting file ".\CortexM0\ARM_GCC_541\Debug\GAIN_PM.o"
Deleting file ".\CortexM0\ARM_GCC_541\Debug\UART.o"
Deleting file ".\CortexM0\ARM_GCC_541\Debug\UART_SPI_UART.o"
Deleting file ".\CortexM0\ARM_GCC_541\Debug\UART_SPI_UART_INT.o"
Deleting file ".\CortexM0\ARM_GCC_541\Debug\UART_PM.o"
Deleting file ".\CortexM0\ARM_GCC_541\Debug\UART_UART.o"
Deleting file ".\CortexM0\ARM_GCC_541\Debug\UART_BOOT.o"
Deleting file ".\CortexM0\ARM_GCC_541\Debug\UART_UART_BOOT.o"
Deleting file ".\CortexM0\ARM_GCC_541\Debug\BLE.o"
Deleting file ".\CortexM0\ARM_GCC_541\Debug\BLE_gatt.o"
Deleting file ".\CortexM0\ARM_GCC_541\Debug\BLE_eventHandler.o"
Deleting file ".\CortexM0\ARM_GCC_541\Debug\BLE_HAL_INT.o"
Deleting file ".\CortexM0\ARM_GCC_541\Debug\BLE_HAL_PVT.o"
Deleting file ".\CortexM0\ARM_GCC_541\Debug\BLE_custom.o"
Deleting file ".\CortexM0\ARM_GCC_541\Debug\ADC.o"
Deleting file ".\CortexM0\ARM_GCC_541\Debug\ADC_PM.o"
Deleting file ".\CortexM0\ARM_GCC_541\Debug\ADC_INT.o"
Deleting file ".\CortexM0\ARM_GCC_541\Debug\UART_SCBCLK.o"
Deleting file ".\CortexM0\ARM_GCC_541\Debug\UART_tx.o"
Deleting file ".\CortexM0\ARM_GCC_541\Debug\UART_tx_PM.o"
Deleting file ".\CortexM0\ARM_GCC_541\Debug\UART_rx.o"
Deleting file ".\CortexM0\ARM_GCC_541\Debug\UART_rx_PM.o"
Deleting file ".\CortexM0\ARM_GCC_541\Debug\BLE_bless_isr.o"
Deleting file ".\CortexM0\ARM_GCC_541\Debug\ADC_IRQ.o"
Deleting file ".\CortexM0\ARM_GCC_541\Debug\ADC_intClock.o"
Deleting file ".\CortexM0\ARM_GCC_541\Debug\Cm0Start.o"
Deleting file ".\CortexM0\ARM_GCC_541\Debug\CyFlash.o"
Deleting file ".\CortexM0\ARM_GCC_541\Debug\CyLib.o"
Deleting file ".\CortexM0\ARM_GCC_541\Debug\cyPm.o"
Deleting file ".\CortexM0\ARM_GCC_541\Debug\cyutils.o"
Deleting file ".\CortexM0\ARM_GCC_541\Debug\CyBootAsmGnu.o"
Deleting file ".\CortexM0\ARM_GCC_541\Debug\CyLFClk.o"
Deleting file ".\CortexM0\ARM_GCC_541\Debug\UVD_5NEG.o"
Deleting file ".\CortexM0\ARM_GCC_541\Debug\UVD_5NEG_PM.o"
Deleting file ".\CortexM0\ARM_GCC_541\Debug\UVD_5POS.o"
Deleting file ".\CortexM0\ARM_GCC_541\Debug\UVD_5POS_PM.o"
Deleting file ".\CortexM0\ARM_GCC_541\Debug\UVD_5GAIN.o"
Deleting file ".\CortexM0\ARM_GCC_541\Debug\UVD_5GAIN_PM.o"
Deleting file ".\CortexM0\ARM_GCC_541\Debug\I2C_TMP116.o"
Deleting file ".\CortexM0\ARM_GCC_541\Debug\I2C_TMP116_I2C_INT.o"
Deleting file ".\CortexM0\ARM_GCC_541\Debug\I2C_TMP116_I2C.o"
Deleting file ".\CortexM0\ARM_GCC_541\Debug\I2C_TMP116_I2C_BOOT.o"
Deleting file ".\CortexM0\ARM_GCC_541\Debug\I2C_TMP116_I2C_MASTER.o"
Deleting file ".\CortexM0\ARM_GCC_541\Debug\I2C_TMP116_PM.o"
Deleting file ".\CortexM0\ARM_GCC_541\Debug\I2C_TMP116_BOOT.o"
Deleting file ".\CortexM0\ARM_GCC_541\Debug\I2C_TMP116_SCBCLK.o"
Deleting file ".\CortexM0\ARM_GCC_541\Debug\I2C_TMP116_sda.o"
Deleting file ".\CortexM0\ARM_GCC_541\Debug\I2C_TMP116_sda_PM.o"
Deleting file ".\CortexM0\ARM_GCC_541\Debug\I2C_TMP116_scl.o"
Deleting file ".\CortexM0\ARM_GCC_541\Debug\I2C_TMP116_scl_PM.o"
Deleting file ".\CortexM0\ARM_GCC_541\Debug\I2C_TMP116_SCB_IRQ.o"
Deleting file ".\CortexM0\ARM_GCC_541\Debug\SG_AMP.o"
Deleting file ".\CortexM0\ARM_GCC_541\Debug\SG_AMP_PM.o"
Deleting file ".\CortexM0\ARM_GCC_541\Debug\UV5_AMP.o"
Deleting file ".\CortexM0\ARM_GCC_541\Debug\UV5_AMP_PM.o"
Deleting file ".\CortexM0\ARM_GCC_541\Debug\LED_RED.o"
Deleting file ".\CortexM0\ARM_GCC_541\Debug\LED_RED_PM.o"
Deleting file ".\CortexM0\ARM_GCC_541\Debug\LED_GREEN.o"
Deleting file ".\CortexM0\ARM_GCC_541\Debug\LED_GREEN_PM.o"
Deleting file ".\CortexM0\ARM_GCC_541\Debug\LED_BLUE.o"
Deleting file ".\CortexM0\ARM_GCC_541\Debug\LED_BLUE_PM.o"
Deleting file ".\CortexM0\ARM_GCC_541\Debug\WDT_ISR.o"
Deleting file ".\CortexM0\ARM_GCC_541\Debug\RTC.o"
Deleting file ".\CortexM0\ARM_GCC_541\Debug\V_BATTERY.o"
Deleting file ".\CortexM0\ARM_GCC_541\Debug\V_BATTERY_PM.o"
Deleting file ".\CortexM0\ARM_GCC_541\Debug\GUVA.o"
Deleting file ".\CortexM0\ARM_GCC_541\Debug\GUVA_PM.o"
Deleting file ".\CortexM0\ARM_GCC_541\Debug\UV-SG-TEMP.hex"
Deleting file ".\CortexM0\ARM_GCC_541\Debug\UV-SG-TEMP.map"
Deleting file ".\UV-SG-TEMP.cycdx"
Deleting file ".\UV-SG-TEMP.svd"
Deleting file ".\UV-SG-TEMP.rpt"
Deleting file ".\UV-SG-TEMP_timing.html"
Deleting file ".\CortexM0\ARM_GCC_541\Debug\.deps\SOURCE_C__ARM_GCC_GENERIC.P"
Deleting file ".\CortexM0\ARM_GCC_541\Debug\.deps\SOURCE_ASM__ARM_GCC_GENERIC.P"
--------------- Clean Succeeded: 01/20/2018 13:54:16 ---------------
