ARM GAS  C:\Users\Intern\AppData\Local\Temp\ccNLaDhz.s 			page 1


   1              		.syntax unified
   2              		.cpu cortex-m0
   3              		.fpu softvfp
   4              		.eabi_attribute 20, 1
   5              		.eabi_attribute 21, 1
   6              		.eabi_attribute 23, 3
   7              		.eabi_attribute 24, 1
   8              		.eabi_attribute 25, 1
   9              		.eabi_attribute 26, 1
  10              		.eabi_attribute 30, 6
  11              		.eabi_attribute 34, 0
  12              		.eabi_attribute 18, 4
  13              		.thumb
  14              		.syntax unified
  15              		.file	"cyfitter_cfg.c"
  16              		.text
  17              	.Ltext0:
  18              		.cfi_sections	.debug_frame
  19              		.section	.text.CYMEMZERO,"ax",%progbits
  20              		.align	2
  21              		.code	16
  22              		.thumb_func
  23              		.type	CYMEMZERO, %function
  24              	CYMEMZERO:
  25              	.LFB2:
  26              		.file 1 "Generated_Source\\PSoC4\\cyfitter_cfg.c"
   1:Generated_Source\PSoC4/cyfitter_cfg.c **** 
   2:Generated_Source\PSoC4/cyfitter_cfg.c **** /*******************************************************************************
   3:Generated_Source\PSoC4/cyfitter_cfg.c **** * File Name: cyfitter_cfg.c
   4:Generated_Source\PSoC4/cyfitter_cfg.c **** * 
   5:Generated_Source\PSoC4/cyfitter_cfg.c **** * PSoC Creator  4.2
   6:Generated_Source\PSoC4/cyfitter_cfg.c **** *
   7:Generated_Source\PSoC4/cyfitter_cfg.c **** * Description:
   8:Generated_Source\PSoC4/cyfitter_cfg.c **** * This file contains device initialization code.
   9:Generated_Source\PSoC4/cyfitter_cfg.c **** * Except for the user defined sections in CyClockStartupError(), this file should not be modified.
  10:Generated_Source\PSoC4/cyfitter_cfg.c **** * This file is automatically generated by PSoC Creator.
  11:Generated_Source\PSoC4/cyfitter_cfg.c **** *
  12:Generated_Source\PSoC4/cyfitter_cfg.c **** ********************************************************************************
  13:Generated_Source\PSoC4/cyfitter_cfg.c **** * Copyright (c) 2007-2018 Cypress Semiconductor.  All rights reserved.
  14:Generated_Source\PSoC4/cyfitter_cfg.c **** * You may use this file only in accordance with the license, terms, conditions, 
  15:Generated_Source\PSoC4/cyfitter_cfg.c **** * disclaimers, and limitations in the end user license agreement accompanying 
  16:Generated_Source\PSoC4/cyfitter_cfg.c **** * the software package with which this file was provided.
  17:Generated_Source\PSoC4/cyfitter_cfg.c **** ********************************************************************************/
  18:Generated_Source\PSoC4/cyfitter_cfg.c **** 
  19:Generated_Source\PSoC4/cyfitter_cfg.c **** #include <string.h>
  20:Generated_Source\PSoC4/cyfitter_cfg.c **** #include "cytypes.h"
  21:Generated_Source\PSoC4/cyfitter_cfg.c **** #include "cydevice_trm.h"
  22:Generated_Source\PSoC4/cyfitter_cfg.c **** #include "cyfitter.h"
  23:Generated_Source\PSoC4/cyfitter_cfg.c **** #include "CyLib.h"
  24:Generated_Source\PSoC4/cyfitter_cfg.c **** #include "CyLFClk.h"
  25:Generated_Source\PSoC4/cyfitter_cfg.c **** #include "cyfitter_cfg.h"
  26:Generated_Source\PSoC4/cyfitter_cfg.c **** #include "cyapicallbacks.h"
  27:Generated_Source\PSoC4/cyfitter_cfg.c **** 
  28:Generated_Source\PSoC4/cyfitter_cfg.c **** 
  29:Generated_Source\PSoC4/cyfitter_cfg.c **** #if defined(__GNUC__) || defined(__ARMCC_VERSION)
  30:Generated_Source\PSoC4/cyfitter_cfg.c ****     #define CYPACKED 
  31:Generated_Source\PSoC4/cyfitter_cfg.c ****     #define CYPACKED_ATTR __attribute__ ((packed))
ARM GAS  C:\Users\Intern\AppData\Local\Temp\ccNLaDhz.s 			page 2


  32:Generated_Source\PSoC4/cyfitter_cfg.c ****     #define CYALIGNED __attribute__ ((aligned))
  33:Generated_Source\PSoC4/cyfitter_cfg.c ****     #define CY_CFG_UNUSED __attribute__ ((unused))
  34:Generated_Source\PSoC4/cyfitter_cfg.c ****     #ifndef CY_CFG_SECTION
  35:Generated_Source\PSoC4/cyfitter_cfg.c ****         #define CY_CFG_SECTION __attribute__ ((section(".psocinit")))
  36:Generated_Source\PSoC4/cyfitter_cfg.c ****     #endif
  37:Generated_Source\PSoC4/cyfitter_cfg.c ****     
  38:Generated_Source\PSoC4/cyfitter_cfg.c ****     #if defined(__ARMCC_VERSION)
  39:Generated_Source\PSoC4/cyfitter_cfg.c ****         #define CY_CFG_MEMORY_BARRIER() __memory_changed()
  40:Generated_Source\PSoC4/cyfitter_cfg.c ****     #else
  41:Generated_Source\PSoC4/cyfitter_cfg.c ****         #define CY_CFG_MEMORY_BARRIER() __sync_synchronize()
  42:Generated_Source\PSoC4/cyfitter_cfg.c ****     #endif
  43:Generated_Source\PSoC4/cyfitter_cfg.c ****     
  44:Generated_Source\PSoC4/cyfitter_cfg.c **** #elif defined(__ICCARM__)
  45:Generated_Source\PSoC4/cyfitter_cfg.c ****     #include <intrinsics.h>
  46:Generated_Source\PSoC4/cyfitter_cfg.c **** 
  47:Generated_Source\PSoC4/cyfitter_cfg.c ****     #define CYPACKED __packed
  48:Generated_Source\PSoC4/cyfitter_cfg.c ****     #define CYPACKED_ATTR 
  49:Generated_Source\PSoC4/cyfitter_cfg.c ****     #define CYALIGNED _Pragma("data_alignment=4")
  50:Generated_Source\PSoC4/cyfitter_cfg.c ****     #define CY_CFG_UNUSED _Pragma("diag_suppress=Pe177")
  51:Generated_Source\PSoC4/cyfitter_cfg.c ****     #define CY_CFG_SECTION _Pragma("location=\".psocinit\"")
  52:Generated_Source\PSoC4/cyfitter_cfg.c ****     
  53:Generated_Source\PSoC4/cyfitter_cfg.c ****     #define CY_CFG_MEMORY_BARRIER() __DMB()
  54:Generated_Source\PSoC4/cyfitter_cfg.c ****     
  55:Generated_Source\PSoC4/cyfitter_cfg.c **** #else
  56:Generated_Source\PSoC4/cyfitter_cfg.c ****     #error Unsupported toolchain
  57:Generated_Source\PSoC4/cyfitter_cfg.c **** #endif
  58:Generated_Source\PSoC4/cyfitter_cfg.c **** 
  59:Generated_Source\PSoC4/cyfitter_cfg.c **** #ifndef CYCODE
  60:Generated_Source\PSoC4/cyfitter_cfg.c ****     #define CYCODE
  61:Generated_Source\PSoC4/cyfitter_cfg.c **** #endif
  62:Generated_Source\PSoC4/cyfitter_cfg.c **** #ifndef CYDATA
  63:Generated_Source\PSoC4/cyfitter_cfg.c ****     #define CYDATA
  64:Generated_Source\PSoC4/cyfitter_cfg.c **** #endif
  65:Generated_Source\PSoC4/cyfitter_cfg.c **** #ifndef CYFAR
  66:Generated_Source\PSoC4/cyfitter_cfg.c ****     #define CYFAR
  67:Generated_Source\PSoC4/cyfitter_cfg.c **** #endif
  68:Generated_Source\PSoC4/cyfitter_cfg.c **** #ifndef CYXDATA
  69:Generated_Source\PSoC4/cyfitter_cfg.c ****     #define CYXDATA
  70:Generated_Source\PSoC4/cyfitter_cfg.c **** #endif
  71:Generated_Source\PSoC4/cyfitter_cfg.c **** 
  72:Generated_Source\PSoC4/cyfitter_cfg.c **** 
  73:Generated_Source\PSoC4/cyfitter_cfg.c **** CY_CFG_UNUSED
  74:Generated_Source\PSoC4/cyfitter_cfg.c **** static void CYMEMZERO(void *s, size_t n);
  75:Generated_Source\PSoC4/cyfitter_cfg.c **** CY_CFG_UNUSED
  76:Generated_Source\PSoC4/cyfitter_cfg.c **** static void CYMEMZERO(void *s, size_t n)
  77:Generated_Source\PSoC4/cyfitter_cfg.c **** {
  27              		.loc 1 77 0
  28              		.cfi_startproc
  29              		@ args = 0, pretend = 0, frame = 8
  30              		@ frame_needed = 1, uses_anonymous_args = 0
  31 0000 80B5     		push	{r7, lr}
  32              		.cfi_def_cfa_offset 8
  33              		.cfi_offset 7, -8
  34              		.cfi_offset 14, -4
  35 0002 82B0     		sub	sp, sp, #8
  36              		.cfi_def_cfa_offset 16
  37 0004 00AF     		add	r7, sp, #0
ARM GAS  C:\Users\Intern\AppData\Local\Temp\ccNLaDhz.s 			page 3


  38              		.cfi_def_cfa_register 7
  39 0006 7860     		str	r0, [r7, #4]
  40 0008 3960     		str	r1, [r7]
  78:Generated_Source\PSoC4/cyfitter_cfg.c **** 	(void)memset(s, 0, n);
  41              		.loc 1 78 0
  42 000a 3A68     		ldr	r2, [r7]
  43 000c 7B68     		ldr	r3, [r7, #4]
  44 000e 0021     		movs	r1, #0
  45 0010 1800     		movs	r0, r3
  46 0012 FFF7FEFF 		bl	memset
  79:Generated_Source\PSoC4/cyfitter_cfg.c **** }
  47              		.loc 1 79 0
  48 0016 C046     		nop
  49 0018 BD46     		mov	sp, r7
  50 001a 02B0     		add	sp, sp, #8
  51              		@ sp needed
  52 001c 80BD     		pop	{r7, pc}
  53              		.cfi_endproc
  54              	.LFE2:
  55              		.size	CYMEMZERO, .-CYMEMZERO
  56 001e C046     		.section	.text.CYCONFIGCPY,"ax",%progbits
  57              		.align	2
  58              		.code	16
  59              		.thumb_func
  60              		.type	CYCONFIGCPY, %function
  61              	CYCONFIGCPY:
  62              	.LFB3:
  80:Generated_Source\PSoC4/cyfitter_cfg.c **** CY_CFG_UNUSED
  81:Generated_Source\PSoC4/cyfitter_cfg.c **** static void CYCONFIGCPY(void *dest, const void *src, size_t n);
  82:Generated_Source\PSoC4/cyfitter_cfg.c **** CY_CFG_UNUSED
  83:Generated_Source\PSoC4/cyfitter_cfg.c **** static void CYCONFIGCPY(void *dest, const void *src, size_t n)
  84:Generated_Source\PSoC4/cyfitter_cfg.c **** {
  63              		.loc 1 84 0
  64              		.cfi_startproc
  65              		@ args = 0, pretend = 0, frame = 16
  66              		@ frame_needed = 1, uses_anonymous_args = 0
  67 0000 80B5     		push	{r7, lr}
  68              		.cfi_def_cfa_offset 8
  69              		.cfi_offset 7, -8
  70              		.cfi_offset 14, -4
  71 0002 84B0     		sub	sp, sp, #16
  72              		.cfi_def_cfa_offset 24
  73 0004 00AF     		add	r7, sp, #0
  74              		.cfi_def_cfa_register 7
  75 0006 F860     		str	r0, [r7, #12]
  76 0008 B960     		str	r1, [r7, #8]
  77 000a 7A60     		str	r2, [r7, #4]
  85:Generated_Source\PSoC4/cyfitter_cfg.c **** 	(void)memcpy(dest, src, n);
  78              		.loc 1 85 0
  79 000c 7A68     		ldr	r2, [r7, #4]
  80 000e B968     		ldr	r1, [r7, #8]
  81 0010 FB68     		ldr	r3, [r7, #12]
  82 0012 1800     		movs	r0, r3
  83 0014 FFF7FEFF 		bl	memcpy
  86:Generated_Source\PSoC4/cyfitter_cfg.c **** }
  84              		.loc 1 86 0
  85 0018 C046     		nop
ARM GAS  C:\Users\Intern\AppData\Local\Temp\ccNLaDhz.s 			page 4


  86 001a BD46     		mov	sp, r7
  87 001c 04B0     		add	sp, sp, #16
  88              		@ sp needed
  89 001e 80BD     		pop	{r7, pc}
  90              		.cfi_endproc
  91              	.LFE3:
  92              		.size	CYCONFIGCPY, .-CYCONFIGCPY
  93              		.section	.text.CYCONFIGCPYCODE,"ax",%progbits
  94              		.align	2
  95              		.code	16
  96              		.thumb_func
  97              		.type	CYCONFIGCPYCODE, %function
  98              	CYCONFIGCPYCODE:
  99              	.LFB4:
  87:Generated_Source\PSoC4/cyfitter_cfg.c **** CY_CFG_UNUSED
  88:Generated_Source\PSoC4/cyfitter_cfg.c **** static void CYCONFIGCPYCODE(void *dest, const void *src, size_t n);
  89:Generated_Source\PSoC4/cyfitter_cfg.c **** CY_CFG_UNUSED
  90:Generated_Source\PSoC4/cyfitter_cfg.c **** static void CYCONFIGCPYCODE(void *dest, const void *src, size_t n)
  91:Generated_Source\PSoC4/cyfitter_cfg.c **** {
 100              		.loc 1 91 0
 101              		.cfi_startproc
 102              		@ args = 0, pretend = 0, frame = 16
 103              		@ frame_needed = 1, uses_anonymous_args = 0
 104 0000 80B5     		push	{r7, lr}
 105              		.cfi_def_cfa_offset 8
 106              		.cfi_offset 7, -8
 107              		.cfi_offset 14, -4
 108 0002 84B0     		sub	sp, sp, #16
 109              		.cfi_def_cfa_offset 24
 110 0004 00AF     		add	r7, sp, #0
 111              		.cfi_def_cfa_register 7
 112 0006 F860     		str	r0, [r7, #12]
 113 0008 B960     		str	r1, [r7, #8]
 114 000a 7A60     		str	r2, [r7, #4]
  92:Generated_Source\PSoC4/cyfitter_cfg.c **** 	(void)memcpy(dest, src, n);
 115              		.loc 1 92 0
 116 000c 7A68     		ldr	r2, [r7, #4]
 117 000e B968     		ldr	r1, [r7, #8]
 118 0010 FB68     		ldr	r3, [r7, #12]
 119 0012 1800     		movs	r0, r3
 120 0014 FFF7FEFF 		bl	memcpy
  93:Generated_Source\PSoC4/cyfitter_cfg.c **** }
 121              		.loc 1 93 0
 122 0018 C046     		nop
 123 001a BD46     		mov	sp, r7
 124 001c 04B0     		add	sp, sp, #16
 125              		@ sp needed
 126 001e 80BD     		pop	{r7, pc}
 127              		.cfi_endproc
 128              	.LFE4:
 129              		.size	CYCONFIGCPYCODE, .-CYCONFIGCPYCODE
 130              		.section	.psocinit,"ax",%progbits
 131              		.align	2
 132              		.code	16
 133              		.thumb_func
 134              		.type	ClockSetup, %function
 135              	ClockSetup:
ARM GAS  C:\Users\Intern\AppData\Local\Temp\ccNLaDhz.s 			page 5


 136              	.LFB5:
  94:Generated_Source\PSoC4/cyfitter_cfg.c **** 
  95:Generated_Source\PSoC4/cyfitter_cfg.c **** 
  96:Generated_Source\PSoC4/cyfitter_cfg.c **** 
  97:Generated_Source\PSoC4/cyfitter_cfg.c **** 
  98:Generated_Source\PSoC4/cyfitter_cfg.c **** /* Clock startup error codes                                                   */
  99:Generated_Source\PSoC4/cyfitter_cfg.c **** #define CYCLOCKSTART_NO_ERROR    0u
 100:Generated_Source\PSoC4/cyfitter_cfg.c **** #define CYCLOCKSTART_XTAL_ERROR  1u
 101:Generated_Source\PSoC4/cyfitter_cfg.c **** #define CYCLOCKSTART_32KHZ_ERROR 2u
 102:Generated_Source\PSoC4/cyfitter_cfg.c **** #define CYCLOCKSTART_PLL_ERROR   3u
 103:Generated_Source\PSoC4/cyfitter_cfg.c **** #define CYCLOCKSTART_FLL_ERROR   4u
 104:Generated_Source\PSoC4/cyfitter_cfg.c **** #define CYCLOCKSTART_WCO_ERROR   5u
 105:Generated_Source\PSoC4/cyfitter_cfg.c **** 
 106:Generated_Source\PSoC4/cyfitter_cfg.c **** 
 107:Generated_Source\PSoC4/cyfitter_cfg.c **** #ifdef CY_NEED_CYCLOCKSTARTUPERROR
 108:Generated_Source\PSoC4/cyfitter_cfg.c **** /*******************************************************************************
 109:Generated_Source\PSoC4/cyfitter_cfg.c **** * Function Name: CyClockStartupError
 110:Generated_Source\PSoC4/cyfitter_cfg.c **** ********************************************************************************
 111:Generated_Source\PSoC4/cyfitter_cfg.c **** * Summary:
 112:Generated_Source\PSoC4/cyfitter_cfg.c **** *  If an error is encountered during clock configuration (crystal startup error,
 113:Generated_Source\PSoC4/cyfitter_cfg.c **** *  PLL lock error, etc.), the system will end up here.  Unless reimplemented by
 114:Generated_Source\PSoC4/cyfitter_cfg.c **** *  the customer, this function will stop in an infinite loop.
 115:Generated_Source\PSoC4/cyfitter_cfg.c **** *
 116:Generated_Source\PSoC4/cyfitter_cfg.c **** * Parameters:
 117:Generated_Source\PSoC4/cyfitter_cfg.c **** *   void
 118:Generated_Source\PSoC4/cyfitter_cfg.c **** *
 119:Generated_Source\PSoC4/cyfitter_cfg.c **** * Return:
 120:Generated_Source\PSoC4/cyfitter_cfg.c **** *   void
 121:Generated_Source\PSoC4/cyfitter_cfg.c **** *
 122:Generated_Source\PSoC4/cyfitter_cfg.c **** *******************************************************************************/
 123:Generated_Source\PSoC4/cyfitter_cfg.c **** CY_CFG_UNUSED
 124:Generated_Source\PSoC4/cyfitter_cfg.c **** static void CyClockStartupError(uint8 errorCode);
 125:Generated_Source\PSoC4/cyfitter_cfg.c **** CY_CFG_UNUSED
 126:Generated_Source\PSoC4/cyfitter_cfg.c **** static void CyClockStartupError(uint8 errorCode)
 127:Generated_Source\PSoC4/cyfitter_cfg.c **** {
 128:Generated_Source\PSoC4/cyfitter_cfg.c ****     /* To remove the compiler warning if errorCode not used.                */
 129:Generated_Source\PSoC4/cyfitter_cfg.c ****     errorCode = errorCode;
 130:Generated_Source\PSoC4/cyfitter_cfg.c **** 
 131:Generated_Source\PSoC4/cyfitter_cfg.c ****     /* If we have a clock startup error (bad MHz crystal, PLL lock, etc.),  */
 132:Generated_Source\PSoC4/cyfitter_cfg.c ****     /* we will end up here to allow the customer to implement something to  */
 133:Generated_Source\PSoC4/cyfitter_cfg.c ****     /* deal with the clock condition.                                       */
 134:Generated_Source\PSoC4/cyfitter_cfg.c **** 
 135:Generated_Source\PSoC4/cyfitter_cfg.c **** #ifdef CY_CFG_CLOCK_STARTUP_ERROR_CALLBACK
 136:Generated_Source\PSoC4/cyfitter_cfg.c ****     CY_CFG_Clock_Startup_ErrorCallback();
 137:Generated_Source\PSoC4/cyfitter_cfg.c **** #else
 138:Generated_Source\PSoC4/cyfitter_cfg.c ****     /*  If not using CY_CFG_CLOCK_STARTUP_ERROR_CALLBACK, place your clock startup code here. */
 139:Generated_Source\PSoC4/cyfitter_cfg.c ****     /* `#START CyClockStartupError` */
 140:Generated_Source\PSoC4/cyfitter_cfg.c **** 
 141:Generated_Source\PSoC4/cyfitter_cfg.c **** 
 142:Generated_Source\PSoC4/cyfitter_cfg.c **** 
 143:Generated_Source\PSoC4/cyfitter_cfg.c ****     /* `#END` */
 144:Generated_Source\PSoC4/cyfitter_cfg.c **** 
 145:Generated_Source\PSoC4/cyfitter_cfg.c ****     while(1) {}
 146:Generated_Source\PSoC4/cyfitter_cfg.c **** #endif /* CY_CFG_CLOCK_STARTUP_ERROR_CALLBACK */
 147:Generated_Source\PSoC4/cyfitter_cfg.c **** }
 148:Generated_Source\PSoC4/cyfitter_cfg.c **** #endif
 149:Generated_Source\PSoC4/cyfitter_cfg.c **** 
ARM GAS  C:\Users\Intern\AppData\Local\Temp\ccNLaDhz.s 			page 6


 150:Generated_Source\PSoC4/cyfitter_cfg.c **** 
 151:Generated_Source\PSoC4/cyfitter_cfg.c **** 
 152:Generated_Source\PSoC4/cyfitter_cfg.c **** /*******************************************************************************
 153:Generated_Source\PSoC4/cyfitter_cfg.c **** * Function Name: ClockSetup
 154:Generated_Source\PSoC4/cyfitter_cfg.c **** ********************************************************************************
 155:Generated_Source\PSoC4/cyfitter_cfg.c **** *
 156:Generated_Source\PSoC4/cyfitter_cfg.c **** * Summary:
 157:Generated_Source\PSoC4/cyfitter_cfg.c **** *   Performs the initialization of all of the clocks in the device based on the
 158:Generated_Source\PSoC4/cyfitter_cfg.c **** *   settings in the Clock tab of the DWR.  This includes enabling the requested
 159:Generated_Source\PSoC4/cyfitter_cfg.c **** *   clocks and setting the necessary dividers to produce the desired frequency. 
 160:Generated_Source\PSoC4/cyfitter_cfg.c **** *
 161:Generated_Source\PSoC4/cyfitter_cfg.c **** * Parameters:
 162:Generated_Source\PSoC4/cyfitter_cfg.c **** *   void
 163:Generated_Source\PSoC4/cyfitter_cfg.c **** *
 164:Generated_Source\PSoC4/cyfitter_cfg.c **** * Return:
 165:Generated_Source\PSoC4/cyfitter_cfg.c **** *   void
 166:Generated_Source\PSoC4/cyfitter_cfg.c **** *
 167:Generated_Source\PSoC4/cyfitter_cfg.c **** *******************************************************************************/
 168:Generated_Source\PSoC4/cyfitter_cfg.c **** static void ClockSetup(void);
 169:Generated_Source\PSoC4/cyfitter_cfg.c **** CY_CFG_SECTION
 170:Generated_Source\PSoC4/cyfitter_cfg.c **** static void ClockSetup(void)
 171:Generated_Source\PSoC4/cyfitter_cfg.c **** {
 137              		.loc 1 171 0
 138              		.cfi_startproc
 139              		@ args = 0, pretend = 0, frame = 0
 140              		@ frame_needed = 1, uses_anonymous_args = 0
 141 0000 80B5     		push	{r7, lr}
 142              		.cfi_def_cfa_offset 8
 143              		.cfi_offset 7, -8
 144              		.cfi_offset 14, -4
 145 0002 00AF     		add	r7, sp, #0
 146              		.cfi_def_cfa_register 7
 172:Generated_Source\PSoC4/cyfitter_cfg.c **** 
 173:Generated_Source\PSoC4/cyfitter_cfg.c **** 	/* Set Flash Cycles based on max possible frequency in case a glitch occurs during ClockSetup(). *
 174:Generated_Source\PSoC4/cyfitter_cfg.c **** 	CY_SET_REG32((void CYXDATA *)(CYREG_CPUSS_FLASH_CTL), (0x0012u));
 147              		.loc 1 174 0
 148 0004 324B     		ldr	r3, .L5
 149 0006 1222     		movs	r2, #18
 150 0008 1A60     		str	r2, [r3]
 175:Generated_Source\PSoC4/cyfitter_cfg.c **** 
 176:Generated_Source\PSoC4/cyfitter_cfg.c **** 	/* Start the WCO */
 177:Generated_Source\PSoC4/cyfitter_cfg.c **** 	CySysClkWcoStart();
 151              		.loc 1 177 0
 152 000a FFF7FEFF 		bl	CySysClkWcoStart
 178:Generated_Source\PSoC4/cyfitter_cfg.c **** 	CyDelayCycles(12000000u); /* WCO may take up to 500ms to start */
 153              		.loc 1 178 0
 154 000e 314B     		ldr	r3, .L5+4
 155 0010 1800     		movs	r0, r3
 156 0012 FFF7FEFF 		bl	CyDelayCycles
 179:Generated_Source\PSoC4/cyfitter_cfg.c **** 	(void)CySysClkWcoSetPowerMode(CY_SYS_CLK_WCO_LPM);    /* Switch to the low power mode */
 157              		.loc 1 179 0
 158 0016 0120     		movs	r0, #1
 159 0018 FFF7FEFF 		bl	CySysClkWcoSetPowerMode
 180:Generated_Source\PSoC4/cyfitter_cfg.c **** 
 181:Generated_Source\PSoC4/cyfitter_cfg.c **** 	/* Setup and trim IMO based on desired frequency. */
 182:Generated_Source\PSoC4/cyfitter_cfg.c **** 	CySysClkWriteImoFreq(48u);
 160              		.loc 1 182 0
ARM GAS  C:\Users\Intern\AppData\Local\Temp\ccNLaDhz.s 			page 7


 161 001c 3020     		movs	r0, #48
 162 001e FFF7FEFF 		bl	CySysClkWriteImoFreq
 183:Generated_Source\PSoC4/cyfitter_cfg.c **** 	/* CYDEV_CLK_ILO_CONFIG Starting address: CYDEV_CLK_ILO_CONFIG */
 184:Generated_Source\PSoC4/cyfitter_cfg.c **** 	CY_SET_REG32((void *)(CYREG_CLK_ILO_CONFIG), 0x80000006u);
 163              		.loc 1 184 0
 164 0022 2D4B     		ldr	r3, .L5+8
 165 0024 2D4A     		ldr	r2, .L5+12
 166 0026 1A60     		str	r2, [r3]
 185:Generated_Source\PSoC4/cyfitter_cfg.c **** 
 186:Generated_Source\PSoC4/cyfitter_cfg.c **** 	/* CYDEV_WDT_CONFIG Starting address: CYDEV_WDT_CONFIG */
 187:Generated_Source\PSoC4/cyfitter_cfg.c **** 	CY_SET_REG32((void *)(CYREG_WDT_CONFIG), 0x40000000u);
 167              		.loc 1 187 0
 168 0028 2D4B     		ldr	r3, .L5+16
 169 002a 8022     		movs	r2, #128
 170 002c D205     		lsls	r2, r2, #23
 171 002e 1A60     		str	r2, [r3]
 188:Generated_Source\PSoC4/cyfitter_cfg.c **** 
 189:Generated_Source\PSoC4/cyfitter_cfg.c **** 
 190:Generated_Source\PSoC4/cyfitter_cfg.c **** 	/* Enable fast start mode for XO */
 191:Generated_Source\PSoC4/cyfitter_cfg.c **** 	CY_SET_REG32((void*)CYREG_BLE_BLERD_BB_XO, CY_GET_REG32((void*)CYREG_BLE_BLERD_BB_XO) | (uint32)0x
 172              		.loc 1 191 0
 173 0030 2C4B     		ldr	r3, .L5+20
 174 0032 2C4A     		ldr	r2, .L5+20
 175 0034 1268     		ldr	r2, [r2]
 176 0036 0221     		movs	r1, #2
 177 0038 0A43     		orrs	r2, r1
 178 003a 1A60     		str	r2, [r3]
 192:Generated_Source\PSoC4/cyfitter_cfg.c **** 	CY_SET_REG32((void *)(CYREG_BLE_BLERD_BB_XO_CAPTRIM), 0x00007171u);
 179              		.loc 1 192 0
 180 003c 2A4B     		ldr	r3, .L5+24
 181 003e 2B4A     		ldr	r2, .L5+28
 182 0040 1A60     		str	r2, [r3]
 193:Generated_Source\PSoC4/cyfitter_cfg.c **** 	/*Set XTAL(ECO) divider*/
 194:Generated_Source\PSoC4/cyfitter_cfg.c **** 	CY_SET_REG32((void *)(CYREG_BLE_BLESS_XTAL_CLK_DIV_CONFIG), 0x00000000u);
 183              		.loc 1 194 0
 184 0042 2B4B     		ldr	r3, .L5+32
 185 0044 0022     		movs	r2, #0
 186 0046 1A60     		str	r2, [r3]
 195:Generated_Source\PSoC4/cyfitter_cfg.c **** 	/* Disable Crystal Stable Interrupt before enabling ECO */
 196:Generated_Source\PSoC4/cyfitter_cfg.c **** 	CY_SET_REG32((void*)CYREG_BLE_BLESS_LL_DSM_CTRL, CY_GET_REG32((void*)CYREG_BLE_BLESS_LL_DSM_CTRL) 
 187              		.loc 1 196 0
 188 0048 2A4B     		ldr	r3, .L5+36
 189 004a 2A4A     		ldr	r2, .L5+36
 190 004c 1268     		ldr	r2, [r2]
 191 004e 0821     		movs	r1, #8
 192 0050 8A43     		bics	r2, r1
 193 0052 1A60     		str	r2, [r3]
 197:Generated_Source\PSoC4/cyfitter_cfg.c **** 	/* Start the ECO and do not check status since it is not needed for HFCLK */
 198:Generated_Source\PSoC4/cyfitter_cfg.c **** 	(void)CySysClkEcoStart(2000u);
 194              		.loc 1 198 0
 195 0054 FA23     		movs	r3, #250
 196 0056 DB00     		lsls	r3, r3, #3
 197 0058 1800     		movs	r0, r3
 198 005a FFF7FEFF 		bl	CySysClkEcoStart
 199:Generated_Source\PSoC4/cyfitter_cfg.c **** 	CyDelayUs(1500u); /* Wait to stabilize */
 199              		.loc 1 199 0
 200 005e 264B     		ldr	r3, .L5+40
ARM GAS  C:\Users\Intern\AppData\Local\Temp\ccNLaDhz.s 			page 8


 201 0060 1800     		movs	r0, r3
 202 0062 FFF7FEFF 		bl	CyDelayUs
 200:Generated_Source\PSoC4/cyfitter_cfg.c **** 
 201:Generated_Source\PSoC4/cyfitter_cfg.c **** 	/* Setup phase aligned clocks */
 202:Generated_Source\PSoC4/cyfitter_cfg.c **** 	CY_SET_REG32((void *)CYREG_PERI_DIV_16_CTL1, 0x00000A00u);
 203              		.loc 1 202 0
 204 0066 254B     		ldr	r3, .L5+44
 205 0068 A022     		movs	r2, #160
 206 006a 1201     		lsls	r2, r2, #4
 207 006c 1A60     		str	r2, [r3]
 203:Generated_Source\PSoC4/cyfitter_cfg.c **** 	CY_SET_REG32((void *)CYREG_PERI_DIV_CMD, 0x8000FF41u);
 208              		.loc 1 203 0
 209 006e 244B     		ldr	r3, .L5+48
 210 0070 244A     		ldr	r2, .L5+52
 211 0072 1A60     		str	r2, [r3]
 204:Generated_Source\PSoC4/cyfitter_cfg.c **** 	CY_SET_REG32((void *)CYREG_PERI_DIV_16_CTL2, 0x00001D00u);
 212              		.loc 1 204 0
 213 0074 244B     		ldr	r3, .L5+56
 214 0076 E822     		movs	r2, #232
 215 0078 5201     		lsls	r2, r2, #5
 216 007a 1A60     		str	r2, [r3]
 205:Generated_Source\PSoC4/cyfitter_cfg.c **** 	CY_SET_REG32((void *)CYREG_PERI_DIV_CMD, 0x8000FF42u);
 217              		.loc 1 205 0
 218 007c 204B     		ldr	r3, .L5+48
 219 007e 234A     		ldr	r2, .L5+60
 220 0080 1A60     		str	r2, [r3]
 206:Generated_Source\PSoC4/cyfitter_cfg.c **** 	CY_SET_REG32((void *)CYREG_PERI_DIV_16_CTL0, 0x00000200u);
 221              		.loc 1 206 0
 222 0082 234B     		ldr	r3, .L5+64
 223 0084 8022     		movs	r2, #128
 224 0086 9200     		lsls	r2, r2, #2
 225 0088 1A60     		str	r2, [r3]
 207:Generated_Source\PSoC4/cyfitter_cfg.c **** 	CY_SET_REG32((void *)CYREG_PERI_DIV_CMD, 0x8000FF40u);
 226              		.loc 1 207 0
 227 008a 1D4B     		ldr	r3, .L5+48
 228 008c 214A     		ldr	r2, .L5+68
 229 008e 1A60     		str	r2, [r3]
 208:Generated_Source\PSoC4/cyfitter_cfg.c **** 
 209:Generated_Source\PSoC4/cyfitter_cfg.c **** 	/* CYDEV_CLK_IMO_CONFIG Starting address: CYDEV_CLK_IMO_CONFIG */
 210:Generated_Source\PSoC4/cyfitter_cfg.c **** 	CY_SET_REG32((void *)(CYREG_CLK_IMO_CONFIG), 0x82000000u);
 230              		.loc 1 210 0
 231 0090 214B     		ldr	r3, .L5+72
 232 0092 8222     		movs	r2, #130
 233 0094 1206     		lsls	r2, r2, #24
 234 0096 1A60     		str	r2, [r3]
 211:Generated_Source\PSoC4/cyfitter_cfg.c **** 
 212:Generated_Source\PSoC4/cyfitter_cfg.c **** 	/* CYDEV_CLK_SELECT Starting address: CYDEV_CLK_SELECT */
 213:Generated_Source\PSoC4/cyfitter_cfg.c **** 	CY_SET_REG32((void *)(CYREG_CLK_SELECT), 0x00040000u);
 235              		.loc 1 213 0
 236 0098 204B     		ldr	r3, .L5+76
 237 009a 8022     		movs	r2, #128
 238 009c D202     		lsls	r2, r2, #11
 239 009e 1A60     		str	r2, [r3]
 214:Generated_Source\PSoC4/cyfitter_cfg.c **** 
 215:Generated_Source\PSoC4/cyfitter_cfg.c **** 	/* CYDEV_PERI_PCLK_CTL6 Starting address: CYDEV_PERI_PCLK_CTL6 */
 216:Generated_Source\PSoC4/cyfitter_cfg.c **** 	CY_SET_REG32((void *)(CYREG_PERI_PCLK_CTL6), 0x00000041u);
 240              		.loc 1 216 0
ARM GAS  C:\Users\Intern\AppData\Local\Temp\ccNLaDhz.s 			page 9


 241 00a0 1F4B     		ldr	r3, .L5+80
 242 00a2 4122     		movs	r2, #65
 243 00a4 1A60     		str	r2, [r3]
 217:Generated_Source\PSoC4/cyfitter_cfg.c **** 
 218:Generated_Source\PSoC4/cyfitter_cfg.c **** 	/* CYDEV_PERI_PCLK_CTL2 Starting address: CYDEV_PERI_PCLK_CTL2 */
 219:Generated_Source\PSoC4/cyfitter_cfg.c **** 	CY_SET_REG32((void *)(CYREG_PERI_PCLK_CTL2), 0x00000042u);
 244              		.loc 1 219 0
 245 00a6 1F4B     		ldr	r3, .L5+84
 246 00a8 4222     		movs	r2, #66
 247 00aa 1A60     		str	r2, [r3]
 220:Generated_Source\PSoC4/cyfitter_cfg.c **** 
 221:Generated_Source\PSoC4/cyfitter_cfg.c **** 	/* CYDEV_PERI_PCLK_CTL1 Starting address: CYDEV_PERI_PCLK_CTL1 */
 222:Generated_Source\PSoC4/cyfitter_cfg.c **** 	CY_SET_REG32((void *)(CYREG_PERI_PCLK_CTL1), 0x00000040u);
 248              		.loc 1 222 0
 249 00ac 1E4B     		ldr	r3, .L5+88
 250 00ae 4022     		movs	r2, #64
 251 00b0 1A60     		str	r2, [r3]
 223:Generated_Source\PSoC4/cyfitter_cfg.c **** 
 224:Generated_Source\PSoC4/cyfitter_cfg.c **** 	(void)CyIntSetVector(8u, &CySysWdtIsr);
 252              		.loc 1 224 0
 253 00b2 1E4B     		ldr	r3, .L5+92
 254 00b4 1900     		movs	r1, r3
 255 00b6 0820     		movs	r0, #8
 256 00b8 FFF7FEFF 		bl	CyIntSetVector
 225:Generated_Source\PSoC4/cyfitter_cfg.c **** 	CyIntEnable(8u);
 257              		.loc 1 225 0
 258 00bc 0820     		movs	r0, #8
 259 00be FFF7FEFF 		bl	CyIntEnable
 226:Generated_Source\PSoC4/cyfitter_cfg.c **** 	CY_SET_REG32((void *)(CYREG_WDT_CONFIG), 0x40000000u);
 260              		.loc 1 226 0
 261 00c2 074B     		ldr	r3, .L5+16
 262 00c4 8022     		movs	r2, #128
 263 00c6 D205     		lsls	r2, r2, #23
 264 00c8 1A60     		str	r2, [r3]
 227:Generated_Source\PSoC4/cyfitter_cfg.c **** }
 265              		.loc 1 227 0
 266 00ca C046     		nop
 267 00cc BD46     		mov	sp, r7
 268              		@ sp needed
 269 00ce 80BD     		pop	{r7, pc}
 270              	.L6:
 271              		.align	2
 272              	.L5:
 273 00d0 30001040 		.word	1074790448
 274 00d4 001BB700 		.word	12000000
 275 00d8 04010B40 		.word	1074462980
 276 00dc 06000080 		.word	-2147483642
 277 00e0 0C020B40 		.word	1074463244
 278 00e4 78002E40 		.word	1076756600
 279 00e8 7C002E40 		.word	1076756604
 280 00ec 71710000 		.word	29041
 281 00f0 64F02E40 		.word	1076818020
 282 00f4 6CF02E40 		.word	1076818028
 283 00f8 DC050000 		.word	1500
 284 00fc 04030140 		.word	1073808132
 285 0100 00000140 		.word	1073807360
 286 0104 41FF0080 		.word	-2147418303
ARM GAS  C:\Users\Intern\AppData\Local\Temp\ccNLaDhz.s 			page 10


 287 0108 08030140 		.word	1073808136
 288 010c 42FF0080 		.word	-2147418302
 289 0110 00030140 		.word	1073808128
 290 0114 40FF0080 		.word	-2147418304
 291 0118 08010B40 		.word	1074462984
 292 011c 00010B40 		.word	1074462976
 293 0120 18010140 		.word	1073807640
 294 0124 08010140 		.word	1073807624
 295 0128 04010140 		.word	1073807620
 296 012c 00000000 		.word	CySysWdtIsr
 297              		.cfi_endproc
 298              	.LFE5:
 299              		.size	ClockSetup, .-ClockSetup
 300              		.section	.text.AnalogSetDefault,"ax",%progbits
 301              		.align	2
 302              		.code	16
 303              		.thumb_func
 304              		.type	AnalogSetDefault, %function
 305              	AnalogSetDefault:
 306              	.LFB6:
 228:Generated_Source\PSoC4/cyfitter_cfg.c **** 
 229:Generated_Source\PSoC4/cyfitter_cfg.c **** 
 230:Generated_Source\PSoC4/cyfitter_cfg.c **** /* Analog API Functions */
 231:Generated_Source\PSoC4/cyfitter_cfg.c **** 
 232:Generated_Source\PSoC4/cyfitter_cfg.c **** 
 233:Generated_Source\PSoC4/cyfitter_cfg.c **** /*******************************************************************************
 234:Generated_Source\PSoC4/cyfitter_cfg.c **** * Function Name: AnalogSetDefault
 235:Generated_Source\PSoC4/cyfitter_cfg.c **** ********************************************************************************
 236:Generated_Source\PSoC4/cyfitter_cfg.c **** *
 237:Generated_Source\PSoC4/cyfitter_cfg.c **** * Summary:
 238:Generated_Source\PSoC4/cyfitter_cfg.c **** *  Sets up the analog portions of the chip to default values based on chip
 239:Generated_Source\PSoC4/cyfitter_cfg.c **** *  configuration options from the project.
 240:Generated_Source\PSoC4/cyfitter_cfg.c **** *
 241:Generated_Source\PSoC4/cyfitter_cfg.c **** * Parameters:
 242:Generated_Source\PSoC4/cyfitter_cfg.c **** *  void
 243:Generated_Source\PSoC4/cyfitter_cfg.c **** *
 244:Generated_Source\PSoC4/cyfitter_cfg.c **** * Return:
 245:Generated_Source\PSoC4/cyfitter_cfg.c **** *  void
 246:Generated_Source\PSoC4/cyfitter_cfg.c **** *
 247:Generated_Source\PSoC4/cyfitter_cfg.c **** *******************************************************************************/
 248:Generated_Source\PSoC4/cyfitter_cfg.c **** static void AnalogSetDefault(void);
 249:Generated_Source\PSoC4/cyfitter_cfg.c **** static void AnalogSetDefault(void)
 250:Generated_Source\PSoC4/cyfitter_cfg.c **** {
 307              		.loc 1 250 0
 308              		.cfi_startproc
 309              		@ args = 0, pretend = 0, frame = 0
 310              		@ frame_needed = 1, uses_anonymous_args = 0
 311 0000 80B5     		push	{r7, lr}
 312              		.cfi_def_cfa_offset 8
 313              		.cfi_offset 7, -8
 314              		.cfi_offset 14, -4
 315 0002 00AF     		add	r7, sp, #0
 316              		.cfi_def_cfa_register 7
 251:Generated_Source\PSoC4/cyfitter_cfg.c **** 	CY_SET_XTND_REG32((void CYFAR *)CYREG_CTBM0_DFT_CTRL, 0x00000003u);
 317              		.loc 1 251 0
 318 0004 0A4B     		ldr	r3, .L8
 319 0006 0322     		movs	r2, #3
ARM GAS  C:\Users\Intern\AppData\Local\Temp\ccNLaDhz.s 			page 11


 320 0008 1A60     		str	r2, [r3]
 252:Generated_Source\PSoC4/cyfitter_cfg.c **** 	CY_SET_XTND_REG32((void CYFAR *)CYREG_CTBM1_DFT_CTRL, 0x00000003u);
 321              		.loc 1 252 0
 322 000a 0A4B     		ldr	r3, .L8+4
 323 000c 0322     		movs	r2, #3
 324 000e 1A60     		str	r2, [r3]
 253:Generated_Source\PSoC4/cyfitter_cfg.c **** 	CY_SET_XTND_REG32((void CYFAR *)CYREG_SAR_CTRL, 0x80000000u);
 325              		.loc 1 253 0
 326 0010 094B     		ldr	r3, .L8+8
 327 0012 8022     		movs	r2, #128
 328 0014 1206     		lsls	r2, r2, #24
 329 0016 1A60     		str	r2, [r3]
 254:Generated_Source\PSoC4/cyfitter_cfg.c **** 	CY_SET_XTND_REG32((void CYFAR *)CYREG_SAR_MUX_SWITCH0, 0x00000080u);
 330              		.loc 1 254 0
 331 0018 084B     		ldr	r3, .L8+12
 332 001a 8022     		movs	r2, #128
 333 001c 1A60     		str	r2, [r3]
 255:Generated_Source\PSoC4/cyfitter_cfg.c **** 	CY_SET_XTND_REG32((void CYFAR *)CYREG_PASS_DSAB_DSAB_CTRL, 0x00000000u);
 334              		.loc 1 255 0
 335 001e 084B     		ldr	r3, .L8+16
 336 0020 0022     		movs	r2, #0
 337 0022 1A60     		str	r2, [r3]
 256:Generated_Source\PSoC4/cyfitter_cfg.c **** 	SetAnalogRoutingPumps(1);
 338              		.loc 1 256 0
 339 0024 0120     		movs	r0, #1
 340 0026 FFF7FEFF 		bl	SetAnalogRoutingPumps
 257:Generated_Source\PSoC4/cyfitter_cfg.c **** }
 341              		.loc 1 257 0
 342 002a C046     		nop
 343 002c BD46     		mov	sp, r7
 344              		@ sp needed
 345 002e 80BD     		pop	{r7, pc}
 346              	.L9:
 347              		.align	2
 348              	.L8:
 349 0030 30003040 		.word	1076887600
 350 0034 30003140 		.word	1076953136
 351 0038 00003A40 		.word	1077542912
 352 003c 00033A40 		.word	1077543680
 353 0040 000E3F40 		.word	1077874176
 354              		.cfi_endproc
 355              	.LFE6:
 356              		.size	AnalogSetDefault, .-AnalogSetDefault
 357              		.section	.text.SetAnalogRoutingPumps,"ax",%progbits
 358              		.align	2
 359              		.global	SetAnalogRoutingPumps
 360              		.code	16
 361              		.thumb_func
 362              		.type	SetAnalogRoutingPumps, %function
 363              	SetAnalogRoutingPumps:
 364              	.LFB7:
 258:Generated_Source\PSoC4/cyfitter_cfg.c **** 
 259:Generated_Source\PSoC4/cyfitter_cfg.c **** 
 260:Generated_Source\PSoC4/cyfitter_cfg.c **** /*******************************************************************************
 261:Generated_Source\PSoC4/cyfitter_cfg.c **** * Function Name: SetAnalogRoutingPumps
 262:Generated_Source\PSoC4/cyfitter_cfg.c **** ********************************************************************************
 263:Generated_Source\PSoC4/cyfitter_cfg.c **** *
ARM GAS  C:\Users\Intern\AppData\Local\Temp\ccNLaDhz.s 			page 12


 264:Generated_Source\PSoC4/cyfitter_cfg.c **** * Summary:
 265:Generated_Source\PSoC4/cyfitter_cfg.c **** * Enables or disables the analog pumps feeding analog routing switches.
 266:Generated_Source\PSoC4/cyfitter_cfg.c **** * Intended to be called at startup, based on the Vdda system configuration;
 267:Generated_Source\PSoC4/cyfitter_cfg.c **** * may be called during operation when the user informs us that the Vdda voltage crossed the pump th
 268:Generated_Source\PSoC4/cyfitter_cfg.c **** *
 269:Generated_Source\PSoC4/cyfitter_cfg.c **** * Parameters:
 270:Generated_Source\PSoC4/cyfitter_cfg.c **** *  enabled - 1 to enable the pumps, 0 to disable the pumps
 271:Generated_Source\PSoC4/cyfitter_cfg.c **** *
 272:Generated_Source\PSoC4/cyfitter_cfg.c **** * Return:
 273:Generated_Source\PSoC4/cyfitter_cfg.c **** *  void
 274:Generated_Source\PSoC4/cyfitter_cfg.c **** *
 275:Generated_Source\PSoC4/cyfitter_cfg.c **** *******************************************************************************/
 276:Generated_Source\PSoC4/cyfitter_cfg.c **** void SetAnalogRoutingPumps(uint8 enabled)
 277:Generated_Source\PSoC4/cyfitter_cfg.c **** {
 365              		.loc 1 277 0
 366              		.cfi_startproc
 367              		@ args = 0, pretend = 0, frame = 16
 368              		@ frame_needed = 1, uses_anonymous_args = 0
 369 0000 80B5     		push	{r7, lr}
 370              		.cfi_def_cfa_offset 8
 371              		.cfi_offset 7, -8
 372              		.cfi_offset 14, -4
 373 0002 84B0     		sub	sp, sp, #16
 374              		.cfi_def_cfa_offset 24
 375 0004 00AF     		add	r7, sp, #0
 376              		.cfi_def_cfa_register 7
 377 0006 0200     		movs	r2, r0
 378 0008 FB1D     		adds	r3, r7, #7
 379 000a 1A70     		strb	r2, [r3]
 278:Generated_Source\PSoC4/cyfitter_cfg.c **** 	uint32 regValue = CY_GET_XTND_REG32((void *)(CYREG_SAR_PUMP_CTRL));
 380              		.loc 1 278 0
 381 000c 0B4B     		ldr	r3, .L13
 382 000e 1B68     		ldr	r3, [r3]
 383 0010 FB60     		str	r3, [r7, #12]
 279:Generated_Source\PSoC4/cyfitter_cfg.c **** 	if (enabled != 0u)
 384              		.loc 1 279 0
 385 0012 FB1D     		adds	r3, r7, #7
 386 0014 1B78     		ldrb	r3, [r3]
 387 0016 002B     		cmp	r3, #0
 388 0018 05D0     		beq	.L11
 280:Generated_Source\PSoC4/cyfitter_cfg.c **** 	{
 281:Generated_Source\PSoC4/cyfitter_cfg.c **** 		regValue |= 0x80000000u;
 389              		.loc 1 281 0
 390 001a FB68     		ldr	r3, [r7, #12]
 391 001c 8022     		movs	r2, #128
 392 001e 1206     		lsls	r2, r2, #24
 393 0020 1343     		orrs	r3, r2
 394 0022 FB60     		str	r3, [r7, #12]
 395 0024 03E0     		b	.L12
 396              	.L11:
 282:Generated_Source\PSoC4/cyfitter_cfg.c **** 	}
 283:Generated_Source\PSoC4/cyfitter_cfg.c **** 	else
 284:Generated_Source\PSoC4/cyfitter_cfg.c **** 	{
 285:Generated_Source\PSoC4/cyfitter_cfg.c **** 		regValue &= ~0x80000000u;
 397              		.loc 1 285 0
 398 0026 FB68     		ldr	r3, [r7, #12]
 399 0028 5B00     		lsls	r3, r3, #1
ARM GAS  C:\Users\Intern\AppData\Local\Temp\ccNLaDhz.s 			page 13


 400 002a 5B08     		lsrs	r3, r3, #1
 401 002c FB60     		str	r3, [r7, #12]
 402              	.L12:
 286:Generated_Source\PSoC4/cyfitter_cfg.c **** 	}
 287:Generated_Source\PSoC4/cyfitter_cfg.c **** 	CY_SET_XTND_REG32((void *)(CYREG_SAR_PUMP_CTRL), regValue);
 403              		.loc 1 287 0
 404 002e 034B     		ldr	r3, .L13
 405 0030 FA68     		ldr	r2, [r7, #12]
 406 0032 1A60     		str	r2, [r3]
 288:Generated_Source\PSoC4/cyfitter_cfg.c **** }
 407              		.loc 1 288 0
 408 0034 C046     		nop
 409 0036 BD46     		mov	sp, r7
 410 0038 04B0     		add	sp, sp, #16
 411              		@ sp needed
 412 003a 80BD     		pop	{r7, pc}
 413              	.L14:
 414              		.align	2
 415              	.L13:
 416 003c 80033A40 		.word	1077543808
 417              		.cfi_endproc
 418              	.LFE7:
 419              		.size	SetAnalogRoutingPumps, .-SetAnalogRoutingPumps
 420              		.section	.psocinit
 421              		.align	2
 422              		.global	cyfitter_cfg
 423              		.code	16
 424              		.thumb_func
 425              		.type	cyfitter_cfg, %function
 426              	cyfitter_cfg:
 427              	.LFB8:
 289:Generated_Source\PSoC4/cyfitter_cfg.c **** 
 290:Generated_Source\PSoC4/cyfitter_cfg.c **** 
 291:Generated_Source\PSoC4/cyfitter_cfg.c **** 
 292:Generated_Source\PSoC4/cyfitter_cfg.c **** 
 293:Generated_Source\PSoC4/cyfitter_cfg.c **** /*******************************************************************************
 294:Generated_Source\PSoC4/cyfitter_cfg.c **** * Function Name: cyfitter_cfg
 295:Generated_Source\PSoC4/cyfitter_cfg.c **** ********************************************************************************
 296:Generated_Source\PSoC4/cyfitter_cfg.c **** * Summary:
 297:Generated_Source\PSoC4/cyfitter_cfg.c **** *  This function is called by the start-up code for the selected device. It
 298:Generated_Source\PSoC4/cyfitter_cfg.c **** *  performs all of the necessary device configuration based on the design
 299:Generated_Source\PSoC4/cyfitter_cfg.c **** *  settings.  This includes settings from the Design Wide Resources (DWR) such
 300:Generated_Source\PSoC4/cyfitter_cfg.c **** *  as Clocks and Pins as well as any component configuration that is necessary.
 301:Generated_Source\PSoC4/cyfitter_cfg.c **** *
 302:Generated_Source\PSoC4/cyfitter_cfg.c **** * Parameters:
 303:Generated_Source\PSoC4/cyfitter_cfg.c **** *   void
 304:Generated_Source\PSoC4/cyfitter_cfg.c **** *
 305:Generated_Source\PSoC4/cyfitter_cfg.c **** * Return:
 306:Generated_Source\PSoC4/cyfitter_cfg.c **** *   void
 307:Generated_Source\PSoC4/cyfitter_cfg.c **** *
 308:Generated_Source\PSoC4/cyfitter_cfg.c **** *******************************************************************************/
 309:Generated_Source\PSoC4/cyfitter_cfg.c **** CY_CFG_SECTION
 310:Generated_Source\PSoC4/cyfitter_cfg.c **** void cyfitter_cfg(void)
 311:Generated_Source\PSoC4/cyfitter_cfg.c **** {
 428              		.loc 1 311 0
 429              		.cfi_startproc
 430              		@ args = 0, pretend = 0, frame = 8
ARM GAS  C:\Users\Intern\AppData\Local\Temp\ccNLaDhz.s 			page 14


 431              		@ frame_needed = 1, uses_anonymous_args = 0
 432 0130 80B5     		push	{r7, lr}
 433              		.cfi_def_cfa_offset 8
 434              		.cfi_offset 7, -8
 435              		.cfi_offset 14, -4
 436 0132 82B0     		sub	sp, sp, #8
 437              		.cfi_def_cfa_offset 16
 438 0134 00AF     		add	r7, sp, #0
 439              		.cfi_def_cfa_register 7
 312:Generated_Source\PSoC4/cyfitter_cfg.c **** 	/* Disable interrupts by default. Let user enable if/when they want. */
 313:Generated_Source\PSoC4/cyfitter_cfg.c **** 	CyGlobalIntDisable;
 440              		.loc 1 313 0
 441              		.syntax divided
 442              	@ 313 "Generated_Source\PSoC4\cyfitter_cfg.c" 1
 443 0136 72B6     		CPSID   i
 444              	@ 0 "" 2
 314:Generated_Source\PSoC4/cyfitter_cfg.c **** 
 315:Generated_Source\PSoC4/cyfitter_cfg.c **** 	CY_SET_REG32((void *)(CYREG_BLE_BLESS_LL_DSM_CTRL), 0x00000000u);
 445              		.loc 1 315 0
 446              		.thumb
 447              		.syntax unified
 448 0138 364B     		ldr	r3, .L18
 449 013a 0022     		movs	r2, #0
 450 013c 1A60     		str	r2, [r3]
 451              	.LBB2:
 316:Generated_Source\PSoC4/cyfitter_cfg.c **** 
 317:Generated_Source\PSoC4/cyfitter_cfg.c **** 	{
 318:Generated_Source\PSoC4/cyfitter_cfg.c **** 
 319:Generated_Source\PSoC4/cyfitter_cfg.c **** 		CYPACKED typedef struct {
 320:Generated_Source\PSoC4/cyfitter_cfg.c **** 			void CYFAR *address;
 321:Generated_Source\PSoC4/cyfitter_cfg.c **** 			uint16 size;
 322:Generated_Source\PSoC4/cyfitter_cfg.c **** 		} CYPACKED_ATTR cfg_memset_t;
 323:Generated_Source\PSoC4/cyfitter_cfg.c **** 
 324:Generated_Source\PSoC4/cyfitter_cfg.c **** 		static const cfg_memset_t CYCODE cfg_memset_list[] = {
 325:Generated_Source\PSoC4/cyfitter_cfg.c **** 			/* address, size */
 326:Generated_Source\PSoC4/cyfitter_cfg.c **** 			{(void CYFAR *)(CYDEV_UDB_P0_U0_BASE), 1024u},
 327:Generated_Source\PSoC4/cyfitter_cfg.c **** 			{(void CYFAR *)(CYDEV_UDB_DSI0_BASE), 1024u},
 328:Generated_Source\PSoC4/cyfitter_cfg.c **** 		};
 329:Generated_Source\PSoC4/cyfitter_cfg.c **** 
 330:Generated_Source\PSoC4/cyfitter_cfg.c **** 		uint8 CYDATA i;
 331:Generated_Source\PSoC4/cyfitter_cfg.c **** 
 332:Generated_Source\PSoC4/cyfitter_cfg.c **** 		/* Zero out critical memory blocks before beginning configuration */
 333:Generated_Source\PSoC4/cyfitter_cfg.c **** 		for (i = 0u; i < (sizeof(cfg_memset_list)/sizeof(cfg_memset_list[0])); i++)
 452              		.loc 1 333 0
 453 013e FB1D     		adds	r3, r7, #7
 454 0140 0022     		movs	r2, #0
 455 0142 1A70     		strb	r2, [r3]
 456 0144 22E0     		b	.L16
 457              	.L17:
 458              	.LBB3:
 334:Generated_Source\PSoC4/cyfitter_cfg.c **** 		{
 335:Generated_Source\PSoC4/cyfitter_cfg.c **** 			const cfg_memset_t CYCODE * CYDATA ms = &cfg_memset_list[i];
 459              		.loc 1 335 0 discriminator 3
 460 0146 FB1D     		adds	r3, r7, #7
 461 0148 1A78     		ldrb	r2, [r3]
 462 014a 1300     		movs	r3, r2
 463 014c 5B00     		lsls	r3, r3, #1
ARM GAS  C:\Users\Intern\AppData\Local\Temp\ccNLaDhz.s 			page 15


 464 014e 9B18     		adds	r3, r3, r2
 465 0150 5B00     		lsls	r3, r3, #1
 466 0152 314A     		ldr	r2, .L18+4
 467 0154 9B18     		adds	r3, r3, r2
 468 0156 3B60     		str	r3, [r7]
 336:Generated_Source\PSoC4/cyfitter_cfg.c **** 			CYMEMZERO(ms->address, (size_t)(uint32)(ms->size));
 469              		.loc 1 336 0 discriminator 3
 470 0158 3B68     		ldr	r3, [r7]
 471 015a 1A78     		ldrb	r2, [r3]
 472 015c 5978     		ldrb	r1, [r3, #1]
 473 015e 0902     		lsls	r1, r1, #8
 474 0160 0A43     		orrs	r2, r1
 475 0162 9978     		ldrb	r1, [r3, #2]
 476 0164 0904     		lsls	r1, r1, #16
 477 0166 0A43     		orrs	r2, r1
 478 0168 DB78     		ldrb	r3, [r3, #3]
 479 016a 1B06     		lsls	r3, r3, #24
 480 016c 1343     		orrs	r3, r2
 481 016e 1800     		movs	r0, r3
 482 0170 3B68     		ldr	r3, [r7]
 483 0172 1A79     		ldrb	r2, [r3, #4]
 484 0174 5B79     		ldrb	r3, [r3, #5]
 485 0176 1B02     		lsls	r3, r3, #8
 486 0178 1343     		orrs	r3, r2
 487 017a 9BB2     		uxth	r3, r3
 488 017c 1900     		movs	r1, r3
 489 017e FFF7FEFF 		bl	CYMEMZERO
 490              	.LBE3:
 333:Generated_Source\PSoC4/cyfitter_cfg.c **** 		{
 491              		.loc 1 333 0 discriminator 3
 492 0182 FB1D     		adds	r3, r7, #7
 493 0184 1A78     		ldrb	r2, [r3]
 494 0186 FB1D     		adds	r3, r7, #7
 495 0188 0132     		adds	r2, r2, #1
 496 018a 1A70     		strb	r2, [r3]
 497              	.L16:
 333:Generated_Source\PSoC4/cyfitter_cfg.c **** 		{
 498              		.loc 1 333 0 is_stmt 0 discriminator 1
 499 018c FB1D     		adds	r3, r7, #7
 500 018e 1B78     		ldrb	r3, [r3]
 501 0190 012B     		cmp	r3, #1
 502 0192 D8D9     		bls	.L17
 337:Generated_Source\PSoC4/cyfitter_cfg.c **** 		}
 338:Generated_Source\PSoC4/cyfitter_cfg.c **** 
 339:Generated_Source\PSoC4/cyfitter_cfg.c **** 		/* HSIOM Starting address: CYDEV_HSIOM_BASE */
 340:Generated_Source\PSoC4/cyfitter_cfg.c **** 		CY_SET_REG32((void *)(CYDEV_HSIOM_BASE), 0xEE000000u);
 503              		.loc 1 340 0 is_stmt 1
 504 0194 214B     		ldr	r3, .L18+8
 505 0196 EE22     		movs	r2, #238
 506 0198 1206     		lsls	r2, r2, #24
 507 019a 1A60     		str	r2, [r3]
 341:Generated_Source\PSoC4/cyfitter_cfg.c **** 		CY_SET_REG32((void *)(CYREG_HSIOM_PORT_SEL1), 0xFFFF0000u);
 508              		.loc 1 341 0
 509 019c 204B     		ldr	r3, .L18+12
 510 019e 214A     		ldr	r2, .L18+16
 511 01a0 1A60     		str	r2, [r3]
 342:Generated_Source\PSoC4/cyfitter_cfg.c **** 		CY_SET_REG32((void *)(CYREG_HSIOM_PORT_SEL3), 0x00EE0000u);
ARM GAS  C:\Users\Intern\AppData\Local\Temp\ccNLaDhz.s 			page 16


 512              		.loc 1 342 0
 513 01a2 214B     		ldr	r3, .L18+20
 514 01a4 EE22     		movs	r2, #238
 515 01a6 1204     		lsls	r2, r2, #16
 516 01a8 1A60     		str	r2, [r3]
 343:Generated_Source\PSoC4/cyfitter_cfg.c **** 
 344:Generated_Source\PSoC4/cyfitter_cfg.c **** 		/* UDB_PA_0 Starting address: CYDEV_UDB_PA0_BASE */
 345:Generated_Source\PSoC4/cyfitter_cfg.c **** 		CY_SET_REG32((void *)(CYDEV_UDB_PA0_BASE), 0x00990000u);
 517              		.loc 1 345 0
 518 01aa 204B     		ldr	r3, .L18+24
 519 01ac 9922     		movs	r2, #153
 520 01ae 1204     		lsls	r2, r2, #16
 521 01b0 1A60     		str	r2, [r3]
 346:Generated_Source\PSoC4/cyfitter_cfg.c **** 
 347:Generated_Source\PSoC4/cyfitter_cfg.c **** 		/* UDB_PA_1 Starting address: CYDEV_UDB_PA1_BASE */
 348:Generated_Source\PSoC4/cyfitter_cfg.c **** 		CY_SET_REG32((void *)(CYDEV_UDB_PA1_BASE), 0x00990000u);
 522              		.loc 1 348 0
 523 01b2 1F4B     		ldr	r3, .L18+28
 524 01b4 9922     		movs	r2, #153
 525 01b6 1204     		lsls	r2, r2, #16
 526 01b8 1A60     		str	r2, [r3]
 349:Generated_Source\PSoC4/cyfitter_cfg.c **** 
 350:Generated_Source\PSoC4/cyfitter_cfg.c **** 		/* UDB_PA_3 Starting address: CYDEV_UDB_PA3_BASE */
 351:Generated_Source\PSoC4/cyfitter_cfg.c **** 		CY_SET_REG32((void *)(CYDEV_UDB_PA3_BASE), 0x00990000u);
 527              		.loc 1 351 0
 528 01ba 1E4B     		ldr	r3, .L18+32
 529 01bc 9922     		movs	r2, #153
 530 01be 1204     		lsls	r2, r2, #16
 531 01c0 1A60     		str	r2, [r3]
 352:Generated_Source\PSoC4/cyfitter_cfg.c **** 
 353:Generated_Source\PSoC4/cyfitter_cfg.c **** 		/* Enable digital routing */
 354:Generated_Source\PSoC4/cyfitter_cfg.c **** 		CY_SET_XTND_REG8((void *)CYREG_UDB_UDBIF_BANK_CTL, (uint8)(CY_GET_XTND_REG8((void *)CYREG_UDB_UDB
 532              		.loc 1 354 0
 533 01c2 1D4A     		ldr	r2, .L18+36
 534 01c4 1C4B     		ldr	r3, .L18+36
 535 01c6 1B78     		ldrb	r3, [r3]
 536 01c8 DBB2     		uxtb	r3, r3
 537 01ca 0621     		movs	r1, #6
 538 01cc 0B43     		orrs	r3, r1
 539 01ce DBB2     		uxtb	r3, r3
 540 01d0 1370     		strb	r3, [r2]
 541              	.LBE2:
 355:Generated_Source\PSoC4/cyfitter_cfg.c **** 	}
 356:Generated_Source\PSoC4/cyfitter_cfg.c **** 
 357:Generated_Source\PSoC4/cyfitter_cfg.c **** 	/* Perform second pass device configuration. These items must be configured in specific order afte
 358:Generated_Source\PSoC4/cyfitter_cfg.c **** 	/* IOPINS0_0 Starting address: CYDEV_GPIO_PRT0_BASE */
 359:Generated_Source\PSoC4/cyfitter_cfg.c **** 	CY_SET_REG32((void *)(CYDEV_GPIO_PRT0_BASE), 0x00000010u);
 542              		.loc 1 359 0
 543 01d2 1A4B     		ldr	r3, .L18+40
 544 01d4 1022     		movs	r2, #16
 545 01d6 1A60     		str	r2, [r3]
 360:Generated_Source\PSoC4/cyfitter_cfg.c **** 	CY_SET_REG32((void *)(CYREG_GPIO_PRT0_PC), 0x00D84000u);
 546              		.loc 1 360 0
 547 01d8 194B     		ldr	r3, .L18+44
 548 01da 1A4A     		ldr	r2, .L18+48
 549 01dc 1A60     		str	r2, [r3]
 361:Generated_Source\PSoC4/cyfitter_cfg.c **** 
ARM GAS  C:\Users\Intern\AppData\Local\Temp\ccNLaDhz.s 			page 17


 362:Generated_Source\PSoC4/cyfitter_cfg.c **** 	/* IOPINS0_1 Starting address: CYDEV_GPIO_PRT1_BASE */
 363:Generated_Source\PSoC4/cyfitter_cfg.c **** 	CY_SET_REG32((void *)(CYDEV_GPIO_PRT1_BASE), 0x000000D0u);
 550              		.loc 1 363 0
 551 01de 1A4B     		ldr	r3, .L18+52
 552 01e0 D022     		movs	r2, #208
 553 01e2 1A60     		str	r2, [r3]
 364:Generated_Source\PSoC4/cyfitter_cfg.c **** 	CY_SET_REG32((void *)(CYREG_GPIO_PRT1_PC), 0x00D8E000u);
 554              		.loc 1 364 0
 555 01e4 194B     		ldr	r3, .L18+56
 556 01e6 1A4A     		ldr	r2, .L18+60
 557 01e8 1A60     		str	r2, [r3]
 365:Generated_Source\PSoC4/cyfitter_cfg.c **** 	CY_SET_REG32((void *)(CYREG_GPIO_PRT1_PC2), 0x000000D0u);
 558              		.loc 1 365 0
 559 01ea 1A4B     		ldr	r3, .L18+64
 560 01ec D022     		movs	r2, #208
 561 01ee 1A60     		str	r2, [r3]
 366:Generated_Source\PSoC4/cyfitter_cfg.c **** 
 367:Generated_Source\PSoC4/cyfitter_cfg.c **** 	/* IOPINS0_3 Starting address: CYDEV_GPIO_PRT3_BASE */
 368:Generated_Source\PSoC4/cyfitter_cfg.c **** 	CY_SET_REG32((void *)(CYDEV_GPIO_PRT3_BASE), 0x000000B0u);
 562              		.loc 1 368 0
 563 01f0 194B     		ldr	r3, .L18+68
 564 01f2 B022     		movs	r2, #176
 565 01f4 1A60     		str	r2, [r3]
 369:Generated_Source\PSoC4/cyfitter_cfg.c **** 	CY_SET_REG32((void *)(CYREG_GPIO_PRT3_PC), 0x00024000u);
 566              		.loc 1 369 0
 567 01f6 194B     		ldr	r3, .L18+72
 568 01f8 9022     		movs	r2, #144
 569 01fa 9202     		lsls	r2, r2, #10
 570 01fc 1A60     		str	r2, [r3]
 370:Generated_Source\PSoC4/cyfitter_cfg.c **** 	CY_SET_REG32((void *)(CYREG_GPIO_PRT3_PC2), 0x00000080u);
 571              		.loc 1 370 0
 572 01fe 184B     		ldr	r3, .L18+76
 573 0200 8022     		movs	r2, #128
 574 0202 1A60     		str	r2, [r3]
 371:Generated_Source\PSoC4/cyfitter_cfg.c **** 
 372:Generated_Source\PSoC4/cyfitter_cfg.c **** 
 373:Generated_Source\PSoC4/cyfitter_cfg.c **** 	/* Setup clocks based on selections from Clock DWR */
 374:Generated_Source\PSoC4/cyfitter_cfg.c **** 	ClockSetup();
 575              		.loc 1 374 0
 576 0204 FFF7FCFE 		bl	ClockSetup
 375:Generated_Source\PSoC4/cyfitter_cfg.c **** 
 376:Generated_Source\PSoC4/cyfitter_cfg.c **** 	/* Perform basic analog initialization to defaults */
 377:Generated_Source\PSoC4/cyfitter_cfg.c **** 	AnalogSetDefault();
 577              		.loc 1 377 0
 578 0208 FFF7FEFF 		bl	AnalogSetDefault
 378:Generated_Source\PSoC4/cyfitter_cfg.c **** 
 379:Generated_Source\PSoC4/cyfitter_cfg.c **** }
 579              		.loc 1 379 0
 580 020c C046     		nop
 581 020e BD46     		mov	sp, r7
 582 0210 02B0     		add	sp, sp, #8
 583              		@ sp needed
 584 0212 80BD     		pop	{r7, pc}
 585              	.L19:
 586              		.align	2
 587              	.L18:
 588 0214 6CF02E40 		.word	1076818028
ARM GAS  C:\Users\Intern\AppData\Local\Temp\ccNLaDhz.s 			page 18


 589 0218 00000000 		.word	cfg_memset_list.4899
 590 021c 00000240 		.word	1073872896
 591 0220 00010240 		.word	1073873152
 592 0224 0000FFFF 		.word	-65536
 593 0228 00030240 		.word	1073873664
 594 022c 00500F40 		.word	1074745344
 595 0230 10500F40 		.word	1074745360
 596 0234 30500F40 		.word	1074745392
 597 0238 00700F40 		.word	1074753536
 598 023c 00000440 		.word	1074003968
 599 0240 08000440 		.word	1074003976
 600 0244 0040D800 		.word	14172160
 601 0248 00010440 		.word	1074004224
 602 024c 08010440 		.word	1074004232
 603 0250 00E0D800 		.word	14213120
 604 0254 18010440 		.word	1074004248
 605 0258 00030440 		.word	1074004736
 606 025c 08030440 		.word	1074004744
 607 0260 18030440 		.word	1074004760
 608              		.cfi_endproc
 609              	.LFE8:
 610              		.size	cyfitter_cfg, .-cyfitter_cfg
 611              		.section	.rodata
 612              		.align	2
 613              		.type	cfg_memset_list.4899, %object
 614              		.size	cfg_memset_list.4899, 12
 615              	cfg_memset_list.4899:
 616 0000 00300F40 		.word	1074737152
 617 0004 0004     		.short	1024
 618 0006 00400F40 		.4byte	1074741248
 619 000a 0004     		.short	1024
 620              		.text
 621              	.Letext0:
 622              		.file 2 "c:\\program files (x86)\\cypress\\psoc creator\\4.2\\psoc creator\\import\\gnu\\arm\\5.4.
 623              		.file 3 "Generated_Source\\PSoC4\\cytypes.h"
 624              		.section	.debug_info,"",%progbits
 625              	.Ldebug_info0:
 626 0000 8A020000 		.4byte	0x28a
 627 0004 0400     		.2byte	0x4
 628 0006 00000000 		.4byte	.Ldebug_abbrev0
 629 000a 04       		.byte	0x4
 630 000b 01       		.uleb128 0x1
 631 000c E6000000 		.4byte	.LASF32
 632 0010 0C       		.byte	0xc
 633 0011 47020000 		.4byte	.LASF33
 634 0015 67000000 		.4byte	.LASF34
 635 0019 00000000 		.4byte	.Ldebug_ranges0+0
 636 001d 00000000 		.4byte	0
 637 0021 00000000 		.4byte	.Ldebug_line0
 638 0025 02       		.uleb128 0x2
 639 0026 04       		.byte	0x4
 640 0027 05       		.byte	0x5
 641 0028 696E7400 		.ascii	"int\000"
 642 002c 03       		.uleb128 0x3
 643 002d 16000000 		.4byte	.LASF12
 644 0031 02       		.byte	0x2
 645 0032 D8       		.byte	0xd8
ARM GAS  C:\Users\Intern\AppData\Local\Temp\ccNLaDhz.s 			page 19


 646 0033 37000000 		.4byte	0x37
 647 0037 04       		.uleb128 0x4
 648 0038 04       		.byte	0x4
 649 0039 07       		.byte	0x7
 650 003a BA010000 		.4byte	.LASF0
 651 003e 04       		.uleb128 0x4
 652 003f 08       		.byte	0x8
 653 0040 05       		.byte	0x5
 654 0041 01020000 		.4byte	.LASF1
 655 0045 04       		.uleb128 0x4
 656 0046 08       		.byte	0x8
 657 0047 04       		.byte	0x4
 658 0048 2F020000 		.4byte	.LASF2
 659 004c 04       		.uleb128 0x4
 660 004d 01       		.byte	0x1
 661 004e 06       		.byte	0x6
 662 004f 3B020000 		.4byte	.LASF3
 663 0053 04       		.uleb128 0x4
 664 0054 01       		.byte	0x1
 665 0055 08       		.byte	0x8
 666 0056 8A010000 		.4byte	.LASF4
 667 005a 04       		.uleb128 0x4
 668 005b 02       		.byte	0x2
 669 005c 05       		.byte	0x5
 670 005d 14020000 		.4byte	.LASF5
 671 0061 04       		.uleb128 0x4
 672 0062 02       		.byte	0x2
 673 0063 07       		.byte	0x7
 674 0064 49000000 		.4byte	.LASF6
 675 0068 04       		.uleb128 0x4
 676 0069 04       		.byte	0x4
 677 006a 05       		.byte	0x5
 678 006b 26020000 		.4byte	.LASF7
 679 006f 04       		.uleb128 0x4
 680 0070 04       		.byte	0x4
 681 0071 07       		.byte	0x7
 682 0072 C4000000 		.4byte	.LASF8
 683 0076 04       		.uleb128 0x4
 684 0077 08       		.byte	0x8
 685 0078 07       		.byte	0x7
 686 0079 D4010000 		.4byte	.LASF9
 687 007d 04       		.uleb128 0x4
 688 007e 04       		.byte	0x4
 689 007f 07       		.byte	0x7
 690 0080 F8010000 		.4byte	.LASF10
 691 0084 05       		.uleb128 0x5
 692 0085 04       		.byte	0x4
 693 0086 04       		.uleb128 0x4
 694 0087 01       		.byte	0x1
 695 0088 08       		.byte	0x8
 696 0089 0F020000 		.4byte	.LASF11
 697 008d 06       		.uleb128 0x6
 698 008e D6000000 		.4byte	.LASF13
 699 0092 03       		.byte	0x3
 700 0093 E401     		.2byte	0x1e4
 701 0095 53000000 		.4byte	0x53
 702 0099 06       		.uleb128 0x6
ARM GAS  C:\Users\Intern\AppData\Local\Temp\ccNLaDhz.s 			page 20


 703 009a AC010000 		.4byte	.LASF14
 704 009e 03       		.byte	0x3
 705 009f E501     		.2byte	0x1e5
 706 00a1 61000000 		.4byte	0x61
 707 00a5 06       		.uleb128 0x6
 708 00a6 B3010000 		.4byte	.LASF15
 709 00aa 03       		.byte	0x3
 710 00ab E601     		.2byte	0x1e6
 711 00ad 6F000000 		.4byte	0x6f
 712 00b1 04       		.uleb128 0x4
 713 00b2 04       		.byte	0x4
 714 00b3 04       		.byte	0x4
 715 00b4 5C000000 		.4byte	.LASF16
 716 00b8 04       		.uleb128 0x4
 717 00b9 08       		.byte	0x8
 718 00ba 04       		.byte	0x4
 719 00bb 98010000 		.4byte	.LASF17
 720 00bf 06       		.uleb128 0x6
 721 00c0 BF000000 		.4byte	.LASF18
 722 00c4 03       		.byte	0x3
 723 00c5 8E02     		.2byte	0x28e
 724 00c7 CB000000 		.4byte	0xcb
 725 00cb 07       		.uleb128 0x7
 726 00cc 8D000000 		.4byte	0x8d
 727 00d0 06       		.uleb128 0x6
 728 00d1 10000000 		.4byte	.LASF19
 729 00d5 03       		.byte	0x3
 730 00d6 9002     		.2byte	0x290
 731 00d8 DC000000 		.4byte	0xdc
 732 00dc 07       		.uleb128 0x7
 733 00dd A5000000 		.4byte	0xa5
 734 00e1 08       		.uleb128 0x8
 735 00e2 DC000000 		.4byte	.LASF20
 736 00e6 01       		.byte	0x1
 737 00e7 4C       		.byte	0x4c
 738 00e8 00000000 		.4byte	.LFB2
 739 00ec 1E000000 		.4byte	.LFE2-.LFB2
 740 00f0 01       		.uleb128 0x1
 741 00f1 9C       		.byte	0x9c
 742 00f2 0F010000 		.4byte	0x10f
 743 00f6 09       		.uleb128 0x9
 744 00f7 7300     		.ascii	"s\000"
 745 00f9 01       		.byte	0x1
 746 00fa 4C       		.byte	0x4c
 747 00fb 84000000 		.4byte	0x84
 748 00ff 02       		.uleb128 0x2
 749 0100 91       		.byte	0x91
 750 0101 74       		.sleb128 -12
 751 0102 09       		.uleb128 0x9
 752 0103 6E00     		.ascii	"n\000"
 753 0105 01       		.byte	0x1
 754 0106 4C       		.byte	0x4c
 755 0107 2C000000 		.4byte	0x2c
 756 010b 02       		.uleb128 0x2
 757 010c 91       		.byte	0x91
 758 010d 70       		.sleb128 -16
 759 010e 00       		.byte	0
ARM GAS  C:\Users\Intern\AppData\Local\Temp\ccNLaDhz.s 			page 21


 760 010f 08       		.uleb128 0x8
 761 0110 76020000 		.4byte	.LASF21
 762 0114 01       		.byte	0x1
 763 0115 53       		.byte	0x53
 764 0116 00000000 		.4byte	.LFB3
 765 011a 20000000 		.4byte	.LFE3-.LFB3
 766 011e 01       		.uleb128 0x1
 767 011f 9C       		.byte	0x9c
 768 0120 4D010000 		.4byte	0x14d
 769 0124 0A       		.uleb128 0xa
 770 0125 62000000 		.4byte	.LASF22
 771 0129 01       		.byte	0x1
 772 012a 53       		.byte	0x53
 773 012b 84000000 		.4byte	0x84
 774 012f 02       		.uleb128 0x2
 775 0130 91       		.byte	0x91
 776 0131 74       		.sleb128 -12
 777 0132 09       		.uleb128 0x9
 778 0133 73726300 		.ascii	"src\000"
 779 0137 01       		.byte	0x1
 780 0138 53       		.byte	0x53
 781 0139 4D010000 		.4byte	0x14d
 782 013d 02       		.uleb128 0x2
 783 013e 91       		.byte	0x91
 784 013f 70       		.sleb128 -16
 785 0140 09       		.uleb128 0x9
 786 0141 6E00     		.ascii	"n\000"
 787 0143 01       		.byte	0x1
 788 0144 53       		.byte	0x53
 789 0145 2C000000 		.4byte	0x2c
 790 0149 02       		.uleb128 0x2
 791 014a 91       		.byte	0x91
 792 014b 6C       		.sleb128 -20
 793 014c 00       		.byte	0
 794 014d 0B       		.uleb128 0xb
 795 014e 04       		.byte	0x4
 796 014f 53010000 		.4byte	0x153
 797 0153 0C       		.uleb128 0xc
 798 0154 08       		.uleb128 0x8
 799 0155 00000000 		.4byte	.LASF23
 800 0159 01       		.byte	0x1
 801 015a 5A       		.byte	0x5a
 802 015b 00000000 		.4byte	.LFB4
 803 015f 20000000 		.4byte	.LFE4-.LFB4
 804 0163 01       		.uleb128 0x1
 805 0164 9C       		.byte	0x9c
 806 0165 92010000 		.4byte	0x192
 807 0169 0A       		.uleb128 0xa
 808 016a 62000000 		.4byte	.LASF22
 809 016e 01       		.byte	0x1
 810 016f 5A       		.byte	0x5a
 811 0170 84000000 		.4byte	0x84
 812 0174 02       		.uleb128 0x2
 813 0175 91       		.byte	0x91
 814 0176 74       		.sleb128 -12
 815 0177 09       		.uleb128 0x9
 816 0178 73726300 		.ascii	"src\000"
ARM GAS  C:\Users\Intern\AppData\Local\Temp\ccNLaDhz.s 			page 22


 817 017c 01       		.byte	0x1
 818 017d 5A       		.byte	0x5a
 819 017e 4D010000 		.4byte	0x14d
 820 0182 02       		.uleb128 0x2
 821 0183 91       		.byte	0x91
 822 0184 70       		.sleb128 -16
 823 0185 09       		.uleb128 0x9
 824 0186 6E00     		.ascii	"n\000"
 825 0188 01       		.byte	0x1
 826 0189 5A       		.byte	0x5a
 827 018a 2C000000 		.4byte	0x2c
 828 018e 02       		.uleb128 0x2
 829 018f 91       		.byte	0x91
 830 0190 6C       		.sleb128 -20
 831 0191 00       		.byte	0
 832 0192 0D       		.uleb128 0xd
 833 0193 3E000000 		.4byte	.LASF24
 834 0197 01       		.byte	0x1
 835 0198 AA       		.byte	0xaa
 836 0199 00000000 		.4byte	.LFB5
 837 019d 30010000 		.4byte	.LFE5-.LFB5
 838 01a1 01       		.uleb128 0x1
 839 01a2 9C       		.byte	0x9c
 840 01a3 0D       		.uleb128 0xd
 841 01a4 1D000000 		.4byte	.LASF25
 842 01a8 01       		.byte	0x1
 843 01a9 F9       		.byte	0xf9
 844 01aa 00000000 		.4byte	.LFB6
 845 01ae 44000000 		.4byte	.LFE6-.LFB6
 846 01b2 01       		.uleb128 0x1
 847 01b3 9C       		.byte	0x9c
 848 01b4 0E       		.uleb128 0xe
 849 01b5 74010000 		.4byte	.LASF35
 850 01b9 01       		.byte	0x1
 851 01ba 1401     		.2byte	0x114
 852 01bc 00000000 		.4byte	.LFB7
 853 01c0 40000000 		.4byte	.LFE7-.LFB7
 854 01c4 01       		.uleb128 0x1
 855 01c5 9C       		.byte	0x9c
 856 01c6 E9010000 		.4byte	0x1e9
 857 01ca 0F       		.uleb128 0xf
 858 01cb 1E020000 		.4byte	.LASF26
 859 01cf 01       		.byte	0x1
 860 01d0 1401     		.2byte	0x114
 861 01d2 8D000000 		.4byte	0x8d
 862 01d6 02       		.uleb128 0x2
 863 01d7 91       		.byte	0x91
 864 01d8 6F       		.sleb128 -17
 865 01d9 10       		.uleb128 0x10
 866 01da 6D020000 		.4byte	.LASF30
 867 01de 01       		.byte	0x1
 868 01df 1601     		.2byte	0x116
 869 01e1 A5000000 		.4byte	0xa5
 870 01e5 02       		.uleb128 0x2
 871 01e6 91       		.byte	0x91
 872 01e7 74       		.sleb128 -12
 873 01e8 00       		.byte	0
ARM GAS  C:\Users\Intern\AppData\Local\Temp\ccNLaDhz.s 			page 23


 874 01e9 11       		.uleb128 0x11
 875 01ea 9F010000 		.4byte	.LASF36
 876 01ee 01       		.byte	0x1
 877 01ef 3601     		.2byte	0x136
 878 01f1 30010000 		.4byte	.LFB8
 879 01f5 34010000 		.4byte	.LFE8-.LFB8
 880 01f9 01       		.uleb128 0x1
 881 01fa 9C       		.byte	0x9c
 882 01fb 12       		.uleb128 0x12
 883 01fc 3E010000 		.4byte	.LBB2
 884 0200 94000000 		.4byte	.LBE2-.LBB2
 885 0204 13       		.uleb128 0x13
 886 0205 06       		.byte	0x6
 887 0206 01       		.byte	0x1
 888 0207 3F01     		.2byte	0x13f
 889 0209 28020000 		.4byte	0x228
 890 020d 14       		.uleb128 0x14
 891 020e CC010000 		.4byte	.LASF27
 892 0212 01       		.byte	0x1
 893 0213 4001     		.2byte	0x140
 894 0215 84000000 		.4byte	0x84
 895 0219 00       		.byte	0
 896 021a 14       		.uleb128 0x14
 897 021b C7010000 		.4byte	.LASF28
 898 021f 01       		.byte	0x1
 899 0220 4101     		.2byte	0x141
 900 0222 99000000 		.4byte	0x99
 901 0226 04       		.byte	0x4
 902 0227 00       		.byte	0
 903 0228 06       		.uleb128 0x6
 904 0229 EB010000 		.4byte	.LASF29
 905 022d 01       		.byte	0x1
 906 022e 4201     		.2byte	0x142
 907 0230 04020000 		.4byte	0x204
 908 0234 15       		.uleb128 0x15
 909 0235 44020000 		.4byte	0x244
 910 0239 44020000 		.4byte	0x244
 911 023d 16       		.uleb128 0x16
 912 023e 7D000000 		.4byte	0x7d
 913 0242 01       		.byte	0x1
 914 0243 00       		.byte	0
 915 0244 17       		.uleb128 0x17
 916 0245 28020000 		.4byte	0x228
 917 0249 10       		.uleb128 0x10
 918 024a 2E000000 		.4byte	.LASF31
 919 024e 01       		.byte	0x1
 920 024f 4401     		.2byte	0x144
 921 0251 5B020000 		.4byte	0x25b
 922 0255 05       		.uleb128 0x5
 923 0256 03       		.byte	0x3
 924 0257 00000000 		.4byte	cfg_memset_list.4899
 925 025b 17       		.uleb128 0x17
 926 025c 34020000 		.4byte	0x234
 927 0260 18       		.uleb128 0x18
 928 0261 6900     		.ascii	"i\000"
 929 0263 01       		.byte	0x1
 930 0264 4A01     		.2byte	0x14a
ARM GAS  C:\Users\Intern\AppData\Local\Temp\ccNLaDhz.s 			page 24


 931 0266 8D000000 		.4byte	0x8d
 932 026a 02       		.uleb128 0x2
 933 026b 91       		.byte	0x91
 934 026c 77       		.sleb128 -9
 935 026d 12       		.uleb128 0x12
 936 026e 46010000 		.4byte	.LBB3
 937 0272 3C000000 		.4byte	.LBE3-.LBB3
 938 0276 18       		.uleb128 0x18
 939 0277 6D7300   		.ascii	"ms\000"
 940 027a 01       		.byte	0x1
 941 027b 4F01     		.2byte	0x14f
 942 027d 84020000 		.4byte	0x284
 943 0281 02       		.uleb128 0x2
 944 0282 91       		.byte	0x91
 945 0283 70       		.sleb128 -16
 946 0284 0B       		.uleb128 0xb
 947 0285 04       		.byte	0x4
 948 0286 44020000 		.4byte	0x244
 949 028a 00       		.byte	0
 950 028b 00       		.byte	0
 951 028c 00       		.byte	0
 952 028d 00       		.byte	0
 953              		.section	.debug_abbrev,"",%progbits
 954              	.Ldebug_abbrev0:
 955 0000 01       		.uleb128 0x1
 956 0001 11       		.uleb128 0x11
 957 0002 01       		.byte	0x1
 958 0003 25       		.uleb128 0x25
 959 0004 0E       		.uleb128 0xe
 960 0005 13       		.uleb128 0x13
 961 0006 0B       		.uleb128 0xb
 962 0007 03       		.uleb128 0x3
 963 0008 0E       		.uleb128 0xe
 964 0009 1B       		.uleb128 0x1b
 965 000a 0E       		.uleb128 0xe
 966 000b 55       		.uleb128 0x55
 967 000c 17       		.uleb128 0x17
 968 000d 11       		.uleb128 0x11
 969 000e 01       		.uleb128 0x1
 970 000f 10       		.uleb128 0x10
 971 0010 17       		.uleb128 0x17
 972 0011 00       		.byte	0
 973 0012 00       		.byte	0
 974 0013 02       		.uleb128 0x2
 975 0014 24       		.uleb128 0x24
 976 0015 00       		.byte	0
 977 0016 0B       		.uleb128 0xb
 978 0017 0B       		.uleb128 0xb
 979 0018 3E       		.uleb128 0x3e
 980 0019 0B       		.uleb128 0xb
 981 001a 03       		.uleb128 0x3
 982 001b 08       		.uleb128 0x8
 983 001c 00       		.byte	0
 984 001d 00       		.byte	0
 985 001e 03       		.uleb128 0x3
 986 001f 16       		.uleb128 0x16
 987 0020 00       		.byte	0
ARM GAS  C:\Users\Intern\AppData\Local\Temp\ccNLaDhz.s 			page 25


 988 0021 03       		.uleb128 0x3
 989 0022 0E       		.uleb128 0xe
 990 0023 3A       		.uleb128 0x3a
 991 0024 0B       		.uleb128 0xb
 992 0025 3B       		.uleb128 0x3b
 993 0026 0B       		.uleb128 0xb
 994 0027 49       		.uleb128 0x49
 995 0028 13       		.uleb128 0x13
 996 0029 00       		.byte	0
 997 002a 00       		.byte	0
 998 002b 04       		.uleb128 0x4
 999 002c 24       		.uleb128 0x24
 1000 002d 00       		.byte	0
 1001 002e 0B       		.uleb128 0xb
 1002 002f 0B       		.uleb128 0xb
 1003 0030 3E       		.uleb128 0x3e
 1004 0031 0B       		.uleb128 0xb
 1005 0032 03       		.uleb128 0x3
 1006 0033 0E       		.uleb128 0xe
 1007 0034 00       		.byte	0
 1008 0035 00       		.byte	0
 1009 0036 05       		.uleb128 0x5
 1010 0037 0F       		.uleb128 0xf
 1011 0038 00       		.byte	0
 1012 0039 0B       		.uleb128 0xb
 1013 003a 0B       		.uleb128 0xb
 1014 003b 00       		.byte	0
 1015 003c 00       		.byte	0
 1016 003d 06       		.uleb128 0x6
 1017 003e 16       		.uleb128 0x16
 1018 003f 00       		.byte	0
 1019 0040 03       		.uleb128 0x3
 1020 0041 0E       		.uleb128 0xe
 1021 0042 3A       		.uleb128 0x3a
 1022 0043 0B       		.uleb128 0xb
 1023 0044 3B       		.uleb128 0x3b
 1024 0045 05       		.uleb128 0x5
 1025 0046 49       		.uleb128 0x49
 1026 0047 13       		.uleb128 0x13
 1027 0048 00       		.byte	0
 1028 0049 00       		.byte	0
 1029 004a 07       		.uleb128 0x7
 1030 004b 35       		.uleb128 0x35
 1031 004c 00       		.byte	0
 1032 004d 49       		.uleb128 0x49
 1033 004e 13       		.uleb128 0x13
 1034 004f 00       		.byte	0
 1035 0050 00       		.byte	0
 1036 0051 08       		.uleb128 0x8
 1037 0052 2E       		.uleb128 0x2e
 1038 0053 01       		.byte	0x1
 1039 0054 03       		.uleb128 0x3
 1040 0055 0E       		.uleb128 0xe
 1041 0056 3A       		.uleb128 0x3a
 1042 0057 0B       		.uleb128 0xb
 1043 0058 3B       		.uleb128 0x3b
 1044 0059 0B       		.uleb128 0xb
ARM GAS  C:\Users\Intern\AppData\Local\Temp\ccNLaDhz.s 			page 26


 1045 005a 27       		.uleb128 0x27
 1046 005b 19       		.uleb128 0x19
 1047 005c 11       		.uleb128 0x11
 1048 005d 01       		.uleb128 0x1
 1049 005e 12       		.uleb128 0x12
 1050 005f 06       		.uleb128 0x6
 1051 0060 40       		.uleb128 0x40
 1052 0061 18       		.uleb128 0x18
 1053 0062 9642     		.uleb128 0x2116
 1054 0064 19       		.uleb128 0x19
 1055 0065 01       		.uleb128 0x1
 1056 0066 13       		.uleb128 0x13
 1057 0067 00       		.byte	0
 1058 0068 00       		.byte	0
 1059 0069 09       		.uleb128 0x9
 1060 006a 05       		.uleb128 0x5
 1061 006b 00       		.byte	0
 1062 006c 03       		.uleb128 0x3
 1063 006d 08       		.uleb128 0x8
 1064 006e 3A       		.uleb128 0x3a
 1065 006f 0B       		.uleb128 0xb
 1066 0070 3B       		.uleb128 0x3b
 1067 0071 0B       		.uleb128 0xb
 1068 0072 49       		.uleb128 0x49
 1069 0073 13       		.uleb128 0x13
 1070 0074 02       		.uleb128 0x2
 1071 0075 18       		.uleb128 0x18
 1072 0076 00       		.byte	0
 1073 0077 00       		.byte	0
 1074 0078 0A       		.uleb128 0xa
 1075 0079 05       		.uleb128 0x5
 1076 007a 00       		.byte	0
 1077 007b 03       		.uleb128 0x3
 1078 007c 0E       		.uleb128 0xe
 1079 007d 3A       		.uleb128 0x3a
 1080 007e 0B       		.uleb128 0xb
 1081 007f 3B       		.uleb128 0x3b
 1082 0080 0B       		.uleb128 0xb
 1083 0081 49       		.uleb128 0x49
 1084 0082 13       		.uleb128 0x13
 1085 0083 02       		.uleb128 0x2
 1086 0084 18       		.uleb128 0x18
 1087 0085 00       		.byte	0
 1088 0086 00       		.byte	0
 1089 0087 0B       		.uleb128 0xb
 1090 0088 0F       		.uleb128 0xf
 1091 0089 00       		.byte	0
 1092 008a 0B       		.uleb128 0xb
 1093 008b 0B       		.uleb128 0xb
 1094 008c 49       		.uleb128 0x49
 1095 008d 13       		.uleb128 0x13
 1096 008e 00       		.byte	0
 1097 008f 00       		.byte	0
 1098 0090 0C       		.uleb128 0xc
 1099 0091 26       		.uleb128 0x26
 1100 0092 00       		.byte	0
 1101 0093 00       		.byte	0
ARM GAS  C:\Users\Intern\AppData\Local\Temp\ccNLaDhz.s 			page 27


 1102 0094 00       		.byte	0
 1103 0095 0D       		.uleb128 0xd
 1104 0096 2E       		.uleb128 0x2e
 1105 0097 00       		.byte	0
 1106 0098 03       		.uleb128 0x3
 1107 0099 0E       		.uleb128 0xe
 1108 009a 3A       		.uleb128 0x3a
 1109 009b 0B       		.uleb128 0xb
 1110 009c 3B       		.uleb128 0x3b
 1111 009d 0B       		.uleb128 0xb
 1112 009e 27       		.uleb128 0x27
 1113 009f 19       		.uleb128 0x19
 1114 00a0 11       		.uleb128 0x11
 1115 00a1 01       		.uleb128 0x1
 1116 00a2 12       		.uleb128 0x12
 1117 00a3 06       		.uleb128 0x6
 1118 00a4 40       		.uleb128 0x40
 1119 00a5 18       		.uleb128 0x18
 1120 00a6 9642     		.uleb128 0x2116
 1121 00a8 19       		.uleb128 0x19
 1122 00a9 00       		.byte	0
 1123 00aa 00       		.byte	0
 1124 00ab 0E       		.uleb128 0xe
 1125 00ac 2E       		.uleb128 0x2e
 1126 00ad 01       		.byte	0x1
 1127 00ae 3F       		.uleb128 0x3f
 1128 00af 19       		.uleb128 0x19
 1129 00b0 03       		.uleb128 0x3
 1130 00b1 0E       		.uleb128 0xe
 1131 00b2 3A       		.uleb128 0x3a
 1132 00b3 0B       		.uleb128 0xb
 1133 00b4 3B       		.uleb128 0x3b
 1134 00b5 05       		.uleb128 0x5
 1135 00b6 27       		.uleb128 0x27
 1136 00b7 19       		.uleb128 0x19
 1137 00b8 11       		.uleb128 0x11
 1138 00b9 01       		.uleb128 0x1
 1139 00ba 12       		.uleb128 0x12
 1140 00bb 06       		.uleb128 0x6
 1141 00bc 40       		.uleb128 0x40
 1142 00bd 18       		.uleb128 0x18
 1143 00be 9742     		.uleb128 0x2117
 1144 00c0 19       		.uleb128 0x19
 1145 00c1 01       		.uleb128 0x1
 1146 00c2 13       		.uleb128 0x13
 1147 00c3 00       		.byte	0
 1148 00c4 00       		.byte	0
 1149 00c5 0F       		.uleb128 0xf
 1150 00c6 05       		.uleb128 0x5
 1151 00c7 00       		.byte	0
 1152 00c8 03       		.uleb128 0x3
 1153 00c9 0E       		.uleb128 0xe
 1154 00ca 3A       		.uleb128 0x3a
 1155 00cb 0B       		.uleb128 0xb
 1156 00cc 3B       		.uleb128 0x3b
 1157 00cd 05       		.uleb128 0x5
 1158 00ce 49       		.uleb128 0x49
ARM GAS  C:\Users\Intern\AppData\Local\Temp\ccNLaDhz.s 			page 28


 1159 00cf 13       		.uleb128 0x13
 1160 00d0 02       		.uleb128 0x2
 1161 00d1 18       		.uleb128 0x18
 1162 00d2 00       		.byte	0
 1163 00d3 00       		.byte	0
 1164 00d4 10       		.uleb128 0x10
 1165 00d5 34       		.uleb128 0x34
 1166 00d6 00       		.byte	0
 1167 00d7 03       		.uleb128 0x3
 1168 00d8 0E       		.uleb128 0xe
 1169 00d9 3A       		.uleb128 0x3a
 1170 00da 0B       		.uleb128 0xb
 1171 00db 3B       		.uleb128 0x3b
 1172 00dc 05       		.uleb128 0x5
 1173 00dd 49       		.uleb128 0x49
 1174 00de 13       		.uleb128 0x13
 1175 00df 02       		.uleb128 0x2
 1176 00e0 18       		.uleb128 0x18
 1177 00e1 00       		.byte	0
 1178 00e2 00       		.byte	0
 1179 00e3 11       		.uleb128 0x11
 1180 00e4 2E       		.uleb128 0x2e
 1181 00e5 01       		.byte	0x1
 1182 00e6 3F       		.uleb128 0x3f
 1183 00e7 19       		.uleb128 0x19
 1184 00e8 03       		.uleb128 0x3
 1185 00e9 0E       		.uleb128 0xe
 1186 00ea 3A       		.uleb128 0x3a
 1187 00eb 0B       		.uleb128 0xb
 1188 00ec 3B       		.uleb128 0x3b
 1189 00ed 05       		.uleb128 0x5
 1190 00ee 27       		.uleb128 0x27
 1191 00ef 19       		.uleb128 0x19
 1192 00f0 11       		.uleb128 0x11
 1193 00f1 01       		.uleb128 0x1
 1194 00f2 12       		.uleb128 0x12
 1195 00f3 06       		.uleb128 0x6
 1196 00f4 40       		.uleb128 0x40
 1197 00f5 18       		.uleb128 0x18
 1198 00f6 9642     		.uleb128 0x2116
 1199 00f8 19       		.uleb128 0x19
 1200 00f9 00       		.byte	0
 1201 00fa 00       		.byte	0
 1202 00fb 12       		.uleb128 0x12
 1203 00fc 0B       		.uleb128 0xb
 1204 00fd 01       		.byte	0x1
 1205 00fe 11       		.uleb128 0x11
 1206 00ff 01       		.uleb128 0x1
 1207 0100 12       		.uleb128 0x12
 1208 0101 06       		.uleb128 0x6
 1209 0102 00       		.byte	0
 1210 0103 00       		.byte	0
 1211 0104 13       		.uleb128 0x13
 1212 0105 13       		.uleb128 0x13
 1213 0106 01       		.byte	0x1
 1214 0107 0B       		.uleb128 0xb
 1215 0108 0B       		.uleb128 0xb
ARM GAS  C:\Users\Intern\AppData\Local\Temp\ccNLaDhz.s 			page 29


 1216 0109 3A       		.uleb128 0x3a
 1217 010a 0B       		.uleb128 0xb
 1218 010b 3B       		.uleb128 0x3b
 1219 010c 05       		.uleb128 0x5
 1220 010d 01       		.uleb128 0x1
 1221 010e 13       		.uleb128 0x13
 1222 010f 00       		.byte	0
 1223 0110 00       		.byte	0
 1224 0111 14       		.uleb128 0x14
 1225 0112 0D       		.uleb128 0xd
 1226 0113 00       		.byte	0
 1227 0114 03       		.uleb128 0x3
 1228 0115 0E       		.uleb128 0xe
 1229 0116 3A       		.uleb128 0x3a
 1230 0117 0B       		.uleb128 0xb
 1231 0118 3B       		.uleb128 0x3b
 1232 0119 05       		.uleb128 0x5
 1233 011a 49       		.uleb128 0x49
 1234 011b 13       		.uleb128 0x13
 1235 011c 38       		.uleb128 0x38
 1236 011d 0B       		.uleb128 0xb
 1237 011e 00       		.byte	0
 1238 011f 00       		.byte	0
 1239 0120 15       		.uleb128 0x15
 1240 0121 01       		.uleb128 0x1
 1241 0122 01       		.byte	0x1
 1242 0123 49       		.uleb128 0x49
 1243 0124 13       		.uleb128 0x13
 1244 0125 01       		.uleb128 0x1
 1245 0126 13       		.uleb128 0x13
 1246 0127 00       		.byte	0
 1247 0128 00       		.byte	0
 1248 0129 16       		.uleb128 0x16
 1249 012a 21       		.uleb128 0x21
 1250 012b 00       		.byte	0
 1251 012c 49       		.uleb128 0x49
 1252 012d 13       		.uleb128 0x13
 1253 012e 2F       		.uleb128 0x2f
 1254 012f 0B       		.uleb128 0xb
 1255 0130 00       		.byte	0
 1256 0131 00       		.byte	0
 1257 0132 17       		.uleb128 0x17
 1258 0133 26       		.uleb128 0x26
 1259 0134 00       		.byte	0
 1260 0135 49       		.uleb128 0x49
 1261 0136 13       		.uleb128 0x13
 1262 0137 00       		.byte	0
 1263 0138 00       		.byte	0
 1264 0139 18       		.uleb128 0x18
 1265 013a 34       		.uleb128 0x34
 1266 013b 00       		.byte	0
 1267 013c 03       		.uleb128 0x3
 1268 013d 08       		.uleb128 0x8
 1269 013e 3A       		.uleb128 0x3a
 1270 013f 0B       		.uleb128 0xb
 1271 0140 3B       		.uleb128 0x3b
 1272 0141 05       		.uleb128 0x5
ARM GAS  C:\Users\Intern\AppData\Local\Temp\ccNLaDhz.s 			page 30


 1273 0142 49       		.uleb128 0x49
 1274 0143 13       		.uleb128 0x13
 1275 0144 02       		.uleb128 0x2
 1276 0145 18       		.uleb128 0x18
 1277 0146 00       		.byte	0
 1278 0147 00       		.byte	0
 1279 0148 00       		.byte	0
 1280              		.section	.debug_aranges,"",%progbits
 1281 0000 4C000000 		.4byte	0x4c
 1282 0004 0200     		.2byte	0x2
 1283 0006 00000000 		.4byte	.Ldebug_info0
 1284 000a 04       		.byte	0x4
 1285 000b 00       		.byte	0
 1286 000c 0000     		.2byte	0
 1287 000e 0000     		.2byte	0
 1288 0010 00000000 		.4byte	.LFB2
 1289 0014 1E000000 		.4byte	.LFE2-.LFB2
 1290 0018 00000000 		.4byte	.LFB3
 1291 001c 20000000 		.4byte	.LFE3-.LFB3
 1292 0020 00000000 		.4byte	.LFB4
 1293 0024 20000000 		.4byte	.LFE4-.LFB4
 1294 0028 00000000 		.4byte	.LFB5
 1295 002c 30010000 		.4byte	.LFE5-.LFB5
 1296 0030 00000000 		.4byte	.LFB6
 1297 0034 44000000 		.4byte	.LFE6-.LFB6
 1298 0038 00000000 		.4byte	.LFB7
 1299 003c 40000000 		.4byte	.LFE7-.LFB7
 1300 0040 30010000 		.4byte	.LFB8
 1301 0044 34010000 		.4byte	.LFE8-.LFB8
 1302 0048 00000000 		.4byte	0
 1303 004c 00000000 		.4byte	0
 1304              		.section	.debug_ranges,"",%progbits
 1305              	.Ldebug_ranges0:
 1306 0000 00000000 		.4byte	.LFB2
 1307 0004 1E000000 		.4byte	.LFE2
 1308 0008 00000000 		.4byte	.LFB3
 1309 000c 20000000 		.4byte	.LFE3
 1310 0010 00000000 		.4byte	.LFB4
 1311 0014 20000000 		.4byte	.LFE4
 1312 0018 00000000 		.4byte	.LFB5
 1313 001c 30010000 		.4byte	.LFE5
 1314 0020 00000000 		.4byte	.LFB6
 1315 0024 44000000 		.4byte	.LFE6
 1316 0028 00000000 		.4byte	.LFB7
 1317 002c 40000000 		.4byte	.LFE7
 1318 0030 30010000 		.4byte	.LFB8
 1319 0034 64020000 		.4byte	.LFE8
 1320 0038 00000000 		.4byte	0
 1321 003c 00000000 		.4byte	0
 1322              		.section	.debug_line,"",%progbits
 1323              	.Ldebug_line0:
 1324 0000 94010000 		.section	.debug_str,"MS",%progbits,1
 1324      0200CB00 
 1324      00000201 
 1324      FB0E0D00 
 1324      01010101 
 1325              	.LASF23:
ARM GAS  C:\Users\Intern\AppData\Local\Temp\ccNLaDhz.s 			page 31


 1326 0000 4359434F 		.ascii	"CYCONFIGCPYCODE\000"
 1326      4E464947 
 1326      43505943 
 1326      4F444500 
 1327              	.LASF19:
 1328 0010 72656733 		.ascii	"reg32\000"
 1328      3200
 1329              	.LASF12:
 1330 0016 73697A65 		.ascii	"size_t\000"
 1330      5F7400
 1331              	.LASF25:
 1332 001d 416E616C 		.ascii	"AnalogSetDefault\000"
 1332      6F675365 
 1332      74446566 
 1332      61756C74 
 1332      00
 1333              	.LASF31:
 1334 002e 6366675F 		.ascii	"cfg_memset_list\000"
 1334      6D656D73 
 1334      65745F6C 
 1334      69737400 
 1335              	.LASF24:
 1336 003e 436C6F63 		.ascii	"ClockSetup\000"
 1336      6B536574 
 1336      757000
 1337              	.LASF6:
 1338 0049 73686F72 		.ascii	"short unsigned int\000"
 1338      7420756E 
 1338      7369676E 
 1338      65642069 
 1338      6E7400
 1339              	.LASF16:
 1340 005c 666C6F61 		.ascii	"float\000"
 1340      7400
 1341              	.LASF22:
 1342 0062 64657374 		.ascii	"dest\000"
 1342      00
 1343              	.LASF34:
 1344 0067 433A5C55 		.ascii	"C:\\Users\\Intern\\Documents\\GitHub\\UV-Sticker\\P"
 1344      73657273 
 1344      5C496E74 
 1344      65726E5C 
 1344      446F6375 
 1345 0094 736F635C 		.ascii	"soc\\UV-Project\\UV-Watch_1\\UV-Watch_1.cydsn\000"
 1345      55562D50 
 1345      726F6A65 
 1345      63745C55 
 1345      562D5761 
 1346              	.LASF18:
 1347 00bf 72656738 		.ascii	"reg8\000"
 1347      00
 1348              	.LASF8:
 1349 00c4 6C6F6E67 		.ascii	"long unsigned int\000"
 1349      20756E73 
 1349      69676E65 
 1349      6420696E 
 1349      7400
ARM GAS  C:\Users\Intern\AppData\Local\Temp\ccNLaDhz.s 			page 32


 1350              	.LASF13:
 1351 00d6 75696E74 		.ascii	"uint8\000"
 1351      3800
 1352              	.LASF20:
 1353 00dc 43594D45 		.ascii	"CYMEMZERO\000"
 1353      4D5A4552 
 1353      4F00
 1354              	.LASF32:
 1355 00e6 474E5520 		.ascii	"GNU C11 5.4.1 20160609 (release) [ARM/embedded-5-br"
 1355      43313120 
 1355      352E342E 
 1355      31203230 
 1355      31363036 
 1356 0119 616E6368 		.ascii	"anch revision 237715] -mcpu=cortex-m0 -mthumb -g -O"
 1356      20726576 
 1356      6973696F 
 1356      6E203233 
 1356      37373135 
 1357 014c 30202D66 		.ascii	"0 -ffunction-sections -ffat-lto-objects\000"
 1357      66756E63 
 1357      74696F6E 
 1357      2D736563 
 1357      74696F6E 
 1358              	.LASF35:
 1359 0174 53657441 		.ascii	"SetAnalogRoutingPumps\000"
 1359      6E616C6F 
 1359      67526F75 
 1359      74696E67 
 1359      50756D70 
 1360              	.LASF4:
 1361 018a 756E7369 		.ascii	"unsigned char\000"
 1361      676E6564 
 1361      20636861 
 1361      7200
 1362              	.LASF17:
 1363 0198 646F7562 		.ascii	"double\000"
 1363      6C6500
 1364              	.LASF36:
 1365 019f 63796669 		.ascii	"cyfitter_cfg\000"
 1365      74746572 
 1365      5F636667 
 1365      00
 1366              	.LASF14:
 1367 01ac 75696E74 		.ascii	"uint16\000"
 1367      313600
 1368              	.LASF15:
 1369 01b3 75696E74 		.ascii	"uint32\000"
 1369      333200
 1370              	.LASF0:
 1371 01ba 756E7369 		.ascii	"unsigned int\000"
 1371      676E6564 
 1371      20696E74 
 1371      00
 1372              	.LASF28:
 1373 01c7 73697A65 		.ascii	"size\000"
 1373      00
 1374              	.LASF27:
ARM GAS  C:\Users\Intern\AppData\Local\Temp\ccNLaDhz.s 			page 33


 1375 01cc 61646472 		.ascii	"address\000"
 1375      65737300 
 1376              	.LASF9:
 1377 01d4 6C6F6E67 		.ascii	"long long unsigned int\000"
 1377      206C6F6E 
 1377      6720756E 
 1377      7369676E 
 1377      65642069 
 1378              	.LASF29:
 1379 01eb 6366675F 		.ascii	"cfg_memset_t\000"
 1379      6D656D73 
 1379      65745F74 
 1379      00
 1380              	.LASF10:
 1381 01f8 73697A65 		.ascii	"sizetype\000"
 1381      74797065 
 1381      00
 1382              	.LASF1:
 1383 0201 6C6F6E67 		.ascii	"long long int\000"
 1383      206C6F6E 
 1383      6720696E 
 1383      7400
 1384              	.LASF11:
 1385 020f 63686172 		.ascii	"char\000"
 1385      00
 1386              	.LASF5:
 1387 0214 73686F72 		.ascii	"short int\000"
 1387      7420696E 
 1387      7400
 1388              	.LASF26:
 1389 021e 656E6162 		.ascii	"enabled\000"
 1389      6C656400 
 1390              	.LASF7:
 1391 0226 6C6F6E67 		.ascii	"long int\000"
 1391      20696E74 
 1391      00
 1392              	.LASF2:
 1393 022f 6C6F6E67 		.ascii	"long double\000"
 1393      20646F75 
 1393      626C6500 
 1394              	.LASF3:
 1395 023b 7369676E 		.ascii	"signed char\000"
 1395      65642063 
 1395      68617200 
 1396              	.LASF33:
 1397 0247 47656E65 		.ascii	"Generated_Source\\PSoC4\\cyfitter_cfg.c\000"
 1397      72617465 
 1397      645F536F 
 1397      75726365 
 1397      5C50536F 
 1398              	.LASF30:
 1399 026d 72656756 		.ascii	"regValue\000"
 1399      616C7565 
 1399      00
 1400              	.LASF21:
 1401 0276 4359434F 		.ascii	"CYCONFIGCPY\000"
 1401      4E464947 
ARM GAS  C:\Users\Intern\AppData\Local\Temp\ccNLaDhz.s 			page 34


 1401      43505900 
 1402              		.ident	"GCC: (GNU Tools for ARM Embedded Processors) 5.4.1 20160609 (release) [ARM/embedded-5-bran
