ARM GAS  C:\Users\Intern\AppData\Local\Temp\ccKYcI75.s 			page 1


   1              		.syntax unified
   2              		.cpu cortex-m0
   3              		.fpu softvfp
   4              		.eabi_attribute 20, 1
   5              		.eabi_attribute 21, 1
   6              		.eabi_attribute 23, 3
   7              		.eabi_attribute 24, 1
   8              		.eabi_attribute 25, 1
   9              		.eabi_attribute 26, 1
  10              		.eabi_attribute 30, 6
  11              		.eabi_attribute 34, 0
  12              		.eabi_attribute 18, 4
  13              		.thumb
  14              		.syntax unified
  15              		.file	"main.c"
  16              		.text
  17              	.Ltext0:
  18              		.cfi_sections	.debug_frame
  19              		.section	.text.main,"ax",%progbits
  20              		.align	2
  21              		.global	main
  22              		.code	16
  23              		.thumb_func
  24              		.type	main, %function
  25              	main:
  26              	.LFB35:
  27              		.file 1 "main.c"
   1:main.c        **** /* ========================================
   2:main.c        ****  *
   3:main.c        ****  * Copyright YOUR COMPANY, THE YEAR
   4:main.c        ****  * All Rights Reserved
   5:main.c        ****  * UNPUBLISHED, LICENSED SOFTWARE.
   6:main.c        ****  *
   7:main.c        ****  * CONFIDENTIAL AND PROPRIETARY INFORMATION
   8:main.c        ****  * WHICH IS THE PROPERTY OF your company.
   9:main.c        ****  *
  10:main.c        ****  * ========================================
  11:main.c        **** */
  12:main.c        **** #include <project.h>
  13:main.c        **** 
  14:main.c        **** int main (void)
  15:main.c        **** {
  28              		.loc 1 15 0
  29              		.cfi_startproc
  30              		@ args = 0, pretend = 0, frame = 0
  31              		@ frame_needed = 1, uses_anonymous_args = 0
  32 0000 80B5     		push	{r7, lr}
  33              		.cfi_def_cfa_offset 8
  34              		.cfi_offset 7, -8
  35              		.cfi_offset 14, -4
  36 0002 00AF     		add	r7, sp, #0
  37              		.cfi_def_cfa_register 7
  38              	.L2:
  16:main.c        ****     /* Place your initialization/startup code here (e.g. MyInst_Start()) */
  17:main.c        **** 
  18:main.c        ****     /* CyGlobalIntEnable; */ /* Uncomment this line to enable global interrupts. */
  19:main.c        ****     for(;;)
ARM GAS  C:\Users\Intern\AppData\Local\Temp\ccKYcI75.s 			page 2


  20:main.c        ****     {
  21:main.c        ****         /* Place your application code here. */
  22:main.c        ****     }
  39              		.loc 1 22 0 discriminator 1
  40 0004 FEE7     		b	.L2
  41              		.cfi_endproc
  42              	.LFE35:
  43              		.size	main, .-main
  44 0006 C046     		.text
  45              	.Letext0:
  46              		.section	.debug_info,"",%progbits
  47              	.Ldebug_info0:
  48 0000 A0000000 		.4byte	0xa0
  49 0004 0400     		.2byte	0x4
  50 0006 00000000 		.4byte	.Ldebug_abbrev0
  51 000a 04       		.byte	0x4
  52 000b 01       		.uleb128 0x1
  53 000c 06010000 		.4byte	.LASF14
  54 0010 0C       		.byte	0xc
  55 0011 1B000000 		.4byte	.LASF15
  56 0015 73000000 		.4byte	.LASF16
  57 0019 00000000 		.4byte	.Ldebug_ranges0+0
  58 001d 00000000 		.4byte	0
  59 0021 00000000 		.4byte	.Ldebug_line0
  60 0025 02       		.uleb128 0x2
  61 0026 01       		.byte	0x1
  62 0027 06       		.byte	0x6
  63 0028 DE000000 		.4byte	.LASF0
  64 002c 02       		.uleb128 0x2
  65 002d 01       		.byte	0x1
  66 002e 08       		.byte	0x8
  67 002f 50000000 		.4byte	.LASF1
  68 0033 02       		.uleb128 0x2
  69 0034 02       		.byte	0x2
  70 0035 05       		.byte	0x5
  71 0036 FC000000 		.4byte	.LASF2
  72 003a 02       		.uleb128 0x2
  73 003b 02       		.byte	0x2
  74 003c 07       		.byte	0x7
  75 003d CB000000 		.4byte	.LASF3
  76 0041 02       		.uleb128 0x2
  77 0042 04       		.byte	0x4
  78 0043 05       		.byte	0x5
  79 0044 63000000 		.4byte	.LASF4
  80 0048 02       		.uleb128 0x2
  81 0049 04       		.byte	0x4
  82 004a 07       		.byte	0x7
  83 004b 22000000 		.4byte	.LASF5
  84 004f 02       		.uleb128 0x2
  85 0050 08       		.byte	0x8
  86 0051 05       		.byte	0x5
  87 0052 00000000 		.4byte	.LASF6
  88 0056 02       		.uleb128 0x2
  89 0057 08       		.byte	0x8
  90 0058 07       		.byte	0x7
  91 0059 34000000 		.4byte	.LASF7
  92 005d 03       		.uleb128 0x3
ARM GAS  C:\Users\Intern\AppData\Local\Temp\ccKYcI75.s 			page 3


  93 005e 04       		.byte	0x4
  94 005f 05       		.byte	0x5
  95 0060 696E7400 		.ascii	"int\000"
  96 0064 02       		.uleb128 0x2
  97 0065 04       		.byte	0x4
  98 0066 07       		.byte	0x7
  99 0067 0E000000 		.4byte	.LASF8
 100 006b 02       		.uleb128 0x2
 101 006c 04       		.byte	0x4
 102 006d 04       		.byte	0x4
 103 006e F6000000 		.4byte	.LASF9
 104 0072 02       		.uleb128 0x2
 105 0073 08       		.byte	0x8
 106 0074 04       		.byte	0x4
 107 0075 6C000000 		.4byte	.LASF10
 108 0079 02       		.uleb128 0x2
 109 007a 01       		.byte	0x1
 110 007b 08       		.byte	0x8
 111 007c 4B000000 		.4byte	.LASF11
 112 0080 02       		.uleb128 0x2
 113 0081 08       		.byte	0x8
 114 0082 04       		.byte	0x4
 115 0083 EA000000 		.4byte	.LASF12
 116 0087 02       		.uleb128 0x2
 117 0088 04       		.byte	0x4
 118 0089 07       		.byte	0x7
 119 008a 94010000 		.4byte	.LASF13
 120 008e 04       		.uleb128 0x4
 121 008f 5E000000 		.4byte	.LASF17
 122 0093 01       		.byte	0x1
 123 0094 0E       		.byte	0xe
 124 0095 5D000000 		.4byte	0x5d
 125 0099 00000000 		.4byte	.LFB35
 126 009d 06000000 		.4byte	.LFE35-.LFB35
 127 00a1 01       		.uleb128 0x1
 128 00a2 9C       		.byte	0x9c
 129 00a3 00       		.byte	0
 130              		.section	.debug_abbrev,"",%progbits
 131              	.Ldebug_abbrev0:
 132 0000 01       		.uleb128 0x1
 133 0001 11       		.uleb128 0x11
 134 0002 01       		.byte	0x1
 135 0003 25       		.uleb128 0x25
 136 0004 0E       		.uleb128 0xe
 137 0005 13       		.uleb128 0x13
 138 0006 0B       		.uleb128 0xb
 139 0007 03       		.uleb128 0x3
 140 0008 0E       		.uleb128 0xe
 141 0009 1B       		.uleb128 0x1b
 142 000a 0E       		.uleb128 0xe
 143 000b 55       		.uleb128 0x55
 144 000c 17       		.uleb128 0x17
 145 000d 11       		.uleb128 0x11
 146 000e 01       		.uleb128 0x1
 147 000f 10       		.uleb128 0x10
 148 0010 17       		.uleb128 0x17
 149 0011 00       		.byte	0
ARM GAS  C:\Users\Intern\AppData\Local\Temp\ccKYcI75.s 			page 4


 150 0012 00       		.byte	0
 151 0013 02       		.uleb128 0x2
 152 0014 24       		.uleb128 0x24
 153 0015 00       		.byte	0
 154 0016 0B       		.uleb128 0xb
 155 0017 0B       		.uleb128 0xb
 156 0018 3E       		.uleb128 0x3e
 157 0019 0B       		.uleb128 0xb
 158 001a 03       		.uleb128 0x3
 159 001b 0E       		.uleb128 0xe
 160 001c 00       		.byte	0
 161 001d 00       		.byte	0
 162 001e 03       		.uleb128 0x3
 163 001f 24       		.uleb128 0x24
 164 0020 00       		.byte	0
 165 0021 0B       		.uleb128 0xb
 166 0022 0B       		.uleb128 0xb
 167 0023 3E       		.uleb128 0x3e
 168 0024 0B       		.uleb128 0xb
 169 0025 03       		.uleb128 0x3
 170 0026 08       		.uleb128 0x8
 171 0027 00       		.byte	0
 172 0028 00       		.byte	0
 173 0029 04       		.uleb128 0x4
 174 002a 2E       		.uleb128 0x2e
 175 002b 00       		.byte	0
 176 002c 3F       		.uleb128 0x3f
 177 002d 19       		.uleb128 0x19
 178 002e 03       		.uleb128 0x3
 179 002f 0E       		.uleb128 0xe
 180 0030 3A       		.uleb128 0x3a
 181 0031 0B       		.uleb128 0xb
 182 0032 3B       		.uleb128 0x3b
 183 0033 0B       		.uleb128 0xb
 184 0034 27       		.uleb128 0x27
 185 0035 19       		.uleb128 0x19
 186 0036 49       		.uleb128 0x49
 187 0037 13       		.uleb128 0x13
 188 0038 11       		.uleb128 0x11
 189 0039 01       		.uleb128 0x1
 190 003a 12       		.uleb128 0x12
 191 003b 06       		.uleb128 0x6
 192 003c 40       		.uleb128 0x40
 193 003d 18       		.uleb128 0x18
 194 003e 9742     		.uleb128 0x2117
 195 0040 19       		.uleb128 0x19
 196 0041 00       		.byte	0
 197 0042 00       		.byte	0
 198 0043 00       		.byte	0
 199              		.section	.debug_aranges,"",%progbits
 200 0000 1C000000 		.4byte	0x1c
 201 0004 0200     		.2byte	0x2
 202 0006 00000000 		.4byte	.Ldebug_info0
 203 000a 04       		.byte	0x4
 204 000b 00       		.byte	0
 205 000c 0000     		.2byte	0
 206 000e 0000     		.2byte	0
ARM GAS  C:\Users\Intern\AppData\Local\Temp\ccKYcI75.s 			page 5


 207 0010 00000000 		.4byte	.LFB35
 208 0014 06000000 		.4byte	.LFE35-.LFB35
 209 0018 00000000 		.4byte	0
 210 001c 00000000 		.4byte	0
 211              		.section	.debug_ranges,"",%progbits
 212              	.Ldebug_ranges0:
 213 0000 00000000 		.4byte	.LFB35
 214 0004 06000000 		.4byte	.LFE35
 215 0008 00000000 		.4byte	0
 216 000c 00000000 		.4byte	0
 217              		.section	.debug_line,"",%progbits
 218              	.Ldebug_line0:
 219 0000 37000000 		.section	.debug_str,"MS",%progbits,1
 219      02001D00 
 219      00000201 
 219      FB0E0D00 
 219      01010101 
 220              	.LASF6:
 221 0000 6C6F6E67 		.ascii	"long long int\000"
 221      206C6F6E 
 221      6720696E 
 221      7400
 222              	.LASF8:
 223 000e 756E7369 		.ascii	"unsigned int\000"
 223      676E6564 
 223      20696E74 
 223      00
 224              	.LASF15:
 225 001b 6D61696E 		.ascii	"main.c\000"
 225      2E6300
 226              	.LASF5:
 227 0022 6C6F6E67 		.ascii	"long unsigned int\000"
 227      20756E73 
 227      69676E65 
 227      6420696E 
 227      7400
 228              	.LASF7:
 229 0034 6C6F6E67 		.ascii	"long long unsigned int\000"
 229      206C6F6E 
 229      6720756E 
 229      7369676E 
 229      65642069 
 230              	.LASF11:
 231 004b 63686172 		.ascii	"char\000"
 231      00
 232              	.LASF1:
 233 0050 756E7369 		.ascii	"unsigned char\000"
 233      676E6564 
 233      20636861 
 233      7200
 234              	.LASF17:
 235 005e 6D61696E 		.ascii	"main\000"
 235      00
 236              	.LASF4:
 237 0063 6C6F6E67 		.ascii	"long int\000"
 237      20696E74 
 237      00
ARM GAS  C:\Users\Intern\AppData\Local\Temp\ccKYcI75.s 			page 6


 238              	.LASF10:
 239 006c 646F7562 		.ascii	"double\000"
 239      6C6500
 240              	.LASF16:
 241 0073 433A5C55 		.ascii	"C:\\Users\\Intern\\Documents\\GitHub\\UV-Sticker\\P"
 241      73657273 
 241      5C496E74 
 241      65726E5C 
 241      446F6375 
 242 00a0 736F635C 		.ascii	"soc\\UV-Project\\UV-Watch_1\\UV-Watch_1.cydsn\000"
 242      55562D50 
 242      726F6A65 
 242      63745C55 
 242      562D5761 
 243              	.LASF3:
 244 00cb 73686F72 		.ascii	"short unsigned int\000"
 244      7420756E 
 244      7369676E 
 244      65642069 
 244      6E7400
 245              	.LASF0:
 246 00de 7369676E 		.ascii	"signed char\000"
 246      65642063 
 246      68617200 
 247              	.LASF12:
 248 00ea 6C6F6E67 		.ascii	"long double\000"
 248      20646F75 
 248      626C6500 
 249              	.LASF9:
 250 00f6 666C6F61 		.ascii	"float\000"
 250      7400
 251              	.LASF2:
 252 00fc 73686F72 		.ascii	"short int\000"
 252      7420696E 
 252      7400
 253              	.LASF14:
 254 0106 474E5520 		.ascii	"GNU C11 5.4.1 20160609 (release) [ARM/embedded-5-br"
 254      43313120 
 254      352E342E 
 254      31203230 
 254      31363036 
 255 0139 616E6368 		.ascii	"anch revision 237715] -mcpu=cortex-m0 -mthumb -g -O"
 255      20726576 
 255      6973696F 
 255      6E203233 
 255      37373135 
 256 016c 30202D66 		.ascii	"0 -ffunction-sections -ffat-lto-objects\000"
 256      66756E63 
 256      74696F6E 
 256      2D736563 
 256      74696F6E 
 257              	.LASF13:
 258 0194 73697A65 		.ascii	"sizetype\000"
 258      74797065 
 258      00
 259              		.ident	"GCC: (GNU Tools for ARM Embedded Processors) 5.4.1 20160609 (release) [ARM/embedded-5-bran
