Removed Pin From Net: NetName=3.3V Pin=C1-1
Removed Pin From Net: NetName=GND Pin=C1-2
Removed Pin From Net: NetName=3.3V Pin=C2-1
Removed Pin From Net: NetName=GND Pin=C2-2
Removed Pin From Net: NetName=GND Pin=C3-1
Removed Pin From Net: NetName=GND Pin=C4-1
Removed Pin From Net: NetName=GND Pin=C5-1
Removed Pin From Net: NetName=3.3V Pin=C5-2
Removed Pin From Net: NetName=GND Pin=C6-2
Removed Pin From Net: NetName=GND Pin=C7-2
Removed Pin From Net: NetName=3.3V Pin=C8-1
Removed Pin From Net: NetName=GND Pin=C8-2
Removed Pin From Net: NetName=3.3V Pin=C9-1
Removed Pin From Net: NetName=GND Pin=C9-2
Removed Pin From Net: NetName=GND Pin=C10-2
Removed Pin From Net: NetName=GND Pin=C11-2
Removed Pin From Net: NetName=3.3V Pin=C12-1
Removed Pin From Net: NetName=GND Pin=C12-2
Removed Pin From Net: NetName=3.3V Pin=C13-1
Removed Pin From Net: NetName=GND Pin=C13-2
Removed Pin From Net: NetName=3.3V Pin=C14-1
Removed Pin From Net: NetName=GND Pin=C14-2
Removed Pin From Net: NetName=V_USB Pin=C15-1
Removed Pin From Net: NetName=GND Pin=C15-2
Removed Pin From Net: NetName=GND Pin=C16-1
Removed Pin From Net: NetName=V_USB Pin=C16-2
Removed Pin From Net: NetName=GND Pin=C17-1
Removed Pin From Net: NetName=V_USB Pin=C17-2
Removed Pin From Net: NetName=3.3V Pin=C18-1
Removed Pin From Net: NetName=GND Pin=C18-2
Removed Pin From Net: NetName=GND Pin=C19-1
Removed Pin From Net: NetName=3.3V Pin=C19-2
Removed Pin From Net: NetName=GND Pin=C20-2
Removed Pin From Net: NetName=GND Pin=C21-1
Removed Pin From Net: NetName=3.3V Pin=C21-2
Removed Pin From Net: NetName=GND Pin=C22-1
Removed Pin From Net: NetName=GND Pin=C23-1
Removed Pin From Net: NetName=V_USB Pin=C23-2
Removed Pin From Net: NetName=V_BATT Pin=C24-1
Removed Pin From Net: NetName=GND Pin=C24-2
Removed Pin From Net: NetName=GND Pin=C25-2
Removed Pin From Net: NetName=V_USB Pin=D1-A
Removed Pin From Net: NetName=V_USB Pin=J1-1
Removed Pin From Net: NetName=GND Pin=J1-5
Removed Pin From Net: NetName=V_BATT Pin=J2-1
Removed Pin From Net: NetName=V_BATT Pin=J2-1
Removed Pin From Net: NetName=GND Pin=J2-2
Removed Pin From Net: NetName=SD_CS Pin=J3-2
Removed Pin From Net: NetName=MOSI Pin=J3-3
Removed Pin From Net: NetName=3.3V Pin=J3-4
Removed Pin From Net: NetName=SCLK Pin=J3-5
Removed Pin From Net: NetName=GND Pin=J3-6
Removed Pin From Net: NetName=MISO Pin=J3-7
Removed Pin From Net: NetName=3.3V Pin=J3-10
Removed Pin From Net: NetName=V_BATT Pin=R2-2
Removed Pin From Net: NetName=V_BATT Pin=R3-2
Removed Pin From Net: NetName=3.3V Pin=R4-1
Removed Pin From Net: NetName=3.3V Pin=R7-1
Removed Pin From Net: NetName=3.3V Pin=R8-1
Removed Pin From Net: NetName=SD_CS Pin=R8-2
Removed Pin From Net: NetName=3.3V Pin=R9-2
Removed Pin From Net: NetName=GND Pin=R10-2
Removed Pin From Net: NetName=GND Pin=R11-2
Removed Pin From Net: NetName=SDA Pin=R12-1
Removed Pin From Net: NetName=3.3V Pin=R12-2
Removed Pin From Net: NetName=3.3V Pin=R13-1
Removed Pin From Net: NetName=SCL Pin=R13-2
Removed Pin From Net: NetName=3.3V Pin=R14-1
Removed Pin From Net: NetName=MOSI Pin=R14-2
Removed Pin From Net: NetName=GND Pin=R15-1
Removed Pin From Net: NetName=GND Pin=R16-1
Removed Pin From Net: NetName=GND Pin=R17-1
Removed Pin From Net: NetName=3.3V Pin=R18-1
Removed Pin From Net: NetName=MISO Pin=R18-2
Removed Pin From Net: NetName=3.3V Pin=R19-1
Removed Pin From Net: NetName=3.3V Pin=R20-1
Removed Pin From Net: NetName=SCLK Pin=R20-2
Removed Pin From Net: NetName=GND Pin=R21-2
Removed Pin From Net: NetName=LDO_EN Pin=R23-2
Removed Pin From Net: NetName=V_USB Pin=R24-1
Removed Pin From Net: NetName=GND Pin=R24-2
Removed Pin From Net: NetName=V_BATT Pin=SW1-1
Removed Pin From Net: NetName=3.3V Pin=U1-1
Removed Pin From Net: NetName=SCL Pin=U1-2
Removed Pin From Net: NetName=3.3V Pin=U1-3
Removed Pin From Net: NetName=SDA Pin=U1-4
Removed Pin From Net: NetName=3.3V Pin=U1-5
Removed Pin From Net: NetName=3.3V Pin=U1-6
Removed Pin From Net: NetName=GND Pin=U1-14
Removed Pin From Net: NetName=GND Pin=U1-15
Removed Pin From Net: NetName=GND Pin=U1-16
Removed Pin From Net: NetName=GND Pin=U1-17
Removed Pin From Net: NetName=GND Pin=U1-18
Removed Pin From Net: NetName=GND Pin=U1-19
Removed Pin From Net: NetName=GND Pin=U1-20
Removed Pin From Net: NetName=3.3V Pin=U1-22
Removed Pin From Net: NetName=3.3V Pin=U1-23
Removed Pin From Net: NetName=3.3V Pin=U2-1
Removed Pin From Net: NetName=SDA Pin=U2-2
Removed Pin From Net: NetName=GND Pin=U2-3
Removed Pin From Net: NetName=3.3V Pin=U2-8
Removed Pin From Net: NetName=3.3V Pin=U2-10
Removed Pin From Net: NetName=GND Pin=U2-13
Removed Pin From Net: NetName=SCL Pin=U2-16
Removed Pin From Net: NetName=GND Pin=U2-17
Removed Pin From Net: NetName=GND Pin=U3-1
Removed Pin From Net: NetName=3.3V Pin=U3-5
Removed Pin From Net: NetName=SD_CS Pin=U3-7
Removed Pin From Net: NetName=SWD_CLK Pin=U3-8
Removed Pin From Net: NetName=GND Pin=U3-11
Removed Pin From Net: NetName=SWD_DATA Pin=U3-12
Removed Pin From Net: NetName=SCLK Pin=U3-13
Removed Pin From Net: NetName=3.3V Pin=U3-14
Removed Pin From Net: NetName=XRES Pin=U3-15
Removed Pin From Net: NetName=SCL Pin=U3-16
Removed Pin From Net: NetName=SDA Pin=U3-17
Removed Pin From Net: NetName=MOSI Pin=U3-19
Removed Pin From Net: NetName=MISO Pin=U3-20
Removed Pin From Net: NetName=SCL Pin=U4-1
Removed Pin From Net: NetName=GND Pin=U4-2
Removed Pin From Net: NetName=GND Pin=U4-4
Removed Pin From Net: NetName=3.3V Pin=U4-5
Removed Pin From Net: NetName=SDA Pin=U4-6
Removed Pin From Net: NetName=GND Pin=U4-7
Removed Pin From Net: NetName=GND Pin=U5-1
Removed Pin From Net: NetName=SDA Pin=U5-2
Removed Pin From Net: NetName=SCL Pin=U5-3
Removed Pin From Net: NetName=3.3V Pin=U5-4
Removed Pin From Net: NetName=V_BATT Pin=U6-1
Removed Pin From Net: NetName=3.3V Pin=U6-2
Removed Pin From Net: NetName=LDO_EN Pin=U6-4
Removed Pin From Net: NetName=CHARGE_EN Pin=U6-5
Removed Pin From Net: NetName=V_USB Pin=U6-10
Removed Pin From Net: NetName=GND Pin=U6-11
Removed Pin From Net: NetName=GND Pin=U7-1
Removed Pin From Net: NetName=GND Pin=U7-4
Removed Pin From Net: NetName=GND Pin=U7-6
Removed Pin From Net: NetName=SCL Pin=U7-7
Removed Pin From Net: NetName=SDA Pin=U7-8
Removed Pin From Net: NetName=GND Pin=U7-9
Removed Pin From Net: NetName=V_USB Pin=U8-2
Removed Pin From Net: NetName=GND Pin=U8-3
Removed Pin From Net: NetName=CHARGE_EN Pin=U8-4
Removed Pin From Net: NetName=V_USB Pin=U8-5
Removed Pin From Net: NetName=GND Pin=U9-3
Removed Pin From Net: NetName=LDO_EN Pin=U9-4
Removed Pin From Net: NetName=V_BATT Pin=U9-5
Removed Member From Class: ClassName=UV_Watch_1 Member=C1
Removed Member From Class: ClassName=UV_Watch_1 Member=C2
Removed Member From Class: ClassName=UV_Watch_1 Member=C3
Removed Member From Class: ClassName=UV_Watch_1 Member=C4
Removed Member From Class: ClassName=UV_Watch_1 Member=C5
Removed Member From Class: ClassName=UV_Watch_1 Member=C6
Removed Member From Class: ClassName=UV_Watch_1 Member=C7
Removed Member From Class: ClassName=UV_Watch_1 Member=C8
Removed Member From Class: ClassName=UV_Watch_1 Member=C9
Removed Member From Class: ClassName=UV_Watch_1 Member=C10
Removed Member From Class: ClassName=UV_Watch_1 Member=C11
Removed Member From Class: ClassName=UV_Watch_1 Member=C12
Removed Member From Class: ClassName=UV_Watch_1 Member=C13
Removed Member From Class: ClassName=UV_Watch_1 Member=C14
Removed Member From Class: ClassName=UV_Watch_1 Member=C15
Removed Member From Class: ClassName=UV_Watch_1 Member=C16
Removed Member From Class: ClassName=UV_Watch_1 Member=C17
Removed Member From Class: ClassName=UV_Watch_1 Member=C18
Removed Member From Class: ClassName=UV_Watch_1 Member=C19
Removed Member From Class: ClassName=UV_Watch_1 Member=C20
Removed Member From Class: ClassName=UV_Watch_1 Member=C21
Removed Member From Class: ClassName=UV_Watch_1 Member=C22
Removed Member From Class: ClassName=UV_Watch_1 Member=C23
Removed Member From Class: ClassName=UV_Watch_1 Member=C24
Removed Member From Class: ClassName=UV_Watch_1 Member=C25
Removed Member From Class: ClassName=UV_Watch_1 Member=D1
Removed Member From Class: ClassName=UV_Watch_1 Member=D2
Removed Member From Class: ClassName=UV_Watch_1 Member=D3
Removed Member From Class: ClassName=UV_Watch_1 Member=D4
Removed Member From Class: ClassName=UV_Watch_1 Member=J1
Removed Member From Class: ClassName=UV_Watch_1 Member=J2
Removed Member From Class: ClassName=UV_Watch_1 Member=J3
Removed Member From Class: ClassName=UV_Watch_1 Member=R1
Removed Member From Class: ClassName=UV_Watch_1 Member=R2
Removed Member From Class: ClassName=UV_Watch_1 Member=R3
Removed Member From Class: ClassName=UV_Watch_1 Member=R4
Removed Member From Class: ClassName=UV_Watch_1 Member=R5
Removed Member From Class: ClassName=UV_Watch_1 Member=R6
Removed Member From Class: ClassName=UV_Watch_1 Member=R7
Removed Member From Class: ClassName=UV_Watch_1 Member=R8
Removed Member From Class: ClassName=UV_Watch_1 Member=R9
Removed Member From Class: ClassName=UV_Watch_1 Member=R10
Removed Member From Class: ClassName=UV_Watch_1 Member=R11
Removed Member From Class: ClassName=UV_Watch_1 Member=R12
Removed Member From Class: ClassName=UV_Watch_1 Member=R13
Removed Member From Class: ClassName=UV_Watch_1 Member=R14
Removed Member From Class: ClassName=UV_Watch_1 Member=R15
Removed Member From Class: ClassName=UV_Watch_1 Member=R16
Removed Member From Class: ClassName=UV_Watch_1 Member=R17
Removed Member From Class: ClassName=UV_Watch_1 Member=R18
Removed Member From Class: ClassName=UV_Watch_1 Member=R19
Removed Member From Class: ClassName=UV_Watch_1 Member=R20
Removed Member From Class: ClassName=UV_Watch_1 Member=R21
Removed Member From Class: ClassName=UV_Watch_1 Member=R22
Removed Member From Class: ClassName=UV_Watch_1 Member=R23
Removed Member From Class: ClassName=UV_Watch_1 Member=R24
Removed Member From Class: ClassName=UV_Watch_1 Member=SW1
Removed Member From Class: ClassName=UV_Watch_1 Member=U1
Removed Member From Class: ClassName=UV_Watch_1 Member=U2
Removed Member From Class: ClassName=UV_Watch_1 Member=U3
Removed Member From Class: ClassName=UV_Watch_1 Member=U4
Removed Member From Class: ClassName=UV_Watch_1 Member=U5
Removed Member From Class: ClassName=UV_Watch_1 Member=U6
Removed Member From Class: ClassName=UV_Watch_1 Member=U7
Removed Member From Class: ClassName=UV_Watch_1 Member=U8
Removed Member From Class: ClassName=UV_Watch_1 Member=U9
Change Class Name : Old Net Name=UV_Watch_1 New Net Name=UV_Watch_Pogo-1
